[0.024s] Invoking command in '/home/locobot/locobot_ws/build/create3_republisher': CMAKE_PREFIX_PATH=${CMAKE_PREFIX_PATH}:/home/locobot/locobot_ws/install/yolov8_ros:/home/locobot/locobot_ws/install/detection:/home/locobot/locobot_ws/install/locobot_move:/home/locobot/locobot_ws/install/create3_teleop:/home/locobot/locobot_ws/install/create3_examples_py:/home/locobot/interbotix_ws/install/interbotix_xslocobot_control:/home/locobot/interbotix_ws/install/interbotix_xs_modules:/home/locobot/interbotix_ws/install/interbotix_perception_modules:/home/locobot/interbotix_ws/install/interbotix_common_modules:/opt/ros/humble /usr/bin/cmake --build /home/locobot/locobot_ws/build/create3_republisher -- -j4 -l4
[0.122s] [100%] Built target create3_republisher
[0.468s] Invoked command in '/home/locobot/locobot_ws/build/create3_republisher' returned '0': CMAKE_PREFIX_PATH=${CMAKE_PREFIX_PATH}:/home/locobot/locobot_ws/install/yolov8_ros:/home/locobot/locobot_ws/install/detection:/home/locobot/locobot_ws/install/locobot_move:/home/locobot/locobot_ws/install/create3_teleop:/home/locobot/locobot_ws/install/create3_examples_py:/home/locobot/interbotix_ws/install/interbotix_xslocobot_control:/home/locobot/interbotix_ws/install/interbotix_xs_modules:/home/locobot/interbotix_ws/install/interbotix_perception_modules:/home/locobot/interbotix_ws/install/interbotix_common_modules:/opt/ros/humble /usr/bin/cmake --build /home/locobot/locobot_ws/build/create3_republisher -- -j4 -l4
[1.021s] Invoking command in '/home/locobot/locobot_ws/build/create3_republisher': CMAKE_PREFIX_PATH=${CMAKE_PREFIX_PATH}:/home/locobot/locobot_ws/install/yolov8_ros:/home/locobot/locobot_ws/install/detection:/home/locobot/locobot_ws/install/locobot_move:/home/locobot/locobot_ws/install/create3_teleop:/home/locobot/locobot_ws/install/create3_examples_py:/home/locobot/interbotix_ws/install/interbotix_xslocobot_control:/home/locobot/interbotix_ws/install/interbotix_xs_modules:/home/locobot/interbotix_ws/install/interbotix_perception_modules:/home/locobot/interbotix_ws/install/interbotix_common_modules:/opt/ros/humble /usr/bin/cmake --install /home/locobot/locobot_ws/build/create3_republisher
[1.032s] -- Install configuration: ""
[1.032s] -- Up-to-date: /home/locobot/locobot_ws/install/create3_republisher/lib/create3_republisher/create3_republisher
[1.032s] -- Up-to-date: /home/locobot/locobot_ws/install/create3_republisher/share/create3_republisher/bringup
[1.032s] -- Up-to-date: /home/locobot/locobot_ws/install/create3_republisher/share/create3_republisher/bringup/params.yaml
[1.032s] -- Up-to-date: /home/locobot/locobot_ws/install/create3_republisher/share/create3_republisher/bringup/create3_republisher_launch.py
[1.032s] -- Up-to-date: /home/locobot/locobot_ws/install/create3_republisher/share/create3_republisher/dds-config
[1.033s] -- Up-to-date: /home/locobot/locobot_ws/install/create3_republisher/share/create3_republisher/dds-config/fastdds-passive-unicast.xml
[1.033s] -- Up-to-date: /home/locobot/locobot_ws/install/create3_republisher/share/create3_republisher/dds-config/fastdds-robot-passive-unicast.xml
[1.033s] -- Up-to-date: /home/locobot/locobot_ws/install/create3_republisher/share/create3_republisher/dds-config/fastdds-active-unicast.xml
[1.033s] -- Up-to-date: /home/locobot/locobot_ws/install/create3_republisher/share/ament_index/resource_index/package_run_dependencies/create3_republisher
[1.033s] -- Up-to-date: /home/locobot/locobot_ws/install/create3_republisher/share/ament_index/resource_index/parent_prefix_path/create3_republisher
[1.033s] -- Up-to-date: /home/locobot/locobot_ws/install/create3_republisher/share/create3_republisher/environment/ament_prefix_path.sh
[1.033s] -- Up-to-date: /home/locobot/locobot_ws/install/create3_republisher/share/create3_republisher/environment/ament_prefix_path.dsv
[1.034s] -- Up-to-date: /home/locobot/locobot_ws/install/create3_republisher/share/create3_republisher/environment/path.sh
[1.034s] -- Up-to-date: /home/locobot/locobot_ws/install/create3_republisher/share/create3_republisher/environment/path.dsv
[1.034s] -- Up-to-date: /home/locobot/locobot_ws/install/create3_republisher/share/create3_republisher/local_setup.bash
[1.035s] -- Up-to-date: /home/locobot/locobot_ws/install/create3_republisher/share/create3_republisher/local_setup.sh
[1.035s] -- Up-to-date: /home/locobot/locobot_ws/install/create3_republisher/share/create3_republisher/local_setup.zsh
[1.035s] -- Up-to-date: /home/locobot/locobot_ws/install/create3_republisher/share/create3_republisher/local_setup.dsv
[1.036s] -- Installing: /home/locobot/locobot_ws/install/create3_republisher/share/create3_republisher/package.dsv
[1.036s] -- Up-to-date: /home/locobot/locobot_ws/install/create3_republisher/share/ament_index/resource_index/packages/create3_republisher
[1.036s] -- Up-to-date: /home/locobot/locobot_ws/install/create3_republisher/share/create3_republisher/cmake/create3_republisherConfig.cmake
[1.036s] -- Up-to-date: /home/locobot/locobot_ws/install/create3_republisher/share/create3_republisher/cmake/create3_republisherConfig-version.cmake
[1.037s] -- Up-to-date: /home/locobot/locobot_ws/install/create3_republisher/share/create3_republisher/package.xml
[1.054s] Invoked command in '/home/locobot/locobot_ws/build/create3_republisher' returned '0': CMAKE_PREFIX_PATH=${CMAKE_PREFIX_PATH}:/home/locobot/locobot_ws/install/yolov8_ros:/home/locobot/locobot_ws/install/detection:/home/locobot/locobot_ws/install/locobot_move:/home/locobot/locobot_ws/install/create3_teleop:/home/locobot/locobot_ws/install/create3_examples_py:/home/locobot/interbotix_ws/install/interbotix_xslocobot_control:/home/locobot/interbotix_ws/install/interbotix_xs_modules:/home/locobot/interbotix_ws/install/interbotix_perception_modules:/home/locobot/interbotix_ws/install/interbotix_common_modules:/opt/ros/humble /usr/bin/cmake --install /home/locobot/locobot_ws/build/create3_republisher
