[0.968s] Invoking command in '/home/locobot/locobot_ws/src/locobot_move': PYTHONPATH=/home/locobot/locobot_ws/build/locobot_move/prefix_override:/home/locobot/locobot_ws/install/locobot_move/lib/python3.10/site-packages:${PYTHONPATH} /usr/bin/python3 -W ignore:setup.py install is deprecated setup.py egg_info --egg-base ../../build/locobot_move build --build-base /home/locobot/locobot_ws/build/locobot_move/build install --record /home/locobot/locobot_ws/build/locobot_move/install.log --single-version-externally-managed install_data
[1.208s] running egg_info
[1.209s] writing ../../build/locobot_move/locobot_move.egg-info/PKG-INFO
[1.217s] writing dependency_links to ../../build/locobot_move/locobot_move.egg-info/dependency_links.txt
[1.217s] writing entry points to ../../build/locobot_move/locobot_move.egg-info/entry_points.txt
[1.217s] writing requirements to ../../build/locobot_move/locobot_move.egg-info/requires.txt
[1.218s] writing top-level names to ../../build/locobot_move/locobot_move.egg-info/top_level.txt
[1.219s] reading manifest file '../../build/locobot_move/locobot_move.egg-info/SOURCES.txt'
[1.220s] writing manifest file '../../build/locobot_move/locobot_move.egg-info/SOURCES.txt'
[1.220s] running build
[1.220s] running build_py
[1.221s] copying locobot_move/locobot_node.py -> /home/locobot/locobot_ws/build/locobot_move/build/lib/locobot_move
[1.221s] running install
[1.222s] running install_lib
[1.222s] copying /home/locobot/locobot_ws/build/locobot_move/build/lib/locobot_move/locobot_node.py -> /home/locobot/locobot_ws/install/locobot_move/lib/python3.10/site-packages/locobot_move
[1.223s] byte-compiling /home/locobot/locobot_ws/install/locobot_move/lib/python3.10/site-packages/locobot_move/locobot_node.py to locobot_node.cpython-310.pyc
[1.224s] running install_data
[1.224s] running install_egg_info
[1.226s] removing '/home/locobot/locobot_ws/install/locobot_move/lib/python3.10/site-packages/locobot_move-0.0.0-py3.10.egg-info' (and everything under it)
[1.226s] Copying ../../build/locobot_move/locobot_move.egg-info to /home/locobot/locobot_ws/install/locobot_move/lib/python3.10/site-packages/locobot_move-0.0.0-py3.10.egg-info
[1.227s] running install_scripts
[1.246s] Installing py_node script to /home/locobot/locobot_ws/install/locobot_move/lib/locobot_move
[1.247s] writing list of installed files to '/home/locobot/locobot_ws/build/locobot_move/install.log'
[1.270s] Invoked command in '/home/locobot/locobot_ws/src/locobot_move' returned '0': PYTHONPATH=/home/locobot/locobot_ws/build/locobot_move/prefix_override:/home/locobot/locobot_ws/install/locobot_move/lib/python3.10/site-packages:${PYTHONPATH} /usr/bin/python3 -W ignore:setup.py install is deprecated setup.py egg_info --egg-base ../../build/locobot_move build --build-base /home/locobot/locobot_ws/build/locobot_move/build install --record /home/locobot/locobot_ws/build/locobot_move/install.log --single-version-externally-managed install_data
