[0.042s] Invoking command in '/home/locobot/locobot_ws/build/audio_common_msgs': CMAKE_PREFIX_PATH=${CMAKE_PREFIX_PATH}:/home/locobot/locobot_ws/install/yolov8_ros:/home/locobot/locobot_ws/install/detection:/home/locobot/locobot_ws/install/locobot_move:/home/locobot/locobot_ws/install/create3_teleop:/home/locobot/locobot_ws/install/create3_examples_py:/home/locobot/interbotix_ws/install/interbotix_xslocobot_control:/home/locobot/interbotix_ws/install/interbotix_xs_modules:/home/locobot/interbotix_ws/install/interbotix_perception_modules:/home/locobot/interbotix_ws/install/interbotix_common_modules:/opt/ros/humble /usr/bin/cmake --build /home/locobot/locobot_ws/build/audio_common_msgs -- -j4 -l4
[0.154s] [  1%] Built target audio_common_msgs__cpp
[0.156s] [ 12%] Built target audio_common_msgs__rosidl_generator_c
[0.181s] [ 12%] Built target ament_cmake_python_copy_audio_common_msgs
[0.286s] [ 23%] Built target audio_common_msgs__rosidl_typesupport_introspection_c
[0.288s] [ 34%] Built target audio_common_msgs__rosidl_typesupport_cpp
[0.300s] [ 46%] Built target audio_common_msgs__rosidl_typesupport_fastrtps_cpp
[0.317s] [ 57%] Built target audio_common_msgs__rosidl_typesupport_c
[0.420s] [ 68%] Built target audio_common_msgs__rosidl_typesupport_introspection_cpp
[0.424s] [ 79%] Built target audio_common_msgs__rosidl_typesupport_fastrtps_c
[0.499s] [ 79%] Built target audio_common_msgs
[0.616s] [ 80%] Built target audio_common_msgs__py
[0.732s] [ 90%] Built target audio_common_msgs__rosidl_generator_py
[0.863s] [ 93%] Built target audio_common_msgs__rosidl_typesupport_introspection_c__pyext
[0.883s] [ 96%] Built target audio_common_msgs__rosidl_typesupport_fastrtps_c__pyext
[0.911s] [100%] Built target audio_common_msgs__rosidl_typesupport_c__pyext
[1.107s] running egg_info
[1.109s] writing audio_common_msgs.egg-info/PKG-INFO
[1.109s] writing dependency_links to audio_common_msgs.egg-info/dependency_links.txt
[1.109s] writing top-level names to audio_common_msgs.egg-info/top_level.txt
[1.113s] reading manifest file 'audio_common_msgs.egg-info/SOURCES.txt'
[1.115s] writing manifest file 'audio_common_msgs.egg-info/SOURCES.txt'
[1.168s] [100%] Built target ament_cmake_python_build_audio_common_msgs_egg
[1.187s] Invoked command in '/home/locobot/locobot_ws/build/audio_common_msgs' returned '0': CMAKE_PREFIX_PATH=${CMAKE_PREFIX_PATH}:/home/locobot/locobot_ws/install/yolov8_ros:/home/locobot/locobot_ws/install/detection:/home/locobot/locobot_ws/install/locobot_move:/home/locobot/locobot_ws/install/create3_teleop:/home/locobot/locobot_ws/install/create3_examples_py:/home/locobot/interbotix_ws/install/interbotix_xslocobot_control:/home/locobot/interbotix_ws/install/interbotix_xs_modules:/home/locobot/interbotix_ws/install/interbotix_perception_modules:/home/locobot/interbotix_ws/install/interbotix_common_modules:/opt/ros/humble /usr/bin/cmake --build /home/locobot/locobot_ws/build/audio_common_msgs -- -j4 -l4
[1.453s] Invoking command in '/home/locobot/locobot_ws/build/audio_common_msgs': CMAKE_PREFIX_PATH=${CMAKE_PREFIX_PATH}:/home/locobot/locobot_ws/install/yolov8_ros:/home/locobot/locobot_ws/install/detection:/home/locobot/locobot_ws/install/locobot_move:/home/locobot/locobot_ws/install/create3_teleop:/home/locobot/locobot_ws/install/create3_examples_py:/home/locobot/interbotix_ws/install/interbotix_xslocobot_control:/home/locobot/interbotix_ws/install/interbotix_xs_modules:/home/locobot/interbotix_ws/install/interbotix_perception_modules:/home/locobot/interbotix_ws/install/interbotix_common_modules:/opt/ros/humble /usr/bin/cmake --install /home/locobot/locobot_ws/build/audio_common_msgs
[1.467s] -- Install configuration: ""
[1.467s] -- Up-to-date: /home/locobot/locobot_ws/install/audio_common_msgs/share/ament_index/resource_index/rosidl_interfaces/audio_common_msgs
[1.467s] -- Up-to-date: /home/locobot/locobot_ws/install/audio_common_msgs/include/audio_common_msgs/audio_common_msgs
[1.468s] -- Up-to-date: /home/locobot/locobot_ws/install/audio_common_msgs/include/audio_common_msgs/audio_common_msgs/action
[1.468s] -- Up-to-date: /home/locobot/locobot_ws/install/audio_common_msgs/include/audio_common_msgs/audio_common_msgs/action/tts.h
[1.468s] -- Up-to-date: /home/locobot/locobot_ws/install/audio_common_msgs/include/audio_common_msgs/audio_common_msgs/action/detail
[1.468s] -- Up-to-date: /home/locobot/locobot_ws/install/audio_common_msgs/include/audio_common_msgs/audio_common_msgs/action/detail/tts__functions.c
[1.468s] -- Up-to-date: /home/locobot/locobot_ws/install/audio_common_msgs/include/audio_common_msgs/audio_common_msgs/action/detail/tts__type_support.h
[1.469s] -- Up-to-date: /home/locobot/locobot_ws/install/audio_common_msgs/include/audio_common_msgs/audio_common_msgs/action/detail/tts__struct.h
[1.469s] -- Up-to-date: /home/locobot/locobot_ws/install/audio_common_msgs/include/audio_common_msgs/audio_common_msgs/action/detail/tts__functions.h
[1.469s] -- Up-to-date: /home/locobot/locobot_ws/install/audio_common_msgs/include/audio_common_msgs/audio_common_msgs/msg
[1.469s] -- Up-to-date: /home/locobot/locobot_ws/install/audio_common_msgs/include/audio_common_msgs/audio_common_msgs/msg/audio.h
[1.469s] -- Up-to-date: /home/locobot/locobot_ws/install/audio_common_msgs/include/audio_common_msgs/audio_common_msgs/msg/detail
[1.469s] -- Up-to-date: /home/locobot/locobot_ws/install/audio_common_msgs/include/audio_common_msgs/audio_common_msgs/msg/detail/audio_info__type_support.h
[1.469s] -- Up-to-date: /home/locobot/locobot_ws/install/audio_common_msgs/include/audio_common_msgs/audio_common_msgs/msg/detail/audio_data__functions.c
[1.470s] -- Up-to-date: /home/locobot/locobot_ws/install/audio_common_msgs/include/audio_common_msgs/audio_common_msgs/msg/detail/audio__functions.c
[1.470s] -- Up-to-date: /home/locobot/locobot_ws/install/audio_common_msgs/include/audio_common_msgs/audio_common_msgs/msg/detail/audio__functions.h
[1.470s] -- Up-to-date: /home/locobot/locobot_ws/install/audio_common_msgs/include/audio_common_msgs/audio_common_msgs/msg/detail/audio_info__struct.h
[1.470s] -- Up-to-date: /home/locobot/locobot_ws/install/audio_common_msgs/include/audio_common_msgs/audio_common_msgs/msg/detail/audio_stamped__struct.h
[1.470s] -- Up-to-date: /home/locobot/locobot_ws/install/audio_common_msgs/include/audio_common_msgs/audio_common_msgs/msg/detail/audio_stamped__functions.h
[1.471s] -- Up-to-date: /home/locobot/locobot_ws/install/audio_common_msgs/include/audio_common_msgs/audio_common_msgs/msg/detail/audio_data__type_support.h
[1.471s] -- Up-to-date: /home/locobot/locobot_ws/install/audio_common_msgs/include/audio_common_msgs/audio_common_msgs/msg/detail/audio_info__functions.h
[1.471s] -- Up-to-date: /home/locobot/locobot_ws/install/audio_common_msgs/include/audio_common_msgs/audio_common_msgs/msg/detail/audio_data__functions.h
[1.471s] -- Up-to-date: /home/locobot/locobot_ws/install/audio_common_msgs/include/audio_common_msgs/audio_common_msgs/msg/detail/audio_data__struct.h
[1.471s] -- Up-to-date: /home/locobot/locobot_ws/install/audio_common_msgs/include/audio_common_msgs/audio_common_msgs/msg/detail/audio_stamped__functions.c
[1.471s] -- Up-to-date: /home/locobot/locobot_ws/install/audio_common_msgs/include/audio_common_msgs/audio_common_msgs/msg/detail/audio__struct.h
[1.472s] -- Up-to-date: /home/locobot/locobot_ws/install/audio_common_msgs/include/audio_common_msgs/audio_common_msgs/msg/detail/audio_info__functions.c
[1.472s] -- Up-to-date: /home/locobot/locobot_ws/install/audio_common_msgs/include/audio_common_msgs/audio_common_msgs/msg/detail/audio__type_support.h
[1.472s] -- Up-to-date: /home/locobot/locobot_ws/install/audio_common_msgs/include/audio_common_msgs/audio_common_msgs/msg/detail/audio_stamped__type_support.h
[1.472s] -- Up-to-date: /home/locobot/locobot_ws/install/audio_common_msgs/include/audio_common_msgs/audio_common_msgs/msg/audio_data.h
[1.472s] -- Up-to-date: /home/locobot/locobot_ws/install/audio_common_msgs/include/audio_common_msgs/audio_common_msgs/msg/audio_info.h
[1.472s] -- Up-to-date: /home/locobot/locobot_ws/install/audio_common_msgs/include/audio_common_msgs/audio_common_msgs/msg/audio_stamped.h
[1.473s] -- Up-to-date: /home/locobot/locobot_ws/install/audio_common_msgs/include/audio_common_msgs/audio_common_msgs/msg/rosidl_generator_c__visibility_control.h
[1.473s] -- Up-to-date: /home/locobot/locobot_ws/install/audio_common_msgs/share/audio_common_msgs/environment/library_path.sh
[1.473s] -- Up-to-date: /home/locobot/locobot_ws/install/audio_common_msgs/share/audio_common_msgs/environment/library_path.dsv
[1.473s] -- Up-to-date: /home/locobot/locobot_ws/install/audio_common_msgs/lib/libaudio_common_msgs__rosidl_generator_c.so
[1.473s] -- Up-to-date: /home/locobot/locobot_ws/install/audio_common_msgs/include/audio_common_msgs/audio_common_msgs
[1.473s] -- Up-to-date: /home/locobot/locobot_ws/install/audio_common_msgs/include/audio_common_msgs/audio_common_msgs/action
[1.473s] -- Up-to-date: /home/locobot/locobot_ws/install/audio_common_msgs/include/audio_common_msgs/audio_common_msgs/action/detail
[1.474s] -- Up-to-date: /home/locobot/locobot_ws/install/audio_common_msgs/include/audio_common_msgs/audio_common_msgs/action/detail/tts__rosidl_typesupport_fastrtps_c.h
[1.474s] -- Up-to-date: /home/locobot/locobot_ws/install/audio_common_msgs/include/audio_common_msgs/audio_common_msgs/msg
[1.474s] -- Up-to-date: /home/locobot/locobot_ws/install/audio_common_msgs/include/audio_common_msgs/audio_common_msgs/msg/rosidl_typesupport_fastrtps_c__visibility_control.h
[1.474s] -- Up-to-date: /home/locobot/locobot_ws/install/audio_common_msgs/include/audio_common_msgs/audio_common_msgs/msg/detail
[1.475s] -- Up-to-date: /home/locobot/locobot_ws/install/audio_common_msgs/include/audio_common_msgs/audio_common_msgs/msg/detail/audio_stamped__rosidl_typesupport_fastrtps_c.h
[1.475s] -- Up-to-date: /home/locobot/locobot_ws/install/audio_common_msgs/include/audio_common_msgs/audio_common_msgs/msg/detail/audio_info__rosidl_typesupport_fastrtps_c.h
[1.475s] -- Up-to-date: /home/locobot/locobot_ws/install/audio_common_msgs/include/audio_common_msgs/audio_common_msgs/msg/detail/audio__rosidl_typesupport_fastrtps_c.h
[1.475s] -- Up-to-date: /home/locobot/locobot_ws/install/audio_common_msgs/include/audio_common_msgs/audio_common_msgs/msg/detail/audio_data__rosidl_typesupport_fastrtps_c.h
[1.475s] -- Up-to-date: /home/locobot/locobot_ws/install/audio_common_msgs/lib/libaudio_common_msgs__rosidl_typesupport_fastrtps_c.so
[1.475s] -- Up-to-date: /home/locobot/locobot_ws/install/audio_common_msgs/include/audio_common_msgs/audio_common_msgs
[1.476s] -- Up-to-date: /home/locobot/locobot_ws/install/audio_common_msgs/include/audio_common_msgs/audio_common_msgs/action
[1.476s] -- Up-to-date: /home/locobot/locobot_ws/install/audio_common_msgs/include/audio_common_msgs/audio_common_msgs/action/detail
[1.476s] -- Up-to-date: /home/locobot/locobot_ws/install/audio_common_msgs/include/audio_common_msgs/audio_common_msgs/action/detail/tts__builder.hpp
[1.476s] -- Up-to-date: /home/locobot/locobot_ws/install/audio_common_msgs/include/audio_common_msgs/audio_common_msgs/action/detail/tts__struct.hpp
[1.476s] -- Up-to-date: /home/locobot/locobot_ws/install/audio_common_msgs/include/audio_common_msgs/audio_common_msgs/action/detail/tts__traits.hpp
[1.476s] -- Up-to-date: /home/locobot/locobot_ws/install/audio_common_msgs/include/audio_common_msgs/audio_common_msgs/action/tts.hpp
[1.476s] -- Up-to-date: /home/locobot/locobot_ws/install/audio_common_msgs/include/audio_common_msgs/audio_common_msgs/msg
[1.476s] -- Up-to-date: /home/locobot/locobot_ws/install/audio_common_msgs/include/audio_common_msgs/audio_common_msgs/msg/audio_stamped.hpp
[1.476s] -- Up-to-date: /home/locobot/locobot_ws/install/audio_common_msgs/include/audio_common_msgs/audio_common_msgs/msg/detail
[1.476s] -- Up-to-date: /home/locobot/locobot_ws/install/audio_common_msgs/include/audio_common_msgs/audio_common_msgs/msg/detail/audio_info__traits.hpp
[1.477s] -- Up-to-date: /home/locobot/locobot_ws/install/audio_common_msgs/include/audio_common_msgs/audio_common_msgs/msg/detail/audio_info__builder.hpp
[1.477s] -- Up-to-date: /home/locobot/locobot_ws/install/audio_common_msgs/include/audio_common_msgs/audio_common_msgs/msg/detail/audio_stamped__builder.hpp
[1.477s] -- Up-to-date: /home/locobot/locobot_ws/install/audio_common_msgs/include/audio_common_msgs/audio_common_msgs/msg/detail/audio_info__struct.hpp
[1.477s] -- Up-to-date: /home/locobot/locobot_ws/install/audio_common_msgs/include/audio_common_msgs/audio_common_msgs/msg/detail/audio__traits.hpp
[1.477s] -- Up-to-date: /home/locobot/locobot_ws/install/audio_common_msgs/include/audio_common_msgs/audio_common_msgs/msg/detail/audio_stamped__struct.hpp
[1.477s] -- Up-to-date: /home/locobot/locobot_ws/install/audio_common_msgs/include/audio_common_msgs/audio_common_msgs/msg/detail/audio__struct.hpp
[1.477s] -- Up-to-date: /home/locobot/locobot_ws/install/audio_common_msgs/include/audio_common_msgs/audio_common_msgs/msg/detail/audio__builder.hpp
[1.477s] -- Up-to-date: /home/locobot/locobot_ws/install/audio_common_msgs/include/audio_common_msgs/audio_common_msgs/msg/detail/audio_stamped__traits.hpp
[1.477s] -- Up-to-date: /home/locobot/locobot_ws/install/audio_common_msgs/include/audio_common_msgs/audio_common_msgs/msg/detail/audio_data__traits.hpp
[1.477s] -- Up-to-date: /home/locobot/locobot_ws/install/audio_common_msgs/include/audio_common_msgs/audio_common_msgs/msg/detail/audio_data__builder.hpp
[1.477s] -- Up-to-date: /home/locobot/locobot_ws/install/audio_common_msgs/include/audio_common_msgs/audio_common_msgs/msg/detail/audio_data__struct.hpp
[1.478s] -- Up-to-date: /home/locobot/locobot_ws/install/audio_common_msgs/include/audio_common_msgs/audio_common_msgs/msg/audio_info.hpp
[1.478s] -- Up-to-date: /home/locobot/locobot_ws/install/audio_common_msgs/include/audio_common_msgs/audio_common_msgs/msg/audio_data.hpp
[1.478s] -- Up-to-date: /home/locobot/locobot_ws/install/audio_common_msgs/include/audio_common_msgs/audio_common_msgs/msg/audio.hpp
[1.478s] -- Up-to-date: /home/locobot/locobot_ws/install/audio_common_msgs/include/audio_common_msgs/audio_common_msgs
[1.478s] -- Up-to-date: /home/locobot/locobot_ws/install/audio_common_msgs/include/audio_common_msgs/audio_common_msgs/action
[1.478s] -- Up-to-date: /home/locobot/locobot_ws/install/audio_common_msgs/include/audio_common_msgs/audio_common_msgs/action/detail
[1.478s] -- Up-to-date: /home/locobot/locobot_ws/install/audio_common_msgs/include/audio_common_msgs/audio_common_msgs/action/detail/tts__rosidl_typesupport_fastrtps_cpp.hpp
[1.478s] -- Up-to-date: /home/locobot/locobot_ws/install/audio_common_msgs/include/audio_common_msgs/audio_common_msgs/action/detail/dds_fastrtps
[1.478s] -- Up-to-date: /home/locobot/locobot_ws/install/audio_common_msgs/include/audio_common_msgs/audio_common_msgs/msg
[1.478s] -- Up-to-date: /home/locobot/locobot_ws/install/audio_common_msgs/include/audio_common_msgs/audio_common_msgs/msg/detail
[1.478s] -- Up-to-date: /home/locobot/locobot_ws/install/audio_common_msgs/include/audio_common_msgs/audio_common_msgs/msg/detail/audio__rosidl_typesupport_fastrtps_cpp.hpp
[1.479s] -- Up-to-date: /home/locobot/locobot_ws/install/audio_common_msgs/include/audio_common_msgs/audio_common_msgs/msg/detail/audio_info__rosidl_typesupport_fastrtps_cpp.hpp
[1.479s] -- Up-to-date: /home/locobot/locobot_ws/install/audio_common_msgs/include/audio_common_msgs/audio_common_msgs/msg/detail/dds_fastrtps
[1.479s] -- Up-to-date: /home/locobot/locobot_ws/install/audio_common_msgs/include/audio_common_msgs/audio_common_msgs/msg/detail/audio_stamped__rosidl_typesupport_fastrtps_cpp.hpp
[1.479s] -- Up-to-date: /home/locobot/locobot_ws/install/audio_common_msgs/include/audio_common_msgs/audio_common_msgs/msg/detail/audio_data__rosidl_typesupport_fastrtps_cpp.hpp
[1.479s] -- Up-to-date: /home/locobot/locobot_ws/install/audio_common_msgs/include/audio_common_msgs/audio_common_msgs/msg/rosidl_typesupport_fastrtps_cpp__visibility_control.h
[1.479s] -- Up-to-date: /home/locobot/locobot_ws/install/audio_common_msgs/lib/libaudio_common_msgs__rosidl_typesupport_fastrtps_cpp.so
[1.479s] -- Up-to-date: /home/locobot/locobot_ws/install/audio_common_msgs/include/audio_common_msgs/audio_common_msgs
[1.479s] -- Up-to-date: /home/locobot/locobot_ws/install/audio_common_msgs/include/audio_common_msgs/audio_common_msgs/action
[1.479s] -- Up-to-date: /home/locobot/locobot_ws/install/audio_common_msgs/include/audio_common_msgs/audio_common_msgs/action/detail
[1.479s] -- Up-to-date: /home/locobot/locobot_ws/install/audio_common_msgs/include/audio_common_msgs/audio_common_msgs/action/detail/tts__type_support.c
[1.479s] -- Up-to-date: /home/locobot/locobot_ws/install/audio_common_msgs/include/audio_common_msgs/audio_common_msgs/action/detail/tts__rosidl_typesupport_introspection_c.h
[1.480s] -- Up-to-date: /home/locobot/locobot_ws/install/audio_common_msgs/include/audio_common_msgs/audio_common_msgs/msg
[1.480s] -- Up-to-date: /home/locobot/locobot_ws/install/audio_common_msgs/include/audio_common_msgs/audio_common_msgs/msg/detail
[1.480s] -- Up-to-date: /home/locobot/locobot_ws/install/audio_common_msgs/include/audio_common_msgs/audio_common_msgs/msg/detail/audio_info__type_support.c
[1.480s] -- Up-to-date: /home/locobot/locobot_ws/install/audio_common_msgs/include/audio_common_msgs/audio_common_msgs/msg/detail/audio_data__rosidl_typesupport_introspection_c.h
[1.480s] -- Up-to-date: /home/locobot/locobot_ws/install/audio_common_msgs/include/audio_common_msgs/audio_common_msgs/msg/detail/audio_data__type_support.c
[1.480s] -- Up-to-date: /home/locobot/locobot_ws/install/audio_common_msgs/include/audio_common_msgs/audio_common_msgs/msg/detail/audio_info__rosidl_typesupport_introspection_c.h
[1.481s] -- Up-to-date: /home/locobot/locobot_ws/install/audio_common_msgs/include/audio_common_msgs/audio_common_msgs/msg/detail/audio__type_support.c
[1.481s] -- Up-to-date: /home/locobot/locobot_ws/install/audio_common_msgs/include/audio_common_msgs/audio_common_msgs/msg/detail/audio__rosidl_typesupport_introspection_c.h
[1.481s] -- Up-to-date: /home/locobot/locobot_ws/install/audio_common_msgs/include/audio_common_msgs/audio_common_msgs/msg/detail/audio_stamped__rosidl_typesupport_introspection_c.h
[1.481s] -- Up-to-date: /home/locobot/locobot_ws/install/audio_common_msgs/include/audio_common_msgs/audio_common_msgs/msg/detail/audio_stamped__type_support.c
[1.481s] -- Up-to-date: /home/locobot/locobot_ws/install/audio_common_msgs/include/audio_common_msgs/audio_common_msgs/msg/rosidl_typesupport_introspection_c__visibility_control.h
[1.481s] -- Up-to-date: /home/locobot/locobot_ws/install/audio_common_msgs/lib/libaudio_common_msgs__rosidl_typesupport_introspection_c.so
[1.481s] -- Up-to-date: /home/locobot/locobot_ws/install/audio_common_msgs/lib/libaudio_common_msgs__rosidl_typesupport_c.so
[1.481s] -- Up-to-date: /home/locobot/locobot_ws/install/audio_common_msgs/include/audio_common_msgs/audio_common_msgs
[1.481s] -- Up-to-date: /home/locobot/locobot_ws/install/audio_common_msgs/include/audio_common_msgs/audio_common_msgs/action
[1.481s] -- Up-to-date: /home/locobot/locobot_ws/install/audio_common_msgs/include/audio_common_msgs/audio_common_msgs/action/detail
[1.482s] -- Up-to-date: /home/locobot/locobot_ws/install/audio_common_msgs/include/audio_common_msgs/audio_common_msgs/action/detail/tts__type_support.cpp
[1.482s] -- Up-to-date: /home/locobot/locobot_ws/install/audio_common_msgs/include/audio_common_msgs/audio_common_msgs/action/detail/tts__rosidl_typesupport_introspection_cpp.hpp
[1.482s] -- Up-to-date: /home/locobot/locobot_ws/install/audio_common_msgs/include/audio_common_msgs/audio_common_msgs/msg
[1.482s] -- Up-to-date: /home/locobot/locobot_ws/install/audio_common_msgs/include/audio_common_msgs/audio_common_msgs/msg/detail
[1.482s] -- Up-to-date: /home/locobot/locobot_ws/install/audio_common_msgs/include/audio_common_msgs/audio_common_msgs/msg/detail/audio__rosidl_typesupport_introspection_cpp.hpp
[1.482s] -- Up-to-date: /home/locobot/locobot_ws/install/audio_common_msgs/include/audio_common_msgs/audio_common_msgs/msg/detail/audio_stamped__type_support.cpp
[1.482s] -- Up-to-date: /home/locobot/locobot_ws/install/audio_common_msgs/include/audio_common_msgs/audio_common_msgs/msg/detail/audio_stamped__rosidl_typesupport_introspection_cpp.hpp
[1.482s] -- Up-to-date: /home/locobot/locobot_ws/install/audio_common_msgs/include/audio_common_msgs/audio_common_msgs/msg/detail/audio__type_support.cpp
[1.482s] -- Up-to-date: /home/locobot/locobot_ws/install/audio_common_msgs/include/audio_common_msgs/audio_common_msgs/msg/detail/audio_info__rosidl_typesupport_introspection_cpp.hpp
[1.483s] -- Up-to-date: /home/locobot/locobot_ws/install/audio_common_msgs/include/audio_common_msgs/audio_common_msgs/msg/detail/audio_info__type_support.cpp
[1.483s] -- Up-to-date: /home/locobot/locobot_ws/install/audio_common_msgs/include/audio_common_msgs/audio_common_msgs/msg/detail/audio_data__type_support.cpp
[1.483s] -- Up-to-date: /home/locobot/locobot_ws/install/audio_common_msgs/include/audio_common_msgs/audio_common_msgs/msg/detail/audio_data__rosidl_typesupport_introspection_cpp.hpp
[1.483s] -- Up-to-date: /home/locobot/locobot_ws/install/audio_common_msgs/lib/libaudio_common_msgs__rosidl_typesupport_introspection_cpp.so
[1.483s] -- Up-to-date: /home/locobot/locobot_ws/install/audio_common_msgs/lib/libaudio_common_msgs__rosidl_typesupport_cpp.so
[1.484s] -- Up-to-date: /home/locobot/locobot_ws/install/audio_common_msgs/share/audio_common_msgs/environment/pythonpath.sh
[1.484s] -- Up-to-date: /home/locobot/locobot_ws/install/audio_common_msgs/share/audio_common_msgs/environment/pythonpath.dsv
[1.484s] -- Up-to-date: /home/locobot/locobot_ws/install/audio_common_msgs/local/lib/python3.10/dist-packages/audio_common_msgs-0.0.0-py3.10.egg-info
[1.484s] -- Installing: /home/locobot/locobot_ws/install/audio_common_msgs/local/lib/python3.10/dist-packages/audio_common_msgs-0.0.0-py3.10.egg-info/dependency_links.txt
[1.484s] -- Installing: /home/locobot/locobot_ws/install/audio_common_msgs/local/lib/python3.10/dist-packages/audio_common_msgs-0.0.0-py3.10.egg-info/top_level.txt
[1.484s] -- Installing: /home/locobot/locobot_ws/install/audio_common_msgs/local/lib/python3.10/dist-packages/audio_common_msgs-0.0.0-py3.10.egg-info/SOURCES.txt
[1.484s] -- Installing: /home/locobot/locobot_ws/install/audio_common_msgs/local/lib/python3.10/dist-packages/audio_common_msgs-0.0.0-py3.10.egg-info/PKG-INFO
[1.484s] -- Up-to-date: /home/locobot/locobot_ws/install/audio_common_msgs/local/lib/python3.10/dist-packages/audio_common_msgs
[1.484s] -- Up-to-date: /home/locobot/locobot_ws/install/audio_common_msgs/local/lib/python3.10/dist-packages/audio_common_msgs/libaudio_common_msgs__rosidl_generator_py.so
[1.485s] -- Up-to-date: /home/locobot/locobot_ws/install/audio_common_msgs/local/lib/python3.10/dist-packages/audio_common_msgs/_audio_common_msgs_s.ep.rosidl_typesupport_c.c
[1.485s] -- Up-to-date: /home/locobot/locobot_ws/install/audio_common_msgs/local/lib/python3.10/dist-packages/audio_common_msgs/audio_common_msgs_s__rosidl_typesupport_introspection_c.cpython-310-x86_64-linux-gnu.so
[1.485s] -- Up-to-date: /home/locobot/locobot_ws/install/audio_common_msgs/local/lib/python3.10/dist-packages/audio_common_msgs/action
[1.485s] -- Up-to-date: /home/locobot/locobot_ws/install/audio_common_msgs/local/lib/python3.10/dist-packages/audio_common_msgs/action/_tts_s.c
[1.485s] -- Up-to-date: /home/locobot/locobot_ws/install/audio_common_msgs/local/lib/python3.10/dist-packages/audio_common_msgs/action/__init__.py
[1.485s] -- Up-to-date: /home/locobot/locobot_ws/install/audio_common_msgs/local/lib/python3.10/dist-packages/audio_common_msgs/action/_tts.py
[1.485s] -- Up-to-date: /home/locobot/locobot_ws/install/audio_common_msgs/local/lib/python3.10/dist-packages/audio_common_msgs/__init__.py
[1.485s] -- Up-to-date: /home/locobot/locobot_ws/install/audio_common_msgs/local/lib/python3.10/dist-packages/audio_common_msgs/_audio_common_msgs_s.ep.rosidl_typesupport_fastrtps_c.c
[1.485s] -- Up-to-date: /home/locobot/locobot_ws/install/audio_common_msgs/local/lib/python3.10/dist-packages/audio_common_msgs/_audio_common_msgs_s.ep.rosidl_typesupport_introspection_c.c
[1.486s] -- Up-to-date: /home/locobot/locobot_ws/install/audio_common_msgs/local/lib/python3.10/dist-packages/audio_common_msgs/msg
[1.486s] -- Up-to-date: /home/locobot/locobot_ws/install/audio_common_msgs/local/lib/python3.10/dist-packages/audio_common_msgs/msg/_audio_stamped_s.c
[1.486s] -- Up-to-date: /home/locobot/locobot_ws/install/audio_common_msgs/local/lib/python3.10/dist-packages/audio_common_msgs/msg/_audio_stamped.py
[1.486s] -- Up-to-date: /home/locobot/locobot_ws/install/audio_common_msgs/local/lib/python3.10/dist-packages/audio_common_msgs/msg/_audio_info.py
[1.486s] -- Up-to-date: /home/locobot/locobot_ws/install/audio_common_msgs/local/lib/python3.10/dist-packages/audio_common_msgs/msg/_audio.py
[1.486s] -- Up-to-date: /home/locobot/locobot_ws/install/audio_common_msgs/local/lib/python3.10/dist-packages/audio_common_msgs/msg/__init__.py
[1.486s] -- Up-to-date: /home/locobot/locobot_ws/install/audio_common_msgs/local/lib/python3.10/dist-packages/audio_common_msgs/msg/_audio_data_s.c
[1.486s] -- Up-to-date: /home/locobot/locobot_ws/install/audio_common_msgs/local/lib/python3.10/dist-packages/audio_common_msgs/msg/_audio_info_s.c
[1.486s] -- Up-to-date: /home/locobot/locobot_ws/install/audio_common_msgs/local/lib/python3.10/dist-packages/audio_common_msgs/msg/_audio_data.py
[1.487s] -- Up-to-date: /home/locobot/locobot_ws/install/audio_common_msgs/local/lib/python3.10/dist-packages/audio_common_msgs/msg/_audio_s.c
[1.487s] -- Up-to-date: /home/locobot/locobot_ws/install/audio_common_msgs/local/lib/python3.10/dist-packages/audio_common_msgs/audio_common_msgs_s__rosidl_typesupport_c.cpython-310-x86_64-linux-gnu.so
[1.487s] -- Up-to-date: /home/locobot/locobot_ws/install/audio_common_msgs/local/lib/python3.10/dist-packages/audio_common_msgs/audio_common_msgs_s__rosidl_typesupport_fastrtps_c.cpython-310-x86_64-linux-gnu.so
[1.539s] Listing '/home/locobot/locobot_ws/install/audio_common_msgs/local/lib/python3.10/dist-packages/audio_common_msgs'...
[1.539s] Listing '/home/locobot/locobot_ws/install/audio_common_msgs/local/lib/python3.10/dist-packages/audio_common_msgs/action'...
[1.539s] Listing '/home/locobot/locobot_ws/install/audio_common_msgs/local/lib/python3.10/dist-packages/audio_common_msgs/msg'...
[1.547s] -- Up-to-date: /home/locobot/locobot_ws/install/audio_common_msgs/local/lib/python3.10/dist-packages/audio_common_msgs/audio_common_msgs_s__rosidl_typesupport_fastrtps_c.cpython-310-x86_64-linux-gnu.so
[1.547s] -- Up-to-date: /home/locobot/locobot_ws/install/audio_common_msgs/local/lib/python3.10/dist-packages/audio_common_msgs/audio_common_msgs_s__rosidl_typesupport_introspection_c.cpython-310-x86_64-linux-gnu.so
[1.548s] -- Up-to-date: /home/locobot/locobot_ws/install/audio_common_msgs/local/lib/python3.10/dist-packages/audio_common_msgs/audio_common_msgs_s__rosidl_typesupport_c.cpython-310-x86_64-linux-gnu.so
[1.548s] -- Up-to-date: /home/locobot/locobot_ws/install/audio_common_msgs/lib/libaudio_common_msgs__rosidl_generator_py.so
[1.548s] -- Up-to-date: /home/locobot/locobot_ws/install/audio_common_msgs/share/audio_common_msgs/msg/AudioData.idl
[1.548s] -- Up-to-date: /home/locobot/locobot_ws/install/audio_common_msgs/share/audio_common_msgs/msg/AudioInfo.idl
[1.548s] -- Up-to-date: /home/locobot/locobot_ws/install/audio_common_msgs/share/audio_common_msgs/msg/Audio.idl
[1.548s] -- Up-to-date: /home/locobot/locobot_ws/install/audio_common_msgs/share/audio_common_msgs/msg/AudioStamped.idl
[1.549s] -- Up-to-date: /home/locobot/locobot_ws/install/audio_common_msgs/share/audio_common_msgs/action/TTS.idl
[1.549s] -- Up-to-date: /home/locobot/locobot_ws/install/audio_common_msgs/share/audio_common_msgs/msg/AudioData.msg
[1.549s] -- Up-to-date: /home/locobot/locobot_ws/install/audio_common_msgs/share/audio_common_msgs/msg/AudioInfo.msg
[1.549s] -- Up-to-date: /home/locobot/locobot_ws/install/audio_common_msgs/share/audio_common_msgs/msg/Audio.msg
[1.549s] -- Up-to-date: /home/locobot/locobot_ws/install/audio_common_msgs/share/audio_common_msgs/msg/AudioStamped.msg
[1.549s] -- Up-to-date: /home/locobot/locobot_ws/install/audio_common_msgs/share/audio_common_msgs/action/TTS.action
[1.550s] -- Up-to-date: /home/locobot/locobot_ws/install/audio_common_msgs/share/ament_index/resource_index/package_run_dependencies/audio_common_msgs
[1.550s] -- Up-to-date: /home/locobot/locobot_ws/install/audio_common_msgs/share/ament_index/resource_index/parent_prefix_path/audio_common_msgs
[1.550s] -- Up-to-date: /home/locobot/locobot_ws/install/audio_common_msgs/share/audio_common_msgs/environment/ament_prefix_path.sh
[1.550s] -- Up-to-date: /home/locobot/locobot_ws/install/audio_common_msgs/share/audio_common_msgs/environment/ament_prefix_path.dsv
[1.550s] -- Up-to-date: /home/locobot/locobot_ws/install/audio_common_msgs/share/audio_common_msgs/environment/path.sh
[1.550s] -- Up-to-date: /home/locobot/locobot_ws/install/audio_common_msgs/share/audio_common_msgs/environment/path.dsv
[1.550s] -- Up-to-date: /home/locobot/locobot_ws/install/audio_common_msgs/share/audio_common_msgs/local_setup.bash
[1.550s] -- Up-to-date: /home/locobot/locobot_ws/install/audio_common_msgs/share/audio_common_msgs/local_setup.sh
[1.550s] -- Up-to-date: /home/locobot/locobot_ws/install/audio_common_msgs/share/audio_common_msgs/local_setup.zsh
[1.551s] -- Up-to-date: /home/locobot/locobot_ws/install/audio_common_msgs/share/audio_common_msgs/local_setup.dsv
[1.551s] -- Installing: /home/locobot/locobot_ws/install/audio_common_msgs/share/audio_common_msgs/package.dsv
[1.551s] -- Up-to-date: /home/locobot/locobot_ws/install/audio_common_msgs/share/ament_index/resource_index/packages/audio_common_msgs
[1.551s] -- Up-to-date: /home/locobot/locobot_ws/install/audio_common_msgs/share/audio_common_msgs/cmake/export_audio_common_msgs__rosidl_generator_cExport.cmake
[1.551s] -- Up-to-date: /home/locobot/locobot_ws/install/audio_common_msgs/share/audio_common_msgs/cmake/export_audio_common_msgs__rosidl_generator_cExport-noconfig.cmake
[1.552s] -- Up-to-date: /home/locobot/locobot_ws/install/audio_common_msgs/share/audio_common_msgs/cmake/export_audio_common_msgs__rosidl_typesupport_fastrtps_cExport.cmake
[1.552s] -- Up-to-date: /home/locobot/locobot_ws/install/audio_common_msgs/share/audio_common_msgs/cmake/export_audio_common_msgs__rosidl_typesupport_fastrtps_cExport-noconfig.cmake
[1.552s] -- Up-to-date: /home/locobot/locobot_ws/install/audio_common_msgs/share/audio_common_msgs/cmake/export_audio_common_msgs__rosidl_generator_cppExport.cmake
[1.552s] -- Up-to-date: /home/locobot/locobot_ws/install/audio_common_msgs/share/audio_common_msgs/cmake/export_audio_common_msgs__rosidl_typesupport_fastrtps_cppExport.cmake
[1.552s] -- Up-to-date: /home/locobot/locobot_ws/install/audio_common_msgs/share/audio_common_msgs/cmake/export_audio_common_msgs__rosidl_typesupport_fastrtps_cppExport-noconfig.cmake
[1.552s] -- Up-to-date: /home/locobot/locobot_ws/install/audio_common_msgs/share/audio_common_msgs/cmake/audio_common_msgs__rosidl_typesupport_introspection_cExport.cmake
[1.552s] -- Up-to-date: /home/locobot/locobot_ws/install/audio_common_msgs/share/audio_common_msgs/cmake/audio_common_msgs__rosidl_typesupport_introspection_cExport-noconfig.cmake
[1.553s] -- Up-to-date: /home/locobot/locobot_ws/install/audio_common_msgs/share/audio_common_msgs/cmake/audio_common_msgs__rosidl_typesupport_cExport.cmake
[1.553s] -- Up-to-date: /home/locobot/locobot_ws/install/audio_common_msgs/share/audio_common_msgs/cmake/audio_common_msgs__rosidl_typesupport_cExport-noconfig.cmake
[1.553s] -- Up-to-date: /home/locobot/locobot_ws/install/audio_common_msgs/share/audio_common_msgs/cmake/audio_common_msgs__rosidl_typesupport_introspection_cppExport.cmake
[1.553s] -- Up-to-date: /home/locobot/locobot_ws/install/audio_common_msgs/share/audio_common_msgs/cmake/audio_common_msgs__rosidl_typesupport_introspection_cppExport-noconfig.cmake
[1.553s] -- Up-to-date: /home/locobot/locobot_ws/install/audio_common_msgs/share/audio_common_msgs/cmake/audio_common_msgs__rosidl_typesupport_cppExport.cmake
[1.553s] -- Up-to-date: /home/locobot/locobot_ws/install/audio_common_msgs/share/audio_common_msgs/cmake/audio_common_msgs__rosidl_typesupport_cppExport-noconfig.cmake
[1.554s] -- Up-to-date: /home/locobot/locobot_ws/install/audio_common_msgs/share/audio_common_msgs/cmake/export_audio_common_msgs__rosidl_generator_pyExport.cmake
[1.554s] -- Up-to-date: /home/locobot/locobot_ws/install/audio_common_msgs/share/audio_common_msgs/cmake/export_audio_common_msgs__rosidl_generator_pyExport-noconfig.cmake
[1.554s] -- Up-to-date: /home/locobot/locobot_ws/install/audio_common_msgs/share/audio_common_msgs/cmake/rosidl_cmake-extras.cmake
[1.554s] -- Up-to-date: /home/locobot/locobot_ws/install/audio_common_msgs/share/audio_common_msgs/cmake/ament_cmake_export_dependencies-extras.cmake
[1.554s] -- Up-to-date: /home/locobot/locobot_ws/install/audio_common_msgs/share/audio_common_msgs/cmake/ament_cmake_export_include_directories-extras.cmake
[1.554s] -- Up-to-date: /home/locobot/locobot_ws/install/audio_common_msgs/share/audio_common_msgs/cmake/ament_cmake_export_libraries-extras.cmake
[1.554s] -- Up-to-date: /home/locobot/locobot_ws/install/audio_common_msgs/share/audio_common_msgs/cmake/ament_cmake_export_targets-extras.cmake
[1.554s] -- Up-to-date: /home/locobot/locobot_ws/install/audio_common_msgs/share/audio_common_msgs/cmake/rosidl_cmake_export_typesupport_targets-extras.cmake
[1.554s] -- Up-to-date: /home/locobot/locobot_ws/install/audio_common_msgs/share/audio_common_msgs/cmake/rosidl_cmake_export_typesupport_libraries-extras.cmake
[1.554s] -- Up-to-date: /home/locobot/locobot_ws/install/audio_common_msgs/share/audio_common_msgs/cmake/audio_common_msgsConfig.cmake
[1.555s] -- Up-to-date: /home/locobot/locobot_ws/install/audio_common_msgs/share/audio_common_msgs/cmake/audio_common_msgsConfig-version.cmake
[1.555s] -- Up-to-date: /home/locobot/locobot_ws/install/audio_common_msgs/share/audio_common_msgs/package.xml
[1.557s] Invoked command in '/home/locobot/locobot_ws/build/audio_common_msgs' returned '0': CMAKE_PREFIX_PATH=${CMAKE_PREFIX_PATH}:/home/locobot/locobot_ws/install/yolov8_ros:/home/locobot/locobot_ws/install/detection:/home/locobot/locobot_ws/install/locobot_move:/home/locobot/locobot_ws/install/create3_teleop:/home/locobot/locobot_ws/install/create3_examples_py:/home/locobot/interbotix_ws/install/interbotix_xslocobot_control:/home/locobot/interbotix_ws/install/interbotix_xs_modules:/home/locobot/interbotix_ws/install/interbotix_perception_modules:/home/locobot/interbotix_ws/install/interbotix_common_modules:/opt/ros/humble /usr/bin/cmake --install /home/locobot/locobot_ws/build/audio_common_msgs
