[0.095s] Invoking command in '/home/locobot/locobot_ws/build/create3_republisher': CMAKE_PREFIX_PATH=${CMAKE_PREFIX_PATH}:/home/locobot/locobot_ws/install/yolov8_ros:/home/locobot/locobot_ws/install/locobot_move:/home/locobot/locobot_ws/install/detection_ros:/home/locobot/locobot_ws/install/create3_teleop:/home/locobot/locobot_ws/install/create3_examples_py:/home/locobot/interbotix_ws/install/interbotix_xslocobot_control:/home/locobot/interbotix_ws/install/interbotix_xs_modules:/home/locobot/interbotix_ws/install/interbotix_perception_modules:/home/locobot/interbotix_ws/install/interbotix_common_modules:/opt/ros/humble /usr/bin/cmake /home/locobot/locobot_ws/src/create3_examples/create3_republisher -DCMAKE_INSTALL_PREFIX=/home/locobot/locobot_ws/install/create3_republisher
[0.496s] -- The C compiler identification is GNU 11.4.0
[0.804s] -- The CXX compiler identification is GNU 11.4.0
[0.826s] -- Detecting C compiler ABI info
[1.330s] -- Detecting C compiler ABI info - done
[1.362s] -- Check for working C compiler: /usr/bin/cc - skipped
[1.362s] -- Detecting C compile features
[1.362s] -- Detecting C compile features - done
[1.372s] -- Detecting CXX compiler ABI info
[1.921s] -- Detecting CXX compiler ABI info - done
[1.957s] -- Check for working CXX compiler: /usr/bin/c++ - skipped
[1.957s] -- Detecting CXX compile features
[1.958s] -- Detecting CXX compile features - done
[2.005s] -- Found ament_cmake: 1.3.9 (/opt/ros/humble/share/ament_cmake/cmake)
[3.039s] -- Found Python3: /usr/bin/python3 (found version "3.10.12") found components: Interpreter 
[3.721s] -- Found irobot_create_msgs: 2.1.0 (/opt/ros/humble/share/irobot_create_msgs/cmake)
[4.075s] -- Found rosidl_generator_c: 3.1.5 (/opt/ros/humble/share/rosidl_generator_c/cmake)
[4.105s] -- Found rosidl_adapter: 3.1.5 (/opt/ros/humble/share/rosidl_adapter/cmake)
[4.165s] -- Found rosidl_generator_cpp: 3.1.5 (/opt/ros/humble/share/rosidl_generator_cpp/cmake)
[4.251s] -- Using all available rosidl_typesupport_c: rosidl_typesupport_fastrtps_c;rosidl_typesupport_introspection_c
[4.389s] -- Using all available rosidl_typesupport_cpp: rosidl_typesupport_fastrtps_cpp;rosidl_typesupport_introspection_cpp
[5.553s] -- Found rclcpp: 16.0.9 (/opt/ros/humble/share/rclcpp/cmake)
[6.129s] -- Found rmw_implementation_cmake: 6.1.2 (/opt/ros/humble/share/rmw_implementation_cmake/cmake)
[6.173s] -- Found rmw_fastrtps_cpp: 6.2.6 (/opt/ros/humble/share/rmw_fastrtps_cpp/cmake)
[7.018s] -- Found OpenSSL: /usr/lib/x86_64-linux-gnu/libcrypto.so (found version "3.0.2")  
[7.181s] -- Found FastRTPS: /opt/ros/humble/include  
[7.389s] -- Using RMW implementation 'rmw_fastrtps_cpp' as default
[7.489s] -- Looking for pthread.h
[7.872s] -- Looking for pthread.h - found
[7.872s] -- Performing Test CMAKE_HAVE_LIBC_PTHREAD
[8.299s] -- Performing Test CMAKE_HAVE_LIBC_PTHREAD - Success
[8.301s] -- Found Threads: TRUE  
[9.021s] -- Found rclcpp_action: 16.0.9 (/opt/ros/humble/share/rclcpp_action/cmake)
[9.449s] -- Configuring done
[9.481s] -- Generating done
[9.484s] -- Build files have been written to: /home/locobot/locobot_ws/build/create3_republisher
[9.533s] Invoked command in '/home/locobot/locobot_ws/build/create3_republisher' returned '0': CMAKE_PREFIX_PATH=${CMAKE_PREFIX_PATH}:/home/locobot/locobot_ws/install/yolov8_ros:/home/locobot/locobot_ws/install/locobot_move:/home/locobot/locobot_ws/install/detection_ros:/home/locobot/locobot_ws/install/create3_teleop:/home/locobot/locobot_ws/install/create3_examples_py:/home/locobot/interbotix_ws/install/interbotix_xslocobot_control:/home/locobot/interbotix_ws/install/interbotix_xs_modules:/home/locobot/interbotix_ws/install/interbotix_perception_modules:/home/locobot/interbotix_ws/install/interbotix_common_modules:/opt/ros/humble /usr/bin/cmake /home/locobot/locobot_ws/src/create3_examples/create3_republisher -DCMAKE_INSTALL_PREFIX=/home/locobot/locobot_ws/install/create3_republisher
[9.534s] Invoking command in '/home/locobot/locobot_ws/build/create3_republisher': CMAKE_PREFIX_PATH=${CMAKE_PREFIX_PATH}:/home/locobot/locobot_ws/install/yolov8_ros:/home/locobot/locobot_ws/install/locobot_move:/home/locobot/locobot_ws/install/detection_ros:/home/locobot/locobot_ws/install/create3_teleop:/home/locobot/locobot_ws/install/create3_examples_py:/home/locobot/interbotix_ws/install/interbotix_xslocobot_control:/home/locobot/interbotix_ws/install/interbotix_xs_modules:/home/locobot/interbotix_ws/install/interbotix_perception_modules:/home/locobot/interbotix_ws/install/interbotix_common_modules:/opt/ros/humble /usr/bin/cmake --build /home/locobot/locobot_ws/build/create3_republisher -- -j4 -l4
[9.805s] [ 50%] [32mBuilding CXX object CMakeFiles/create3_republisher.dir/republisher.cpp.o[0m
[47.947s] [100%] [32m[1mLinking CXX executable create3_republisher[0m
[50.070s] [100%] Built target create3_republisher
[50.087s] Invoked command in '/home/locobot/locobot_ws/build/create3_republisher' returned '0': CMAKE_PREFIX_PATH=${CMAKE_PREFIX_PATH}:/home/locobot/locobot_ws/install/yolov8_ros:/home/locobot/locobot_ws/install/locobot_move:/home/locobot/locobot_ws/install/detection_ros:/home/locobot/locobot_ws/install/create3_teleop:/home/locobot/locobot_ws/install/create3_examples_py:/home/locobot/interbotix_ws/install/interbotix_xslocobot_control:/home/locobot/interbotix_ws/install/interbotix_xs_modules:/home/locobot/interbotix_ws/install/interbotix_perception_modules:/home/locobot/interbotix_ws/install/interbotix_common_modules:/opt/ros/humble /usr/bin/cmake --build /home/locobot/locobot_ws/build/create3_republisher -- -j4 -l4
[50.138s] Invoking command in '/home/locobot/locobot_ws/build/create3_republisher': CMAKE_PREFIX_PATH=${CMAKE_PREFIX_PATH}:/home/locobot/locobot_ws/install/yolov8_ros:/home/locobot/locobot_ws/install/locobot_move:/home/locobot/locobot_ws/install/detection_ros:/home/locobot/locobot_ws/install/create3_teleop:/home/locobot/locobot_ws/install/create3_examples_py:/home/locobot/interbotix_ws/install/interbotix_xslocobot_control:/home/locobot/interbotix_ws/install/interbotix_xs_modules:/home/locobot/interbotix_ws/install/interbotix_perception_modules:/home/locobot/interbotix_ws/install/interbotix_common_modules:/opt/ros/humble /usr/bin/cmake --install /home/locobot/locobot_ws/build/create3_republisher
[50.150s] -- Install configuration: ""
[50.150s] -- Installing: /home/locobot/locobot_ws/install/create3_republisher/lib/create3_republisher/create3_republisher
[50.161s] -- Set runtime path of "/home/locobot/locobot_ws/install/create3_republisher/lib/create3_republisher/create3_republisher" to ""
[50.161s] -- Installing: /home/locobot/locobot_ws/install/create3_republisher/share/create3_republisher/bringup
[50.161s] -- Installing: /home/locobot/locobot_ws/install/create3_republisher/share/create3_republisher/bringup/params.yaml
[50.162s] -- Installing: /home/locobot/locobot_ws/install/create3_republisher/share/create3_republisher/bringup/create3_republisher_launch.py
[50.162s] -- Installing: /home/locobot/locobot_ws/install/create3_republisher/share/create3_republisher/dds-config
[50.162s] -- Installing: /home/locobot/locobot_ws/install/create3_republisher/share/create3_republisher/dds-config/fastdds-passive-unicast.xml
[50.162s] -- Installing: /home/locobot/locobot_ws/install/create3_republisher/share/create3_republisher/dds-config/fastdds-robot-passive-unicast.xml
[50.162s] -- Installing: /home/locobot/locobot_ws/install/create3_republisher/share/create3_republisher/dds-config/fastdds-active-unicast.xml
[50.162s] -- Installing: /home/locobot/locobot_ws/install/create3_republisher/share/ament_index/resource_index/package_run_dependencies/create3_republisher
[50.162s] -- Installing: /home/locobot/locobot_ws/install/create3_republisher/share/ament_index/resource_index/parent_prefix_path/create3_republisher
[50.163s] -- Installing: /home/locobot/locobot_ws/install/create3_republisher/share/create3_republisher/environment/ament_prefix_path.sh
[50.163s] -- Installing: /home/locobot/locobot_ws/install/create3_republisher/share/create3_republisher/environment/ament_prefix_path.dsv
[50.163s] -- Installing: /home/locobot/locobot_ws/install/create3_republisher/share/create3_republisher/environment/path.sh
[50.163s] -- Installing: /home/locobot/locobot_ws/install/create3_republisher/share/create3_republisher/environment/path.dsv
[50.163s] -- Installing: /home/locobot/locobot_ws/install/create3_republisher/share/create3_republisher/local_setup.bash
[50.163s] -- Installing: /home/locobot/locobot_ws/install/create3_republisher/share/create3_republisher/local_setup.sh
[50.164s] -- Installing: /home/locobot/locobot_ws/install/create3_republisher/share/create3_republisher/local_setup.zsh
[50.164s] -- Installing: /home/locobot/locobot_ws/install/create3_republisher/share/create3_republisher/local_setup.dsv
[50.164s] -- Installing: /home/locobot/locobot_ws/install/create3_republisher/share/create3_republisher/package.dsv
[50.164s] -- Installing: /home/locobot/locobot_ws/install/create3_republisher/share/ament_index/resource_index/packages/create3_republisher
[50.164s] -- Installing: /home/locobot/locobot_ws/install/create3_republisher/share/create3_republisher/cmake/create3_republisherConfig.cmake
[50.165s] -- Installing: /home/locobot/locobot_ws/install/create3_republisher/share/create3_republisher/cmake/create3_republisherConfig-version.cmake
[50.165s] -- Installing: /home/locobot/locobot_ws/install/create3_republisher/share/create3_republisher/package.xml
[50.176s] Invoked command in '/home/locobot/locobot_ws/build/create3_republisher' returned '0': CMAKE_PREFIX_PATH=${CMAKE_PREFIX_PATH}:/home/locobot/locobot_ws/install/yolov8_ros:/home/locobot/locobot_ws/install/locobot_move:/home/locobot/locobot_ws/install/detection_ros:/home/locobot/locobot_ws/install/create3_teleop:/home/locobot/locobot_ws/install/create3_examples_py:/home/locobot/interbotix_ws/install/interbotix_xslocobot_control:/home/locobot/interbotix_ws/install/interbotix_xs_modules:/home/locobot/interbotix_ws/install/interbotix_perception_modules:/home/locobot/interbotix_ws/install/interbotix_common_modules:/opt/ros/humble /usr/bin/cmake --install /home/locobot/locobot_ws/build/create3_republisher
