[0.296s] Invoking command in '/home/locobot/locobot_ws/build/create3_republisher': CMAKE_PREFIX_PATH=${CMAKE_PREFIX_PATH}:/home/locobot/interbotix_ws/install/interbotix_xs_modules:/home/locobot/interbotix_ws/install/interbotix_perception_modules:/home/locobot/interbotix_ws/install/interbotix_common_modules:/opt/ros/humble /usr/bin/cmake /home/locobot/locobot_ws/src/create3_examples/create3_republisher -DCMAKE_INSTALL_PREFIX=/home/locobot/locobot_ws/install/create3_republisher
[0.374s] -- The C compiler identification is GNU 11.4.0
[0.453s] -- The CXX compiler identification is GNU 11.4.0
[0.461s] -- Detecting C compiler ABI info
[0.558s] -- Detecting C compiler ABI info - done
[0.571s] -- Check for working C compiler: /usr/bin/cc - skipped
[0.572s] -- Detecting C compile features
[0.572s] -- Detecting C compile features - done
[0.577s] -- Detecting CXX compiler ABI info
[0.691s] -- Detecting CXX compiler ABI info - done
[0.705s] -- Check for working CXX compiler: /usr/bin/c++ - skipped
[0.705s] -- Detecting CXX compile features
[0.706s] -- Detecting CXX compile features - done
[0.715s] -- Found ament_cmake: 1.3.8 (/opt/ros/humble/share/ament_cmake/cmake)
[0.949s] -- Found Python3: /usr/bin/python3 (found version "3.10.12") found components: Interpreter 
[1.159s] -- Found irobot_create_msgs: 2.1.0 (/opt/ros/humble/share/irobot_create_msgs/cmake)
[1.274s] -- Found rosidl_generator_c: 3.1.5 (/opt/ros/humble/share/rosidl_generator_c/cmake)
[1.294s] -- Found rosidl_adapter: 3.1.5 (/opt/ros/humble/share/rosidl_adapter/cmake)
[1.319s] -- Found rosidl_generator_cpp: 3.1.5 (/opt/ros/humble/share/rosidl_generator_cpp/cmake)
[1.356s] -- Using all available rosidl_typesupport_c: rosidl_typesupport_fastrtps_c;rosidl_typesupport_introspection_c
[1.408s] -- Using all available rosidl_typesupport_cpp: rosidl_typesupport_fastrtps_cpp;rosidl_typesupport_introspection_cpp
[1.938s] -- Found rclcpp: 16.0.8 (/opt/ros/humble/share/rclcpp/cmake)
[2.116s] -- Found rmw_implementation_cmake: 6.1.1 (/opt/ros/humble/share/rmw_implementation_cmake/cmake)
[2.130s] -- Found rmw_fastrtps_cpp: 6.2.6 (/opt/ros/humble/share/rmw_fastrtps_cpp/cmake)
[2.339s] -- Found OpenSSL: /usr/lib/x86_64-linux-gnu/libcrypto.so (found version "3.0.2")  
[2.379s] -- Found FastRTPS: /opt/ros/humble/include  
[2.447s] -- Using RMW implementation 'rmw_fastrtps_cpp' as default
[2.475s] -- Looking for pthread.h
[2.560s] -- Looking for pthread.h - found
[2.561s] -- Performing Test CMAKE_HAVE_LIBC_PTHREAD
[2.669s] -- Performing Test CMAKE_HAVE_LIBC_PTHREAD - Success
[2.671s] -- Found Threads: TRUE  
[2.959s] -- Found rclcpp_action: 16.0.8 (/opt/ros/humble/share/rclcpp_action/cmake)
[3.128s] -- Configuring done
[3.143s] -- Generating done
[3.145s] -- Build files have been written to: /home/locobot/locobot_ws/build/create3_republisher
[3.159s] Invoked command in '/home/locobot/locobot_ws/build/create3_republisher' returned '0': CMAKE_PREFIX_PATH=${CMAKE_PREFIX_PATH}:/home/locobot/interbotix_ws/install/interbotix_xs_modules:/home/locobot/interbotix_ws/install/interbotix_perception_modules:/home/locobot/interbotix_ws/install/interbotix_common_modules:/opt/ros/humble /usr/bin/cmake /home/locobot/locobot_ws/src/create3_examples/create3_republisher -DCMAKE_INSTALL_PREFIX=/home/locobot/locobot_ws/install/create3_republisher
[3.160s] Invoking command in '/home/locobot/locobot_ws/build/create3_republisher': CMAKE_PREFIX_PATH=${CMAKE_PREFIX_PATH}:/home/locobot/interbotix_ws/install/interbotix_xs_modules:/home/locobot/interbotix_ws/install/interbotix_perception_modules:/home/locobot/interbotix_ws/install/interbotix_common_modules:/opt/ros/humble /usr/bin/cmake --build /home/locobot/locobot_ws/build/create3_republisher -- -j4 -l4
[3.231s] [ 50%] [32mBuilding CXX object CMakeFiles/create3_republisher.dir/republisher.cpp.o[0m
[31.184s] [100%] [32m[1mLinking CXX executable create3_republisher[0m
[32.695s] [100%] Built target create3_republisher
[32.706s] Invoked command in '/home/locobot/locobot_ws/build/create3_republisher' returned '0': CMAKE_PREFIX_PATH=${CMAKE_PREFIX_PATH}:/home/locobot/interbotix_ws/install/interbotix_xs_modules:/home/locobot/interbotix_ws/install/interbotix_perception_modules:/home/locobot/interbotix_ws/install/interbotix_common_modules:/opt/ros/humble /usr/bin/cmake --build /home/locobot/locobot_ws/build/create3_republisher -- -j4 -l4
[32.732s] Invoking command in '/home/locobot/locobot_ws/build/create3_republisher': CMAKE_PREFIX_PATH=${CMAKE_PREFIX_PATH}:/home/locobot/interbotix_ws/install/interbotix_xs_modules:/home/locobot/interbotix_ws/install/interbotix_perception_modules:/home/locobot/interbotix_ws/install/interbotix_common_modules:/opt/ros/humble /usr/bin/cmake --install /home/locobot/locobot_ws/build/create3_republisher
[32.740s] -- Install configuration: ""
[32.740s] -- Installing: /home/locobot/locobot_ws/install/create3_republisher/lib/create3_republisher/create3_republisher
[32.747s] -- Set runtime path of "/home/locobot/locobot_ws/install/create3_republisher/lib/create3_republisher/create3_republisher" to ""
[32.747s] -- Installing: /home/locobot/locobot_ws/install/create3_republisher/share/create3_republisher/bringup
[32.747s] -- Installing: /home/locobot/locobot_ws/install/create3_republisher/share/create3_republisher/bringup/params.yaml
[32.748s] -- Installing: /home/locobot/locobot_ws/install/create3_republisher/share/create3_republisher/bringup/create3_republisher_launch.py
[32.748s] -- Installing: /home/locobot/locobot_ws/install/create3_republisher/share/create3_republisher/dds-config
[32.748s] -- Installing: /home/locobot/locobot_ws/install/create3_republisher/share/create3_republisher/dds-config/fastdds-passive-unicast.xml
[32.748s] -- Installing: /home/locobot/locobot_ws/install/create3_republisher/share/create3_republisher/dds-config/fastdds-robot-passive-unicast.xml
[32.748s] -- Installing: /home/locobot/locobot_ws/install/create3_republisher/share/create3_republisher/dds-config/fastdds-active-unicast.xml
[32.748s] -- Installing: /home/locobot/locobot_ws/install/create3_republisher/share/ament_index/resource_index/package_run_dependencies/create3_republisher
[32.748s] -- Installing: /home/locobot/locobot_ws/install/create3_republisher/share/ament_index/resource_index/parent_prefix_path/create3_republisher
[32.748s] -- Installing: /home/locobot/locobot_ws/install/create3_republisher/share/create3_republisher/environment/ament_prefix_path.sh
[32.749s] -- Installing: /home/locobot/locobot_ws/install/create3_republisher/share/create3_republisher/environment/ament_prefix_path.dsv
[32.749s] -- Installing: /home/locobot/locobot_ws/install/create3_republisher/share/create3_republisher/environment/path.sh
[32.749s] -- Installing: /home/locobot/locobot_ws/install/create3_republisher/share/create3_republisher/environment/path.dsv
[32.749s] -- Installing: /home/locobot/locobot_ws/install/create3_republisher/share/create3_republisher/local_setup.bash
[32.749s] -- Installing: /home/locobot/locobot_ws/install/create3_republisher/share/create3_republisher/local_setup.sh
[32.749s] -- Installing: /home/locobot/locobot_ws/install/create3_republisher/share/create3_republisher/local_setup.zsh
[32.749s] -- Installing: /home/locobot/locobot_ws/install/create3_republisher/share/create3_republisher/local_setup.dsv
[32.750s] -- Installing: /home/locobot/locobot_ws/install/create3_republisher/share/create3_republisher/package.dsv
[32.750s] -- Installing: /home/locobot/locobot_ws/install/create3_republisher/share/ament_index/resource_index/packages/create3_republisher
[32.750s] -- Installing: /home/locobot/locobot_ws/install/create3_republisher/share/create3_republisher/cmake/create3_republisherConfig.cmake
[32.750s] -- Installing: /home/locobot/locobot_ws/install/create3_republisher/share/create3_republisher/cmake/create3_republisherConfig-version.cmake
[32.750s] -- Installing: /home/locobot/locobot_ws/install/create3_republisher/share/create3_republisher/package.xml
[32.752s] Invoked command in '/home/locobot/locobot_ws/build/create3_republisher' returned '0': CMAKE_PREFIX_PATH=${CMAKE_PREFIX_PATH}:/home/locobot/interbotix_ws/install/interbotix_xs_modules:/home/locobot/interbotix_ws/install/interbotix_perception_modules:/home/locobot/interbotix_ws/install/interbotix_common_modules:/opt/ros/humble /usr/bin/cmake --install /home/locobot/locobot_ws/build/create3_republisher
