running egg_info
writing ../../build/locobot_move/locobot_move.egg-info/PKG-INFO
writing dependency_links to ../../build/locobot_move/locobot_move.egg-info/dependency_links.txt
writing entry points to ../../build/locobot_move/locobot_move.egg-info/entry_points.txt
writing requirements to ../../build/locobot_move/locobot_move.egg-info/requires.txt
writing top-level names to ../../build/locobot_move/locobot_move.egg-info/top_level.txt
reading manifest file '../../build/locobot_move/locobot_move.egg-info/SOURCES.txt'
writing manifest file '../../build/locobot_move/locobot_move.egg-info/SOURCES.txt'
running build
running build_py
copying locobot_move/locobot_node.py -> /home/locobot/locobot_ws/build/locobot_move/build/lib/locobot_move
running install
running install_lib
copying /home/locobot/locobot_ws/build/locobot_move/build/lib/locobot_move/locobot_node.py -> /home/locobot/locobot_ws/install/locobot_move/lib/python3.10/site-packages/locobot_move
byte-compiling /home/locobot/locobot_ws/install/locobot_move/lib/python3.10/site-packages/locobot_move/locobot_node.py to locobot_node.cpython-310.pyc
running install_data
running install_egg_info
removing '/home/locobot/locobot_ws/install/locobot_move/lib/python3.10/site-packages/locobot_move-0.0.0-py3.10.egg-info' (and everything under it)
Copying ../../build/locobot_move/locobot_move.egg-info to /home/locobot/locobot_ws/install/locobot_move/lib/python3.10/site-packages/locobot_move-0.0.0-py3.10.egg-info
running install_scripts
Installing py_node script to /home/locobot/locobot_ws/install/locobot_move/lib/locobot_move
writing list of installed files to '/home/locobot/locobot_ws/build/locobot_move/install.log'
