[0.343s] Invoking command in '/home/locobot/locobot_ws/build/create3_republisher': CMAKE_PREFIX_PATH=${CMAKE_PREFIX_PATH}:/home/locobot/interbotix_ws/install/interbotix_xs_modules:/home/locobot/interbotix_ws/install/interbotix_perception_modules:/home/locobot/interbotix_ws/install/interbotix_common_modules:/opt/ros/humble /usr/bin/cmake --build /home/locobot/locobot_ws/build/create3_republisher -- -j4 -l4
[0.424s] [100%] Built target create3_republisher
[0.439s] Invoked command in '/home/locobot/locobot_ws/build/create3_republisher' returned '0': CMAKE_PREFIX_PATH=${CMAKE_PREFIX_PATH}:/home/locobot/interbotix_ws/install/interbotix_xs_modules:/home/locobot/interbotix_ws/install/interbotix_perception_modules:/home/locobot/interbotix_ws/install/interbotix_common_modules:/opt/ros/humble /usr/bin/cmake --build /home/locobot/locobot_ws/build/create3_republisher -- -j4 -l4
[0.479s] Invoking command in '/home/locobot/locobot_ws/build/create3_republisher': CMAKE_PREFIX_PATH=${CMAKE_PREFIX_PATH}:/home/locobot/interbotix_ws/install/interbotix_xs_modules:/home/locobot/interbotix_ws/install/interbotix_perception_modules:/home/locobot/interbotix_ws/install/interbotix_common_modules:/opt/ros/humble /usr/bin/cmake --install /home/locobot/locobot_ws/build/create3_republisher
[0.491s] -- Install configuration: ""
[0.492s] -- Up-to-date: /home/locobot/locobot_ws/install/create3_republisher/lib/create3_republisher/create3_republisher
[0.492s] -- Up-to-date: /home/locobot/locobot_ws/install/create3_republisher/share/create3_republisher/bringup
[0.492s] -- Up-to-date: /home/locobot/locobot_ws/install/create3_republisher/share/create3_republisher/bringup/params.yaml
[0.492s] -- Up-to-date: /home/locobot/locobot_ws/install/create3_republisher/share/create3_republisher/bringup/create3_republisher_launch.py
[0.492s] -- Up-to-date: /home/locobot/locobot_ws/install/create3_republisher/share/create3_republisher/dds-config
[0.492s] -- Up-to-date: /home/locobot/locobot_ws/install/create3_republisher/share/create3_republisher/dds-config/fastdds-passive-unicast.xml
[0.493s] -- Up-to-date: /home/locobot/locobot_ws/install/create3_republisher/share/create3_republisher/dds-config/fastdds-robot-passive-unicast.xml
[0.493s] -- Up-to-date: /home/locobot/locobot_ws/install/create3_republisher/share/create3_republisher/dds-config/fastdds-active-unicast.xml
[0.493s] -- Up-to-date: /home/locobot/locobot_ws/install/create3_republisher/share/ament_index/resource_index/package_run_dependencies/create3_republisher
[0.493s] -- Up-to-date: /home/locobot/locobot_ws/install/create3_republisher/share/ament_index/resource_index/parent_prefix_path/create3_republisher
[0.493s] -- Up-to-date: /home/locobot/locobot_ws/install/create3_republisher/share/create3_republisher/environment/ament_prefix_path.sh
[0.493s] -- Up-to-date: /home/locobot/locobot_ws/install/create3_republisher/share/create3_republisher/environment/ament_prefix_path.dsv
[0.493s] -- Up-to-date: /home/locobot/locobot_ws/install/create3_republisher/share/create3_republisher/environment/path.sh
[0.494s] -- Up-to-date: /home/locobot/locobot_ws/install/create3_republisher/share/create3_republisher/environment/path.dsv
[0.494s] -- Up-to-date: /home/locobot/locobot_ws/install/create3_republisher/share/create3_republisher/local_setup.bash
[0.494s] -- Up-to-date: /home/locobot/locobot_ws/install/create3_republisher/share/create3_republisher/local_setup.sh
[0.494s] -- Up-to-date: /home/locobot/locobot_ws/install/create3_republisher/share/create3_republisher/local_setup.zsh
[0.494s] -- Up-to-date: /home/locobot/locobot_ws/install/create3_republisher/share/create3_republisher/local_setup.dsv
[0.494s] -- Installing: /home/locobot/locobot_ws/install/create3_republisher/share/create3_republisher/package.dsv
[0.494s] -- Up-to-date: /home/locobot/locobot_ws/install/create3_republisher/share/ament_index/resource_index/packages/create3_republisher
[0.494s] -- Up-to-date: /home/locobot/locobot_ws/install/create3_republisher/share/create3_republisher/cmake/create3_republisherConfig.cmake
[0.494s] -- Up-to-date: /home/locobot/locobot_ws/install/create3_republisher/share/create3_republisher/cmake/create3_republisherConfig-version.cmake
[0.495s] -- Up-to-date: /home/locobot/locobot_ws/install/create3_republisher/share/create3_republisher/package.xml
[0.497s] Invoked command in '/home/locobot/locobot_ws/build/create3_republisher' returned '0': CMAKE_PREFIX_PATH=${CMAKE_PREFIX_PATH}:/home/locobot/interbotix_ws/install/interbotix_xs_modules:/home/locobot/interbotix_ws/install/interbotix_perception_modules:/home/locobot/interbotix_ws/install/interbotix_common_modules:/opt/ros/humble /usr/bin/cmake --install /home/locobot/locobot_ws/build/create3_republisher
