[0.029s] Invoking command in '/home/locobot/locobot_ws/build/yolov8_msgs': CMAKE_PREFIX_PATH=${CMAKE_PREFIX_PATH}:/home/locobot/locobot_ws/install/yolov8_ros:/home/locobot/locobot_ws/install/detection:/home/locobot/locobot_ws/install/yolov5_ros:/home/locobot/locobot_ws/install/locobot_move:/home/locobot/locobot_ws/install/create3_teleop:/home/locobot/locobot_ws/install/create3_examples_py:/home/locobot/interbotix_ws/install/interbotix_xslocobot_control:/home/locobot/interbotix_ws/install/interbotix_xs_modules:/home/locobot/interbotix_ws/install/interbotix_perception_modules:/home/locobot/interbotix_ws/install/interbotix_common_modules:/opt/ros/humble /usr/bin/cmake --build /home/locobot/locobot_ws/build/yolov8_msgs -- -j4 -l4
[0.147s] [  0%] Built target yolov8_msgs__cpp
[0.207s] [  0%] Built target ament_cmake_python_copy_yolov8_msgs
[0.271s] [ 11%] Built target yolov8_msgs__rosidl_typesupport_fastrtps_cpp
[0.329s] [ 23%] Built target yolov8_msgs__rosidl_typesupport_introspection_cpp
[0.896s] running egg_info
[0.898s] writing yolov8_msgs.egg-info/PKG-INFO
[0.898s] writing dependency_links to yolov8_msgs.egg-info/dependency_links.txt
[0.899s] writing top-level names to yolov8_msgs.egg-info/top_level.txt
[0.907s] reading manifest file 'yolov8_msgs.egg-info/SOURCES.txt'
[0.908s] writing manifest file 'yolov8_msgs.egg-info/SOURCES.txt'
[0.960s] [ 23%] Built target ament_cmake_python_build_yolov8_msgs_egg
[0.993s] [ 35%] Built target yolov8_msgs__rosidl_typesupport_cpp
[1.026s] [ 47%] Built target yolov8_msgs__rosidl_generator_c
[1.062s] [ 59%] Built target yolov8_msgs__rosidl_typesupport_fastrtps_c
[1.093s] [ 71%] Built target yolov8_msgs__rosidl_typesupport_c
[1.130s] [ 83%] Built target yolov8_msgs__rosidl_typesupport_introspection_c
[1.181s] [ 83%] Built target yolov8_msgs
[1.209s] [ 84%] Built target yolov8_msgs__py
[1.288s] [ 95%] Built target yolov8_msgs__rosidl_generator_py
[1.349s] [ 97%] Built target yolov8_msgs__rosidl_typesupport_fastrtps_c__pyext
[1.407s] [ 98%] Built target yolov8_msgs__rosidl_typesupport_c__pyext
[1.472s] [100%] Built target yolov8_msgs__rosidl_typesupport_introspection_c__pyext
[1.503s] Invoked command in '/home/locobot/locobot_ws/build/yolov8_msgs' returned '0': CMAKE_PREFIX_PATH=${CMAKE_PREFIX_PATH}:/home/locobot/locobot_ws/install/yolov8_ros:/home/locobot/locobot_ws/install/detection:/home/locobot/locobot_ws/install/yolov5_ros:/home/locobot/locobot_ws/install/locobot_move:/home/locobot/locobot_ws/install/create3_teleop:/home/locobot/locobot_ws/install/create3_examples_py:/home/locobot/interbotix_ws/install/interbotix_xslocobot_control:/home/locobot/interbotix_ws/install/interbotix_xs_modules:/home/locobot/interbotix_ws/install/interbotix_perception_modules:/home/locobot/interbotix_ws/install/interbotix_common_modules:/opt/ros/humble /usr/bin/cmake --build /home/locobot/locobot_ws/build/yolov8_msgs -- -j4 -l4
[2.272s] Invoking command in '/home/locobot/locobot_ws/build/yolov8_msgs': CMAKE_PREFIX_PATH=${CMAKE_PREFIX_PATH}:/home/locobot/locobot_ws/install/yolov8_ros:/home/locobot/locobot_ws/install/detection:/home/locobot/locobot_ws/install/yolov5_ros:/home/locobot/locobot_ws/install/locobot_move:/home/locobot/locobot_ws/install/create3_teleop:/home/locobot/locobot_ws/install/create3_examples_py:/home/locobot/interbotix_ws/install/interbotix_xslocobot_control:/home/locobot/interbotix_ws/install/interbotix_xs_modules:/home/locobot/interbotix_ws/install/interbotix_perception_modules:/home/locobot/interbotix_ws/install/interbotix_common_modules:/opt/ros/humble /usr/bin/cmake --install /home/locobot/locobot_ws/build/yolov8_msgs
[2.286s] -- Install configuration: ""
[2.286s] -- Up-to-date: /home/locobot/locobot_ws/install/yolov8_msgs/share/ament_index/resource_index/rosidl_interfaces/yolov8_msgs
[2.288s] -- Up-to-date: /home/locobot/locobot_ws/install/yolov8_msgs/include/yolov8_msgs/yolov8_msgs
[2.288s] -- Up-to-date: /home/locobot/locobot_ws/install/yolov8_msgs/include/yolov8_msgs/yolov8_msgs/msg
[2.288s] -- Up-to-date: /home/locobot/locobot_ws/install/yolov8_msgs/include/yolov8_msgs/yolov8_msgs/msg/detection.h
[2.288s] -- Up-to-date: /home/locobot/locobot_ws/install/yolov8_msgs/include/yolov8_msgs/yolov8_msgs/msg/bounding_box3_d.h
[2.288s] -- Up-to-date: /home/locobot/locobot_ws/install/yolov8_msgs/include/yolov8_msgs/yolov8_msgs/msg/key_point2_d.h
[2.288s] -- Up-to-date: /home/locobot/locobot_ws/install/yolov8_msgs/include/yolov8_msgs/yolov8_msgs/msg/key_point3_d_array.h
[2.289s] -- Up-to-date: /home/locobot/locobot_ws/install/yolov8_msgs/include/yolov8_msgs/yolov8_msgs/msg/point2_d.h
[2.289s] -- Up-to-date: /home/locobot/locobot_ws/install/yolov8_msgs/include/yolov8_msgs/yolov8_msgs/msg/detail
[2.289s] -- Up-to-date: /home/locobot/locobot_ws/install/yolov8_msgs/include/yolov8_msgs/yolov8_msgs/msg/detail/mask__type_support.h
[2.289s] -- Up-to-date: /home/locobot/locobot_ws/install/yolov8_msgs/include/yolov8_msgs/yolov8_msgs/msg/detail/pose2_d__struct.h
[2.289s] -- Up-to-date: /home/locobot/locobot_ws/install/yolov8_msgs/include/yolov8_msgs/yolov8_msgs/msg/detail/vector2__type_support.h
[2.289s] -- Up-to-date: /home/locobot/locobot_ws/install/yolov8_msgs/include/yolov8_msgs/yolov8_msgs/msg/detail/bounding_box2_d__functions.c
[2.289s] -- Up-to-date: /home/locobot/locobot_ws/install/yolov8_msgs/include/yolov8_msgs/yolov8_msgs/msg/detail/key_point2_d_array__struct.h
[2.289s] -- Up-to-date: /home/locobot/locobot_ws/install/yolov8_msgs/include/yolov8_msgs/yolov8_msgs/msg/detail/bounding_box3_d__functions.h
[2.290s] -- Up-to-date: /home/locobot/locobot_ws/install/yolov8_msgs/include/yolov8_msgs/yolov8_msgs/msg/detail/vector2__functions.c
[2.290s] -- Up-to-date: /home/locobot/locobot_ws/install/yolov8_msgs/include/yolov8_msgs/yolov8_msgs/msg/detail/key_point2_d_array__functions.c
[2.290s] -- Up-to-date: /home/locobot/locobot_ws/install/yolov8_msgs/include/yolov8_msgs/yolov8_msgs/msg/detail/key_point3_d__struct.h
[2.290s] -- Up-to-date: /home/locobot/locobot_ws/install/yolov8_msgs/include/yolov8_msgs/yolov8_msgs/msg/detail/detection__functions.c
[2.290s] -- Up-to-date: /home/locobot/locobot_ws/install/yolov8_msgs/include/yolov8_msgs/yolov8_msgs/msg/detail/key_point2_d_array__functions.h
[2.290s] -- Up-to-date: /home/locobot/locobot_ws/install/yolov8_msgs/include/yolov8_msgs/yolov8_msgs/msg/detail/mask__struct.h
[2.290s] -- Up-to-date: /home/locobot/locobot_ws/install/yolov8_msgs/include/yolov8_msgs/yolov8_msgs/msg/detail/key_point3_d_array__functions.c
[2.290s] -- Up-to-date: /home/locobot/locobot_ws/install/yolov8_msgs/include/yolov8_msgs/yolov8_msgs/msg/detail/key_point3_d__functions.h
[2.290s] -- Up-to-date: /home/locobot/locobot_ws/install/yolov8_msgs/include/yolov8_msgs/yolov8_msgs/msg/detail/point2_d__functions.h
[2.290s] -- Up-to-date: /home/locobot/locobot_ws/install/yolov8_msgs/include/yolov8_msgs/yolov8_msgs/msg/detail/key_point2_d__type_support.h
[2.291s] -- Up-to-date: /home/locobot/locobot_ws/install/yolov8_msgs/include/yolov8_msgs/yolov8_msgs/msg/detail/bounding_box3_d__functions.c
[2.291s] -- Up-to-date: /home/locobot/locobot_ws/install/yolov8_msgs/include/yolov8_msgs/yolov8_msgs/msg/detail/bounding_box2_d__type_support.h
[2.291s] -- Up-to-date: /home/locobot/locobot_ws/install/yolov8_msgs/include/yolov8_msgs/yolov8_msgs/msg/detail/vector2__struct.h
[2.291s] -- Up-to-date: /home/locobot/locobot_ws/install/yolov8_msgs/include/yolov8_msgs/yolov8_msgs/msg/detail/detection__type_support.h
[2.291s] -- Up-to-date: /home/locobot/locobot_ws/install/yolov8_msgs/include/yolov8_msgs/yolov8_msgs/msg/detail/key_point3_d__functions.c
[2.291s] -- Up-to-date: /home/locobot/locobot_ws/install/yolov8_msgs/include/yolov8_msgs/yolov8_msgs/msg/detail/pose2_d__functions.c
[2.291s] -- Up-to-date: /home/locobot/locobot_ws/install/yolov8_msgs/include/yolov8_msgs/yolov8_msgs/msg/detail/point2_d__type_support.h
[2.291s] -- Up-to-date: /home/locobot/locobot_ws/install/yolov8_msgs/include/yolov8_msgs/yolov8_msgs/msg/detail/detection__functions.h
[2.291s] -- Up-to-date: /home/locobot/locobot_ws/install/yolov8_msgs/include/yolov8_msgs/yolov8_msgs/msg/detail/pose2_d__functions.h
[2.292s] -- Up-to-date: /home/locobot/locobot_ws/install/yolov8_msgs/include/yolov8_msgs/yolov8_msgs/msg/detail/bounding_box2_d__struct.h
[2.292s] -- Up-to-date: /home/locobot/locobot_ws/install/yolov8_msgs/include/yolov8_msgs/yolov8_msgs/msg/detail/key_point2_d__struct.h
[2.292s] -- Up-to-date: /home/locobot/locobot_ws/install/yolov8_msgs/include/yolov8_msgs/yolov8_msgs/msg/detail/mask__functions.h
[2.292s] -- Up-to-date: /home/locobot/locobot_ws/install/yolov8_msgs/include/yolov8_msgs/yolov8_msgs/msg/detail/detection_array__struct.h
[2.292s] -- Up-to-date: /home/locobot/locobot_ws/install/yolov8_msgs/include/yolov8_msgs/yolov8_msgs/msg/detail/detection_array__functions.c
[2.296s] -- Up-to-date: /home/locobot/locobot_ws/install/yolov8_msgs/include/yolov8_msgs/yolov8_msgs/msg/detail/bounding_box3_d__type_support.h
[2.297s] -- Up-to-date: /home/locobot/locobot_ws/install/yolov8_msgs/include/yolov8_msgs/yolov8_msgs/msg/detail/key_point3_d_array__struct.h
[2.297s] -- Up-to-date: /home/locobot/locobot_ws/install/yolov8_msgs/include/yolov8_msgs/yolov8_msgs/msg/detail/bounding_box3_d__struct.h
[2.297s] -- Up-to-date: /home/locobot/locobot_ws/install/yolov8_msgs/include/yolov8_msgs/yolov8_msgs/msg/detail/key_point3_d_array__type_support.h
[2.297s] -- Up-to-date: /home/locobot/locobot_ws/install/yolov8_msgs/include/yolov8_msgs/yolov8_msgs/msg/detail/key_point2_d__functions.c
[2.297s] -- Up-to-date: /home/locobot/locobot_ws/install/yolov8_msgs/include/yolov8_msgs/yolov8_msgs/msg/detail/key_point2_d_array__type_support.h
[2.298s] -- Up-to-date: /home/locobot/locobot_ws/install/yolov8_msgs/include/yolov8_msgs/yolov8_msgs/msg/detail/key_point3_d_array__functions.h
[2.298s] -- Up-to-date: /home/locobot/locobot_ws/install/yolov8_msgs/include/yolov8_msgs/yolov8_msgs/msg/detail/detection_array__functions.h
[2.298s] -- Up-to-date: /home/locobot/locobot_ws/install/yolov8_msgs/include/yolov8_msgs/yolov8_msgs/msg/detail/key_point3_d__type_support.h
[2.298s] -- Up-to-date: /home/locobot/locobot_ws/install/yolov8_msgs/include/yolov8_msgs/yolov8_msgs/msg/detail/bounding_box2_d__functions.h
[2.299s] -- Up-to-date: /home/locobot/locobot_ws/install/yolov8_msgs/include/yolov8_msgs/yolov8_msgs/msg/detail/detection__struct.h
[2.299s] -- Up-to-date: /home/locobot/locobot_ws/install/yolov8_msgs/include/yolov8_msgs/yolov8_msgs/msg/detail/mask__functions.c
[2.299s] -- Up-to-date: /home/locobot/locobot_ws/install/yolov8_msgs/include/yolov8_msgs/yolov8_msgs/msg/detail/vector2__functions.h
[2.299s] -- Up-to-date: /home/locobot/locobot_ws/install/yolov8_msgs/include/yolov8_msgs/yolov8_msgs/msg/detail/point2_d__struct.h
[2.299s] -- Up-to-date: /home/locobot/locobot_ws/install/yolov8_msgs/include/yolov8_msgs/yolov8_msgs/msg/detail/detection_array__type_support.h
[2.299s] -- Up-to-date: /home/locobot/locobot_ws/install/yolov8_msgs/include/yolov8_msgs/yolov8_msgs/msg/detail/pose2_d__type_support.h
[2.299s] -- Up-to-date: /home/locobot/locobot_ws/install/yolov8_msgs/include/yolov8_msgs/yolov8_msgs/msg/detail/key_point2_d__functions.h
[2.299s] -- Up-to-date: /home/locobot/locobot_ws/install/yolov8_msgs/include/yolov8_msgs/yolov8_msgs/msg/detail/point2_d__functions.c
[2.299s] -- Up-to-date: /home/locobot/locobot_ws/install/yolov8_msgs/include/yolov8_msgs/yolov8_msgs/msg/pose2_d.h
[2.299s] -- Up-to-date: /home/locobot/locobot_ws/install/yolov8_msgs/include/yolov8_msgs/yolov8_msgs/msg/vector2.h
[2.299s] -- Up-to-date: /home/locobot/locobot_ws/install/yolov8_msgs/include/yolov8_msgs/yolov8_msgs/msg/key_point3_d.h
[2.300s] -- Up-to-date: /home/locobot/locobot_ws/install/yolov8_msgs/include/yolov8_msgs/yolov8_msgs/msg/key_point2_d_array.h
[2.300s] -- Up-to-date: /home/locobot/locobot_ws/install/yolov8_msgs/include/yolov8_msgs/yolov8_msgs/msg/detection_array.h
[2.300s] -- Up-to-date: /home/locobot/locobot_ws/install/yolov8_msgs/include/yolov8_msgs/yolov8_msgs/msg/mask.h
[2.300s] -- Up-to-date: /home/locobot/locobot_ws/install/yolov8_msgs/include/yolov8_msgs/yolov8_msgs/msg/bounding_box2_d.h
[2.300s] -- Up-to-date: /home/locobot/locobot_ws/install/yolov8_msgs/include/yolov8_msgs/yolov8_msgs/msg/rosidl_generator_c__visibility_control.h
[2.300s] -- Up-to-date: /home/locobot/locobot_ws/install/yolov8_msgs/share/yolov8_msgs/environment/library_path.sh
[2.300s] -- Up-to-date: /home/locobot/locobot_ws/install/yolov8_msgs/share/yolov8_msgs/environment/library_path.dsv
[2.300s] -- Up-to-date: /home/locobot/locobot_ws/install/yolov8_msgs/lib/libyolov8_msgs__rosidl_generator_c.so
[2.300s] -- Up-to-date: /home/locobot/locobot_ws/install/yolov8_msgs/include/yolov8_msgs/yolov8_msgs
[2.300s] -- Up-to-date: /home/locobot/locobot_ws/install/yolov8_msgs/include/yolov8_msgs/yolov8_msgs/msg
[2.301s] -- Up-to-date: /home/locobot/locobot_ws/install/yolov8_msgs/include/yolov8_msgs/yolov8_msgs/msg/rosidl_typesupport_fastrtps_c__visibility_control.h
[2.301s] -- Up-to-date: /home/locobot/locobot_ws/install/yolov8_msgs/include/yolov8_msgs/yolov8_msgs/msg/detail
[2.301s] -- Up-to-date: /home/locobot/locobot_ws/install/yolov8_msgs/include/yolov8_msgs/yolov8_msgs/msg/detail/point2_d__rosidl_typesupport_fastrtps_c.h
[2.301s] -- Up-to-date: /home/locobot/locobot_ws/install/yolov8_msgs/include/yolov8_msgs/yolov8_msgs/msg/detail/bounding_box3_d__rosidl_typesupport_fastrtps_c.h
[2.301s] -- Up-to-date: /home/locobot/locobot_ws/install/yolov8_msgs/include/yolov8_msgs/yolov8_msgs/msg/detail/key_point2_d_array__rosidl_typesupport_fastrtps_c.h
[2.301s] -- Up-to-date: /home/locobot/locobot_ws/install/yolov8_msgs/include/yolov8_msgs/yolov8_msgs/msg/detail/mask__rosidl_typesupport_fastrtps_c.h
[2.301s] -- Up-to-date: /home/locobot/locobot_ws/install/yolov8_msgs/include/yolov8_msgs/yolov8_msgs/msg/detail/detection_array__rosidl_typesupport_fastrtps_c.h
[2.301s] -- Up-to-date: /home/locobot/locobot_ws/install/yolov8_msgs/include/yolov8_msgs/yolov8_msgs/msg/detail/vector2__rosidl_typesupport_fastrtps_c.h
[2.301s] -- Up-to-date: /home/locobot/locobot_ws/install/yolov8_msgs/include/yolov8_msgs/yolov8_msgs/msg/detail/detection__rosidl_typesupport_fastrtps_c.h
[2.301s] -- Up-to-date: /home/locobot/locobot_ws/install/yolov8_msgs/include/yolov8_msgs/yolov8_msgs/msg/detail/pose2_d__rosidl_typesupport_fastrtps_c.h
[2.301s] -- Up-to-date: /home/locobot/locobot_ws/install/yolov8_msgs/include/yolov8_msgs/yolov8_msgs/msg/detail/key_point2_d__rosidl_typesupport_fastrtps_c.h
[2.301s] -- Up-to-date: /home/locobot/locobot_ws/install/yolov8_msgs/include/yolov8_msgs/yolov8_msgs/msg/detail/bounding_box2_d__rosidl_typesupport_fastrtps_c.h
[2.302s] -- Up-to-date: /home/locobot/locobot_ws/install/yolov8_msgs/include/yolov8_msgs/yolov8_msgs/msg/detail/key_point3_d__rosidl_typesupport_fastrtps_c.h
[2.302s] -- Up-to-date: /home/locobot/locobot_ws/install/yolov8_msgs/include/yolov8_msgs/yolov8_msgs/msg/detail/key_point3_d_array__rosidl_typesupport_fastrtps_c.h
[2.302s] -- Up-to-date: /home/locobot/locobot_ws/install/yolov8_msgs/lib/libyolov8_msgs__rosidl_typesupport_fastrtps_c.so
[2.302s] -- Up-to-date: /home/locobot/locobot_ws/install/yolov8_msgs/include/yolov8_msgs/yolov8_msgs
[2.302s] -- Up-to-date: /home/locobot/locobot_ws/install/yolov8_msgs/include/yolov8_msgs/yolov8_msgs/msg
[2.302s] -- Up-to-date: /home/locobot/locobot_ws/install/yolov8_msgs/include/yolov8_msgs/yolov8_msgs/msg/detail
[2.302s] -- Up-to-date: /home/locobot/locobot_ws/install/yolov8_msgs/include/yolov8_msgs/yolov8_msgs/msg/detail/key_point3_d_array__rosidl_typesupport_introspection_c.h
[2.302s] -- Up-to-date: /home/locobot/locobot_ws/install/yolov8_msgs/include/yolov8_msgs/yolov8_msgs/msg/detail/key_point2_d__rosidl_typesupport_introspection_c.h
[2.303s] -- Up-to-date: /home/locobot/locobot_ws/install/yolov8_msgs/include/yolov8_msgs/yolov8_msgs/msg/detail/key_point3_d__rosidl_typesupport_introspection_c.h
[2.303s] -- Up-to-date: /home/locobot/locobot_ws/install/yolov8_msgs/include/yolov8_msgs/yolov8_msgs/msg/detail/bounding_box2_d__type_support.c
[2.303s] -- Up-to-date: /home/locobot/locobot_ws/install/yolov8_msgs/include/yolov8_msgs/yolov8_msgs/msg/detail/mask__type_support.c
[2.303s] -- Up-to-date: /home/locobot/locobot_ws/install/yolov8_msgs/include/yolov8_msgs/yolov8_msgs/msg/detail/detection__rosidl_typesupport_introspection_c.h
[2.303s] -- Up-to-date: /home/locobot/locobot_ws/install/yolov8_msgs/include/yolov8_msgs/yolov8_msgs/msg/detail/point2_d__rosidl_typesupport_introspection_c.h
[2.303s] -- Up-to-date: /home/locobot/locobot_ws/install/yolov8_msgs/include/yolov8_msgs/yolov8_msgs/msg/detail/key_point2_d_array__type_support.c
[2.303s] -- Up-to-date: /home/locobot/locobot_ws/install/yolov8_msgs/include/yolov8_msgs/yolov8_msgs/msg/detail/mask__rosidl_typesupport_introspection_c.h
[2.303s] -- Up-to-date: /home/locobot/locobot_ws/install/yolov8_msgs/include/yolov8_msgs/yolov8_msgs/msg/detail/bounding_box2_d__rosidl_typesupport_introspection_c.h
[2.306s] -- Up-to-date: /home/locobot/locobot_ws/install/yolov8_msgs/include/yolov8_msgs/yolov8_msgs/msg/detail/detection_array__rosidl_typesupport_introspection_c.h
[2.307s] -- Up-to-date: /home/locobot/locobot_ws/install/yolov8_msgs/include/yolov8_msgs/yolov8_msgs/msg/detail/point2_d__type_support.c
[2.307s] -- Up-to-date: /home/locobot/locobot_ws/install/yolov8_msgs/include/yolov8_msgs/yolov8_msgs/msg/detail/detection_array__type_support.c
[2.307s] -- Up-to-date: /home/locobot/locobot_ws/install/yolov8_msgs/include/yolov8_msgs/yolov8_msgs/msg/detail/vector2__rosidl_typesupport_introspection_c.h
[2.307s] -- Up-to-date: /home/locobot/locobot_ws/install/yolov8_msgs/include/yolov8_msgs/yolov8_msgs/msg/detail/key_point3_d_array__type_support.c
[2.307s] -- Up-to-date: /home/locobot/locobot_ws/install/yolov8_msgs/include/yolov8_msgs/yolov8_msgs/msg/detail/bounding_box3_d__rosidl_typesupport_introspection_c.h
[2.307s] -- Up-to-date: /home/locobot/locobot_ws/install/yolov8_msgs/include/yolov8_msgs/yolov8_msgs/msg/detail/key_point3_d__type_support.c
[2.307s] -- Up-to-date: /home/locobot/locobot_ws/install/yolov8_msgs/include/yolov8_msgs/yolov8_msgs/msg/detail/vector2__type_support.c
[2.307s] -- Up-to-date: /home/locobot/locobot_ws/install/yolov8_msgs/include/yolov8_msgs/yolov8_msgs/msg/detail/key_point2_d__type_support.c
[2.307s] -- Up-to-date: /home/locobot/locobot_ws/install/yolov8_msgs/include/yolov8_msgs/yolov8_msgs/msg/detail/bounding_box3_d__type_support.c
[2.307s] -- Up-to-date: /home/locobot/locobot_ws/install/yolov8_msgs/include/yolov8_msgs/yolov8_msgs/msg/detail/pose2_d__type_support.c
[2.308s] -- Up-to-date: /home/locobot/locobot_ws/install/yolov8_msgs/include/yolov8_msgs/yolov8_msgs/msg/detail/key_point2_d_array__rosidl_typesupport_introspection_c.h
[2.308s] -- Up-to-date: /home/locobot/locobot_ws/install/yolov8_msgs/include/yolov8_msgs/yolov8_msgs/msg/detail/detection__type_support.c
[2.308s] -- Up-to-date: /home/locobot/locobot_ws/install/yolov8_msgs/include/yolov8_msgs/yolov8_msgs/msg/detail/pose2_d__rosidl_typesupport_introspection_c.h
[2.308s] -- Up-to-date: /home/locobot/locobot_ws/install/yolov8_msgs/include/yolov8_msgs/yolov8_msgs/msg/rosidl_typesupport_introspection_c__visibility_control.h
[2.308s] -- Up-to-date: /home/locobot/locobot_ws/install/yolov8_msgs/lib/libyolov8_msgs__rosidl_typesupport_introspection_c.so
[2.308s] -- Up-to-date: /home/locobot/locobot_ws/install/yolov8_msgs/lib/libyolov8_msgs__rosidl_typesupport_c.so
[2.308s] -- Up-to-date: /home/locobot/locobot_ws/install/yolov8_msgs/include/yolov8_msgs/yolov8_msgs
[2.308s] -- Up-to-date: /home/locobot/locobot_ws/install/yolov8_msgs/include/yolov8_msgs/yolov8_msgs/msg
[2.308s] -- Up-to-date: /home/locobot/locobot_ws/install/yolov8_msgs/include/yolov8_msgs/yolov8_msgs/msg/key_point2_d.hpp
[2.308s] -- Up-to-date: /home/locobot/locobot_ws/install/yolov8_msgs/include/yolov8_msgs/yolov8_msgs/msg/bounding_box2_d.hpp
[2.308s] -- Up-to-date: /home/locobot/locobot_ws/install/yolov8_msgs/include/yolov8_msgs/yolov8_msgs/msg/key_point2_d_array.hpp
[2.309s] -- Up-to-date: /home/locobot/locobot_ws/install/yolov8_msgs/include/yolov8_msgs/yolov8_msgs/msg/bounding_box3_d.hpp
[2.309s] -- Up-to-date: /home/locobot/locobot_ws/install/yolov8_msgs/include/yolov8_msgs/yolov8_msgs/msg/key_point3_d_array.hpp
[2.309s] -- Up-to-date: /home/locobot/locobot_ws/install/yolov8_msgs/include/yolov8_msgs/yolov8_msgs/msg/detection.hpp
[2.309s] -- Up-to-date: /home/locobot/locobot_ws/install/yolov8_msgs/include/yolov8_msgs/yolov8_msgs/msg/detail
[2.309s] -- Up-to-date: /home/locobot/locobot_ws/install/yolov8_msgs/include/yolov8_msgs/yolov8_msgs/msg/detail/mask__builder.hpp
[2.309s] -- Up-to-date: /home/locobot/locobot_ws/install/yolov8_msgs/include/yolov8_msgs/yolov8_msgs/msg/detail/key_point2_d_array__traits.hpp
[2.309s] -- Up-to-date: /home/locobot/locobot_ws/install/yolov8_msgs/include/yolov8_msgs/yolov8_msgs/msg/detail/bounding_box2_d__builder.hpp
[2.312s] -- Up-to-date: /home/locobot/locobot_ws/install/yolov8_msgs/include/yolov8_msgs/yolov8_msgs/msg/detail/key_point2_d__builder.hpp
[2.312s] -- Up-to-date: /home/locobot/locobot_ws/install/yolov8_msgs/include/yolov8_msgs/yolov8_msgs/msg/detail/detection__builder.hpp
[2.312s] -- Up-to-date: /home/locobot/locobot_ws/install/yolov8_msgs/include/yolov8_msgs/yolov8_msgs/msg/detail/bounding_box3_d__struct.hpp
[2.312s] -- Up-to-date: /home/locobot/locobot_ws/install/yolov8_msgs/include/yolov8_msgs/yolov8_msgs/msg/detail/point2_d__struct.hpp
[2.312s] -- Up-to-date: /home/locobot/locobot_ws/install/yolov8_msgs/include/yolov8_msgs/yolov8_msgs/msg/detail/key_point3_d__struct.hpp
[2.312s] -- Up-to-date: /home/locobot/locobot_ws/install/yolov8_msgs/include/yolov8_msgs/yolov8_msgs/msg/detail/key_point2_d_array__struct.hpp
[2.313s] -- Up-to-date: /home/locobot/locobot_ws/install/yolov8_msgs/include/yolov8_msgs/yolov8_msgs/msg/detail/mask__struct.hpp
[2.313s] -- Up-to-date: /home/locobot/locobot_ws/install/yolov8_msgs/include/yolov8_msgs/yolov8_msgs/msg/detail/key_point3_d__traits.hpp
[2.313s] -- Up-to-date: /home/locobot/locobot_ws/install/yolov8_msgs/include/yolov8_msgs/yolov8_msgs/msg/detail/detection__traits.hpp
[2.313s] -- Up-to-date: /home/locobot/locobot_ws/install/yolov8_msgs/include/yolov8_msgs/yolov8_msgs/msg/detail/vector2__traits.hpp
[2.313s] -- Up-to-date: /home/locobot/locobot_ws/install/yolov8_msgs/include/yolov8_msgs/yolov8_msgs/msg/detail/key_point2_d__struct.hpp
[2.314s] -- Up-to-date: /home/locobot/locobot_ws/install/yolov8_msgs/include/yolov8_msgs/yolov8_msgs/msg/detail/detection_array__builder.hpp
[2.315s] -- Up-to-date: /home/locobot/locobot_ws/install/yolov8_msgs/include/yolov8_msgs/yolov8_msgs/msg/detail/bounding_box2_d__struct.hpp
[2.315s] -- Up-to-date: /home/locobot/locobot_ws/install/yolov8_msgs/include/yolov8_msgs/yolov8_msgs/msg/detail/key_point3_d__builder.hpp
[2.315s] -- Up-to-date: /home/locobot/locobot_ws/install/yolov8_msgs/include/yolov8_msgs/yolov8_msgs/msg/detail/bounding_box2_d__traits.hpp
[2.315s] -- Up-to-date: /home/locobot/locobot_ws/install/yolov8_msgs/include/yolov8_msgs/yolov8_msgs/msg/detail/key_point2_d_array__builder.hpp
[2.315s] -- Up-to-date: /home/locobot/locobot_ws/install/yolov8_msgs/include/yolov8_msgs/yolov8_msgs/msg/detail/bounding_box3_d__traits.hpp
[2.315s] -- Up-to-date: /home/locobot/locobot_ws/install/yolov8_msgs/include/yolov8_msgs/yolov8_msgs/msg/detail/key_point3_d_array__builder.hpp
[2.315s] -- Up-to-date: /home/locobot/locobot_ws/install/yolov8_msgs/include/yolov8_msgs/yolov8_msgs/msg/detail/vector2__struct.hpp
[2.316s] -- Up-to-date: /home/locobot/locobot_ws/install/yolov8_msgs/include/yolov8_msgs/yolov8_msgs/msg/detail/bounding_box3_d__builder.hpp
[2.317s] -- Up-to-date: /home/locobot/locobot_ws/install/yolov8_msgs/include/yolov8_msgs/yolov8_msgs/msg/detail/detection_array__struct.hpp
[2.317s] -- Up-to-date: /home/locobot/locobot_ws/install/yolov8_msgs/include/yolov8_msgs/yolov8_msgs/msg/detail/key_point3_d_array__struct.hpp
[2.317s] -- Up-to-date: /home/locobot/locobot_ws/install/yolov8_msgs/include/yolov8_msgs/yolov8_msgs/msg/detail/mask__traits.hpp
[2.317s] -- Up-to-date: /home/locobot/locobot_ws/install/yolov8_msgs/include/yolov8_msgs/yolov8_msgs/msg/detail/point2_d__builder.hpp
[2.317s] -- Up-to-date: /home/locobot/locobot_ws/install/yolov8_msgs/include/yolov8_msgs/yolov8_msgs/msg/detail/detection_array__traits.hpp
[2.317s] -- Up-to-date: /home/locobot/locobot_ws/install/yolov8_msgs/include/yolov8_msgs/yolov8_msgs/msg/detail/vector2__builder.hpp
[2.317s] -- Up-to-date: /home/locobot/locobot_ws/install/yolov8_msgs/include/yolov8_msgs/yolov8_msgs/msg/detail/key_point3_d_array__traits.hpp
[2.318s] -- Up-to-date: /home/locobot/locobot_ws/install/yolov8_msgs/include/yolov8_msgs/yolov8_msgs/msg/detail/pose2_d__builder.hpp
[2.318s] -- Up-to-date: /home/locobot/locobot_ws/install/yolov8_msgs/include/yolov8_msgs/yolov8_msgs/msg/detail/key_point2_d__traits.hpp
[2.318s] -- Up-to-date: /home/locobot/locobot_ws/install/yolov8_msgs/include/yolov8_msgs/yolov8_msgs/msg/detail/point2_d__traits.hpp
[2.318s] -- Up-to-date: /home/locobot/locobot_ws/install/yolov8_msgs/include/yolov8_msgs/yolov8_msgs/msg/detail/detection__struct.hpp
[2.318s] -- Up-to-date: /home/locobot/locobot_ws/install/yolov8_msgs/include/yolov8_msgs/yolov8_msgs/msg/detail/pose2_d__struct.hpp
[2.318s] -- Up-to-date: /home/locobot/locobot_ws/install/yolov8_msgs/include/yolov8_msgs/yolov8_msgs/msg/detail/pose2_d__traits.hpp
[2.318s] -- Up-to-date: /home/locobot/locobot_ws/install/yolov8_msgs/include/yolov8_msgs/yolov8_msgs/msg/detection_array.hpp
[2.318s] -- Up-to-date: /home/locobot/locobot_ws/install/yolov8_msgs/include/yolov8_msgs/yolov8_msgs/msg/point2_d.hpp
[2.318s] -- Up-to-date: /home/locobot/locobot_ws/install/yolov8_msgs/include/yolov8_msgs/yolov8_msgs/msg/key_point3_d.hpp
[2.318s] -- Up-to-date: /home/locobot/locobot_ws/install/yolov8_msgs/include/yolov8_msgs/yolov8_msgs/msg/vector2.hpp
[2.319s] -- Up-to-date: /home/locobot/locobot_ws/install/yolov8_msgs/include/yolov8_msgs/yolov8_msgs/msg/mask.hpp
[2.319s] -- Up-to-date: /home/locobot/locobot_ws/install/yolov8_msgs/include/yolov8_msgs/yolov8_msgs/msg/pose2_d.hpp
[2.319s] -- Up-to-date: /home/locobot/locobot_ws/install/yolov8_msgs/include/yolov8_msgs/yolov8_msgs
[2.319s] -- Up-to-date: /home/locobot/locobot_ws/install/yolov8_msgs/include/yolov8_msgs/yolov8_msgs/msg
[2.319s] -- Up-to-date: /home/locobot/locobot_ws/install/yolov8_msgs/include/yolov8_msgs/yolov8_msgs/msg/detail
[2.319s] -- Up-to-date: /home/locobot/locobot_ws/install/yolov8_msgs/include/yolov8_msgs/yolov8_msgs/msg/detail/mask__rosidl_typesupport_fastrtps_cpp.hpp
[2.319s] -- Up-to-date: /home/locobot/locobot_ws/install/yolov8_msgs/include/yolov8_msgs/yolov8_msgs/msg/detail/key_point3_d_array__rosidl_typesupport_fastrtps_cpp.hpp
[2.319s] -- Up-to-date: /home/locobot/locobot_ws/install/yolov8_msgs/include/yolov8_msgs/yolov8_msgs/msg/detail/pose2_d__rosidl_typesupport_fastrtps_cpp.hpp
[2.319s] -- Up-to-date: /home/locobot/locobot_ws/install/yolov8_msgs/include/yolov8_msgs/yolov8_msgs/msg/detail/detection__rosidl_typesupport_fastrtps_cpp.hpp
[2.319s] -- Up-to-date: /home/locobot/locobot_ws/install/yolov8_msgs/include/yolov8_msgs/yolov8_msgs/msg/detail/point2_d__rosidl_typesupport_fastrtps_cpp.hpp
[2.320s] -- Up-to-date: /home/locobot/locobot_ws/install/yolov8_msgs/include/yolov8_msgs/yolov8_msgs/msg/detail/key_point3_d__rosidl_typesupport_fastrtps_cpp.hpp
[2.320s] -- Up-to-date: /home/locobot/locobot_ws/install/yolov8_msgs/include/yolov8_msgs/yolov8_msgs/msg/detail/bounding_box2_d__rosidl_typesupport_fastrtps_cpp.hpp
[2.320s] -- Up-to-date: /home/locobot/locobot_ws/install/yolov8_msgs/include/yolov8_msgs/yolov8_msgs/msg/detail/key_point2_d_array__rosidl_typesupport_fastrtps_cpp.hpp
[2.320s] -- Up-to-date: /home/locobot/locobot_ws/install/yolov8_msgs/include/yolov8_msgs/yolov8_msgs/msg/detail/key_point2_d__rosidl_typesupport_fastrtps_cpp.hpp
[2.320s] -- Up-to-date: /home/locobot/locobot_ws/install/yolov8_msgs/include/yolov8_msgs/yolov8_msgs/msg/detail/dds_fastrtps
[2.320s] -- Up-to-date: /home/locobot/locobot_ws/install/yolov8_msgs/include/yolov8_msgs/yolov8_msgs/msg/detail/bounding_box3_d__rosidl_typesupport_fastrtps_cpp.hpp
[2.320s] -- Up-to-date: /home/locobot/locobot_ws/install/yolov8_msgs/include/yolov8_msgs/yolov8_msgs/msg/detail/detection_array__rosidl_typesupport_fastrtps_cpp.hpp
[2.320s] -- Up-to-date: /home/locobot/locobot_ws/install/yolov8_msgs/include/yolov8_msgs/yolov8_msgs/msg/detail/vector2__rosidl_typesupport_fastrtps_cpp.hpp
[2.320s] -- Up-to-date: /home/locobot/locobot_ws/install/yolov8_msgs/include/yolov8_msgs/yolov8_msgs/msg/rosidl_typesupport_fastrtps_cpp__visibility_control.h
[2.321s] -- Up-to-date: /home/locobot/locobot_ws/install/yolov8_msgs/lib/libyolov8_msgs__rosidl_typesupport_fastrtps_cpp.so
[2.321s] -- Up-to-date: /home/locobot/locobot_ws/install/yolov8_msgs/include/yolov8_msgs/yolov8_msgs
[2.321s] -- Up-to-date: /home/locobot/locobot_ws/install/yolov8_msgs/include/yolov8_msgs/yolov8_msgs/msg
[2.321s] -- Up-to-date: /home/locobot/locobot_ws/install/yolov8_msgs/include/yolov8_msgs/yolov8_msgs/msg/detail
[2.321s] -- Up-to-date: /home/locobot/locobot_ws/install/yolov8_msgs/include/yolov8_msgs/yolov8_msgs/msg/detail/bounding_box3_d__type_support.cpp
[2.322s] -- Up-to-date: /home/locobot/locobot_ws/install/yolov8_msgs/include/yolov8_msgs/yolov8_msgs/msg/detail/vector2__type_support.cpp
[2.322s] -- Up-to-date: /home/locobot/locobot_ws/install/yolov8_msgs/include/yolov8_msgs/yolov8_msgs/msg/detail/bounding_box3_d__rosidl_typesupport_introspection_cpp.hpp
[2.322s] -- Up-to-date: /home/locobot/locobot_ws/install/yolov8_msgs/include/yolov8_msgs/yolov8_msgs/msg/detail/pose2_d__rosidl_typesupport_introspection_cpp.hpp
[2.322s] -- Up-to-date: /home/locobot/locobot_ws/install/yolov8_msgs/include/yolov8_msgs/yolov8_msgs/msg/detail/point2_d__rosidl_typesupport_introspection_cpp.hpp
[2.322s] -- Up-to-date: /home/locobot/locobot_ws/install/yolov8_msgs/include/yolov8_msgs/yolov8_msgs/msg/detail/bounding_box2_d__type_support.cpp
[2.322s] -- Up-to-date: /home/locobot/locobot_ws/install/yolov8_msgs/include/yolov8_msgs/yolov8_msgs/msg/detail/vector2__rosidl_typesupport_introspection_cpp.hpp
[2.323s] -- Up-to-date: /home/locobot/locobot_ws/install/yolov8_msgs/include/yolov8_msgs/yolov8_msgs/msg/detail/mask__rosidl_typesupport_introspection_cpp.hpp
[2.323s] -- Up-to-date: /home/locobot/locobot_ws/install/yolov8_msgs/include/yolov8_msgs/yolov8_msgs/msg/detail/key_point2_d_array__type_support.cpp
[2.323s] -- Up-to-date: /home/locobot/locobot_ws/install/yolov8_msgs/include/yolov8_msgs/yolov8_msgs/msg/detail/key_point2_d_array__rosidl_typesupport_introspection_cpp.hpp
[2.323s] -- Up-to-date: /home/locobot/locobot_ws/install/yolov8_msgs/include/yolov8_msgs/yolov8_msgs/msg/detail/key_point3_d_array__rosidl_typesupport_introspection_cpp.hpp
[2.323s] -- Up-to-date: /home/locobot/locobot_ws/install/yolov8_msgs/include/yolov8_msgs/yolov8_msgs/msg/detail/point2_d__type_support.cpp
[2.324s] -- Up-to-date: /home/locobot/locobot_ws/install/yolov8_msgs/include/yolov8_msgs/yolov8_msgs/msg/detail/detection__rosidl_typesupport_introspection_cpp.hpp
[2.324s] -- Up-to-date: /home/locobot/locobot_ws/install/yolov8_msgs/include/yolov8_msgs/yolov8_msgs/msg/detail/key_point3_d__rosidl_typesupport_introspection_cpp.hpp
[2.324s] -- Up-to-date: /home/locobot/locobot_ws/install/yolov8_msgs/include/yolov8_msgs/yolov8_msgs/msg/detail/key_point3_d__type_support.cpp
[2.324s] -- Up-to-date: /home/locobot/locobot_ws/install/yolov8_msgs/include/yolov8_msgs/yolov8_msgs/msg/detail/key_point2_d__rosidl_typesupport_introspection_cpp.hpp
[2.324s] -- Up-to-date: /home/locobot/locobot_ws/install/yolov8_msgs/include/yolov8_msgs/yolov8_msgs/msg/detail/key_point3_d_array__type_support.cpp
[2.324s] -- Up-to-date: /home/locobot/locobot_ws/install/yolov8_msgs/include/yolov8_msgs/yolov8_msgs/msg/detail/mask__type_support.cpp
[2.324s] -- Up-to-date: /home/locobot/locobot_ws/install/yolov8_msgs/include/yolov8_msgs/yolov8_msgs/msg/detail/bounding_box2_d__rosidl_typesupport_introspection_cpp.hpp
[2.324s] -- Up-to-date: /home/locobot/locobot_ws/install/yolov8_msgs/include/yolov8_msgs/yolov8_msgs/msg/detail/pose2_d__type_support.cpp
[2.324s] -- Up-to-date: /home/locobot/locobot_ws/install/yolov8_msgs/include/yolov8_msgs/yolov8_msgs/msg/detail/detection__type_support.cpp
[2.324s] -- Up-to-date: /home/locobot/locobot_ws/install/yolov8_msgs/include/yolov8_msgs/yolov8_msgs/msg/detail/detection_array__type_support.cpp
[2.325s] -- Up-to-date: /home/locobot/locobot_ws/install/yolov8_msgs/include/yolov8_msgs/yolov8_msgs/msg/detail/key_point2_d__type_support.cpp
[2.326s] -- Up-to-date: /home/locobot/locobot_ws/install/yolov8_msgs/include/yolov8_msgs/yolov8_msgs/msg/detail/detection_array__rosidl_typesupport_introspection_cpp.hpp
[2.326s] -- Up-to-date: /home/locobot/locobot_ws/install/yolov8_msgs/lib/libyolov8_msgs__rosidl_typesupport_introspection_cpp.so
[2.326s] -- Up-to-date: /home/locobot/locobot_ws/install/yolov8_msgs/lib/libyolov8_msgs__rosidl_typesupport_cpp.so
[2.327s] -- Up-to-date: /home/locobot/locobot_ws/install/yolov8_msgs/share/yolov8_msgs/environment/pythonpath.sh
[2.327s] -- Up-to-date: /home/locobot/locobot_ws/install/yolov8_msgs/share/yolov8_msgs/environment/pythonpath.dsv
[2.327s] -- Up-to-date: /home/locobot/locobot_ws/install/yolov8_msgs/local/lib/python3.10/dist-packages/yolov8_msgs-0.0.0-py3.10.egg-info
[2.327s] -- Installing: /home/locobot/locobot_ws/install/yolov8_msgs/local/lib/python3.10/dist-packages/yolov8_msgs-0.0.0-py3.10.egg-info/dependency_links.txt
[2.327s] -- Installing: /home/locobot/locobot_ws/install/yolov8_msgs/local/lib/python3.10/dist-packages/yolov8_msgs-0.0.0-py3.10.egg-info/top_level.txt
[2.327s] -- Installing: /home/locobot/locobot_ws/install/yolov8_msgs/local/lib/python3.10/dist-packages/yolov8_msgs-0.0.0-py3.10.egg-info/SOURCES.txt
[2.327s] -- Installing: /home/locobot/locobot_ws/install/yolov8_msgs/local/lib/python3.10/dist-packages/yolov8_msgs-0.0.0-py3.10.egg-info/PKG-INFO
[2.327s] -- Up-to-date: /home/locobot/locobot_ws/install/yolov8_msgs/local/lib/python3.10/dist-packages/yolov8_msgs
[2.327s] -- Up-to-date: /home/locobot/locobot_ws/install/yolov8_msgs/local/lib/python3.10/dist-packages/yolov8_msgs/yolov8_msgs_s__rosidl_typesupport_c.cpython-310-x86_64-linux-gnu.so
[2.328s] -- Up-to-date: /home/locobot/locobot_ws/install/yolov8_msgs/local/lib/python3.10/dist-packages/yolov8_msgs/_yolov8_msgs_s.ep.rosidl_typesupport_c.c
[2.328s] -- Up-to-date: /home/locobot/locobot_ws/install/yolov8_msgs/local/lib/python3.10/dist-packages/yolov8_msgs/__init__.py
[2.328s] -- Up-to-date: /home/locobot/locobot_ws/install/yolov8_msgs/local/lib/python3.10/dist-packages/yolov8_msgs/_yolov8_msgs_s.ep.rosidl_typesupport_introspection_c.c
[2.328s] -- Up-to-date: /home/locobot/locobot_ws/install/yolov8_msgs/local/lib/python3.10/dist-packages/yolov8_msgs/_yolov8_msgs_s.ep.rosidl_typesupport_fastrtps_c.c
[2.328s] -- Up-to-date: /home/locobot/locobot_ws/install/yolov8_msgs/local/lib/python3.10/dist-packages/yolov8_msgs/yolov8_msgs_s__rosidl_typesupport_introspection_c.cpython-310-x86_64-linux-gnu.so
[2.328s] -- Up-to-date: /home/locobot/locobot_ws/install/yolov8_msgs/local/lib/python3.10/dist-packages/yolov8_msgs/msg
[2.328s] -- Up-to-date: /home/locobot/locobot_ws/install/yolov8_msgs/local/lib/python3.10/dist-packages/yolov8_msgs/msg/_vector2_s.c
[2.328s] -- Up-to-date: /home/locobot/locobot_ws/install/yolov8_msgs/local/lib/python3.10/dist-packages/yolov8_msgs/msg/_bounding_box3_d_s.c
[2.328s] -- Up-to-date: /home/locobot/locobot_ws/install/yolov8_msgs/local/lib/python3.10/dist-packages/yolov8_msgs/msg/_key_point2_d.py
[2.328s] -- Up-to-date: /home/locobot/locobot_ws/install/yolov8_msgs/local/lib/python3.10/dist-packages/yolov8_msgs/msg/_bounding_box2_d_s.c
[2.328s] -- Up-to-date: /home/locobot/locobot_ws/install/yolov8_msgs/local/lib/python3.10/dist-packages/yolov8_msgs/msg/_key_point2_d_array_s.c
[2.329s] -- Up-to-date: /home/locobot/locobot_ws/install/yolov8_msgs/local/lib/python3.10/dist-packages/yolov8_msgs/msg/_detection_array_s.c
[2.330s] -- Up-to-date: /home/locobot/locobot_ws/install/yolov8_msgs/local/lib/python3.10/dist-packages/yolov8_msgs/msg/_bounding_box2_d.py
[2.331s] -- Up-to-date: /home/locobot/locobot_ws/install/yolov8_msgs/local/lib/python3.10/dist-packages/yolov8_msgs/msg/_point2_d.py
[2.331s] -- Up-to-date: /home/locobot/locobot_ws/install/yolov8_msgs/local/lib/python3.10/dist-packages/yolov8_msgs/msg/_detection_s.c
[2.331s] -- Up-to-date: /home/locobot/locobot_ws/install/yolov8_msgs/local/lib/python3.10/dist-packages/yolov8_msgs/msg/_point2_d_s.c
[2.331s] -- Up-to-date: /home/locobot/locobot_ws/install/yolov8_msgs/local/lib/python3.10/dist-packages/yolov8_msgs/msg/_detection.py
[2.331s] -- Up-to-date: /home/locobot/locobot_ws/install/yolov8_msgs/local/lib/python3.10/dist-packages/yolov8_msgs/msg/_key_point2_d_array.py
[2.331s] -- Up-to-date: /home/locobot/locobot_ws/install/yolov8_msgs/local/lib/python3.10/dist-packages/yolov8_msgs/msg/_detection_array.py
[2.332s] -- Up-to-date: /home/locobot/locobot_ws/install/yolov8_msgs/local/lib/python3.10/dist-packages/yolov8_msgs/msg/_key_point3_d.py
[2.332s] -- Up-to-date: /home/locobot/locobot_ws/install/yolov8_msgs/local/lib/python3.10/dist-packages/yolov8_msgs/msg/__init__.py
[2.332s] -- Up-to-date: /home/locobot/locobot_ws/install/yolov8_msgs/local/lib/python3.10/dist-packages/yolov8_msgs/msg/_pose2_d.py
[2.332s] -- Up-to-date: /home/locobot/locobot_ws/install/yolov8_msgs/local/lib/python3.10/dist-packages/yolov8_msgs/msg/_key_point3_d_array.py
[2.332s] -- Up-to-date: /home/locobot/locobot_ws/install/yolov8_msgs/local/lib/python3.10/dist-packages/yolov8_msgs/msg/_pose2_d_s.c
[2.332s] -- Up-to-date: /home/locobot/locobot_ws/install/yolov8_msgs/local/lib/python3.10/dist-packages/yolov8_msgs/msg/_mask.py
[2.332s] -- Up-to-date: /home/locobot/locobot_ws/install/yolov8_msgs/local/lib/python3.10/dist-packages/yolov8_msgs/msg/_key_point3_d_array_s.c
[2.332s] -- Up-to-date: /home/locobot/locobot_ws/install/yolov8_msgs/local/lib/python3.10/dist-packages/yolov8_msgs/msg/_key_point3_d_s.c
[2.333s] -- Up-to-date: /home/locobot/locobot_ws/install/yolov8_msgs/local/lib/python3.10/dist-packages/yolov8_msgs/msg/_key_point2_d_s.c
[2.333s] -- Up-to-date: /home/locobot/locobot_ws/install/yolov8_msgs/local/lib/python3.10/dist-packages/yolov8_msgs/msg/_mask_s.c
[2.333s] -- Up-to-date: /home/locobot/locobot_ws/install/yolov8_msgs/local/lib/python3.10/dist-packages/yolov8_msgs/msg/_bounding_box3_d.py
[2.333s] -- Up-to-date: /home/locobot/locobot_ws/install/yolov8_msgs/local/lib/python3.10/dist-packages/yolov8_msgs/msg/_vector2.py
[2.333s] -- Up-to-date: /home/locobot/locobot_ws/install/yolov8_msgs/local/lib/python3.10/dist-packages/yolov8_msgs/yolov8_msgs_s__rosidl_typesupport_fastrtps_c.cpython-310-x86_64-linux-gnu.so
[2.333s] -- Up-to-date: /home/locobot/locobot_ws/install/yolov8_msgs/local/lib/python3.10/dist-packages/yolov8_msgs/libyolov8_msgs__rosidl_generator_py.so
[2.381s] Listing '/home/locobot/locobot_ws/install/yolov8_msgs/local/lib/python3.10/dist-packages/yolov8_msgs'...
[2.381s] Listing '/home/locobot/locobot_ws/install/yolov8_msgs/local/lib/python3.10/dist-packages/yolov8_msgs/msg'...
[2.402s] -- Up-to-date: /home/locobot/locobot_ws/install/yolov8_msgs/local/lib/python3.10/dist-packages/yolov8_msgs/yolov8_msgs_s__rosidl_typesupport_fastrtps_c.cpython-310-x86_64-linux-gnu.so
[2.402s] -- Up-to-date: /home/locobot/locobot_ws/install/yolov8_msgs/local/lib/python3.10/dist-packages/yolov8_msgs/yolov8_msgs_s__rosidl_typesupport_introspection_c.cpython-310-x86_64-linux-gnu.so
[2.406s] -- Up-to-date: /home/locobot/locobot_ws/install/yolov8_msgs/local/lib/python3.10/dist-packages/yolov8_msgs/yolov8_msgs_s__rosidl_typesupport_c.cpython-310-x86_64-linux-gnu.so
[2.407s] -- Up-to-date: /home/locobot/locobot_ws/install/yolov8_msgs/lib/libyolov8_msgs__rosidl_generator_py.so
[2.407s] -- Up-to-date: /home/locobot/locobot_ws/install/yolov8_msgs/share/yolov8_msgs/msg/Point2D.idl
[2.407s] -- Up-to-date: /home/locobot/locobot_ws/install/yolov8_msgs/share/yolov8_msgs/msg/Vector2.idl
[2.407s] -- Up-to-date: /home/locobot/locobot_ws/install/yolov8_msgs/share/yolov8_msgs/msg/Pose2D.idl
[2.407s] -- Up-to-date: /home/locobot/locobot_ws/install/yolov8_msgs/share/yolov8_msgs/msg/BoundingBox2D.idl
[2.408s] -- Up-to-date: /home/locobot/locobot_ws/install/yolov8_msgs/share/yolov8_msgs/msg/BoundingBox3D.idl
[2.408s] -- Up-to-date: /home/locobot/locobot_ws/install/yolov8_msgs/share/yolov8_msgs/msg/Mask.idl
[2.408s] -- Up-to-date: /home/locobot/locobot_ws/install/yolov8_msgs/share/yolov8_msgs/msg/KeyPoint2D.idl
[2.408s] -- Up-to-date: /home/locobot/locobot_ws/install/yolov8_msgs/share/yolov8_msgs/msg/KeyPoint2DArray.idl
[2.408s] -- Up-to-date: /home/locobot/locobot_ws/install/yolov8_msgs/share/yolov8_msgs/msg/KeyPoint3D.idl
[2.409s] -- Up-to-date: /home/locobot/locobot_ws/install/yolov8_msgs/share/yolov8_msgs/msg/KeyPoint3DArray.idl
[2.409s] -- Up-to-date: /home/locobot/locobot_ws/install/yolov8_msgs/share/yolov8_msgs/msg/Detection.idl
[2.409s] -- Up-to-date: /home/locobot/locobot_ws/install/yolov8_msgs/share/yolov8_msgs/msg/DetectionArray.idl
[2.409s] -- Up-to-date: /home/locobot/locobot_ws/install/yolov8_msgs/share/yolov8_msgs/msg/Point2D.msg
[2.410s] -- Up-to-date: /home/locobot/locobot_ws/install/yolov8_msgs/share/yolov8_msgs/msg/Vector2.msg
[2.410s] -- Up-to-date: /home/locobot/locobot_ws/install/yolov8_msgs/share/yolov8_msgs/msg/Pose2D.msg
[2.410s] -- Up-to-date: /home/locobot/locobot_ws/install/yolov8_msgs/share/yolov8_msgs/msg/BoundingBox2D.msg
[2.410s] -- Up-to-date: /home/locobot/locobot_ws/install/yolov8_msgs/share/yolov8_msgs/msg/BoundingBox3D.msg
[2.411s] -- Up-to-date: /home/locobot/locobot_ws/install/yolov8_msgs/share/yolov8_msgs/msg/Mask.msg
[2.411s] -- Up-to-date: /home/locobot/locobot_ws/install/yolov8_msgs/share/yolov8_msgs/msg/KeyPoint2D.msg
[2.411s] -- Up-to-date: /home/locobot/locobot_ws/install/yolov8_msgs/share/yolov8_msgs/msg/KeyPoint2DArray.msg
[2.411s] -- Up-to-date: /home/locobot/locobot_ws/install/yolov8_msgs/share/yolov8_msgs/msg/KeyPoint3D.msg
[2.411s] -- Up-to-date: /home/locobot/locobot_ws/install/yolov8_msgs/share/yolov8_msgs/msg/KeyPoint3DArray.msg
[2.412s] -- Up-to-date: /home/locobot/locobot_ws/install/yolov8_msgs/share/yolov8_msgs/msg/Detection.msg
[2.412s] -- Up-to-date: /home/locobot/locobot_ws/install/yolov8_msgs/share/yolov8_msgs/msg/DetectionArray.msg
[2.412s] -- Up-to-date: /home/locobot/locobot_ws/install/yolov8_msgs/share/ament_index/resource_index/package_run_dependencies/yolov8_msgs
[2.412s] -- Up-to-date: /home/locobot/locobot_ws/install/yolov8_msgs/share/ament_index/resource_index/parent_prefix_path/yolov8_msgs
[2.412s] -- Up-to-date: /home/locobot/locobot_ws/install/yolov8_msgs/share/yolov8_msgs/environment/ament_prefix_path.sh
[2.412s] -- Up-to-date: /home/locobot/locobot_ws/install/yolov8_msgs/share/yolov8_msgs/environment/ament_prefix_path.dsv
[2.412s] -- Up-to-date: /home/locobot/locobot_ws/install/yolov8_msgs/share/yolov8_msgs/environment/path.sh
[2.412s] -- Up-to-date: /home/locobot/locobot_ws/install/yolov8_msgs/share/yolov8_msgs/environment/path.dsv
[2.412s] -- Up-to-date: /home/locobot/locobot_ws/install/yolov8_msgs/share/yolov8_msgs/local_setup.bash
[2.413s] -- Up-to-date: /home/locobot/locobot_ws/install/yolov8_msgs/share/yolov8_msgs/local_setup.sh
[2.413s] -- Up-to-date: /home/locobot/locobot_ws/install/yolov8_msgs/share/yolov8_msgs/local_setup.zsh
[2.413s] -- Up-to-date: /home/locobot/locobot_ws/install/yolov8_msgs/share/yolov8_msgs/local_setup.dsv
[2.413s] -- Installing: /home/locobot/locobot_ws/install/yolov8_msgs/share/yolov8_msgs/package.dsv
[2.413s] -- Up-to-date: /home/locobot/locobot_ws/install/yolov8_msgs/share/ament_index/resource_index/packages/yolov8_msgs
[2.413s] -- Up-to-date: /home/locobot/locobot_ws/install/yolov8_msgs/share/yolov8_msgs/cmake/export_yolov8_msgs__rosidl_generator_cExport.cmake
[2.413s] -- Up-to-date: /home/locobot/locobot_ws/install/yolov8_msgs/share/yolov8_msgs/cmake/export_yolov8_msgs__rosidl_generator_cExport-noconfig.cmake
[2.413s] -- Up-to-date: /home/locobot/locobot_ws/install/yolov8_msgs/share/yolov8_msgs/cmake/export_yolov8_msgs__rosidl_typesupport_fastrtps_cExport.cmake
[2.413s] -- Up-to-date: /home/locobot/locobot_ws/install/yolov8_msgs/share/yolov8_msgs/cmake/export_yolov8_msgs__rosidl_typesupport_fastrtps_cExport-noconfig.cmake
[2.414s] -- Up-to-date: /home/locobot/locobot_ws/install/yolov8_msgs/share/yolov8_msgs/cmake/yolov8_msgs__rosidl_typesupport_introspection_cExport.cmake
[2.414s] -- Up-to-date: /home/locobot/locobot_ws/install/yolov8_msgs/share/yolov8_msgs/cmake/yolov8_msgs__rosidl_typesupport_introspection_cExport-noconfig.cmake
[2.414s] -- Up-to-date: /home/locobot/locobot_ws/install/yolov8_msgs/share/yolov8_msgs/cmake/yolov8_msgs__rosidl_typesupport_cExport.cmake
[2.414s] -- Up-to-date: /home/locobot/locobot_ws/install/yolov8_msgs/share/yolov8_msgs/cmake/yolov8_msgs__rosidl_typesupport_cExport-noconfig.cmake
[2.414s] -- Up-to-date: /home/locobot/locobot_ws/install/yolov8_msgs/share/yolov8_msgs/cmake/export_yolov8_msgs__rosidl_generator_cppExport.cmake
[2.414s] -- Up-to-date: /home/locobot/locobot_ws/install/yolov8_msgs/share/yolov8_msgs/cmake/export_yolov8_msgs__rosidl_typesupport_fastrtps_cppExport.cmake
[2.414s] -- Up-to-date: /home/locobot/locobot_ws/install/yolov8_msgs/share/yolov8_msgs/cmake/export_yolov8_msgs__rosidl_typesupport_fastrtps_cppExport-noconfig.cmake
[2.414s] -- Up-to-date: /home/locobot/locobot_ws/install/yolov8_msgs/share/yolov8_msgs/cmake/yolov8_msgs__rosidl_typesupport_introspection_cppExport.cmake
[2.414s] -- Up-to-date: /home/locobot/locobot_ws/install/yolov8_msgs/share/yolov8_msgs/cmake/yolov8_msgs__rosidl_typesupport_introspection_cppExport-noconfig.cmake
[2.414s] -- Up-to-date: /home/locobot/locobot_ws/install/yolov8_msgs/share/yolov8_msgs/cmake/yolov8_msgs__rosidl_typesupport_cppExport.cmake
[2.414s] -- Up-to-date: /home/locobot/locobot_ws/install/yolov8_msgs/share/yolov8_msgs/cmake/yolov8_msgs__rosidl_typesupport_cppExport-noconfig.cmake
[2.414s] -- Up-to-date: /home/locobot/locobot_ws/install/yolov8_msgs/share/yolov8_msgs/cmake/export_yolov8_msgs__rosidl_generator_pyExport.cmake
[2.414s] -- Up-to-date: /home/locobot/locobot_ws/install/yolov8_msgs/share/yolov8_msgs/cmake/export_yolov8_msgs__rosidl_generator_pyExport-noconfig.cmake
[2.414s] -- Up-to-date: /home/locobot/locobot_ws/install/yolov8_msgs/share/yolov8_msgs/cmake/rosidl_cmake-extras.cmake
[2.414s] -- Up-to-date: /home/locobot/locobot_ws/install/yolov8_msgs/share/yolov8_msgs/cmake/ament_cmake_export_dependencies-extras.cmake
[2.414s] -- Up-to-date: /home/locobot/locobot_ws/install/yolov8_msgs/share/yolov8_msgs/cmake/ament_cmake_export_include_directories-extras.cmake
[2.414s] -- Up-to-date: /home/locobot/locobot_ws/install/yolov8_msgs/share/yolov8_msgs/cmake/ament_cmake_export_libraries-extras.cmake
[2.414s] -- Up-to-date: /home/locobot/locobot_ws/install/yolov8_msgs/share/yolov8_msgs/cmake/ament_cmake_export_targets-extras.cmake
[2.414s] -- Up-to-date: /home/locobot/locobot_ws/install/yolov8_msgs/share/yolov8_msgs/cmake/rosidl_cmake_export_typesupport_targets-extras.cmake
[2.414s] -- Up-to-date: /home/locobot/locobot_ws/install/yolov8_msgs/share/yolov8_msgs/cmake/rosidl_cmake_export_typesupport_libraries-extras.cmake
[2.415s] -- Up-to-date: /home/locobot/locobot_ws/install/yolov8_msgs/share/yolov8_msgs/cmake/yolov8_msgsConfig.cmake
[2.415s] -- Up-to-date: /home/locobot/locobot_ws/install/yolov8_msgs/share/yolov8_msgs/cmake/yolov8_msgsConfig-version.cmake
[2.415s] -- Up-to-date: /home/locobot/locobot_ws/install/yolov8_msgs/share/yolov8_msgs/package.xml
[2.437s] Invoked command in '/home/locobot/locobot_ws/build/yolov8_msgs' returned '0': CMAKE_PREFIX_PATH=${CMAKE_PREFIX_PATH}:/home/locobot/locobot_ws/install/yolov8_ros:/home/locobot/locobot_ws/install/detection:/home/locobot/locobot_ws/install/yolov5_ros:/home/locobot/locobot_ws/install/locobot_move:/home/locobot/locobot_ws/install/create3_teleop:/home/locobot/locobot_ws/install/create3_examples_py:/home/locobot/interbotix_ws/install/interbotix_xslocobot_control:/home/locobot/interbotix_ws/install/interbotix_xs_modules:/home/locobot/interbotix_ws/install/interbotix_perception_modules:/home/locobot/interbotix_ws/install/interbotix_common_modules:/opt/ros/humble /usr/bin/cmake --install /home/locobot/locobot_ws/build/yolov8_msgs
