[1.505s] Invoking command in '/home/locobot/locobot_ws/src/create3_examples/create3_examples_py': PYTHONPATH=/home/locobot/locobot_ws/build/create3_examples_py/prefix_override:/home/locobot/locobot_ws/install/create3_examples_py/lib/python3.10/site-packages:${PYTHONPATH} /usr/bin/python3 -W ignore:setup.py install is deprecated setup.py egg_info --egg-base ../../../build/create3_examples_py build --build-base /home/locobot/locobot_ws/build/create3_examples_py/build install --record /home/locobot/locobot_ws/build/create3_examples_py/install.log --single-version-externally-managed install_data
[1.819s] running egg_info
[1.820s] writing ../../../build/create3_examples_py/create3_examples_py.egg-info/PKG-INFO
[1.821s] writing dependency_links to ../../../build/create3_examples_py/create3_examples_py.egg-info/dependency_links.txt
[1.821s] writing entry points to ../../../build/create3_examples_py/create3_examples_py.egg-info/entry_points.txt
[1.822s] writing requirements to ../../../build/create3_examples_py/create3_examples_py.egg-info/requires.txt
[1.822s] writing top-level names to ../../../build/create3_examples_py/create3_examples_py.egg-info/top_level.txt
[1.826s] reading manifest file '../../../build/create3_examples_py/create3_examples_py.egg-info/SOURCES.txt'
[1.828s] writing manifest file '../../../build/create3_examples_py/create3_examples_py.egg-info/SOURCES.txt'
[1.828s] running build
[1.828s] running build_py
[1.829s] running install
[1.830s] running install_lib
[1.833s] running install_data
[1.834s] running install_egg_info
[1.837s] removing '/home/locobot/locobot_ws/install/create3_examples_py/lib/python3.10/site-packages/create3_examples_py-0.0.1-py3.10.egg-info' (and everything under it)
[1.838s] Copying ../../../build/create3_examples_py/create3_examples_py.egg-info to /home/locobot/locobot_ws/install/create3_examples_py/lib/python3.10/site-packages/create3_examples_py-0.0.1-py3.10.egg-info
[1.840s] running install_scripts
[1.878s] Installing create3_dance script to /home/locobot/locobot_ws/install/create3_examples_py/lib/create3_examples_py
[1.879s] writing list of installed files to '/home/locobot/locobot_ws/build/create3_examples_py/install.log'
[2.026s] Invoked command in '/home/locobot/locobot_ws/src/create3_examples/create3_examples_py' returned '0': PYTHONPATH=/home/locobot/locobot_ws/build/create3_examples_py/prefix_override:/home/locobot/locobot_ws/install/create3_examples_py/lib/python3.10/site-packages:${PYTHONPATH} /usr/bin/python3 -W ignore:setup.py install is deprecated setup.py egg_info --egg-base ../../../build/create3_examples_py build --build-base /home/locobot/locobot_ws/build/create3_examples_py/build install --record /home/locobot/locobot_ws/build/create3_examples_py/install.log --single-version-externally-managed install_data
