-- The C compiler identification is GNU 11.4.0
-- The CXX compiler identification is GNU 11.4.0
-- Detecting C compiler ABI info
-- Detecting C compiler ABI info - done
-- Check for working C compiler: /usr/bin/cc - skipped
-- Detecting C compile features
-- Detecting C compile features - done
-- Detecting CXX compiler ABI info
-- Detecting CXX compiler ABI info - done
-- Check for working CXX compiler: /usr/bin/c++ - skipped
-- Detecting CXX compile features
-- Detecting CXX compile features - done
-- Found ament_cmake: 1.3.9 (/opt/ros/humble/share/ament_cmake/cmake)
-- Found Python3: /usr/bin/python3 (found version "3.10.12") found components: Interpreter 
-- Configuring done
-- Generating done
-- Build files have been written to: /home/locobot/locobot_ws/build/audio_common
Built target ament_cmake_python_copy_audio_common
running egg_info
creating audio_common.egg-info
writing audio_common.egg-info/PKG-INFO
writing dependency_links to audio_common.egg-info/dependency_links.txt
writing top-level names to audio_common.egg-info/top_level.txt
writing manifest file 'audio_common.egg-info/SOURCES.txt'
reading manifest file 'audio_common.egg-info/SOURCES.txt'
writing manifest file 'audio_common.egg-info/SOURCES.txt'
Built target ament_cmake_python_build_audio_common_egg
-- Install configuration: ""
-- Installing: /home/locobot/locobot_ws/install/audio_common/share/audio_common/environment/pythonpath.sh
-- Installing: /home/locobot/locobot_ws/install/audio_common/share/audio_common/environment/pythonpath.dsv
-- Installing: /home/locobot/locobot_ws/install/audio_common/local/lib/python3.10/dist-packages/audio_common-0.0.0-py3.10.egg-info
-- Installing: /home/locobot/locobot_ws/install/audio_common/local/lib/python3.10/dist-packages/audio_common-0.0.0-py3.10.egg-info/dependency_links.txt
-- Installing: /home/locobot/locobot_ws/install/audio_common/local/lib/python3.10/dist-packages/audio_common-0.0.0-py3.10.egg-info/top_level.txt
-- Installing: /home/locobot/locobot_ws/install/audio_common/local/lib/python3.10/dist-packages/audio_common-0.0.0-py3.10.egg-info/SOURCES.txt
-- Installing: /home/locobot/locobot_ws/install/audio_common/local/lib/python3.10/dist-packages/audio_common-0.0.0-py3.10.egg-info/PKG-INFO
-- Installing: /home/locobot/locobot_ws/install/audio_common/local/lib/python3.10/dist-packages/audio_common
-- Installing: /home/locobot/locobot_ws/install/audio_common/local/lib/python3.10/dist-packages/audio_common/audio_player_node.py
-- Installing: /home/locobot/locobot_ws/install/audio_common/local/lib/python3.10/dist-packages/audio_common/utils.py
-- Installing: /home/locobot/locobot_ws/install/audio_common/local/lib/python3.10/dist-packages/audio_common/__init__.py
-- Installing: /home/locobot/locobot_ws/install/audio_common/local/lib/python3.10/dist-packages/audio_common/tts_node.py
-- Installing: /home/locobot/locobot_ws/install/audio_common/local/lib/python3.10/dist-packages/audio_common/audio_capturer_node.py
Listing '/home/locobot/locobot_ws/install/audio_common/local/lib/python3.10/dist-packages/audio_common'...
Compiling '/home/locobot/locobot_ws/install/audio_common/local/lib/python3.10/dist-packages/audio_common/__init__.py'...
Compiling '/home/locobot/locobot_ws/install/audio_common/local/lib/python3.10/dist-packages/audio_common/audio_capturer_node.py'...
Compiling '/home/locobot/locobot_ws/install/audio_common/local/lib/python3.10/dist-packages/audio_common/audio_player_node.py'...
Compiling '/home/locobot/locobot_ws/install/audio_common/local/lib/python3.10/dist-packages/audio_common/tts_node.py'...
Compiling '/home/locobot/locobot_ws/install/audio_common/local/lib/python3.10/dist-packages/audio_common/utils.py'...
-- Installing: /home/locobot/locobot_ws/install/audio_common/lib/audio_common/audio_capturer_node
-- Installing: /home/locobot/locobot_ws/install/audio_common/lib/audio_common/audio_player_node
-- Installing: /home/locobot/locobot_ws/install/audio_common/lib/audio_common/tts_node
-- Installing: /home/locobot/locobot_ws/install/audio_common/share/ament_index/resource_index/package_run_dependencies/audio_common
-- Installing: /home/locobot/locobot_ws/install/audio_common/share/ament_index/resource_index/parent_prefix_path/audio_common
-- Installing: /home/locobot/locobot_ws/install/audio_common/share/audio_common/environment/ament_prefix_path.sh
-- Installing: /home/locobot/locobot_ws/install/audio_common/share/audio_common/environment/ament_prefix_path.dsv
-- Installing: /home/locobot/locobot_ws/install/audio_common/share/audio_common/environment/path.sh
-- Installing: /home/locobot/locobot_ws/install/audio_common/share/audio_common/environment/path.dsv
-- Installing: /home/locobot/locobot_ws/install/audio_common/share/audio_common/local_setup.bash
-- Installing: /home/locobot/locobot_ws/install/audio_common/share/audio_common/local_setup.sh
-- Installing: /home/locobot/locobot_ws/install/audio_common/share/audio_common/local_setup.zsh
-- Installing: /home/locobot/locobot_ws/install/audio_common/share/audio_common/local_setup.dsv
-- Installing: /home/locobot/locobot_ws/install/audio_common/share/audio_common/package.dsv
-- Installing: /home/locobot/locobot_ws/install/audio_common/share/ament_index/resource_index/packages/audio_common
-- Installing: /home/locobot/locobot_ws/install/audio_common/share/audio_common/cmake/audio_commonConfig.cmake
-- Installing: /home/locobot/locobot_ws/install/audio_common/share/audio_common/cmake/audio_commonConfig-version.cmake
-- Installing: /home/locobot/locobot_ws/install/audio_common/share/audio_common/package.xml
