Built target ament_cmake_python_copy_tts_ros
running egg_info
writing tts_ros.egg-info/PKG-INFO
writing dependency_links to tts_ros.egg-info/dependency_links.txt
writing top-level names to tts_ros.egg-info/top_level.txt
reading manifest file 'tts_ros.egg-info/SOURCES.txt'
writing manifest file 'tts_ros.egg-info/SOURCES.txt'
Built target ament_cmake_python_build_tts_ros_egg
-- Install configuration: ""
-- Up-to-date: /home/locobot/locobot_ws/install/tts_ros/share/tts_ros/environment/pythonpath.sh
-- Up-to-date: /home/locobot/locobot_ws/install/tts_ros/share/tts_ros/environment/pythonpath.dsv
-- Up-to-date: /home/locobot/locobot_ws/install/tts_ros/local/lib/python3.10/dist-packages/tts_ros-0.0.0-py3.10.egg-info
-- Installing: /home/locobot/locobot_ws/install/tts_ros/local/lib/python3.10/dist-packages/tts_ros-0.0.0-py3.10.egg-info/dependency_links.txt
-- Installing: /home/locobot/locobot_ws/install/tts_ros/local/lib/python3.10/dist-packages/tts_ros-0.0.0-py3.10.egg-info/top_level.txt
-- Installing: /home/locobot/locobot_ws/install/tts_ros/local/lib/python3.10/dist-packages/tts_ros-0.0.0-py3.10.egg-info/SOURCES.txt
-- Installing: /home/locobot/locobot_ws/install/tts_ros/local/lib/python3.10/dist-packages/tts_ros-0.0.0-py3.10.egg-info/PKG-INFO
-- Up-to-date: /home/locobot/locobot_ws/install/tts_ros/local/lib/python3.10/dist-packages/tts_ros
-- Up-to-date: /home/locobot/locobot_ws/install/tts_ros/local/lib/python3.10/dist-packages/tts_ros/__init__.py
-- Up-to-date: /home/locobot/locobot_ws/install/tts_ros/local/lib/python3.10/dist-packages/tts_ros/tts_node.py
Listing '/home/locobot/locobot_ws/install/tts_ros/local/lib/python3.10/dist-packages/tts_ros'...
-- Up-to-date: /home/locobot/locobot_ws/install/tts_ros/lib/tts_ros/tts_node
-- Up-to-date: /home/locobot/locobot_ws/install/tts_ros/share/ament_index/resource_index/package_run_dependencies/tts_ros
-- Up-to-date: /home/locobot/locobot_ws/install/tts_ros/share/ament_index/resource_index/parent_prefix_path/tts_ros
-- Up-to-date: /home/locobot/locobot_ws/install/tts_ros/share/tts_ros/environment/ament_prefix_path.sh
-- Up-to-date: /home/locobot/locobot_ws/install/tts_ros/share/tts_ros/environment/ament_prefix_path.dsv
-- Up-to-date: /home/locobot/locobot_ws/install/tts_ros/share/tts_ros/environment/path.sh
-- Up-to-date: /home/locobot/locobot_ws/install/tts_ros/share/tts_ros/environment/path.dsv
-- Up-to-date: /home/locobot/locobot_ws/install/tts_ros/share/tts_ros/local_setup.bash
-- Up-to-date: /home/locobot/locobot_ws/install/tts_ros/share/tts_ros/local_setup.sh
-- Up-to-date: /home/locobot/locobot_ws/install/tts_ros/share/tts_ros/local_setup.zsh
-- Up-to-date: /home/locobot/locobot_ws/install/tts_ros/share/tts_ros/local_setup.dsv
-- Installing: /home/locobot/locobot_ws/install/tts_ros/share/tts_ros/package.dsv
-- Up-to-date: /home/locobot/locobot_ws/install/tts_ros/share/ament_index/resource_index/packages/tts_ros
-- Up-to-date: /home/locobot/locobot_ws/install/tts_ros/share/tts_ros/cmake/tts_rosConfig.cmake
-- Up-to-date: /home/locobot/locobot_ws/install/tts_ros/share/tts_ros/cmake/tts_rosConfig-version.cmake
-- Up-to-date: /home/locobot/locobot_ws/install/tts_ros/share/tts_ros/package.xml
