[1.411s] Invoking command in '/home/locobot/locobot_ws/src/create3_examples/create3_teleop': PYTHONPATH=/home/locobot/locobot_ws/build/create3_teleop/prefix_override:/home/locobot/locobot_ws/install/create3_teleop/lib/python3.10/site-packages:${PYTHONPATH} /usr/bin/python3 -W ignore:setup.py install is deprecated setup.py egg_info --egg-base ../../../build/create3_teleop build --build-base /home/locobot/locobot_ws/build/create3_teleop/build install --record /home/locobot/locobot_ws/build/create3_teleop/install.log --single-version-externally-managed install_data
[1.884s] running egg_info
[1.885s] creating ../../../build/create3_teleop/create3_teleop.egg-info
[1.886s] writing ../../../build/create3_teleop/create3_teleop.egg-info/PKG-INFO
[1.886s] writing dependency_links to ../../../build/create3_teleop/create3_teleop.egg-info/dependency_links.txt
[1.886s] writing requirements to ../../../build/create3_teleop/create3_teleop.egg-info/requires.txt
[1.886s] writing top-level names to ../../../build/create3_teleop/create3_teleop.egg-info/top_level.txt
[1.887s] writing manifest file '../../../build/create3_teleop/create3_teleop.egg-info/SOURCES.txt'
[1.888s] reading manifest file '../../../build/create3_teleop/create3_teleop.egg-info/SOURCES.txt'
[1.889s] writing manifest file '../../../build/create3_teleop/create3_teleop.egg-info/SOURCES.txt'
[1.889s] running build
[1.889s] running install
[1.889s] running install_data
[1.890s] creating /home/locobot/locobot_ws/install/create3_teleop/share/ament_index
[1.890s] creating /home/locobot/locobot_ws/install/create3_teleop/share/ament_index/resource_index
[1.890s] creating /home/locobot/locobot_ws/install/create3_teleop/share/ament_index/resource_index/packages
[1.890s] copying resource/create3_teleop -> /home/locobot/locobot_ws/install/create3_teleop/share/ament_index/resource_index/packages
[1.890s] copying package.xml -> /home/locobot/locobot_ws/install/create3_teleop/share/create3_teleop
[1.890s] creating /home/locobot/locobot_ws/install/create3_teleop/share/create3_teleop/launch
[1.890s] copying launch/teleop_joystick_launch.py -> /home/locobot/locobot_ws/install/create3_teleop/share/create3_teleop/launch
[1.891s] running install_egg_info
[1.895s] Copying ../../../build/create3_teleop/create3_teleop.egg-info to /home/locobot/locobot_ws/install/create3_teleop/lib/python3.10/site-packages/create3_teleop-0.0.1-py3.10.egg-info
[1.895s] running install_scripts
[1.928s] writing list of installed files to '/home/locobot/locobot_ws/build/create3_teleop/install.log'
[1.971s] Invoked command in '/home/locobot/locobot_ws/src/create3_examples/create3_teleop' returned '0': PYTHONPATH=/home/locobot/locobot_ws/build/create3_teleop/prefix_override:/home/locobot/locobot_ws/install/create3_teleop/lib/python3.10/site-packages:${PYTHONPATH} /usr/bin/python3 -W ignore:setup.py install is deprecated setup.py egg_info --egg-base ../../../build/create3_teleop build --build-base /home/locobot/locobot_ws/build/create3_teleop/build install --record /home/locobot/locobot_ws/build/create3_teleop/install.log --single-version-externally-managed install_data
