[1.677s] Invoking command in '/home/locobot/locobot_ws/src/create3_examples/create3_examples_py': PYTHONPATH=/home/locobot/locobot_ws/build/create3_examples_py/prefix_override:/home/locobot/locobot_ws/install/create3_examples_py/lib/python3.10/site-packages:${PYTHONPATH} /usr/bin/python3 -W ignore:setup.py install is deprecated setup.py egg_info --egg-base ../../../build/create3_examples_py build --build-base /home/locobot/locobot_ws/build/create3_examples_py/build install --record /home/locobot/locobot_ws/build/create3_examples_py/install.log --single-version-externally-managed install_data
[2.090s] running egg_info
[2.091s] writing ../../../build/create3_examples_py/create3_examples_py.egg-info/PKG-INFO
[2.091s] writing dependency_links to ../../../build/create3_examples_py/create3_examples_py.egg-info/dependency_links.txt
[2.092s] writing entry points to ../../../build/create3_examples_py/create3_examples_py.egg-info/entry_points.txt
[2.096s] writing requirements to ../../../build/create3_examples_py/create3_examples_py.egg-info/requires.txt
[2.096s] writing top-level names to ../../../build/create3_examples_py/create3_examples_py.egg-info/top_level.txt
[2.096s] reading manifest file '../../../build/create3_examples_py/create3_examples_py.egg-info/SOURCES.txt'
[2.096s] writing manifest file '../../../build/create3_examples_py/create3_examples_py.egg-info/SOURCES.txt'
[2.096s] running build
[2.096s] running build_py
[2.098s] running install
[2.099s] running install_lib
[2.100s] running install_data
[2.100s] running install_egg_info
[2.103s] removing '/home/locobot/locobot_ws/install/create3_examples_py/lib/python3.10/site-packages/create3_examples_py-0.0.1-py3.10.egg-info' (and everything under it)
[2.103s] Copying ../../../build/create3_examples_py/create3_examples_py.egg-info to /home/locobot/locobot_ws/install/create3_examples_py/lib/python3.10/site-packages/create3_examples_py-0.0.1-py3.10.egg-info
[2.104s] running install_scripts
[2.130s] Installing create3_dance script to /home/locobot/locobot_ws/install/create3_examples_py/lib/create3_examples_py
[2.131s] writing list of installed files to '/home/locobot/locobot_ws/build/create3_examples_py/install.log'
[2.244s] Invoked command in '/home/locobot/locobot_ws/src/create3_examples/create3_examples_py' returned '0': PYTHONPATH=/home/locobot/locobot_ws/build/create3_examples_py/prefix_override:/home/locobot/locobot_ws/install/create3_examples_py/lib/python3.10/site-packages:${PYTHONPATH} /usr/bin/python3 -W ignore:setup.py install is deprecated setup.py egg_info --egg-base ../../../build/create3_examples_py build --build-base /home/locobot/locobot_ws/build/create3_examples_py/build install --record /home/locobot/locobot_ws/build/create3_examples_py/install.log --single-version-externally-managed install_data
