[0.030s] Invoking command in '/home/locobot/locobot_ws/build/yolov8_bringup': AMENT_PREFIX_PATH=/home/locobot/locobot_ws/install/yolov8_ros:${AMENT_PREFIX_PATH} CMAKE_PREFIX_PATH=${CMAKE_PREFIX_PATH}:/home/locobot/interbotix_ws/install/interbotix_xslocobot_control:/home/locobot/interbotix_ws/install/interbotix_xs_modules:/home/locobot/interbotix_ws/install/interbotix_perception_modules:/home/locobot/interbotix_ws/install/interbotix_common_modules:/opt/ros/humble PYTHONPATH=/home/locobot/locobot_ws/install/yolov8_ros/lib/python3.10/site-packages:${PYTHONPATH} /usr/bin/cmake --build /home/locobot/locobot_ws/build/yolov8_bringup -- -j4 -l4
[0.084s] Invoked command in '/home/locobot/locobot_ws/build/yolov8_bringup' returned '0': AMENT_PREFIX_PATH=/home/locobot/locobot_ws/install/yolov8_ros:${AMENT_PREFIX_PATH} CMAKE_PREFIX_PATH=${CMAKE_PREFIX_PATH}:/home/locobot/interbotix_ws/install/interbotix_xslocobot_control:/home/locobot/interbotix_ws/install/interbotix_xs_modules:/home/locobot/interbotix_ws/install/interbotix_perception_modules:/home/locobot/interbotix_ws/install/interbotix_common_modules:/opt/ros/humble PYTHONPATH=/home/locobot/locobot_ws/install/yolov8_ros/lib/python3.10/site-packages:${PYTHONPATH} /usr/bin/cmake --build /home/locobot/locobot_ws/build/yolov8_bringup -- -j4 -l4
[0.119s] Invoking command in '/home/locobot/locobot_ws/build/yolov8_bringup': AMENT_PREFIX_PATH=/home/locobot/locobot_ws/install/yolov8_ros:${AMENT_PREFIX_PATH} CMAKE_PREFIX_PATH=${CMAKE_PREFIX_PATH}:/home/locobot/interbotix_ws/install/interbotix_xslocobot_control:/home/locobot/interbotix_ws/install/interbotix_xs_modules:/home/locobot/interbotix_ws/install/interbotix_perception_modules:/home/locobot/interbotix_ws/install/interbotix_common_modules:/opt/ros/humble PYTHONPATH=/home/locobot/locobot_ws/install/yolov8_ros/lib/python3.10/site-packages:${PYTHONPATH} /usr/bin/cmake --install /home/locobot/locobot_ws/build/yolov8_bringup
[0.136s] -- Install configuration: ""
[0.136s] -- Up-to-date: /home/locobot/locobot_ws/install/yolov8_bringup/share/yolov8_bringup//launch
[0.136s] -- Up-to-date: /home/locobot/locobot_ws/install/yolov8_bringup/share/yolov8_bringup//launch/yolov8.launch.py
[0.136s] -- Up-to-date: /home/locobot/locobot_ws/install/yolov8_bringup/share/yolov8_bringup//launch/yolov9.launch.py
[0.136s] -- Up-to-date: /home/locobot/locobot_ws/install/yolov8_bringup/share/yolov8_bringup//launch/yolov8_3d.launch.py
[0.137s] -- Up-to-date: /home/locobot/locobot_ws/install/yolov8_bringup/share/ament_index/resource_index/package_run_dependencies/yolov8_bringup
[0.137s] -- Up-to-date: /home/locobot/locobot_ws/install/yolov8_bringup/share/ament_index/resource_index/parent_prefix_path/yolov8_bringup
[0.137s] -- Up-to-date: /home/locobot/locobot_ws/install/yolov8_bringup/share/yolov8_bringup/environment/ament_prefix_path.sh
[0.137s] -- Up-to-date: /home/locobot/locobot_ws/install/yolov8_bringup/share/yolov8_bringup/environment/ament_prefix_path.dsv
[0.139s] -- Up-to-date: /home/locobot/locobot_ws/install/yolov8_bringup/share/yolov8_bringup/environment/path.sh
[0.139s] -- Up-to-date: /home/locobot/locobot_ws/install/yolov8_bringup/share/yolov8_bringup/environment/path.dsv
[0.139s] -- Up-to-date: /home/locobot/locobot_ws/install/yolov8_bringup/share/yolov8_bringup/local_setup.bash
[0.139s] -- Up-to-date: /home/locobot/locobot_ws/install/yolov8_bringup/share/yolov8_bringup/local_setup.sh
[0.140s] -- Up-to-date: /home/locobot/locobot_ws/install/yolov8_bringup/share/yolov8_bringup/local_setup.zsh
[0.140s] -- Up-to-date: /home/locobot/locobot_ws/install/yolov8_bringup/share/yolov8_bringup/local_setup.dsv
[0.140s] -- Installing: /home/locobot/locobot_ws/install/yolov8_bringup/share/yolov8_bringup/package.dsv
[0.140s] -- Up-to-date: /home/locobot/locobot_ws/install/yolov8_bringup/share/ament_index/resource_index/packages/yolov8_bringup
[0.141s] -- Up-to-date: /home/locobot/locobot_ws/install/yolov8_bringup/share/yolov8_bringup/cmake/yolov8_bringupConfig.cmake
[0.141s] -- Up-to-date: /home/locobot/locobot_ws/install/yolov8_bringup/share/yolov8_bringup/cmake/yolov8_bringupConfig-version.cmake
[0.141s] -- Up-to-date: /home/locobot/locobot_ws/install/yolov8_bringup/share/yolov8_bringup/package.xml
[0.150s] Invoked command in '/home/locobot/locobot_ws/build/yolov8_bringup' returned '0': AMENT_PREFIX_PATH=/home/locobot/locobot_ws/install/yolov8_ros:${AMENT_PREFIX_PATH} CMAKE_PREFIX_PATH=${CMAKE_PREFIX_PATH}:/home/locobot/interbotix_ws/install/interbotix_xslocobot_control:/home/locobot/interbotix_ws/install/interbotix_xs_modules:/home/locobot/interbotix_ws/install/interbotix_perception_modules:/home/locobot/interbotix_ws/install/interbotix_common_modules:/opt/ros/humble PYTHONPATH=/home/locobot/locobot_ws/install/yolov8_ros/lib/python3.10/site-packages:${PYTHONPATH} /usr/bin/cmake --install /home/locobot/locobot_ws/build/yolov8_bringup
