[0.857s] Invoking command in '/home/locobot/locobot_ws/src/locobot_move': PYTHONPATH=/home/locobot/locobot_ws/build/locobot_move/prefix_override:/home/locobot/locobot_ws/install/locobot_move/lib/python3.10/site-packages:${PYTHONPATH} /usr/bin/python3 -W ignore:setup.py install is deprecated setup.py egg_info --egg-base ../../build/locobot_move build --build-base /home/locobot/locobot_ws/build/locobot_move/build install --record /home/locobot/locobot_ws/build/locobot_move/install.log --single-version-externally-managed install_data
[1.077s] running egg_info
[1.078s] creating ../../build/locobot_move/locobot_move.egg-info
[1.078s] writing ../../build/locobot_move/locobot_move.egg-info/PKG-INFO
[1.078s] writing dependency_links to ../../build/locobot_move/locobot_move.egg-info/dependency_links.txt
[1.078s] writing entry points to ../../build/locobot_move/locobot_move.egg-info/entry_points.txt
[1.078s] writing requirements to ../../build/locobot_move/locobot_move.egg-info/requires.txt
[1.078s] writing top-level names to ../../build/locobot_move/locobot_move.egg-info/top_level.txt
[1.079s] writing manifest file '../../build/locobot_move/locobot_move.egg-info/SOURCES.txt'
[1.080s] reading manifest file '../../build/locobot_move/locobot_move.egg-info/SOURCES.txt'
[1.081s] writing manifest file '../../build/locobot_move/locobot_move.egg-info/SOURCES.txt'
[1.081s] running build
[1.081s] running build_py
[1.081s] creating /home/locobot/locobot_ws/build/locobot_move/build
[1.081s] creating /home/locobot/locobot_ws/build/locobot_move/build/lib
[1.081s] creating /home/locobot/locobot_ws/build/locobot_move/build/lib/locobot_move
[1.081s] copying locobot_move/__init__.py -> /home/locobot/locobot_ws/build/locobot_move/build/lib/locobot_move
[1.081s] running install
[1.082s] running install_lib
[1.082s] creating /home/locobot/locobot_ws/install/locobot_move/lib/python3.10/site-packages/locobot_move
[1.082s] copying /home/locobot/locobot_ws/build/locobot_move/build/lib/locobot_move/__init__.py -> /home/locobot/locobot_ws/install/locobot_move/lib/python3.10/site-packages/locobot_move
[1.083s] byte-compiling /home/locobot/locobot_ws/install/locobot_move/lib/python3.10/site-packages/locobot_move/__init__.py to __init__.cpython-310.pyc
[1.083s] running install_data
[1.083s] creating /home/locobot/locobot_ws/install/locobot_move/share/ament_index
[1.083s] creating /home/locobot/locobot_ws/install/locobot_move/share/ament_index/resource_index
[1.083s] creating /home/locobot/locobot_ws/install/locobot_move/share/ament_index/resource_index/packages
[1.083s] copying resource/locobot_move -> /home/locobot/locobot_ws/install/locobot_move/share/ament_index/resource_index/packages
[1.084s] copying package.xml -> /home/locobot/locobot_ws/install/locobot_move/share/locobot_move
[1.084s] running install_egg_info
[1.085s] Copying ../../build/locobot_move/locobot_move.egg-info to /home/locobot/locobot_ws/install/locobot_move/lib/python3.10/site-packages/locobot_move-0.0.0-py3.10.egg-info
[1.086s] running install_scripts
[1.104s] writing list of installed files to '/home/locobot/locobot_ws/build/locobot_move/install.log'
[1.127s] Invoked command in '/home/locobot/locobot_ws/src/locobot_move' returned '0': PYTHONPATH=/home/locobot/locobot_ws/build/locobot_move/prefix_override:/home/locobot/locobot_ws/install/locobot_move/lib/python3.10/site-packages:${PYTHONPATH} /usr/bin/python3 -W ignore:setup.py install is deprecated setup.py egg_info --egg-base ../../build/locobot_move build --build-base /home/locobot/locobot_ws/build/locobot_move/build install --record /home/locobot/locobot_ws/build/locobot_move/install.log --single-version-externally-managed install_data
