[1.492s] Invoking command in '/home/locobot/locobot_ws/src/yolov8_ros/yolov8_ros': PYTHONPATH=/home/locobot/locobot_ws/build/yolov8_ros/prefix_override:/home/locobot/locobot_ws/install/yolov8_ros/lib/python3.10/site-packages:${PYTHONPATH} /usr/bin/python3 -W ignore:setup.py install is deprecated setup.py egg_info --egg-base ../../../build/yolov8_ros build --build-base /home/locobot/locobot_ws/build/yolov8_ros/build install --record /home/locobot/locobot_ws/build/yolov8_ros/install.log --single-version-externally-managed install_data
[1.900s] running egg_info
[1.901s] creating ../../../build/yolov8_ros/yolov8_ros.egg-info
[1.901s] writing ../../../build/yolov8_ros/yolov8_ros.egg-info/PKG-INFO
[1.902s] writing dependency_links to ../../../build/yolov8_ros/yolov8_ros.egg-info/dependency_links.txt
[1.902s] writing entry points to ../../../build/yolov8_ros/yolov8_ros.egg-info/entry_points.txt
[1.902s] writing requirements to ../../../build/yolov8_ros/yolov8_ros.egg-info/requires.txt
[1.902s] writing top-level names to ../../../build/yolov8_ros/yolov8_ros.egg-info/top_level.txt
[1.902s] writing manifest file '../../../build/yolov8_ros/yolov8_ros.egg-info/SOURCES.txt'
[1.905s] reading manifest file '../../../build/yolov8_ros/yolov8_ros.egg-info/SOURCES.txt'
[1.906s] writing manifest file '../../../build/yolov8_ros/yolov8_ros.egg-info/SOURCES.txt'
[1.906s] running build
[1.906s] running build_py
[1.906s] creating /home/locobot/locobot_ws/build/yolov8_ros/build
[1.906s] creating /home/locobot/locobot_ws/build/yolov8_ros/build/lib
[1.907s] creating /home/locobot/locobot_ws/build/yolov8_ros/build/lib/yolov8_ros
[1.907s] copying yolov8_ros/debug_node.py -> /home/locobot/locobot_ws/build/yolov8_ros/build/lib/yolov8_ros
[1.914s] copying yolov8_ros/__init__.py -> /home/locobot/locobot_ws/build/yolov8_ros/build/lib/yolov8_ros
[1.914s] copying yolov8_ros/detect_3d_node.py -> /home/locobot/locobot_ws/build/yolov8_ros/build/lib/yolov8_ros
[1.914s] copying yolov8_ros/yolov8_node.py -> /home/locobot/locobot_ws/build/yolov8_ros/build/lib/yolov8_ros
[1.914s] copying yolov8_ros/tracking_node.py -> /home/locobot/locobot_ws/build/yolov8_ros/build/lib/yolov8_ros
[1.915s] running install
[1.915s] running install_lib
[1.916s] creating /home/locobot/locobot_ws/install/yolov8_ros/lib/python3.10/site-packages/yolov8_ros
[1.917s] copying /home/locobot/locobot_ws/build/yolov8_ros/build/lib/yolov8_ros/debug_node.py -> /home/locobot/locobot_ws/install/yolov8_ros/lib/python3.10/site-packages/yolov8_ros
[1.917s] copying /home/locobot/locobot_ws/build/yolov8_ros/build/lib/yolov8_ros/__init__.py -> /home/locobot/locobot_ws/install/yolov8_ros/lib/python3.10/site-packages/yolov8_ros
[1.917s] copying /home/locobot/locobot_ws/build/yolov8_ros/build/lib/yolov8_ros/detect_3d_node.py -> /home/locobot/locobot_ws/install/yolov8_ros/lib/python3.10/site-packages/yolov8_ros
[1.917s] copying /home/locobot/locobot_ws/build/yolov8_ros/build/lib/yolov8_ros/yolov8_node.py -> /home/locobot/locobot_ws/install/yolov8_ros/lib/python3.10/site-packages/yolov8_ros
[1.917s] copying /home/locobot/locobot_ws/build/yolov8_ros/build/lib/yolov8_ros/tracking_node.py -> /home/locobot/locobot_ws/install/yolov8_ros/lib/python3.10/site-packages/yolov8_ros
[1.918s] byte-compiling /home/locobot/locobot_ws/install/yolov8_ros/lib/python3.10/site-packages/yolov8_ros/debug_node.py to debug_node.cpython-310.pyc
[1.921s] byte-compiling /home/locobot/locobot_ws/install/yolov8_ros/lib/python3.10/site-packages/yolov8_ros/__init__.py to __init__.cpython-310.pyc
[1.921s] byte-compiling /home/locobot/locobot_ws/install/yolov8_ros/lib/python3.10/site-packages/yolov8_ros/detect_3d_node.py to detect_3d_node.cpython-310.pyc
[1.923s] byte-compiling /home/locobot/locobot_ws/install/yolov8_ros/lib/python3.10/site-packages/yolov8_ros/yolov8_node.py to yolov8_node.cpython-310.pyc
[1.925s] byte-compiling /home/locobot/locobot_ws/install/yolov8_ros/lib/python3.10/site-packages/yolov8_ros/tracking_node.py to tracking_node.cpython-310.pyc
[1.926s] running install_data
[1.926s] creating /home/locobot/locobot_ws/install/yolov8_ros/share/ament_index
[1.926s] creating /home/locobot/locobot_ws/install/yolov8_ros/share/ament_index/resource_index
[1.926s] creating /home/locobot/locobot_ws/install/yolov8_ros/share/ament_index/resource_index/packages
[1.926s] copying resource/yolov8_ros -> /home/locobot/locobot_ws/install/yolov8_ros/share/ament_index/resource_index/packages
[1.926s] copying package.xml -> /home/locobot/locobot_ws/install/yolov8_ros/share/yolov8_ros
[1.926s] running install_egg_info
[1.928s] Copying ../../../build/yolov8_ros/yolov8_ros.egg-info to /home/locobot/locobot_ws/install/yolov8_ros/lib/python3.10/site-packages/yolov8_ros-0.0.0-py3.10.egg-info
[1.929s] running install_scripts
[1.953s] Installing debug_node script to /home/locobot/locobot_ws/install/yolov8_ros/lib/yolov8_ros
[1.953s] Installing detect_3d_node script to /home/locobot/locobot_ws/install/yolov8_ros/lib/yolov8_ros
[1.954s] Installing tracking_node script to /home/locobot/locobot_ws/install/yolov8_ros/lib/yolov8_ros
[1.954s] Installing yolov8_node script to /home/locobot/locobot_ws/install/yolov8_ros/lib/yolov8_ros
[1.954s] writing list of installed files to '/home/locobot/locobot_ws/build/yolov8_ros/install.log'
[2.258s] Invoked command in '/home/locobot/locobot_ws/src/yolov8_ros/yolov8_ros' returned '0': PYTHONPATH=/home/locobot/locobot_ws/build/yolov8_ros/prefix_override:/home/locobot/locobot_ws/install/yolov8_ros/lib/python3.10/site-packages:${PYTHONPATH} /usr/bin/python3 -W ignore:setup.py install is deprecated setup.py egg_info --egg-base ../../../build/yolov8_ros build --build-base /home/locobot/locobot_ws/build/yolov8_ros/build install --record /home/locobot/locobot_ws/build/yolov8_ros/install.log --single-version-externally-managed install_data
