[0.030s] Invoking command in '/home/locobot/locobot_ws/build/create3_examples_msgs': CMAKE_PREFIX_PATH=${CMAKE_PREFIX_PATH}:/home/locobot/interbotix_ws/install/interbotix_xslocobot_control:/home/locobot/interbotix_ws/install/interbotix_xs_modules:/home/locobot/interbotix_ws/install/interbotix_perception_modules:/home/locobot/interbotix_ws/install/interbotix_common_modules:/opt/ros/humble /usr/bin/cmake --build /home/locobot/locobot_ws/build/create3_examples_msgs -- -j4 -l4
[0.140s] [  3%] Built target create3_examples_msgs__cpp
[0.165s] [  3%] Built target ament_cmake_python_copy_create3_examples_msgs
[0.185s] [ 12%] Built target create3_examples_msgs__rosidl_generator_c
[0.280s] [ 32%] Built target create3_examples_msgs__rosidl_typesupport_cpp
[0.310s] [ 22%] Built target create3_examples_msgs__rosidl_typesupport_fastrtps_cpp
[0.310s] [ 41%] Built target create3_examples_msgs__rosidl_typesupport_introspection_cpp
[0.398s] [ 51%] Built target create3_examples_msgs__rosidl_typesupport_c
[0.401s] [ 61%] Built target create3_examples_msgs__rosidl_typesupport_fastrtps_c
[0.414s] [ 70%] Built target create3_examples_msgs__rosidl_typesupport_introspection_c
[0.471s] [ 70%] Built target create3_examples_msgs
[0.555s] [ 74%] Built target create3_examples_msgs__py
[0.669s] [ 80%] Built target create3_examples_msgs__rosidl_generator_py
[0.756s] [ 87%] Built target create3_examples_msgs__rosidl_typesupport_introspection_c__pyext
[0.767s] [ 93%] Built target create3_examples_msgs__rosidl_typesupport_c__pyext
[0.774s] [100%] Built target create3_examples_msgs__rosidl_typesupport_fastrtps_c__pyext
[0.917s] running egg_info
[0.918s] writing create3_examples_msgs.egg-info/PKG-INFO
[0.919s] writing dependency_links to create3_examples_msgs.egg-info/dependency_links.txt
[0.919s] writing top-level names to create3_examples_msgs.egg-info/top_level.txt
[0.923s] reading manifest file 'create3_examples_msgs.egg-info/SOURCES.txt'
[0.924s] writing manifest file 'create3_examples_msgs.egg-info/SOURCES.txt'
[0.966s] [100%] Built target ament_cmake_python_build_create3_examples_msgs_egg
[0.987s] Invoked command in '/home/locobot/locobot_ws/build/create3_examples_msgs' returned '0': CMAKE_PREFIX_PATH=${CMAKE_PREFIX_PATH}:/home/locobot/interbotix_ws/install/interbotix_xslocobot_control:/home/locobot/interbotix_ws/install/interbotix_xs_modules:/home/locobot/interbotix_ws/install/interbotix_perception_modules:/home/locobot/interbotix_ws/install/interbotix_common_modules:/opt/ros/humble /usr/bin/cmake --build /home/locobot/locobot_ws/build/create3_examples_msgs -- -j4 -l4
[1.082s] Invoking command in '/home/locobot/locobot_ws/build/create3_examples_msgs': CMAKE_PREFIX_PATH=${CMAKE_PREFIX_PATH}:/home/locobot/interbotix_ws/install/interbotix_xslocobot_control:/home/locobot/interbotix_ws/install/interbotix_xs_modules:/home/locobot/interbotix_ws/install/interbotix_perception_modules:/home/locobot/interbotix_ws/install/interbotix_common_modules:/opt/ros/humble /usr/bin/cmake --install /home/locobot/locobot_ws/build/create3_examples_msgs
[1.094s] -- Install configuration: ""
[1.094s] -- Up-to-date: /home/locobot/locobot_ws/install/create3_examples_msgs/share/ament_index/resource_index/rosidl_interfaces/create3_examples_msgs
[1.094s] -- Up-to-date: /home/locobot/locobot_ws/install/create3_examples_msgs/include/create3_examples_msgs/create3_examples_msgs
[1.094s] -- Up-to-date: /home/locobot/locobot_ws/install/create3_examples_msgs/include/create3_examples_msgs/create3_examples_msgs/action
[1.094s] -- Up-to-date: /home/locobot/locobot_ws/install/create3_examples_msgs/include/create3_examples_msgs/create3_examples_msgs/action/coverage.h
[1.094s] -- Up-to-date: /home/locobot/locobot_ws/install/create3_examples_msgs/include/create3_examples_msgs/create3_examples_msgs/action/detail
[1.095s] -- Up-to-date: /home/locobot/locobot_ws/install/create3_examples_msgs/include/create3_examples_msgs/create3_examples_msgs/action/detail/coverage__functions.c
[1.095s] -- Up-to-date: /home/locobot/locobot_ws/install/create3_examples_msgs/include/create3_examples_msgs/create3_examples_msgs/action/detail/coverage__type_support.h
[1.095s] -- Up-to-date: /home/locobot/locobot_ws/install/create3_examples_msgs/include/create3_examples_msgs/create3_examples_msgs/action/detail/coverage__functions.h
[1.095s] -- Up-to-date: /home/locobot/locobot_ws/install/create3_examples_msgs/include/create3_examples_msgs/create3_examples_msgs/action/detail/coverage__struct.h
[1.095s] -- Up-to-date: /home/locobot/locobot_ws/install/create3_examples_msgs/include/create3_examples_msgs/create3_examples_msgs/msg
[1.095s] -- Up-to-date: /home/locobot/locobot_ws/install/create3_examples_msgs/include/create3_examples_msgs/create3_examples_msgs/msg/rosidl_generator_c__visibility_control.h
[1.096s] -- Up-to-date: /home/locobot/locobot_ws/install/create3_examples_msgs/share/create3_examples_msgs/environment/library_path.sh
[1.096s] -- Up-to-date: /home/locobot/locobot_ws/install/create3_examples_msgs/share/create3_examples_msgs/environment/library_path.dsv
[1.096s] -- Up-to-date: /home/locobot/locobot_ws/install/create3_examples_msgs/lib/libcreate3_examples_msgs__rosidl_generator_c.so
[1.096s] -- Up-to-date: /home/locobot/locobot_ws/install/create3_examples_msgs/include/create3_examples_msgs/create3_examples_msgs
[1.097s] -- Up-to-date: /home/locobot/locobot_ws/install/create3_examples_msgs/include/create3_examples_msgs/create3_examples_msgs/action
[1.097s] -- Up-to-date: /home/locobot/locobot_ws/install/create3_examples_msgs/include/create3_examples_msgs/create3_examples_msgs/action/detail
[1.097s] -- Up-to-date: /home/locobot/locobot_ws/install/create3_examples_msgs/include/create3_examples_msgs/create3_examples_msgs/action/detail/coverage__rosidl_typesupport_fastrtps_c.h
[1.097s] -- Up-to-date: /home/locobot/locobot_ws/install/create3_examples_msgs/include/create3_examples_msgs/create3_examples_msgs/msg
[1.097s] -- Up-to-date: /home/locobot/locobot_ws/install/create3_examples_msgs/include/create3_examples_msgs/create3_examples_msgs/msg/rosidl_typesupport_fastrtps_c__visibility_control.h
[1.098s] -- Up-to-date: /home/locobot/locobot_ws/install/create3_examples_msgs/lib/libcreate3_examples_msgs__rosidl_typesupport_fastrtps_c.so
[1.098s] -- Up-to-date: /home/locobot/locobot_ws/install/create3_examples_msgs/include/create3_examples_msgs/create3_examples_msgs
[1.098s] -- Up-to-date: /home/locobot/locobot_ws/install/create3_examples_msgs/include/create3_examples_msgs/create3_examples_msgs/action
[1.098s] -- Up-to-date: /home/locobot/locobot_ws/install/create3_examples_msgs/include/create3_examples_msgs/create3_examples_msgs/action/detail
[1.098s] -- Up-to-date: /home/locobot/locobot_ws/install/create3_examples_msgs/include/create3_examples_msgs/create3_examples_msgs/action/detail/coverage__type_support.c
[1.098s] -- Up-to-date: /home/locobot/locobot_ws/install/create3_examples_msgs/include/create3_examples_msgs/create3_examples_msgs/action/detail/coverage__rosidl_typesupport_introspection_c.h
[1.098s] -- Up-to-date: /home/locobot/locobot_ws/install/create3_examples_msgs/include/create3_examples_msgs/create3_examples_msgs/msg
[1.099s] -- Up-to-date: /home/locobot/locobot_ws/install/create3_examples_msgs/include/create3_examples_msgs/create3_examples_msgs/msg/rosidl_typesupport_introspection_c__visibility_control.h
[1.099s] -- Up-to-date: /home/locobot/locobot_ws/install/create3_examples_msgs/lib/libcreate3_examples_msgs__rosidl_typesupport_introspection_c.so
[1.099s] -- Up-to-date: /home/locobot/locobot_ws/install/create3_examples_msgs/lib/libcreate3_examples_msgs__rosidl_typesupport_c.so
[1.099s] -- Up-to-date: /home/locobot/locobot_ws/install/create3_examples_msgs/include/create3_examples_msgs/create3_examples_msgs
[1.099s] -- Up-to-date: /home/locobot/locobot_ws/install/create3_examples_msgs/include/create3_examples_msgs/create3_examples_msgs/action
[1.099s] -- Up-to-date: /home/locobot/locobot_ws/install/create3_examples_msgs/include/create3_examples_msgs/create3_examples_msgs/action/detail
[1.099s] -- Up-to-date: /home/locobot/locobot_ws/install/create3_examples_msgs/include/create3_examples_msgs/create3_examples_msgs/action/detail/coverage__builder.hpp
[1.099s] -- Up-to-date: /home/locobot/locobot_ws/install/create3_examples_msgs/include/create3_examples_msgs/create3_examples_msgs/action/detail/coverage__struct.hpp
[1.099s] -- Up-to-date: /home/locobot/locobot_ws/install/create3_examples_msgs/include/create3_examples_msgs/create3_examples_msgs/action/detail/coverage__traits.hpp
[1.099s] -- Up-to-date: /home/locobot/locobot_ws/install/create3_examples_msgs/include/create3_examples_msgs/create3_examples_msgs/action/coverage.hpp
[1.100s] -- Up-to-date: /home/locobot/locobot_ws/install/create3_examples_msgs/include/create3_examples_msgs/create3_examples_msgs
[1.100s] -- Up-to-date: /home/locobot/locobot_ws/install/create3_examples_msgs/include/create3_examples_msgs/create3_examples_msgs/action
[1.100s] -- Up-to-date: /home/locobot/locobot_ws/install/create3_examples_msgs/include/create3_examples_msgs/create3_examples_msgs/action/detail
[1.100s] -- Up-to-date: /home/locobot/locobot_ws/install/create3_examples_msgs/include/create3_examples_msgs/create3_examples_msgs/action/detail/dds_fastrtps
[1.100s] -- Up-to-date: /home/locobot/locobot_ws/install/create3_examples_msgs/include/create3_examples_msgs/create3_examples_msgs/action/detail/coverage__rosidl_typesupport_fastrtps_cpp.hpp
[1.100s] -- Up-to-date: /home/locobot/locobot_ws/install/create3_examples_msgs/include/create3_examples_msgs/create3_examples_msgs/msg
[1.100s] -- Up-to-date: /home/locobot/locobot_ws/install/create3_examples_msgs/include/create3_examples_msgs/create3_examples_msgs/msg/rosidl_typesupport_fastrtps_cpp__visibility_control.h
[1.100s] -- Up-to-date: /home/locobot/locobot_ws/install/create3_examples_msgs/lib/libcreate3_examples_msgs__rosidl_typesupport_fastrtps_cpp.so
[1.100s] -- Up-to-date: /home/locobot/locobot_ws/install/create3_examples_msgs/include/create3_examples_msgs/create3_examples_msgs
[1.100s] -- Up-to-date: /home/locobot/locobot_ws/install/create3_examples_msgs/include/create3_examples_msgs/create3_examples_msgs/action
[1.100s] -- Up-to-date: /home/locobot/locobot_ws/install/create3_examples_msgs/include/create3_examples_msgs/create3_examples_msgs/action/detail
[1.101s] -- Up-to-date: /home/locobot/locobot_ws/install/create3_examples_msgs/include/create3_examples_msgs/create3_examples_msgs/action/detail/coverage__type_support.cpp
[1.101s] -- Up-to-date: /home/locobot/locobot_ws/install/create3_examples_msgs/include/create3_examples_msgs/create3_examples_msgs/action/detail/coverage__rosidl_typesupport_introspection_cpp.hpp
[1.101s] -- Up-to-date: /home/locobot/locobot_ws/install/create3_examples_msgs/lib/libcreate3_examples_msgs__rosidl_typesupport_introspection_cpp.so
[1.101s] -- Up-to-date: /home/locobot/locobot_ws/install/create3_examples_msgs/lib/libcreate3_examples_msgs__rosidl_typesupport_cpp.so
[1.101s] -- Up-to-date: /home/locobot/locobot_ws/install/create3_examples_msgs/share/create3_examples_msgs/environment/pythonpath.sh
[1.101s] -- Up-to-date: /home/locobot/locobot_ws/install/create3_examples_msgs/share/create3_examples_msgs/environment/pythonpath.dsv
[1.101s] -- Up-to-date: /home/locobot/locobot_ws/install/create3_examples_msgs/local/lib/python3.10/dist-packages/create3_examples_msgs-0.0.1-py3.10.egg-info
[1.101s] -- Installing: /home/locobot/locobot_ws/install/create3_examples_msgs/local/lib/python3.10/dist-packages/create3_examples_msgs-0.0.1-py3.10.egg-info/dependency_links.txt
[1.101s] -- Installing: /home/locobot/locobot_ws/install/create3_examples_msgs/local/lib/python3.10/dist-packages/create3_examples_msgs-0.0.1-py3.10.egg-info/top_level.txt
[1.101s] -- Installing: /home/locobot/locobot_ws/install/create3_examples_msgs/local/lib/python3.10/dist-packages/create3_examples_msgs-0.0.1-py3.10.egg-info/SOURCES.txt
[1.101s] -- Installing: /home/locobot/locobot_ws/install/create3_examples_msgs/local/lib/python3.10/dist-packages/create3_examples_msgs-0.0.1-py3.10.egg-info/PKG-INFO
[1.102s] -- Up-to-date: /home/locobot/locobot_ws/install/create3_examples_msgs/local/lib/python3.10/dist-packages/create3_examples_msgs
[1.102s] -- Up-to-date: /home/locobot/locobot_ws/install/create3_examples_msgs/local/lib/python3.10/dist-packages/create3_examples_msgs/create3_examples_msgs_s__rosidl_typesupport_c.cpython-310-x86_64-linux-gnu.so
[1.102s] -- Up-to-date: /home/locobot/locobot_ws/install/create3_examples_msgs/local/lib/python3.10/dist-packages/create3_examples_msgs/_create3_examples_msgs_s.ep.rosidl_typesupport_c.c
[1.102s] -- Up-to-date: /home/locobot/locobot_ws/install/create3_examples_msgs/local/lib/python3.10/dist-packages/create3_examples_msgs/action
[1.102s] -- Up-to-date: /home/locobot/locobot_ws/install/create3_examples_msgs/local/lib/python3.10/dist-packages/create3_examples_msgs/action/_coverage.py
[1.103s] -- Up-to-date: /home/locobot/locobot_ws/install/create3_examples_msgs/local/lib/python3.10/dist-packages/create3_examples_msgs/action/__init__.py
[1.103s] -- Up-to-date: /home/locobot/locobot_ws/install/create3_examples_msgs/local/lib/python3.10/dist-packages/create3_examples_msgs/action/_coverage_s.c
[1.103s] -- Up-to-date: /home/locobot/locobot_ws/install/create3_examples_msgs/local/lib/python3.10/dist-packages/create3_examples_msgs/_create3_examples_msgs_s.ep.rosidl_typesupport_introspection_c.c
[1.103s] -- Up-to-date: /home/locobot/locobot_ws/install/create3_examples_msgs/local/lib/python3.10/dist-packages/create3_examples_msgs/_create3_examples_msgs_s.ep.rosidl_typesupport_fastrtps_c.c
[1.103s] -- Up-to-date: /home/locobot/locobot_ws/install/create3_examples_msgs/local/lib/python3.10/dist-packages/create3_examples_msgs/__init__.py
[1.103s] -- Up-to-date: /home/locobot/locobot_ws/install/create3_examples_msgs/local/lib/python3.10/dist-packages/create3_examples_msgs/libcreate3_examples_msgs__rosidl_generator_py.so
[1.103s] -- Up-to-date: /home/locobot/locobot_ws/install/create3_examples_msgs/local/lib/python3.10/dist-packages/create3_examples_msgs/create3_examples_msgs_s__rosidl_typesupport_fastrtps_c.cpython-310-x86_64-linux-gnu.so
[1.103s] -- Up-to-date: /home/locobot/locobot_ws/install/create3_examples_msgs/local/lib/python3.10/dist-packages/create3_examples_msgs/create3_examples_msgs_s__rosidl_typesupport_introspection_c.cpython-310-x86_64-linux-gnu.so
[1.149s] Listing '/home/locobot/locobot_ws/install/create3_examples_msgs/local/lib/python3.10/dist-packages/create3_examples_msgs'...
[1.149s] Listing '/home/locobot/locobot_ws/install/create3_examples_msgs/local/lib/python3.10/dist-packages/create3_examples_msgs/action'...
[1.156s] -- Up-to-date: /home/locobot/locobot_ws/install/create3_examples_msgs/local/lib/python3.10/dist-packages/create3_examples_msgs/create3_examples_msgs_s__rosidl_typesupport_fastrtps_c.cpython-310-x86_64-linux-gnu.so
[1.156s] -- Up-to-date: /home/locobot/locobot_ws/install/create3_examples_msgs/local/lib/python3.10/dist-packages/create3_examples_msgs/create3_examples_msgs_s__rosidl_typesupport_introspection_c.cpython-310-x86_64-linux-gnu.so
[1.157s] -- Up-to-date: /home/locobot/locobot_ws/install/create3_examples_msgs/local/lib/python3.10/dist-packages/create3_examples_msgs/create3_examples_msgs_s__rosidl_typesupport_c.cpython-310-x86_64-linux-gnu.so
[1.157s] -- Up-to-date: /home/locobot/locobot_ws/install/create3_examples_msgs/lib/libcreate3_examples_msgs__rosidl_generator_py.so
[1.157s] -- Up-to-date: /home/locobot/locobot_ws/install/create3_examples_msgs/share/create3_examples_msgs/action/Coverage.idl
[1.157s] -- Up-to-date: /home/locobot/locobot_ws/install/create3_examples_msgs/share/create3_examples_msgs/action/Coverage.action
[1.157s] -- Up-to-date: /home/locobot/locobot_ws/install/create3_examples_msgs/share/ament_index/resource_index/package_run_dependencies/create3_examples_msgs
[1.158s] -- Up-to-date: /home/locobot/locobot_ws/install/create3_examples_msgs/share/ament_index/resource_index/parent_prefix_path/create3_examples_msgs
[1.158s] -- Up-to-date: /home/locobot/locobot_ws/install/create3_examples_msgs/share/create3_examples_msgs/environment/ament_prefix_path.sh
[1.158s] -- Up-to-date: /home/locobot/locobot_ws/install/create3_examples_msgs/share/create3_examples_msgs/environment/ament_prefix_path.dsv
[1.158s] -- Up-to-date: /home/locobot/locobot_ws/install/create3_examples_msgs/share/create3_examples_msgs/environment/path.sh
[1.158s] -- Up-to-date: /home/locobot/locobot_ws/install/create3_examples_msgs/share/create3_examples_msgs/environment/path.dsv
[1.158s] -- Up-to-date: /home/locobot/locobot_ws/install/create3_examples_msgs/share/create3_examples_msgs/local_setup.bash
[1.158s] -- Up-to-date: /home/locobot/locobot_ws/install/create3_examples_msgs/share/create3_examples_msgs/local_setup.sh
[1.159s] -- Up-to-date: /home/locobot/locobot_ws/install/create3_examples_msgs/share/create3_examples_msgs/local_setup.zsh
[1.160s] -- Up-to-date: /home/locobot/locobot_ws/install/create3_examples_msgs/share/create3_examples_msgs/local_setup.dsv
[1.160s] -- Installing: /home/locobot/locobot_ws/install/create3_examples_msgs/share/create3_examples_msgs/package.dsv
[1.160s] -- Up-to-date: /home/locobot/locobot_ws/install/create3_examples_msgs/share/ament_index/resource_index/packages/create3_examples_msgs
[1.161s] -- Up-to-date: /home/locobot/locobot_ws/install/create3_examples_msgs/share/create3_examples_msgs/cmake/export_create3_examples_msgs__rosidl_generator_cExport.cmake
[1.162s] -- Up-to-date: /home/locobot/locobot_ws/install/create3_examples_msgs/share/create3_examples_msgs/cmake/export_create3_examples_msgs__rosidl_generator_cExport-noconfig.cmake
[1.162s] -- Up-to-date: /home/locobot/locobot_ws/install/create3_examples_msgs/share/create3_examples_msgs/cmake/export_create3_examples_msgs__rosidl_typesupport_fastrtps_cExport.cmake
[1.162s] -- Up-to-date: /home/locobot/locobot_ws/install/create3_examples_msgs/share/create3_examples_msgs/cmake/export_create3_examples_msgs__rosidl_typesupport_fastrtps_cExport-noconfig.cmake
[1.162s] -- Up-to-date: /home/locobot/locobot_ws/install/create3_examples_msgs/share/create3_examples_msgs/cmake/create3_examples_msgs__rosidl_typesupport_introspection_cExport.cmake
[1.162s] -- Up-to-date: /home/locobot/locobot_ws/install/create3_examples_msgs/share/create3_examples_msgs/cmake/create3_examples_msgs__rosidl_typesupport_introspection_cExport-noconfig.cmake
[1.162s] -- Up-to-date: /home/locobot/locobot_ws/install/create3_examples_msgs/share/create3_examples_msgs/cmake/create3_examples_msgs__rosidl_typesupport_cExport.cmake
[1.162s] -- Up-to-date: /home/locobot/locobot_ws/install/create3_examples_msgs/share/create3_examples_msgs/cmake/create3_examples_msgs__rosidl_typesupport_cExport-noconfig.cmake
[1.162s] -- Up-to-date: /home/locobot/locobot_ws/install/create3_examples_msgs/share/create3_examples_msgs/cmake/export_create3_examples_msgs__rosidl_generator_cppExport.cmake
[1.162s] -- Up-to-date: /home/locobot/locobot_ws/install/create3_examples_msgs/share/create3_examples_msgs/cmake/export_create3_examples_msgs__rosidl_typesupport_fastrtps_cppExport.cmake
[1.162s] -- Up-to-date: /home/locobot/locobot_ws/install/create3_examples_msgs/share/create3_examples_msgs/cmake/export_create3_examples_msgs__rosidl_typesupport_fastrtps_cppExport-noconfig.cmake
[1.163s] -- Up-to-date: /home/locobot/locobot_ws/install/create3_examples_msgs/share/create3_examples_msgs/cmake/create3_examples_msgs__rosidl_typesupport_introspection_cppExport.cmake
[1.163s] -- Up-to-date: /home/locobot/locobot_ws/install/create3_examples_msgs/share/create3_examples_msgs/cmake/create3_examples_msgs__rosidl_typesupport_introspection_cppExport-noconfig.cmake
[1.163s] -- Up-to-date: /home/locobot/locobot_ws/install/create3_examples_msgs/share/create3_examples_msgs/cmake/create3_examples_msgs__rosidl_typesupport_cppExport.cmake
[1.163s] -- Up-to-date: /home/locobot/locobot_ws/install/create3_examples_msgs/share/create3_examples_msgs/cmake/create3_examples_msgs__rosidl_typesupport_cppExport-noconfig.cmake
[1.163s] -- Up-to-date: /home/locobot/locobot_ws/install/create3_examples_msgs/share/create3_examples_msgs/cmake/export_create3_examples_msgs__rosidl_generator_pyExport.cmake
[1.163s] -- Up-to-date: /home/locobot/locobot_ws/install/create3_examples_msgs/share/create3_examples_msgs/cmake/export_create3_examples_msgs__rosidl_generator_pyExport-noconfig.cmake
[1.163s] -- Up-to-date: /home/locobot/locobot_ws/install/create3_examples_msgs/share/create3_examples_msgs/cmake/rosidl_cmake-extras.cmake
[1.163s] -- Up-to-date: /home/locobot/locobot_ws/install/create3_examples_msgs/share/create3_examples_msgs/cmake/ament_cmake_export_dependencies-extras.cmake
[1.163s] -- Up-to-date: /home/locobot/locobot_ws/install/create3_examples_msgs/share/create3_examples_msgs/cmake/ament_cmake_export_include_directories-extras.cmake
[1.163s] -- Up-to-date: /home/locobot/locobot_ws/install/create3_examples_msgs/share/create3_examples_msgs/cmake/ament_cmake_export_libraries-extras.cmake
[1.164s] -- Up-to-date: /home/locobot/locobot_ws/install/create3_examples_msgs/share/create3_examples_msgs/cmake/ament_cmake_export_targets-extras.cmake
[1.164s] -- Up-to-date: /home/locobot/locobot_ws/install/create3_examples_msgs/share/create3_examples_msgs/cmake/rosidl_cmake_export_typesupport_targets-extras.cmake
[1.164s] -- Up-to-date: /home/locobot/locobot_ws/install/create3_examples_msgs/share/create3_examples_msgs/cmake/rosidl_cmake_export_typesupport_libraries-extras.cmake
[1.164s] -- Up-to-date: /home/locobot/locobot_ws/install/create3_examples_msgs/share/create3_examples_msgs/cmake/create3_examples_msgsConfig.cmake
[1.164s] -- Up-to-date: /home/locobot/locobot_ws/install/create3_examples_msgs/share/create3_examples_msgs/cmake/create3_examples_msgsConfig-version.cmake
[1.164s] -- Up-to-date: /home/locobot/locobot_ws/install/create3_examples_msgs/share/create3_examples_msgs/package.xml
[1.166s] Invoked command in '/home/locobot/locobot_ws/build/create3_examples_msgs' returned '0': CMAKE_PREFIX_PATH=${CMAKE_PREFIX_PATH}:/home/locobot/interbotix_ws/install/interbotix_xslocobot_control:/home/locobot/interbotix_ws/install/interbotix_xs_modules:/home/locobot/interbotix_ws/install/interbotix_perception_modules:/home/locobot/interbotix_ws/install/interbotix_common_modules:/opt/ros/humble /usr/bin/cmake --install /home/locobot/locobot_ws/build/create3_examples_msgs
