[0.866s] Invoking command in '/home/locobot/locobot_ws/src/create3_examples/create3_teleop': PYTHONPATH=/home/locobot/locobot_ws/build/create3_teleop/prefix_override:/home/locobot/locobot_ws/install/create3_teleop/lib/python3.10/site-packages:${PYTHONPATH} /usr/bin/python3 -W ignore:setup.py install is deprecated setup.py egg_info --egg-base ../../../build/create3_teleop build --build-base /home/locobot/locobot_ws/build/create3_teleop/build install --record /home/locobot/locobot_ws/build/create3_teleop/install.log --single-version-externally-managed install_data
[1.174s] running egg_info
[1.175s] creating ../../../build/create3_teleop/create3_teleop.egg-info
[1.175s] writing ../../../build/create3_teleop/create3_teleop.egg-info/PKG-INFO
[1.175s] writing dependency_links to ../../../build/create3_teleop/create3_teleop.egg-info/dependency_links.txt
[1.175s] writing requirements to ../../../build/create3_teleop/create3_teleop.egg-info/requires.txt
[1.175s] writing top-level names to ../../../build/create3_teleop/create3_teleop.egg-info/top_level.txt
[1.175s] writing manifest file '../../../build/create3_teleop/create3_teleop.egg-info/SOURCES.txt'
[1.176s] reading manifest file '../../../build/create3_teleop/create3_teleop.egg-info/SOURCES.txt'
[1.177s] writing manifest file '../../../build/create3_teleop/create3_teleop.egg-info/SOURCES.txt'
[1.177s] running build
[1.177s] running install
[1.177s] running install_data
[1.177s] creating /home/locobot/locobot_ws/install/create3_teleop/share/ament_index
[1.177s] creating /home/locobot/locobot_ws/install/create3_teleop/share/ament_index/resource_index
[1.177s] creating /home/locobot/locobot_ws/install/create3_teleop/share/ament_index/resource_index/packages
[1.178s] copying resource/create3_teleop -> /home/locobot/locobot_ws/install/create3_teleop/share/ament_index/resource_index/packages
[1.178s] copying package.xml -> /home/locobot/locobot_ws/install/create3_teleop/share/create3_teleop
[1.178s] creating /home/locobot/locobot_ws/install/create3_teleop/share/create3_teleop/launch
[1.178s] copying launch/teleop_joystick_launch.py -> /home/locobot/locobot_ws/install/create3_teleop/share/create3_teleop/launch
[1.178s] running install_egg_info
[1.180s] Copying ../../../build/create3_teleop/create3_teleop.egg-info to /home/locobot/locobot_ws/install/create3_teleop/lib/python3.10/site-packages/create3_teleop-0.0.1-py3.10.egg-info
[1.181s] running install_scripts
[1.206s] writing list of installed files to '/home/locobot/locobot_ws/build/create3_teleop/install.log'
[1.250s] Invoked command in '/home/locobot/locobot_ws/src/create3_examples/create3_teleop' returned '0': PYTHONPATH=/home/locobot/locobot_ws/build/create3_teleop/prefix_override:/home/locobot/locobot_ws/install/create3_teleop/lib/python3.10/site-packages:${PYTHONPATH} /usr/bin/python3 -W ignore:setup.py install is deprecated setup.py egg_info --egg-base ../../../build/create3_teleop build --build-base /home/locobot/locobot_ws/build/create3_teleop/build install --record /home/locobot/locobot_ws/build/create3_teleop/install.log --single-version-externally-managed install_data
