[0.012s] Invoking command in '/home/locobot/locobot_ws/build/realsense2_camera_msgs': /usr/bin/cmake /home/locobot/locobot_ws/src/realsense-ros/realsense2_camera_msgs -DCMAKE_INSTALL_PREFIX=/home/locobot/locobot_ws/install/realsense2_camera_msgs
[0.090s] -- The C compiler identification is GNU 11.4.0
[0.174s] -- The CXX compiler identification is GNU 11.4.0
[0.184s] -- Detecting C compiler ABI info
[0.274s] -- Detecting C compiler ABI info - done
[0.289s] -- Check for working C compiler: /usr/bin/cc - skipped
[0.290s] -- Detecting C compile features
[0.291s] -- Detecting C compile features - done
[0.297s] -- Detecting CXX compiler ABI info
[0.408s] -- Detecting CXX compiler ABI info - done
[0.428s] -- Check for working CXX compiler: /usr/bin/c++ - skipped
[0.429s] -- Detecting CXX compile features
[0.429s] -- Detecting CXX compile features - done
[0.442s] [31mCMake Error at CMakeLists.txt:27 (find_package):
[0.442s]   By not providing "Findament_cmake.cmake" in CMAKE_MODULE_PATH this project
[0.442s]   has asked CMake to find a package configuration file provided by
[0.442s]   "ament_cmake", but CMake did not find one.
[0.442s] 
[0.442s]   Could not find a package configuration file provided by "ament_cmake" with
[0.442s]   any of the following names:
[0.442s] 
[0.443s]     ament_cmakeConfig.cmake
[0.443s]     ament_cmake-config.cmake
[0.443s] 
[0.443s]   Add the installation prefix of "ament_cmake" to CMAKE_PREFIX_PATH or set
[0.443s]   "ament_cmake_DIR" to a directory containing one of the above files.  If
[0.443s]   "ament_cmake" provides a separate development package or SDK, be sure it
[0.443s]   has been installed.
[0.443s] 
[0.443s] -- Configuring incomplete, errors occurred!
[0.444s] See also "/home/locobot/locobot_ws/build/realsense2_camera_msgs/CMakeFiles/CMakeOutput.log".
[0.444s] [0m
[0.450s] Invoked command in '/home/locobot/locobot_ws/build/realsense2_camera_msgs' returned '1': /usr/bin/cmake /home/locobot/locobot_ws/src/realsense-ros/realsense2_camera_msgs -DCMAKE_INSTALL_PREFIX=/home/locobot/locobot_ws/install/realsense2_camera_msgs
