[0.051s] Invoking command in '/home/locobot/locobot_ws/build/create3_examples_msgs': CMAKE_PREFIX_PATH=${CMAKE_PREFIX_PATH}:/home/locobot/locobot_ws/install/yolov8_ros:/home/locobot/locobot_ws/install/detection:/home/locobot/locobot_ws/install/yolov5_ros:/home/locobot/locobot_ws/install/locobot_move:/home/locobot/locobot_ws/install/create3_teleop:/home/locobot/locobot_ws/install/create3_examples_py:/home/locobot/interbotix_ws/install/interbotix_xslocobot_control:/home/locobot/interbotix_ws/install/interbotix_xs_modules:/home/locobot/interbotix_ws/install/interbotix_perception_modules:/home/locobot/interbotix_ws/install/interbotix_common_modules:/opt/ros/humble /usr/bin/cmake --build /home/locobot/locobot_ws/build/create3_examples_msgs -- -j4 -l4
[0.264s] [  9%] Built target create3_examples_msgs__rosidl_generator_c
[0.264s] [ 12%] Built target create3_examples_msgs__cpp
[0.436s] [ 12%] Built target ament_cmake_python_copy_create3_examples_msgs
[0.442s] [ 22%] Built target create3_examples_msgs__rosidl_typesupport_fastrtps_c
[0.506s] [ 32%] Built target create3_examples_msgs__rosidl_typesupport_introspection_c
[0.520s] [ 41%] Built target create3_examples_msgs__rosidl_typesupport_c
[0.595s] [ 51%] Built target create3_examples_msgs__rosidl_typesupport_fastrtps_cpp
[0.715s] [ 61%] Built target create3_examples_msgs__rosidl_typesupport_introspection_cpp
[0.729s] [ 70%] Built target create3_examples_msgs__rosidl_typesupport_cpp
[0.856s] [ 70%] Built target create3_examples_msgs
[1.005s] [ 74%] Built target create3_examples_msgs__py
[1.168s] [ 80%] Built target create3_examples_msgs__rosidl_generator_py
[1.284s] [ 87%] Built target create3_examples_msgs__rosidl_typesupport_fastrtps_c__pyext
[1.308s] [ 93%] Built target create3_examples_msgs__rosidl_typesupport_introspection_c__pyext
[1.366s] [100%] Built target create3_examples_msgs__rosidl_typesupport_c__pyext
[1.489s] running egg_info
[1.490s] writing create3_examples_msgs.egg-info/PKG-INFO
[1.490s] writing dependency_links to create3_examples_msgs.egg-info/dependency_links.txt
[1.491s] writing top-level names to create3_examples_msgs.egg-info/top_level.txt
[1.502s] reading manifest file 'create3_examples_msgs.egg-info/SOURCES.txt'
[1.502s] writing manifest file 'create3_examples_msgs.egg-info/SOURCES.txt'
[1.574s] [100%] Built target ament_cmake_python_build_create3_examples_msgs_egg
[1.611s] Invoked command in '/home/locobot/locobot_ws/build/create3_examples_msgs' returned '0': CMAKE_PREFIX_PATH=${CMAKE_PREFIX_PATH}:/home/locobot/locobot_ws/install/yolov8_ros:/home/locobot/locobot_ws/install/detection:/home/locobot/locobot_ws/install/yolov5_ros:/home/locobot/locobot_ws/install/locobot_move:/home/locobot/locobot_ws/install/create3_teleop:/home/locobot/locobot_ws/install/create3_examples_py:/home/locobot/interbotix_ws/install/interbotix_xslocobot_control:/home/locobot/interbotix_ws/install/interbotix_xs_modules:/home/locobot/interbotix_ws/install/interbotix_perception_modules:/home/locobot/interbotix_ws/install/interbotix_common_modules:/opt/ros/humble /usr/bin/cmake --build /home/locobot/locobot_ws/build/create3_examples_msgs -- -j4 -l4
[1.828s] Invoking command in '/home/locobot/locobot_ws/build/create3_examples_msgs': CMAKE_PREFIX_PATH=${CMAKE_PREFIX_PATH}:/home/locobot/locobot_ws/install/yolov8_ros:/home/locobot/locobot_ws/install/detection:/home/locobot/locobot_ws/install/yolov5_ros:/home/locobot/locobot_ws/install/locobot_move:/home/locobot/locobot_ws/install/create3_teleop:/home/locobot/locobot_ws/install/create3_examples_py:/home/locobot/interbotix_ws/install/interbotix_xslocobot_control:/home/locobot/interbotix_ws/install/interbotix_xs_modules:/home/locobot/interbotix_ws/install/interbotix_perception_modules:/home/locobot/interbotix_ws/install/interbotix_common_modules:/opt/ros/humble /usr/bin/cmake --install /home/locobot/locobot_ws/build/create3_examples_msgs
[1.845s] -- Install configuration: ""
[1.845s] -- Up-to-date: /home/locobot/locobot_ws/install/create3_examples_msgs/share/ament_index/resource_index/rosidl_interfaces/create3_examples_msgs
[1.845s] -- Up-to-date: /home/locobot/locobot_ws/install/create3_examples_msgs/include/create3_examples_msgs/create3_examples_msgs
[1.845s] -- Up-to-date: /home/locobot/locobot_ws/install/create3_examples_msgs/include/create3_examples_msgs/create3_examples_msgs/action
[1.845s] -- Up-to-date: /home/locobot/locobot_ws/install/create3_examples_msgs/include/create3_examples_msgs/create3_examples_msgs/action/coverage.h
[1.845s] -- Up-to-date: /home/locobot/locobot_ws/install/create3_examples_msgs/include/create3_examples_msgs/create3_examples_msgs/action/detail
[1.845s] -- Up-to-date: /home/locobot/locobot_ws/install/create3_examples_msgs/include/create3_examples_msgs/create3_examples_msgs/action/detail/coverage__functions.c
[1.846s] -- Up-to-date: /home/locobot/locobot_ws/install/create3_examples_msgs/include/create3_examples_msgs/create3_examples_msgs/action/detail/coverage__type_support.h
[1.846s] -- Up-to-date: /home/locobot/locobot_ws/install/create3_examples_msgs/include/create3_examples_msgs/create3_examples_msgs/action/detail/coverage__functions.h
[1.846s] -- Up-to-date: /home/locobot/locobot_ws/install/create3_examples_msgs/include/create3_examples_msgs/create3_examples_msgs/action/detail/coverage__struct.h
[1.846s] -- Up-to-date: /home/locobot/locobot_ws/install/create3_examples_msgs/include/create3_examples_msgs/create3_examples_msgs/msg
[1.846s] -- Up-to-date: /home/locobot/locobot_ws/install/create3_examples_msgs/include/create3_examples_msgs/create3_examples_msgs/msg/rosidl_generator_c__visibility_control.h
[1.846s] -- Up-to-date: /home/locobot/locobot_ws/install/create3_examples_msgs/share/create3_examples_msgs/environment/library_path.sh
[1.846s] -- Up-to-date: /home/locobot/locobot_ws/install/create3_examples_msgs/share/create3_examples_msgs/environment/library_path.dsv
[1.846s] -- Up-to-date: /home/locobot/locobot_ws/install/create3_examples_msgs/lib/libcreate3_examples_msgs__rosidl_generator_c.so
[1.846s] -- Up-to-date: /home/locobot/locobot_ws/install/create3_examples_msgs/include/create3_examples_msgs/create3_examples_msgs
[1.847s] -- Up-to-date: /home/locobot/locobot_ws/install/create3_examples_msgs/include/create3_examples_msgs/create3_examples_msgs/action
[1.847s] -- Up-to-date: /home/locobot/locobot_ws/install/create3_examples_msgs/include/create3_examples_msgs/create3_examples_msgs/action/detail
[1.847s] -- Up-to-date: /home/locobot/locobot_ws/install/create3_examples_msgs/include/create3_examples_msgs/create3_examples_msgs/action/detail/coverage__rosidl_typesupport_fastrtps_c.h
[1.847s] -- Up-to-date: /home/locobot/locobot_ws/install/create3_examples_msgs/include/create3_examples_msgs/create3_examples_msgs/msg
[1.847s] -- Up-to-date: /home/locobot/locobot_ws/install/create3_examples_msgs/include/create3_examples_msgs/create3_examples_msgs/msg/rosidl_typesupport_fastrtps_c__visibility_control.h
[1.847s] -- Up-to-date: /home/locobot/locobot_ws/install/create3_examples_msgs/lib/libcreate3_examples_msgs__rosidl_typesupport_fastrtps_c.so
[1.847s] -- Up-to-date: /home/locobot/locobot_ws/install/create3_examples_msgs/include/create3_examples_msgs/create3_examples_msgs
[1.847s] -- Up-to-date: /home/locobot/locobot_ws/install/create3_examples_msgs/include/create3_examples_msgs/create3_examples_msgs/action
[1.847s] -- Up-to-date: /home/locobot/locobot_ws/install/create3_examples_msgs/include/create3_examples_msgs/create3_examples_msgs/action/detail
[1.847s] -- Up-to-date: /home/locobot/locobot_ws/install/create3_examples_msgs/include/create3_examples_msgs/create3_examples_msgs/action/detail/coverage__type_support.c
[1.848s] -- Up-to-date: /home/locobot/locobot_ws/install/create3_examples_msgs/include/create3_examples_msgs/create3_examples_msgs/action/detail/coverage__rosidl_typesupport_introspection_c.h
[1.848s] -- Up-to-date: /home/locobot/locobot_ws/install/create3_examples_msgs/include/create3_examples_msgs/create3_examples_msgs/msg
[1.848s] -- Up-to-date: /home/locobot/locobot_ws/install/create3_examples_msgs/include/create3_examples_msgs/create3_examples_msgs/msg/rosidl_typesupport_introspection_c__visibility_control.h
[1.848s] -- Up-to-date: /home/locobot/locobot_ws/install/create3_examples_msgs/lib/libcreate3_examples_msgs__rosidl_typesupport_introspection_c.so
[1.848s] -- Up-to-date: /home/locobot/locobot_ws/install/create3_examples_msgs/lib/libcreate3_examples_msgs__rosidl_typesupport_c.so
[1.848s] -- Up-to-date: /home/locobot/locobot_ws/install/create3_examples_msgs/include/create3_examples_msgs/create3_examples_msgs
[1.848s] -- Up-to-date: /home/locobot/locobot_ws/install/create3_examples_msgs/include/create3_examples_msgs/create3_examples_msgs/action
[1.848s] -- Up-to-date: /home/locobot/locobot_ws/install/create3_examples_msgs/include/create3_examples_msgs/create3_examples_msgs/action/detail
[1.849s] -- Up-to-date: /home/locobot/locobot_ws/install/create3_examples_msgs/include/create3_examples_msgs/create3_examples_msgs/action/detail/coverage__builder.hpp
[1.849s] -- Up-to-date: /home/locobot/locobot_ws/install/create3_examples_msgs/include/create3_examples_msgs/create3_examples_msgs/action/detail/coverage__struct.hpp
[1.849s] -- Up-to-date: /home/locobot/locobot_ws/install/create3_examples_msgs/include/create3_examples_msgs/create3_examples_msgs/action/detail/coverage__traits.hpp
[1.849s] -- Up-to-date: /home/locobot/locobot_ws/install/create3_examples_msgs/include/create3_examples_msgs/create3_examples_msgs/action/coverage.hpp
[1.849s] -- Up-to-date: /home/locobot/locobot_ws/install/create3_examples_msgs/include/create3_examples_msgs/create3_examples_msgs
[1.849s] -- Up-to-date: /home/locobot/locobot_ws/install/create3_examples_msgs/include/create3_examples_msgs/create3_examples_msgs/action
[1.849s] -- Up-to-date: /home/locobot/locobot_ws/install/create3_examples_msgs/include/create3_examples_msgs/create3_examples_msgs/action/detail
[1.849s] -- Up-to-date: /home/locobot/locobot_ws/install/create3_examples_msgs/include/create3_examples_msgs/create3_examples_msgs/action/detail/dds_fastrtps
[1.849s] -- Up-to-date: /home/locobot/locobot_ws/install/create3_examples_msgs/include/create3_examples_msgs/create3_examples_msgs/action/detail/coverage__rosidl_typesupport_fastrtps_cpp.hpp
[1.850s] -- Up-to-date: /home/locobot/locobot_ws/install/create3_examples_msgs/include/create3_examples_msgs/create3_examples_msgs/msg
[1.850s] -- Up-to-date: /home/locobot/locobot_ws/install/create3_examples_msgs/include/create3_examples_msgs/create3_examples_msgs/msg/rosidl_typesupport_fastrtps_cpp__visibility_control.h
[1.850s] -- Up-to-date: /home/locobot/locobot_ws/install/create3_examples_msgs/lib/libcreate3_examples_msgs__rosidl_typesupport_fastrtps_cpp.so
[1.850s] -- Up-to-date: /home/locobot/locobot_ws/install/create3_examples_msgs/include/create3_examples_msgs/create3_examples_msgs
[1.850s] -- Up-to-date: /home/locobot/locobot_ws/install/create3_examples_msgs/include/create3_examples_msgs/create3_examples_msgs/action
[1.850s] -- Up-to-date: /home/locobot/locobot_ws/install/create3_examples_msgs/include/create3_examples_msgs/create3_examples_msgs/action/detail
[1.850s] -- Up-to-date: /home/locobot/locobot_ws/install/create3_examples_msgs/include/create3_examples_msgs/create3_examples_msgs/action/detail/coverage__type_support.cpp
[1.851s] -- Up-to-date: /home/locobot/locobot_ws/install/create3_examples_msgs/include/create3_examples_msgs/create3_examples_msgs/action/detail/coverage__rosidl_typesupport_introspection_cpp.hpp
[1.851s] -- Up-to-date: /home/locobot/locobot_ws/install/create3_examples_msgs/lib/libcreate3_examples_msgs__rosidl_typesupport_introspection_cpp.so
[1.851s] -- Up-to-date: /home/locobot/locobot_ws/install/create3_examples_msgs/lib/libcreate3_examples_msgs__rosidl_typesupport_cpp.so
[1.851s] -- Up-to-date: /home/locobot/locobot_ws/install/create3_examples_msgs/share/create3_examples_msgs/environment/pythonpath.sh
[1.851s] -- Up-to-date: /home/locobot/locobot_ws/install/create3_examples_msgs/share/create3_examples_msgs/environment/pythonpath.dsv
[1.851s] -- Up-to-date: /home/locobot/locobot_ws/install/create3_examples_msgs/local/lib/python3.10/dist-packages/create3_examples_msgs-0.0.1-py3.10.egg-info
[1.852s] -- Installing: /home/locobot/locobot_ws/install/create3_examples_msgs/local/lib/python3.10/dist-packages/create3_examples_msgs-0.0.1-py3.10.egg-info/dependency_links.txt
[1.852s] -- Installing: /home/locobot/locobot_ws/install/create3_examples_msgs/local/lib/python3.10/dist-packages/create3_examples_msgs-0.0.1-py3.10.egg-info/top_level.txt
[1.852s] -- Installing: /home/locobot/locobot_ws/install/create3_examples_msgs/local/lib/python3.10/dist-packages/create3_examples_msgs-0.0.1-py3.10.egg-info/SOURCES.txt
[1.852s] -- Installing: /home/locobot/locobot_ws/install/create3_examples_msgs/local/lib/python3.10/dist-packages/create3_examples_msgs-0.0.1-py3.10.egg-info/PKG-INFO
[1.852s] -- Up-to-date: /home/locobot/locobot_ws/install/create3_examples_msgs/local/lib/python3.10/dist-packages/create3_examples_msgs
[1.852s] -- Up-to-date: /home/locobot/locobot_ws/install/create3_examples_msgs/local/lib/python3.10/dist-packages/create3_examples_msgs/create3_examples_msgs_s__rosidl_typesupport_c.cpython-310-x86_64-linux-gnu.so
[1.853s] -- Up-to-date: /home/locobot/locobot_ws/install/create3_examples_msgs/local/lib/python3.10/dist-packages/create3_examples_msgs/_create3_examples_msgs_s.ep.rosidl_typesupport_c.c
[1.853s] -- Up-to-date: /home/locobot/locobot_ws/install/create3_examples_msgs/local/lib/python3.10/dist-packages/create3_examples_msgs/action
[1.853s] -- Up-to-date: /home/locobot/locobot_ws/install/create3_examples_msgs/local/lib/python3.10/dist-packages/create3_examples_msgs/action/_coverage.py
[1.853s] -- Up-to-date: /home/locobot/locobot_ws/install/create3_examples_msgs/local/lib/python3.10/dist-packages/create3_examples_msgs/action/__init__.py
[1.853s] -- Up-to-date: /home/locobot/locobot_ws/install/create3_examples_msgs/local/lib/python3.10/dist-packages/create3_examples_msgs/action/_coverage_s.c
[1.853s] -- Up-to-date: /home/locobot/locobot_ws/install/create3_examples_msgs/local/lib/python3.10/dist-packages/create3_examples_msgs/_create3_examples_msgs_s.ep.rosidl_typesupport_introspection_c.c
[1.853s] -- Up-to-date: /home/locobot/locobot_ws/install/create3_examples_msgs/local/lib/python3.10/dist-packages/create3_examples_msgs/_create3_examples_msgs_s.ep.rosidl_typesupport_fastrtps_c.c
[1.853s] -- Up-to-date: /home/locobot/locobot_ws/install/create3_examples_msgs/local/lib/python3.10/dist-packages/create3_examples_msgs/__init__.py
[1.853s] -- Up-to-date: /home/locobot/locobot_ws/install/create3_examples_msgs/local/lib/python3.10/dist-packages/create3_examples_msgs/libcreate3_examples_msgs__rosidl_generator_py.so
[1.853s] -- Up-to-date: /home/locobot/locobot_ws/install/create3_examples_msgs/local/lib/python3.10/dist-packages/create3_examples_msgs/create3_examples_msgs_s__rosidl_typesupport_fastrtps_c.cpython-310-x86_64-linux-gnu.so
[1.853s] -- Up-to-date: /home/locobot/locobot_ws/install/create3_examples_msgs/local/lib/python3.10/dist-packages/create3_examples_msgs/create3_examples_msgs_s__rosidl_typesupport_introspection_c.cpython-310-x86_64-linux-gnu.so
[1.925s] Listing '/home/locobot/locobot_ws/install/create3_examples_msgs/local/lib/python3.10/dist-packages/create3_examples_msgs'...
[1.925s] Listing '/home/locobot/locobot_ws/install/create3_examples_msgs/local/lib/python3.10/dist-packages/create3_examples_msgs/action'...
[1.932s] -- Up-to-date: /home/locobot/locobot_ws/install/create3_examples_msgs/local/lib/python3.10/dist-packages/create3_examples_msgs/create3_examples_msgs_s__rosidl_typesupport_fastrtps_c.cpython-310-x86_64-linux-gnu.so
[1.933s] -- Up-to-date: /home/locobot/locobot_ws/install/create3_examples_msgs/local/lib/python3.10/dist-packages/create3_examples_msgs/create3_examples_msgs_s__rosidl_typesupport_introspection_c.cpython-310-x86_64-linux-gnu.so
[1.933s] -- Up-to-date: /home/locobot/locobot_ws/install/create3_examples_msgs/local/lib/python3.10/dist-packages/create3_examples_msgs/create3_examples_msgs_s__rosidl_typesupport_c.cpython-310-x86_64-linux-gnu.so
[1.933s] -- Up-to-date: /home/locobot/locobot_ws/install/create3_examples_msgs/lib/libcreate3_examples_msgs__rosidl_generator_py.so
[1.933s] -- Up-to-date: /home/locobot/locobot_ws/install/create3_examples_msgs/share/create3_examples_msgs/action/Coverage.idl
[1.934s] -- Up-to-date: /home/locobot/locobot_ws/install/create3_examples_msgs/share/create3_examples_msgs/action/Coverage.action
[1.934s] -- Up-to-date: /home/locobot/locobot_ws/install/create3_examples_msgs/share/ament_index/resource_index/package_run_dependencies/create3_examples_msgs
[1.934s] -- Up-to-date: /home/locobot/locobot_ws/install/create3_examples_msgs/share/ament_index/resource_index/parent_prefix_path/create3_examples_msgs
[1.934s] -- Up-to-date: /home/locobot/locobot_ws/install/create3_examples_msgs/share/create3_examples_msgs/environment/ament_prefix_path.sh
[1.934s] -- Up-to-date: /home/locobot/locobot_ws/install/create3_examples_msgs/share/create3_examples_msgs/environment/ament_prefix_path.dsv
[1.934s] -- Up-to-date: /home/locobot/locobot_ws/install/create3_examples_msgs/share/create3_examples_msgs/environment/path.sh
[1.936s] -- Up-to-date: /home/locobot/locobot_ws/install/create3_examples_msgs/share/create3_examples_msgs/environment/path.dsv
[1.937s] -- Up-to-date: /home/locobot/locobot_ws/install/create3_examples_msgs/share/create3_examples_msgs/local_setup.bash
[1.937s] -- Up-to-date: /home/locobot/locobot_ws/install/create3_examples_msgs/share/create3_examples_msgs/local_setup.sh
[1.937s] -- Up-to-date: /home/locobot/locobot_ws/install/create3_examples_msgs/share/create3_examples_msgs/local_setup.zsh
[1.937s] -- Up-to-date: /home/locobot/locobot_ws/install/create3_examples_msgs/share/create3_examples_msgs/local_setup.dsv
[1.937s] -- Installing: /home/locobot/locobot_ws/install/create3_examples_msgs/share/create3_examples_msgs/package.dsv
[1.937s] -- Up-to-date: /home/locobot/locobot_ws/install/create3_examples_msgs/share/ament_index/resource_index/packages/create3_examples_msgs
[1.937s] -- Up-to-date: /home/locobot/locobot_ws/install/create3_examples_msgs/share/create3_examples_msgs/cmake/export_create3_examples_msgs__rosidl_generator_cExport.cmake
[1.937s] -- Up-to-date: /home/locobot/locobot_ws/install/create3_examples_msgs/share/create3_examples_msgs/cmake/export_create3_examples_msgs__rosidl_generator_cExport-noconfig.cmake
[1.938s] -- Up-to-date: /home/locobot/locobot_ws/install/create3_examples_msgs/share/create3_examples_msgs/cmake/export_create3_examples_msgs__rosidl_typesupport_fastrtps_cExport.cmake
[1.938s] -- Up-to-date: /home/locobot/locobot_ws/install/create3_examples_msgs/share/create3_examples_msgs/cmake/export_create3_examples_msgs__rosidl_typesupport_fastrtps_cExport-noconfig.cmake
[1.938s] -- Up-to-date: /home/locobot/locobot_ws/install/create3_examples_msgs/share/create3_examples_msgs/cmake/create3_examples_msgs__rosidl_typesupport_introspection_cExport.cmake
[1.938s] -- Up-to-date: /home/locobot/locobot_ws/install/create3_examples_msgs/share/create3_examples_msgs/cmake/create3_examples_msgs__rosidl_typesupport_introspection_cExport-noconfig.cmake
[1.938s] -- Up-to-date: /home/locobot/locobot_ws/install/create3_examples_msgs/share/create3_examples_msgs/cmake/create3_examples_msgs__rosidl_typesupport_cExport.cmake
[1.940s] -- Up-to-date: /home/locobot/locobot_ws/install/create3_examples_msgs/share/create3_examples_msgs/cmake/create3_examples_msgs__rosidl_typesupport_cExport-noconfig.cmake
[1.941s] -- Up-to-date: /home/locobot/locobot_ws/install/create3_examples_msgs/share/create3_examples_msgs/cmake/export_create3_examples_msgs__rosidl_generator_cppExport.cmake
[1.941s] -- Up-to-date: /home/locobot/locobot_ws/install/create3_examples_msgs/share/create3_examples_msgs/cmake/export_create3_examples_msgs__rosidl_typesupport_fastrtps_cppExport.cmake
[1.941s] -- Up-to-date: /home/locobot/locobot_ws/install/create3_examples_msgs/share/create3_examples_msgs/cmake/export_create3_examples_msgs__rosidl_typesupport_fastrtps_cppExport-noconfig.cmake
[1.941s] -- Up-to-date: /home/locobot/locobot_ws/install/create3_examples_msgs/share/create3_examples_msgs/cmake/create3_examples_msgs__rosidl_typesupport_introspection_cppExport.cmake
[1.941s] -- Up-to-date: /home/locobot/locobot_ws/install/create3_examples_msgs/share/create3_examples_msgs/cmake/create3_examples_msgs__rosidl_typesupport_introspection_cppExport-noconfig.cmake
[1.941s] -- Up-to-date: /home/locobot/locobot_ws/install/create3_examples_msgs/share/create3_examples_msgs/cmake/create3_examples_msgs__rosidl_typesupport_cppExport.cmake
[1.941s] -- Up-to-date: /home/locobot/locobot_ws/install/create3_examples_msgs/share/create3_examples_msgs/cmake/create3_examples_msgs__rosidl_typesupport_cppExport-noconfig.cmake
[1.941s] -- Up-to-date: /home/locobot/locobot_ws/install/create3_examples_msgs/share/create3_examples_msgs/cmake/export_create3_examples_msgs__rosidl_generator_pyExport.cmake
[1.941s] -- Up-to-date: /home/locobot/locobot_ws/install/create3_examples_msgs/share/create3_examples_msgs/cmake/export_create3_examples_msgs__rosidl_generator_pyExport-noconfig.cmake
[1.941s] -- Up-to-date: /home/locobot/locobot_ws/install/create3_examples_msgs/share/create3_examples_msgs/cmake/rosidl_cmake-extras.cmake
[1.942s] -- Up-to-date: /home/locobot/locobot_ws/install/create3_examples_msgs/share/create3_examples_msgs/cmake/ament_cmake_export_dependencies-extras.cmake
[1.942s] -- Up-to-date: /home/locobot/locobot_ws/install/create3_examples_msgs/share/create3_examples_msgs/cmake/ament_cmake_export_include_directories-extras.cmake
[1.942s] -- Up-to-date: /home/locobot/locobot_ws/install/create3_examples_msgs/share/create3_examples_msgs/cmake/ament_cmake_export_libraries-extras.cmake
[1.942s] -- Up-to-date: /home/locobot/locobot_ws/install/create3_examples_msgs/share/create3_examples_msgs/cmake/ament_cmake_export_targets-extras.cmake
[1.942s] -- Up-to-date: /home/locobot/locobot_ws/install/create3_examples_msgs/share/create3_examples_msgs/cmake/rosidl_cmake_export_typesupport_targets-extras.cmake
[1.942s] -- Up-to-date: /home/locobot/locobot_ws/install/create3_examples_msgs/share/create3_examples_msgs/cmake/rosidl_cmake_export_typesupport_libraries-extras.cmake
[1.942s] -- Up-to-date: /home/locobot/locobot_ws/install/create3_examples_msgs/share/create3_examples_msgs/cmake/create3_examples_msgsConfig.cmake
[1.942s] -- Up-to-date: /home/locobot/locobot_ws/install/create3_examples_msgs/share/create3_examples_msgs/cmake/create3_examples_msgsConfig-version.cmake
[1.942s] -- Up-to-date: /home/locobot/locobot_ws/install/create3_examples_msgs/share/create3_examples_msgs/package.xml
[1.943s] Invoked command in '/home/locobot/locobot_ws/build/create3_examples_msgs' returned '0': CMAKE_PREFIX_PATH=${CMAKE_PREFIX_PATH}:/home/locobot/locobot_ws/install/yolov8_ros:/home/locobot/locobot_ws/install/detection:/home/locobot/locobot_ws/install/yolov5_ros:/home/locobot/locobot_ws/install/locobot_move:/home/locobot/locobot_ws/install/create3_teleop:/home/locobot/locobot_ws/install/create3_examples_py:/home/locobot/interbotix_ws/install/interbotix_xslocobot_control:/home/locobot/interbotix_ws/install/interbotix_xs_modules:/home/locobot/interbotix_ws/install/interbotix_perception_modules:/home/locobot/interbotix_ws/install/interbotix_common_modules:/opt/ros/humble /usr/bin/cmake --install /home/locobot/locobot_ws/build/create3_examples_msgs
