[0.039s] Invoking command in '/home/locobot/locobot_ws/build/audio_common_msgs': CMAKE_PREFIX_PATH=${CMAKE_PREFIX_PATH}:/home/locobot/interbotix_ws/install/interbotix_xslocobot_control:/home/locobot/interbotix_ws/install/interbotix_xs_modules:/home/locobot/interbotix_ws/install/interbotix_perception_modules:/home/locobot/interbotix_ws/install/interbotix_common_modules:/opt/ros/humble /usr/bin/cmake --build /home/locobot/locobot_ws/build/audio_common_msgs -- -j4 -l4
[0.104s] [35m[1mConsolidate compiler generated dependencies of target audio_common_msgs__rosidl_generator_c[0m
[0.143s] [  1%] Built target audio_common_msgs__cpp
[0.177s] [35m[1mConsolidate compiler generated dependencies of target audio_common_msgs__rosidl_typesupport_cpp[0m
[0.178s] [ 12%] Built target audio_common_msgs__rosidl_generator_c
[0.211s] [ 12%] Built target ament_cmake_python_copy_audio_common_msgs
[0.224s] [ 23%] Built target audio_common_msgs__rosidl_typesupport_cpp
[0.236s] [35m[1mConsolidate compiler generated dependencies of target audio_common_msgs__rosidl_typesupport_fastrtps_cpp[0m
[0.267s] [35m[1mConsolidate compiler generated dependencies of target audio_common_msgs__rosidl_typesupport_introspection_cpp[0m
[0.281s] [35m[1mConsolidate compiler generated dependencies of target audio_common_msgs__rosidl_typesupport_fastrtps_c[0m
[0.286s] [35m[1mConsolidate compiler generated dependencies of target audio_common_msgs__rosidl_typesupport_introspection_c[0m
[0.341s] [ 34%] Built target audio_common_msgs__rosidl_typesupport_fastrtps_cpp
[0.341s] [ 46%] Built target audio_common_msgs__rosidl_typesupport_introspection_cpp
[0.352s] [ 57%] Built target audio_common_msgs__rosidl_typesupport_introspection_c
[0.356s] [ 68%] Built target audio_common_msgs__rosidl_typesupport_fastrtps_c
[0.398s] [35m[1mConsolidate compiler generated dependencies of target audio_common_msgs__rosidl_typesupport_c[0m
[0.462s] [ 79%] Built target audio_common_msgs__rosidl_typesupport_c
[0.573s] [ 79%] Built target audio_common_msgs
[0.706s] [ 80%] Built target audio_common_msgs__py
[0.761s] [35m[1mConsolidate compiler generated dependencies of target audio_common_msgs__rosidl_generator_py[0m
[0.806s] [ 90%] Built target audio_common_msgs__rosidl_generator_py
[0.881s] [35m[1mConsolidate compiler generated dependencies of target audio_common_msgs__rosidl_typesupport_fastrtps_c__pyext[0m
[0.907s] [35m[1mConsolidate compiler generated dependencies of target audio_common_msgs__rosidl_typesupport_introspection_c__pyext[0m
[0.907s] [35m[1mConsolidate compiler generated dependencies of target audio_common_msgs__rosidl_typesupport_c__pyext[0m
[0.979s] [ 93%] Built target audio_common_msgs__rosidl_typesupport_fastrtps_c__pyext
[0.984s] [100%] Built target audio_common_msgs__rosidl_typesupport_introspection_c__pyext
[0.987s] [ 96%] Built target audio_common_msgs__rosidl_typesupport_c__pyext
[1.025s] running egg_info
[1.026s] writing audio_common_msgs.egg-info/PKG-INFO
[1.026s] writing dependency_links to audio_common_msgs.egg-info/dependency_links.txt
[1.027s] writing top-level names to audio_common_msgs.egg-info/top_level.txt
[1.031s] reading manifest file 'audio_common_msgs.egg-info/SOURCES.txt'
[1.035s] writing manifest file 'audio_common_msgs.egg-info/SOURCES.txt'
[1.080s] [100%] Built target ament_cmake_python_build_audio_common_msgs_egg
[1.097s] Invoked command in '/home/locobot/locobot_ws/build/audio_common_msgs' returned '0': CMAKE_PREFIX_PATH=${CMAKE_PREFIX_PATH}:/home/locobot/interbotix_ws/install/interbotix_xslocobot_control:/home/locobot/interbotix_ws/install/interbotix_xs_modules:/home/locobot/interbotix_ws/install/interbotix_perception_modules:/home/locobot/interbotix_ws/install/interbotix_common_modules:/opt/ros/humble /usr/bin/cmake --build /home/locobot/locobot_ws/build/audio_common_msgs -- -j4 -l4
[1.327s] Invoking command in '/home/locobot/locobot_ws/build/audio_common_msgs': CMAKE_PREFIX_PATH=${CMAKE_PREFIX_PATH}:/home/locobot/interbotix_ws/install/interbotix_xslocobot_control:/home/locobot/interbotix_ws/install/interbotix_xs_modules:/home/locobot/interbotix_ws/install/interbotix_perception_modules:/home/locobot/interbotix_ws/install/interbotix_common_modules:/opt/ros/humble /usr/bin/cmake --install /home/locobot/locobot_ws/build/audio_common_msgs
[1.356s] -- Install configuration: ""
[1.356s] -- Up-to-date: /home/locobot/locobot_ws/install/audio_common_msgs/share/ament_index/resource_index/rosidl_interfaces/audio_common_msgs
[1.356s] -- Up-to-date: /home/locobot/locobot_ws/install/audio_common_msgs/include/audio_common_msgs/audio_common_msgs
[1.356s] -- Up-to-date: /home/locobot/locobot_ws/install/audio_common_msgs/include/audio_common_msgs/audio_common_msgs/action
[1.356s] -- Up-to-date: /home/locobot/locobot_ws/install/audio_common_msgs/include/audio_common_msgs/audio_common_msgs/action/tts.h
[1.356s] -- Up-to-date: /home/locobot/locobot_ws/install/audio_common_msgs/include/audio_common_msgs/audio_common_msgs/action/detail
[1.356s] -- Up-to-date: /home/locobot/locobot_ws/install/audio_common_msgs/include/audio_common_msgs/audio_common_msgs/action/detail/tts__functions.c
[1.356s] -- Up-to-date: /home/locobot/locobot_ws/install/audio_common_msgs/include/audio_common_msgs/audio_common_msgs/action/detail/tts__type_support.h
[1.356s] -- Up-to-date: /home/locobot/locobot_ws/install/audio_common_msgs/include/audio_common_msgs/audio_common_msgs/action/detail/tts__struct.h
[1.356s] -- Up-to-date: /home/locobot/locobot_ws/install/audio_common_msgs/include/audio_common_msgs/audio_common_msgs/action/detail/tts__functions.h
[1.356s] -- Up-to-date: /home/locobot/locobot_ws/install/audio_common_msgs/include/audio_common_msgs/audio_common_msgs/msg
[1.357s] -- Up-to-date: /home/locobot/locobot_ws/install/audio_common_msgs/include/audio_common_msgs/audio_common_msgs/msg/audio.h
[1.357s] -- Up-to-date: /home/locobot/locobot_ws/install/audio_common_msgs/include/audio_common_msgs/audio_common_msgs/msg/detail
[1.357s] -- Up-to-date: /home/locobot/locobot_ws/install/audio_common_msgs/include/audio_common_msgs/audio_common_msgs/msg/detail/audio_info__type_support.h
[1.357s] -- Up-to-date: /home/locobot/locobot_ws/install/audio_common_msgs/include/audio_common_msgs/audio_common_msgs/msg/detail/audio_data__functions.c
[1.357s] -- Up-to-date: /home/locobot/locobot_ws/install/audio_common_msgs/include/audio_common_msgs/audio_common_msgs/msg/detail/audio__functions.c
[1.357s] -- Up-to-date: /home/locobot/locobot_ws/install/audio_common_msgs/include/audio_common_msgs/audio_common_msgs/msg/detail/audio__functions.h
[1.357s] -- Up-to-date: /home/locobot/locobot_ws/install/audio_common_msgs/include/audio_common_msgs/audio_common_msgs/msg/detail/audio_info__struct.h
[1.357s] -- Up-to-date: /home/locobot/locobot_ws/install/audio_common_msgs/include/audio_common_msgs/audio_common_msgs/msg/detail/audio_stamped__struct.h
[1.357s] -- Up-to-date: /home/locobot/locobot_ws/install/audio_common_msgs/include/audio_common_msgs/audio_common_msgs/msg/detail/audio_stamped__functions.h
[1.357s] -- Up-to-date: /home/locobot/locobot_ws/install/audio_common_msgs/include/audio_common_msgs/audio_common_msgs/msg/detail/audio_data__type_support.h
[1.358s] -- Up-to-date: /home/locobot/locobot_ws/install/audio_common_msgs/include/audio_common_msgs/audio_common_msgs/msg/detail/audio_info__functions.h
[1.358s] -- Up-to-date: /home/locobot/locobot_ws/install/audio_common_msgs/include/audio_common_msgs/audio_common_msgs/msg/detail/audio_data__functions.h
[1.358s] -- Up-to-date: /home/locobot/locobot_ws/install/audio_common_msgs/include/audio_common_msgs/audio_common_msgs/msg/detail/audio_data__struct.h
[1.358s] -- Up-to-date: /home/locobot/locobot_ws/install/audio_common_msgs/include/audio_common_msgs/audio_common_msgs/msg/detail/audio_stamped__functions.c
[1.358s] -- Up-to-date: /home/locobot/locobot_ws/install/audio_common_msgs/include/audio_common_msgs/audio_common_msgs/msg/detail/audio__struct.h
[1.358s] -- Up-to-date: /home/locobot/locobot_ws/install/audio_common_msgs/include/audio_common_msgs/audio_common_msgs/msg/detail/audio_info__functions.c
[1.358s] -- Up-to-date: /home/locobot/locobot_ws/install/audio_common_msgs/include/audio_common_msgs/audio_common_msgs/msg/detail/audio__type_support.h
[1.358s] -- Up-to-date: /home/locobot/locobot_ws/install/audio_common_msgs/include/audio_common_msgs/audio_common_msgs/msg/detail/audio_stamped__type_support.h
[1.358s] -- Up-to-date: /home/locobot/locobot_ws/install/audio_common_msgs/include/audio_common_msgs/audio_common_msgs/msg/audio_data.h
[1.358s] -- Up-to-date: /home/locobot/locobot_ws/install/audio_common_msgs/include/audio_common_msgs/audio_common_msgs/msg/audio_info.h
[1.358s] -- Up-to-date: /home/locobot/locobot_ws/install/audio_common_msgs/include/audio_common_msgs/audio_common_msgs/msg/audio_stamped.h
[1.358s] -- Up-to-date: /home/locobot/locobot_ws/install/audio_common_msgs/include/audio_common_msgs/audio_common_msgs/msg/rosidl_generator_c__visibility_control.h
[1.359s] -- Up-to-date: /home/locobot/locobot_ws/install/audio_common_msgs/share/audio_common_msgs/environment/library_path.sh
[1.359s] -- Up-to-date: /home/locobot/locobot_ws/install/audio_common_msgs/share/audio_common_msgs/environment/library_path.dsv
[1.372s] -- Up-to-date: /home/locobot/locobot_ws/install/audio_common_msgs/lib/libaudio_common_msgs__rosidl_generator_c.so
[1.372s] -- Up-to-date: /home/locobot/locobot_ws/install/audio_common_msgs/include/audio_common_msgs/audio_common_msgs
[1.372s] -- Up-to-date: /home/locobot/locobot_ws/install/audio_common_msgs/include/audio_common_msgs/audio_common_msgs/action
[1.372s] -- Up-to-date: /home/locobot/locobot_ws/install/audio_common_msgs/include/audio_common_msgs/audio_common_msgs/action/detail
[1.373s] -- Up-to-date: /home/locobot/locobot_ws/install/audio_common_msgs/include/audio_common_msgs/audio_common_msgs/action/detail/tts__rosidl_typesupport_fastrtps_c.h
[1.373s] -- Up-to-date: /home/locobot/locobot_ws/install/audio_common_msgs/include/audio_common_msgs/audio_common_msgs/msg
[1.373s] -- Up-to-date: /home/locobot/locobot_ws/install/audio_common_msgs/include/audio_common_msgs/audio_common_msgs/msg/rosidl_typesupport_fastrtps_c__visibility_control.h
[1.373s] -- Up-to-date: /home/locobot/locobot_ws/install/audio_common_msgs/include/audio_common_msgs/audio_common_msgs/msg/detail
[1.373s] -- Up-to-date: /home/locobot/locobot_ws/install/audio_common_msgs/include/audio_common_msgs/audio_common_msgs/msg/detail/audio_stamped__rosidl_typesupport_fastrtps_c.h
[1.373s] -- Up-to-date: /home/locobot/locobot_ws/install/audio_common_msgs/include/audio_common_msgs/audio_common_msgs/msg/detail/audio_info__rosidl_typesupport_fastrtps_c.h
[1.373s] -- Up-to-date: /home/locobot/locobot_ws/install/audio_common_msgs/include/audio_common_msgs/audio_common_msgs/msg/detail/audio__rosidl_typesupport_fastrtps_c.h
[1.373s] -- Up-to-date: /home/locobot/locobot_ws/install/audio_common_msgs/include/audio_common_msgs/audio_common_msgs/msg/detail/audio_data__rosidl_typesupport_fastrtps_c.h
[1.374s] -- Up-to-date: /home/locobot/locobot_ws/install/audio_common_msgs/lib/libaudio_common_msgs__rosidl_typesupport_fastrtps_c.so
[1.374s] -- Up-to-date: /home/locobot/locobot_ws/install/audio_common_msgs/include/audio_common_msgs/audio_common_msgs
[1.375s] -- Up-to-date: /home/locobot/locobot_ws/install/audio_common_msgs/include/audio_common_msgs/audio_common_msgs/action
[1.375s] -- Up-to-date: /home/locobot/locobot_ws/install/audio_common_msgs/include/audio_common_msgs/audio_common_msgs/action/detail
[1.375s] -- Up-to-date: /home/locobot/locobot_ws/install/audio_common_msgs/include/audio_common_msgs/audio_common_msgs/action/detail/tts__builder.hpp
[1.375s] -- Up-to-date: /home/locobot/locobot_ws/install/audio_common_msgs/include/audio_common_msgs/audio_common_msgs/action/detail/tts__struct.hpp
[1.376s] -- Up-to-date: /home/locobot/locobot_ws/install/audio_common_msgs/include/audio_common_msgs/audio_common_msgs/action/detail/tts__traits.hpp
[1.376s] -- Up-to-date: /home/locobot/locobot_ws/install/audio_common_msgs/include/audio_common_msgs/audio_common_msgs/action/tts.hpp
[1.376s] -- Up-to-date: /home/locobot/locobot_ws/install/audio_common_msgs/include/audio_common_msgs/audio_common_msgs/msg
[1.376s] -- Up-to-date: /home/locobot/locobot_ws/install/audio_common_msgs/include/audio_common_msgs/audio_common_msgs/msg/audio_stamped.hpp
[1.376s] -- Up-to-date: /home/locobot/locobot_ws/install/audio_common_msgs/include/audio_common_msgs/audio_common_msgs/msg/detail
[1.376s] -- Up-to-date: /home/locobot/locobot_ws/install/audio_common_msgs/include/audio_common_msgs/audio_common_msgs/msg/detail/audio_info__traits.hpp
[1.384s] -- Up-to-date: /home/locobot/locobot_ws/install/audio_common_msgs/include/audio_common_msgs/audio_common_msgs/msg/detail/audio_info__builder.hpp
[1.384s] -- Up-to-date: /home/locobot/locobot_ws/install/audio_common_msgs/include/audio_common_msgs/audio_common_msgs/msg/detail/audio_stamped__builder.hpp
[1.384s] -- Up-to-date: /home/locobot/locobot_ws/install/audio_common_msgs/include/audio_common_msgs/audio_common_msgs/msg/detail/audio_info__struct.hpp
[1.384s] -- Up-to-date: /home/locobot/locobot_ws/install/audio_common_msgs/include/audio_common_msgs/audio_common_msgs/msg/detail/audio__traits.hpp
[1.384s] -- Up-to-date: /home/locobot/locobot_ws/install/audio_common_msgs/include/audio_common_msgs/audio_common_msgs/msg/detail/audio_stamped__struct.hpp
[1.385s] -- Up-to-date: /home/locobot/locobot_ws/install/audio_common_msgs/include/audio_common_msgs/audio_common_msgs/msg/detail/audio__struct.hpp
[1.385s] -- Up-to-date: /home/locobot/locobot_ws/install/audio_common_msgs/include/audio_common_msgs/audio_common_msgs/msg/detail/audio__builder.hpp
[1.385s] -- Up-to-date: /home/locobot/locobot_ws/install/audio_common_msgs/include/audio_common_msgs/audio_common_msgs/msg/detail/audio_stamped__traits.hpp
[1.385s] -- Up-to-date: /home/locobot/locobot_ws/install/audio_common_msgs/include/audio_common_msgs/audio_common_msgs/msg/detail/audio_data__traits.hpp
[1.385s] -- Up-to-date: /home/locobot/locobot_ws/install/audio_common_msgs/include/audio_common_msgs/audio_common_msgs/msg/detail/audio_data__builder.hpp
[1.386s] -- Up-to-date: /home/locobot/locobot_ws/install/audio_common_msgs/include/audio_common_msgs/audio_common_msgs/msg/detail/audio_data__struct.hpp
[1.386s] -- Up-to-date: /home/locobot/locobot_ws/install/audio_common_msgs/include/audio_common_msgs/audio_common_msgs/msg/audio_info.hpp
[1.386s] -- Up-to-date: /home/locobot/locobot_ws/install/audio_common_msgs/include/audio_common_msgs/audio_common_msgs/msg/audio_data.hpp
[1.386s] -- Up-to-date: /home/locobot/locobot_ws/install/audio_common_msgs/include/audio_common_msgs/audio_common_msgs/msg/audio.hpp
[1.386s] -- Up-to-date: /home/locobot/locobot_ws/install/audio_common_msgs/include/audio_common_msgs/audio_common_msgs
[1.387s] -- Up-to-date: /home/locobot/locobot_ws/install/audio_common_msgs/include/audio_common_msgs/audio_common_msgs/action
[1.387s] -- Up-to-date: /home/locobot/locobot_ws/install/audio_common_msgs/include/audio_common_msgs/audio_common_msgs/action/detail
[1.387s] -- Up-to-date: /home/locobot/locobot_ws/install/audio_common_msgs/include/audio_common_msgs/audio_common_msgs/action/detail/tts__rosidl_typesupport_fastrtps_cpp.hpp
[1.388s] -- Up-to-date: /home/locobot/locobot_ws/install/audio_common_msgs/include/audio_common_msgs/audio_common_msgs/action/detail/dds_fastrtps
[1.388s] -- Up-to-date: /home/locobot/locobot_ws/install/audio_common_msgs/include/audio_common_msgs/audio_common_msgs/msg
[1.390s] -- Up-to-date: /home/locobot/locobot_ws/install/audio_common_msgs/include/audio_common_msgs/audio_common_msgs/msg/detail
[1.390s] -- Up-to-date: /home/locobot/locobot_ws/install/audio_common_msgs/include/audio_common_msgs/audio_common_msgs/msg/detail/audio__rosidl_typesupport_fastrtps_cpp.hpp
[1.390s] -- Up-to-date: /home/locobot/locobot_ws/install/audio_common_msgs/include/audio_common_msgs/audio_common_msgs/msg/detail/audio_info__rosidl_typesupport_fastrtps_cpp.hpp
[1.391s] -- Up-to-date: /home/locobot/locobot_ws/install/audio_common_msgs/include/audio_common_msgs/audio_common_msgs/msg/detail/dds_fastrtps
[1.392s] -- Up-to-date: /home/locobot/locobot_ws/install/audio_common_msgs/include/audio_common_msgs/audio_common_msgs/msg/detail/audio_stamped__rosidl_typesupport_fastrtps_cpp.hpp
[1.392s] -- Up-to-date: /home/locobot/locobot_ws/install/audio_common_msgs/include/audio_common_msgs/audio_common_msgs/msg/detail/audio_data__rosidl_typesupport_fastrtps_cpp.hpp
[1.393s] -- Up-to-date: /home/locobot/locobot_ws/install/audio_common_msgs/include/audio_common_msgs/audio_common_msgs/msg/rosidl_typesupport_fastrtps_cpp__visibility_control.h
[1.394s] -- Up-to-date: /home/locobot/locobot_ws/install/audio_common_msgs/lib/libaudio_common_msgs__rosidl_typesupport_fastrtps_cpp.so
[1.394s] -- Up-to-date: /home/locobot/locobot_ws/install/audio_common_msgs/include/audio_common_msgs/audio_common_msgs
[1.394s] -- Up-to-date: /home/locobot/locobot_ws/install/audio_common_msgs/include/audio_common_msgs/audio_common_msgs/action
[1.394s] -- Up-to-date: /home/locobot/locobot_ws/install/audio_common_msgs/include/audio_common_msgs/audio_common_msgs/action/detail
[1.394s] -- Up-to-date: /home/locobot/locobot_ws/install/audio_common_msgs/include/audio_common_msgs/audio_common_msgs/action/detail/tts__type_support.c
[1.395s] -- Up-to-date: /home/locobot/locobot_ws/install/audio_common_msgs/include/audio_common_msgs/audio_common_msgs/action/detail/tts__rosidl_typesupport_introspection_c.h
[1.395s] -- Up-to-date: /home/locobot/locobot_ws/install/audio_common_msgs/include/audio_common_msgs/audio_common_msgs/msg
[1.395s] -- Up-to-date: /home/locobot/locobot_ws/install/audio_common_msgs/include/audio_common_msgs/audio_common_msgs/msg/detail
[1.395s] -- Up-to-date: /home/locobot/locobot_ws/install/audio_common_msgs/include/audio_common_msgs/audio_common_msgs/msg/detail/audio_info__type_support.c
[1.395s] -- Up-to-date: /home/locobot/locobot_ws/install/audio_common_msgs/include/audio_common_msgs/audio_common_msgs/msg/detail/audio_data__rosidl_typesupport_introspection_c.h
[1.395s] -- Up-to-date: /home/locobot/locobot_ws/install/audio_common_msgs/include/audio_common_msgs/audio_common_msgs/msg/detail/audio_data__type_support.c
[1.396s] -- Up-to-date: /home/locobot/locobot_ws/install/audio_common_msgs/include/audio_common_msgs/audio_common_msgs/msg/detail/audio_info__rosidl_typesupport_introspection_c.h
[1.396s] -- Up-to-date: /home/locobot/locobot_ws/install/audio_common_msgs/include/audio_common_msgs/audio_common_msgs/msg/detail/audio__type_support.c
[1.396s] -- Up-to-date: /home/locobot/locobot_ws/install/audio_common_msgs/include/audio_common_msgs/audio_common_msgs/msg/detail/audio__rosidl_typesupport_introspection_c.h
[1.396s] -- Up-to-date: /home/locobot/locobot_ws/install/audio_common_msgs/include/audio_common_msgs/audio_common_msgs/msg/detail/audio_stamped__rosidl_typesupport_introspection_c.h
[1.397s] -- Up-to-date: /home/locobot/locobot_ws/install/audio_common_msgs/include/audio_common_msgs/audio_common_msgs/msg/detail/audio_stamped__type_support.c
[1.397s] -- Up-to-date: /home/locobot/locobot_ws/install/audio_common_msgs/include/audio_common_msgs/audio_common_msgs/msg/rosidl_typesupport_introspection_c__visibility_control.h
[1.397s] -- Up-to-date: /home/locobot/locobot_ws/install/audio_common_msgs/lib/libaudio_common_msgs__rosidl_typesupport_introspection_c.so
[1.398s] -- Up-to-date: /home/locobot/locobot_ws/install/audio_common_msgs/lib/libaudio_common_msgs__rosidl_typesupport_c.so
[1.398s] -- Up-to-date: /home/locobot/locobot_ws/install/audio_common_msgs/include/audio_common_msgs/audio_common_msgs
[1.398s] -- Up-to-date: /home/locobot/locobot_ws/install/audio_common_msgs/include/audio_common_msgs/audio_common_msgs/action
[1.398s] -- Up-to-date: /home/locobot/locobot_ws/install/audio_common_msgs/include/audio_common_msgs/audio_common_msgs/action/detail
[1.398s] -- Up-to-date: /home/locobot/locobot_ws/install/audio_common_msgs/include/audio_common_msgs/audio_common_msgs/action/detail/tts__type_support.cpp
[1.399s] -- Up-to-date: /home/locobot/locobot_ws/install/audio_common_msgs/include/audio_common_msgs/audio_common_msgs/action/detail/tts__rosidl_typesupport_introspection_cpp.hpp
[1.399s] -- Up-to-date: /home/locobot/locobot_ws/install/audio_common_msgs/include/audio_common_msgs/audio_common_msgs/msg
[1.399s] -- Up-to-date: /home/locobot/locobot_ws/install/audio_common_msgs/include/audio_common_msgs/audio_common_msgs/msg/detail
[1.399s] -- Up-to-date: /home/locobot/locobot_ws/install/audio_common_msgs/include/audio_common_msgs/audio_common_msgs/msg/detail/audio__rosidl_typesupport_introspection_cpp.hpp
[1.399s] -- Up-to-date: /home/locobot/locobot_ws/install/audio_common_msgs/include/audio_common_msgs/audio_common_msgs/msg/detail/audio_stamped__type_support.cpp
[1.400s] -- Up-to-date: /home/locobot/locobot_ws/install/audio_common_msgs/include/audio_common_msgs/audio_common_msgs/msg/detail/audio_stamped__rosidl_typesupport_introspection_cpp.hpp
[1.400s] -- Up-to-date: /home/locobot/locobot_ws/install/audio_common_msgs/include/audio_common_msgs/audio_common_msgs/msg/detail/audio__type_support.cpp
[1.400s] -- Up-to-date: /home/locobot/locobot_ws/install/audio_common_msgs/include/audio_common_msgs/audio_common_msgs/msg/detail/audio_info__rosidl_typesupport_introspection_cpp.hpp
[1.400s] -- Up-to-date: /home/locobot/locobot_ws/install/audio_common_msgs/include/audio_common_msgs/audio_common_msgs/msg/detail/audio_info__type_support.cpp
[1.400s] -- Up-to-date: /home/locobot/locobot_ws/install/audio_common_msgs/include/audio_common_msgs/audio_common_msgs/msg/detail/audio_data__type_support.cpp
[1.400s] -- Up-to-date: /home/locobot/locobot_ws/install/audio_common_msgs/include/audio_common_msgs/audio_common_msgs/msg/detail/audio_data__rosidl_typesupport_introspection_cpp.hpp
[1.400s] -- Up-to-date: /home/locobot/locobot_ws/install/audio_common_msgs/lib/libaudio_common_msgs__rosidl_typesupport_introspection_cpp.so
[1.400s] -- Up-to-date: /home/locobot/locobot_ws/install/audio_common_msgs/lib/libaudio_common_msgs__rosidl_typesupport_cpp.so
[1.400s] -- Up-to-date: /home/locobot/locobot_ws/install/audio_common_msgs/share/audio_common_msgs/environment/pythonpath.sh
[1.400s] -- Up-to-date: /home/locobot/locobot_ws/install/audio_common_msgs/share/audio_common_msgs/environment/pythonpath.dsv
[1.400s] -- Up-to-date: /home/locobot/locobot_ws/install/audio_common_msgs/local/lib/python3.10/dist-packages/audio_common_msgs-0.0.0-py3.10.egg-info
[1.401s] -- Installing: /home/locobot/locobot_ws/install/audio_common_msgs/local/lib/python3.10/dist-packages/audio_common_msgs-0.0.0-py3.10.egg-info/dependency_links.txt
[1.401s] -- Installing: /home/locobot/locobot_ws/install/audio_common_msgs/local/lib/python3.10/dist-packages/audio_common_msgs-0.0.0-py3.10.egg-info/top_level.txt
[1.401s] -- Installing: /home/locobot/locobot_ws/install/audio_common_msgs/local/lib/python3.10/dist-packages/audio_common_msgs-0.0.0-py3.10.egg-info/SOURCES.txt
[1.401s] -- Installing: /home/locobot/locobot_ws/install/audio_common_msgs/local/lib/python3.10/dist-packages/audio_common_msgs-0.0.0-py3.10.egg-info/PKG-INFO
[1.401s] -- Up-to-date: /home/locobot/locobot_ws/install/audio_common_msgs/local/lib/python3.10/dist-packages/audio_common_msgs
[1.401s] -- Up-to-date: /home/locobot/locobot_ws/install/audio_common_msgs/local/lib/python3.10/dist-packages/audio_common_msgs/libaudio_common_msgs__rosidl_generator_py.so
[1.401s] -- Up-to-date: /home/locobot/locobot_ws/install/audio_common_msgs/local/lib/python3.10/dist-packages/audio_common_msgs/_audio_common_msgs_s.ep.rosidl_typesupport_c.c
[1.401s] -- Up-to-date: /home/locobot/locobot_ws/install/audio_common_msgs/local/lib/python3.10/dist-packages/audio_common_msgs/audio_common_msgs_s__rosidl_typesupport_introspection_c.cpython-310-x86_64-linux-gnu.so
[1.401s] -- Up-to-date: /home/locobot/locobot_ws/install/audio_common_msgs/local/lib/python3.10/dist-packages/audio_common_msgs/action
[1.401s] -- Up-to-date: /home/locobot/locobot_ws/install/audio_common_msgs/local/lib/python3.10/dist-packages/audio_common_msgs/action/_tts_s.c
[1.402s] -- Up-to-date: /home/locobot/locobot_ws/install/audio_common_msgs/local/lib/python3.10/dist-packages/audio_common_msgs/action/__init__.py
[1.402s] -- Up-to-date: /home/locobot/locobot_ws/install/audio_common_msgs/local/lib/python3.10/dist-packages/audio_common_msgs/action/_tts.py
[1.402s] -- Up-to-date: /home/locobot/locobot_ws/install/audio_common_msgs/local/lib/python3.10/dist-packages/audio_common_msgs/__init__.py
[1.402s] -- Up-to-date: /home/locobot/locobot_ws/install/audio_common_msgs/local/lib/python3.10/dist-packages/audio_common_msgs/_audio_common_msgs_s.ep.rosidl_typesupport_fastrtps_c.c
[1.402s] -- Up-to-date: /home/locobot/locobot_ws/install/audio_common_msgs/local/lib/python3.10/dist-packages/audio_common_msgs/_audio_common_msgs_s.ep.rosidl_typesupport_introspection_c.c
[1.402s] -- Up-to-date: /home/locobot/locobot_ws/install/audio_common_msgs/local/lib/python3.10/dist-packages/audio_common_msgs/msg
[1.402s] -- Up-to-date: /home/locobot/locobot_ws/install/audio_common_msgs/local/lib/python3.10/dist-packages/audio_common_msgs/msg/_audio_stamped_s.c
[1.402s] -- Up-to-date: /home/locobot/locobot_ws/install/audio_common_msgs/local/lib/python3.10/dist-packages/audio_common_msgs/msg/_audio_stamped.py
[1.402s] -- Up-to-date: /home/locobot/locobot_ws/install/audio_common_msgs/local/lib/python3.10/dist-packages/audio_common_msgs/msg/_audio_info.py
[1.402s] -- Up-to-date: /home/locobot/locobot_ws/install/audio_common_msgs/local/lib/python3.10/dist-packages/audio_common_msgs/msg/_audio.py
[1.402s] -- Up-to-date: /home/locobot/locobot_ws/install/audio_common_msgs/local/lib/python3.10/dist-packages/audio_common_msgs/msg/__init__.py
[1.411s] -- Up-to-date: /home/locobot/locobot_ws/install/audio_common_msgs/local/lib/python3.10/dist-packages/audio_common_msgs/msg/_audio_data_s.c
[1.411s] -- Up-to-date: /home/locobot/locobot_ws/install/audio_common_msgs/local/lib/python3.10/dist-packages/audio_common_msgs/msg/_audio_info_s.c
[1.412s] -- Up-to-date: /home/locobot/locobot_ws/install/audio_common_msgs/local/lib/python3.10/dist-packages/audio_common_msgs/msg/_audio_data.py
[1.412s] -- Up-to-date: /home/locobot/locobot_ws/install/audio_common_msgs/local/lib/python3.10/dist-packages/audio_common_msgs/msg/_audio_s.c
[1.412s] -- Up-to-date: /home/locobot/locobot_ws/install/audio_common_msgs/local/lib/python3.10/dist-packages/audio_common_msgs/audio_common_msgs_s__rosidl_typesupport_c.cpython-310-x86_64-linux-gnu.so
[1.412s] -- Up-to-date: /home/locobot/locobot_ws/install/audio_common_msgs/local/lib/python3.10/dist-packages/audio_common_msgs/audio_common_msgs_s__rosidl_typesupport_fastrtps_c.cpython-310-x86_64-linux-gnu.so
[1.421s] Listing '/home/locobot/locobot_ws/install/audio_common_msgs/local/lib/python3.10/dist-packages/audio_common_msgs'...
[1.422s] Listing '/home/locobot/locobot_ws/install/audio_common_msgs/local/lib/python3.10/dist-packages/audio_common_msgs/action'...
[1.422s] Listing '/home/locobot/locobot_ws/install/audio_common_msgs/local/lib/python3.10/dist-packages/audio_common_msgs/msg'...
[1.427s] -- Up-to-date: /home/locobot/locobot_ws/install/audio_common_msgs/local/lib/python3.10/dist-packages/audio_common_msgs/audio_common_msgs_s__rosidl_typesupport_fastrtps_c.cpython-310-x86_64-linux-gnu.so
[1.427s] -- Up-to-date: /home/locobot/locobot_ws/install/audio_common_msgs/local/lib/python3.10/dist-packages/audio_common_msgs/audio_common_msgs_s__rosidl_typesupport_introspection_c.cpython-310-x86_64-linux-gnu.so
[1.427s] -- Up-to-date: /home/locobot/locobot_ws/install/audio_common_msgs/local/lib/python3.10/dist-packages/audio_common_msgs/audio_common_msgs_s__rosidl_typesupport_c.cpython-310-x86_64-linux-gnu.so
[1.427s] -- Up-to-date: /home/locobot/locobot_ws/install/audio_common_msgs/lib/libaudio_common_msgs__rosidl_generator_py.so
[1.428s] -- Up-to-date: /home/locobot/locobot_ws/install/audio_common_msgs/share/audio_common_msgs/msg/AudioData.idl
[1.428s] -- Up-to-date: /home/locobot/locobot_ws/install/audio_common_msgs/share/audio_common_msgs/msg/AudioInfo.idl
[1.428s] -- Up-to-date: /home/locobot/locobot_ws/install/audio_common_msgs/share/audio_common_msgs/msg/Audio.idl
[1.428s] -- Up-to-date: /home/locobot/locobot_ws/install/audio_common_msgs/share/audio_common_msgs/msg/AudioStamped.idl
[1.428s] -- Up-to-date: /home/locobot/locobot_ws/install/audio_common_msgs/share/audio_common_msgs/action/TTS.idl
[1.429s] -- Up-to-date: /home/locobot/locobot_ws/install/audio_common_msgs/share/audio_common_msgs/msg/AudioData.msg
[1.429s] -- Up-to-date: /home/locobot/locobot_ws/install/audio_common_msgs/share/audio_common_msgs/msg/AudioInfo.msg
[1.429s] -- Up-to-date: /home/locobot/locobot_ws/install/audio_common_msgs/share/audio_common_msgs/msg/Audio.msg
[1.430s] -- Up-to-date: /home/locobot/locobot_ws/install/audio_common_msgs/share/audio_common_msgs/msg/AudioStamped.msg
[1.430s] -- Up-to-date: /home/locobot/locobot_ws/install/audio_common_msgs/share/audio_common_msgs/action/TTS.action
[1.430s] -- Up-to-date: /home/locobot/locobot_ws/install/audio_common_msgs/share/ament_index/resource_index/package_run_dependencies/audio_common_msgs
[1.430s] -- Up-to-date: /home/locobot/locobot_ws/install/audio_common_msgs/share/ament_index/resource_index/parent_prefix_path/audio_common_msgs
[1.431s] -- Up-to-date: /home/locobot/locobot_ws/install/audio_common_msgs/share/audio_common_msgs/environment/ament_prefix_path.sh
[1.431s] -- Up-to-date: /home/locobot/locobot_ws/install/audio_common_msgs/share/audio_common_msgs/environment/ament_prefix_path.dsv
[1.431s] -- Up-to-date: /home/locobot/locobot_ws/install/audio_common_msgs/share/audio_common_msgs/environment/path.sh
[1.432s] -- Up-to-date: /home/locobot/locobot_ws/install/audio_common_msgs/share/audio_common_msgs/environment/path.dsv
[1.432s] -- Up-to-date: /home/locobot/locobot_ws/install/audio_common_msgs/share/audio_common_msgs/local_setup.bash
[1.432s] -- Up-to-date: /home/locobot/locobot_ws/install/audio_common_msgs/share/audio_common_msgs/local_setup.sh
[1.432s] -- Up-to-date: /home/locobot/locobot_ws/install/audio_common_msgs/share/audio_common_msgs/local_setup.zsh
[1.432s] -- Up-to-date: /home/locobot/locobot_ws/install/audio_common_msgs/share/audio_common_msgs/local_setup.dsv
[1.432s] -- Installing: /home/locobot/locobot_ws/install/audio_common_msgs/share/audio_common_msgs/package.dsv
[1.434s] -- Up-to-date: /home/locobot/locobot_ws/install/audio_common_msgs/share/ament_index/resource_index/packages/audio_common_msgs
[1.434s] -- Up-to-date: /home/locobot/locobot_ws/install/audio_common_msgs/share/audio_common_msgs/cmake/export_audio_common_msgs__rosidl_generator_cExport.cmake
[1.434s] -- Up-to-date: /home/locobot/locobot_ws/install/audio_common_msgs/share/audio_common_msgs/cmake/export_audio_common_msgs__rosidl_generator_cExport-noconfig.cmake
[1.434s] -- Up-to-date: /home/locobot/locobot_ws/install/audio_common_msgs/share/audio_common_msgs/cmake/export_audio_common_msgs__rosidl_typesupport_fastrtps_cExport.cmake
[1.434s] -- Up-to-date: /home/locobot/locobot_ws/install/audio_common_msgs/share/audio_common_msgs/cmake/export_audio_common_msgs__rosidl_typesupport_fastrtps_cExport-noconfig.cmake
[1.435s] -- Up-to-date: /home/locobot/locobot_ws/install/audio_common_msgs/share/audio_common_msgs/cmake/export_audio_common_msgs__rosidl_generator_cppExport.cmake
[1.435s] -- Up-to-date: /home/locobot/locobot_ws/install/audio_common_msgs/share/audio_common_msgs/cmake/export_audio_common_msgs__rosidl_typesupport_fastrtps_cppExport.cmake
[1.436s] -- Up-to-date: /home/locobot/locobot_ws/install/audio_common_msgs/share/audio_common_msgs/cmake/export_audio_common_msgs__rosidl_typesupport_fastrtps_cppExport-noconfig.cmake
[1.436s] -- Up-to-date: /home/locobot/locobot_ws/install/audio_common_msgs/share/audio_common_msgs/cmake/audio_common_msgs__rosidl_typesupport_introspection_cExport.cmake
[1.436s] -- Up-to-date: /home/locobot/locobot_ws/install/audio_common_msgs/share/audio_common_msgs/cmake/audio_common_msgs__rosidl_typesupport_introspection_cExport-noconfig.cmake
[1.436s] -- Up-to-date: /home/locobot/locobot_ws/install/audio_common_msgs/share/audio_common_msgs/cmake/audio_common_msgs__rosidl_typesupport_cExport.cmake
[1.436s] -- Up-to-date: /home/locobot/locobot_ws/install/audio_common_msgs/share/audio_common_msgs/cmake/audio_common_msgs__rosidl_typesupport_cExport-noconfig.cmake
[1.436s] -- Up-to-date: /home/locobot/locobot_ws/install/audio_common_msgs/share/audio_common_msgs/cmake/audio_common_msgs__rosidl_typesupport_introspection_cppExport.cmake
[1.436s] -- Up-to-date: /home/locobot/locobot_ws/install/audio_common_msgs/share/audio_common_msgs/cmake/audio_common_msgs__rosidl_typesupport_introspection_cppExport-noconfig.cmake
[1.437s] -- Up-to-date: /home/locobot/locobot_ws/install/audio_common_msgs/share/audio_common_msgs/cmake/audio_common_msgs__rosidl_typesupport_cppExport.cmake
[1.449s] -- Up-to-date: /home/locobot/locobot_ws/install/audio_common_msgs/share/audio_common_msgs/cmake/audio_common_msgs__rosidl_typesupport_cppExport-noconfig.cmake
[1.449s] -- Up-to-date: /home/locobot/locobot_ws/install/audio_common_msgs/share/audio_common_msgs/cmake/export_audio_common_msgs__rosidl_generator_pyExport.cmake
[1.449s] -- Up-to-date: /home/locobot/locobot_ws/install/audio_common_msgs/share/audio_common_msgs/cmake/export_audio_common_msgs__rosidl_generator_pyExport-noconfig.cmake
[1.449s] -- Up-to-date: /home/locobot/locobot_ws/install/audio_common_msgs/share/audio_common_msgs/cmake/rosidl_cmake-extras.cmake
[1.449s] -- Up-to-date: /home/locobot/locobot_ws/install/audio_common_msgs/share/audio_common_msgs/cmake/ament_cmake_export_dependencies-extras.cmake
[1.450s] -- Up-to-date: /home/locobot/locobot_ws/install/audio_common_msgs/share/audio_common_msgs/cmake/ament_cmake_export_include_directories-extras.cmake
[1.450s] -- Up-to-date: /home/locobot/locobot_ws/install/audio_common_msgs/share/audio_common_msgs/cmake/ament_cmake_export_libraries-extras.cmake
[1.450s] -- Up-to-date: /home/locobot/locobot_ws/install/audio_common_msgs/share/audio_common_msgs/cmake/ament_cmake_export_targets-extras.cmake
[1.450s] -- Up-to-date: /home/locobot/locobot_ws/install/audio_common_msgs/share/audio_common_msgs/cmake/rosidl_cmake_export_typesupport_targets-extras.cmake
[1.450s] -- Up-to-date: /home/locobot/locobot_ws/install/audio_common_msgs/share/audio_common_msgs/cmake/rosidl_cmake_export_typesupport_libraries-extras.cmake
[1.450s] -- Up-to-date: /home/locobot/locobot_ws/install/audio_common_msgs/share/audio_common_msgs/cmake/audio_common_msgsConfig.cmake
[1.450s] -- Up-to-date: /home/locobot/locobot_ws/install/audio_common_msgs/share/audio_common_msgs/cmake/audio_common_msgsConfig-version.cmake
[1.450s] -- Up-to-date: /home/locobot/locobot_ws/install/audio_common_msgs/share/audio_common_msgs/package.xml
[1.450s] Invoked command in '/home/locobot/locobot_ws/build/audio_common_msgs' returned '0': CMAKE_PREFIX_PATH=${CMAKE_PREFIX_PATH}:/home/locobot/interbotix_ws/install/interbotix_xslocobot_control:/home/locobot/interbotix_ws/install/interbotix_xs_modules:/home/locobot/interbotix_ws/install/interbotix_perception_modules:/home/locobot/interbotix_ws/install/interbotix_common_modules:/opt/ros/humble /usr/bin/cmake --install /home/locobot/locobot_ws/build/audio_common_msgs
