Built target ament_cmake_python_copy_audio_common
running egg_info
writing audio_common.egg-info/PKG-INFO
writing dependency_links to audio_common.egg-info/dependency_links.txt
writing top-level names to audio_common.egg-info/top_level.txt
reading manifest file 'audio_common.egg-info/SOURCES.txt'
writing manifest file 'audio_common.egg-info/SOURCES.txt'
Built target ament_cmake_python_build_audio_common_egg
-- Install configuration: ""
-- Up-to-date: /home/locobot/locobot_ws/install/audio_common/share/audio_common/environment/pythonpath.sh
-- Up-to-date: /home/locobot/locobot_ws/install/audio_common/share/audio_common/environment/pythonpath.dsv
-- Up-to-date: /home/locobot/locobot_ws/install/audio_common/local/lib/python3.10/dist-packages/audio_common-0.0.0-py3.10.egg-info
-- Installing: /home/locobot/locobot_ws/install/audio_common/local/lib/python3.10/dist-packages/audio_common-0.0.0-py3.10.egg-info/dependency_links.txt
-- Installing: /home/locobot/locobot_ws/install/audio_common/local/lib/python3.10/dist-packages/audio_common-0.0.0-py3.10.egg-info/top_level.txt
-- Installing: /home/locobot/locobot_ws/install/audio_common/local/lib/python3.10/dist-packages/audio_common-0.0.0-py3.10.egg-info/SOURCES.txt
-- Installing: /home/locobot/locobot_ws/install/audio_common/local/lib/python3.10/dist-packages/audio_common-0.0.0-py3.10.egg-info/PKG-INFO
-- Up-to-date: /home/locobot/locobot_ws/install/audio_common/local/lib/python3.10/dist-packages/audio_common
-- Up-to-date: /home/locobot/locobot_ws/install/audio_common/local/lib/python3.10/dist-packages/audio_common/audio_player_node.py
-- Up-to-date: /home/locobot/locobot_ws/install/audio_common/local/lib/python3.10/dist-packages/audio_common/utils.py
-- Up-to-date: /home/locobot/locobot_ws/install/audio_common/local/lib/python3.10/dist-packages/audio_common/__init__.py
-- Up-to-date: /home/locobot/locobot_ws/install/audio_common/local/lib/python3.10/dist-packages/audio_common/tts_node.py
-- Up-to-date: /home/locobot/locobot_ws/install/audio_common/local/lib/python3.10/dist-packages/audio_common/audio_capturer_node.py
Listing '/home/locobot/locobot_ws/install/audio_common/local/lib/python3.10/dist-packages/audio_common'...
-- Up-to-date: /home/locobot/locobot_ws/install/audio_common/lib/audio_common/audio_capturer_node
-- Up-to-date: /home/locobot/locobot_ws/install/audio_common/lib/audio_common/audio_player_node
-- Up-to-date: /home/locobot/locobot_ws/install/audio_common/lib/audio_common/tts_node
-- Up-to-date: /home/locobot/locobot_ws/install/audio_common/share/ament_index/resource_index/package_run_dependencies/audio_common
-- Up-to-date: /home/locobot/locobot_ws/install/audio_common/share/ament_index/resource_index/parent_prefix_path/audio_common
-- Up-to-date: /home/locobot/locobot_ws/install/audio_common/share/audio_common/environment/ament_prefix_path.sh
-- Up-to-date: /home/locobot/locobot_ws/install/audio_common/share/audio_common/environment/ament_prefix_path.dsv
-- Up-to-date: /home/locobot/locobot_ws/install/audio_common/share/audio_common/environment/path.sh
-- Up-to-date: /home/locobot/locobot_ws/install/audio_common/share/audio_common/environment/path.dsv
-- Up-to-date: /home/locobot/locobot_ws/install/audio_common/share/audio_common/local_setup.bash
-- Up-to-date: /home/locobot/locobot_ws/install/audio_common/share/audio_common/local_setup.sh
-- Up-to-date: /home/locobot/locobot_ws/install/audio_common/share/audio_common/local_setup.zsh
-- Up-to-date: /home/locobot/locobot_ws/install/audio_common/share/audio_common/local_setup.dsv
-- Installing: /home/locobot/locobot_ws/install/audio_common/share/audio_common/package.dsv
-- Up-to-date: /home/locobot/locobot_ws/install/audio_common/share/ament_index/resource_index/packages/audio_common
-- Up-to-date: /home/locobot/locobot_ws/install/audio_common/share/audio_common/cmake/audio_commonConfig.cmake
-- Up-to-date: /home/locobot/locobot_ws/install/audio_common/share/audio_common/cmake/audio_commonConfig-version.cmake
-- Up-to-date: /home/locobot/locobot_ws/install/audio_common/share/audio_common/package.xml
