[0.035s] Invoking command in '/home/locobot/locobot_ws/build/interbotix_xsarm_descriptions': CMAKE_PREFIX_PATH=${CMAKE_PREFIX_PATH}:/home/locobot/interbotix_ws/install/interbotix_xslocobot_control:/home/locobot/interbotix_ws/install/interbotix_xs_modules:/home/locobot/interbotix_ws/install/interbotix_perception_modules:/home/locobot/interbotix_ws/install/interbotix_common_modules:/opt/ros/humble /usr/bin/cmake --build /home/locobot/locobot_ws/build/interbotix_xsarm_descriptions -- -j4 -l4
[0.092s] Invoked command in '/home/locobot/locobot_ws/build/interbotix_xsarm_descriptions' returned '0': CMAKE_PREFIX_PATH=${CMAKE_PREFIX_PATH}:/home/locobot/interbotix_ws/install/interbotix_xslocobot_control:/home/locobot/interbotix_ws/install/interbotix_xs_modules:/home/locobot/interbotix_ws/install/interbotix_perception_modules:/home/locobot/interbotix_ws/install/interbotix_common_modules:/opt/ros/humble /usr/bin/cmake --build /home/locobot/locobot_ws/build/interbotix_xsarm_descriptions -- -j4 -l4
[0.260s] Invoking command in '/home/locobot/locobot_ws/build/interbotix_xsarm_descriptions': CMAKE_PREFIX_PATH=${CMAKE_PREFIX_PATH}:/home/locobot/interbotix_ws/install/interbotix_xslocobot_control:/home/locobot/interbotix_ws/install/interbotix_xs_modules:/home/locobot/interbotix_ws/install/interbotix_perception_modules:/home/locobot/interbotix_ws/install/interbotix_common_modules:/opt/ros/humble /usr/bin/cmake --install /home/locobot/locobot_ws/build/interbotix_xsarm_descriptions
[0.282s] -- Install configuration: ""
[0.283s] -- Up-to-date: /home/locobot/locobot_ws/install/interbotix_xsarm_descriptions/share/interbotix_xsarm_descriptions//urdf
[0.283s] -- Up-to-date: /home/locobot/locobot_ws/install/interbotix_xsarm_descriptions/share/interbotix_xsarm_descriptions//urdf/aloha_vx300s.urdf.xacro
[0.283s] -- Up-to-date: /home/locobot/locobot_ws/install/interbotix_xsarm_descriptions/share/interbotix_xsarm_descriptions//urdf/wx200.urdf.xacro
[0.283s] -- Up-to-date: /home/locobot/locobot_ws/install/interbotix_xsarm_descriptions/share/interbotix_xsarm_descriptions//urdf/wx250.urdf.xacro
[0.283s] -- Up-to-date: /home/locobot/locobot_ws/install/interbotix_xsarm_descriptions/share/interbotix_xsarm_descriptions//urdf/mobile_px100.urdf.xacro
[0.283s] -- Up-to-date: /home/locobot/locobot_ws/install/interbotix_xsarm_descriptions/share/interbotix_xsarm_descriptions//urdf/px100.urdf.xacro
[0.284s] -- Up-to-date: /home/locobot/locobot_ws/install/interbotix_xsarm_descriptions/share/interbotix_xsarm_descriptions//urdf/wx250s.urdf.xacro
[0.284s] -- Up-to-date: /home/locobot/locobot_ws/install/interbotix_xsarm_descriptions/share/interbotix_xsarm_descriptions//urdf/vx250.urdf.xacro
[0.284s] -- Up-to-date: /home/locobot/locobot_ws/install/interbotix_xsarm_descriptions/share/interbotix_xsarm_descriptions//urdf/px150.urdf.xacro
[0.284s] -- Up-to-date: /home/locobot/locobot_ws/install/interbotix_xsarm_descriptions/share/interbotix_xsarm_descriptions//urdf/mobile_wx250s.urdf.xacro
[0.285s] -- Up-to-date: /home/locobot/locobot_ws/install/interbotix_xsarm_descriptions/share/interbotix_xsarm_descriptions//urdf/rx150.urdf.xacro
[0.285s] -- Up-to-date: /home/locobot/locobot_ws/install/interbotix_xsarm_descriptions/share/interbotix_xsarm_descriptions//urdf/vx300s.urdf.xacro
[0.285s] -- Up-to-date: /home/locobot/locobot_ws/install/interbotix_xsarm_descriptions/share/interbotix_xsarm_descriptions//urdf/rx200.urdf.xacro
[0.285s] -- Up-to-date: /home/locobot/locobot_ws/install/interbotix_xsarm_descriptions/share/interbotix_xsarm_descriptions//urdf/mobile_wx200.urdf.xacro
[0.285s] -- Up-to-date: /home/locobot/locobot_ws/install/interbotix_xsarm_descriptions/share/interbotix_xsarm_descriptions//urdf/vx300.urdf.xacro
[0.285s] -- Up-to-date: /home/locobot/locobot_ws/install/interbotix_xsarm_descriptions/share/interbotix_xsarm_descriptions//urdf/gazebo_configs.urdf.xacro
[0.286s] -- Up-to-date: /home/locobot/locobot_ws/install/interbotix_xsarm_descriptions/share/interbotix_xsarm_descriptions//urdf/aloha_wx250s.urdf.xacro
[0.286s] -- Up-to-date: /home/locobot/locobot_ws/install/interbotix_xsarm_descriptions/share/interbotix_xsarm_descriptions//urdf/control.urdf.xacro
[0.286s] -- Up-to-date: /home/locobot/locobot_ws/install/interbotix_xsarm_descriptions/share/interbotix_xsarm_descriptions//urdf/ar_tag.urdf.xacro
[0.286s] -- Up-to-date: /home/locobot/locobot_ws/install/interbotix_xsarm_descriptions/share/interbotix_xsarm_descriptions//launch
[0.286s] -- Up-to-date: /home/locobot/locobot_ws/install/interbotix_xsarm_descriptions/share/interbotix_xsarm_descriptions//launch/remote_view.launch.py
[0.287s] -- Up-to-date: /home/locobot/locobot_ws/install/interbotix_xsarm_descriptions/share/interbotix_xsarm_descriptions//launch/xsarm_description.launch.py
[0.287s] -- Up-to-date: /home/locobot/locobot_ws/install/interbotix_xsarm_descriptions/share/interbotix_xsarm_descriptions//meshes
[0.287s] -- Up-to-date: /home/locobot/locobot_ws/install/interbotix_xsarm_descriptions/share/interbotix_xsarm_descriptions//meshes/rx150_meshes
[0.287s] -- Up-to-date: /home/locobot/locobot_ws/install/interbotix_xsarm_descriptions/share/interbotix_xsarm_descriptions//meshes/rx150_meshes/gripper_bar.stl
[0.287s] -- Up-to-date: /home/locobot/locobot_ws/install/interbotix_xsarm_descriptions/share/interbotix_xsarm_descriptions//meshes/rx150_meshes/base.stl
[0.288s] -- Up-to-date: /home/locobot/locobot_ws/install/interbotix_xsarm_descriptions/share/interbotix_xsarm_descriptions//meshes/rx150_meshes/gripper_prop.stl
[0.288s] -- Up-to-date: /home/locobot/locobot_ws/install/interbotix_xsarm_descriptions/share/interbotix_xsarm_descriptions//meshes/rx150_meshes/shoulder.stl
[0.288s] -- Up-to-date: /home/locobot/locobot_ws/install/interbotix_xsarm_descriptions/share/interbotix_xsarm_descriptions//meshes/rx150_meshes/forearm.stl
[0.289s] -- Up-to-date: /home/locobot/locobot_ws/install/interbotix_xsarm_descriptions/share/interbotix_xsarm_descriptions//meshes/rx150_meshes/gripper.stl
[0.289s] -- Up-to-date: /home/locobot/locobot_ws/install/interbotix_xsarm_descriptions/share/interbotix_xsarm_descriptions//meshes/rx150_meshes/wrist.stl
[0.289s] -- Up-to-date: /home/locobot/locobot_ws/install/interbotix_xsarm_descriptions/share/interbotix_xsarm_descriptions//meshes/rx150_meshes/gripper_finger.stl
[0.289s] -- Up-to-date: /home/locobot/locobot_ws/install/interbotix_xsarm_descriptions/share/interbotix_xsarm_descriptions//meshes/rx150_meshes/upper_arm.stl
[0.289s] -- Up-to-date: /home/locobot/locobot_ws/install/interbotix_xsarm_descriptions/share/interbotix_xsarm_descriptions//meshes/mobile_wx250s_meshes
[0.290s] -- Up-to-date: /home/locobot/locobot_ws/install/interbotix_xsarm_descriptions/share/interbotix_xsarm_descriptions//meshes/mobile_wx250s_meshes/gripper_bar.stl
[0.290s] -- Up-to-date: /home/locobot/locobot_ws/install/interbotix_xsarm_descriptions/share/interbotix_xsarm_descriptions//meshes/mobile_wx250s_meshes/lower_forearm.stl
[0.290s] -- Up-to-date: /home/locobot/locobot_ws/install/interbotix_xsarm_descriptions/share/interbotix_xsarm_descriptions//meshes/mobile_wx250s_meshes/base.stl
[0.290s] -- Up-to-date: /home/locobot/locobot_ws/install/interbotix_xsarm_descriptions/share/interbotix_xsarm_descriptions//meshes/mobile_wx250s_meshes/gripper_prop.stl
[0.290s] -- Up-to-date: /home/locobot/locobot_ws/install/interbotix_xsarm_descriptions/share/interbotix_xsarm_descriptions//meshes/mobile_wx250s_meshes/shoulder.stl
[0.291s] -- Up-to-date: /home/locobot/locobot_ws/install/interbotix_xsarm_descriptions/share/interbotix_xsarm_descriptions//meshes/mobile_wx250s_meshes/gripper.stl
[0.291s] -- Up-to-date: /home/locobot/locobot_ws/install/interbotix_xsarm_descriptions/share/interbotix_xsarm_descriptions//meshes/mobile_wx250s_meshes/wrist.stl
[0.291s] -- Up-to-date: /home/locobot/locobot_ws/install/interbotix_xsarm_descriptions/share/interbotix_xsarm_descriptions//meshes/mobile_wx250s_meshes/gripper_finger.stl
[0.291s] -- Up-to-date: /home/locobot/locobot_ws/install/interbotix_xsarm_descriptions/share/interbotix_xsarm_descriptions//meshes/mobile_wx250s_meshes/upper_arm.stl
[0.291s] -- Up-to-date: /home/locobot/locobot_ws/install/interbotix_xsarm_descriptions/share/interbotix_xsarm_descriptions//meshes/mobile_wx250s_meshes/upper_forearm.stl
[0.291s] -- Up-to-date: /home/locobot/locobot_ws/install/interbotix_xsarm_descriptions/share/interbotix_xsarm_descriptions//meshes/mobile_px100_meshes
[0.292s] -- Up-to-date: /home/locobot/locobot_ws/install/interbotix_xsarm_descriptions/share/interbotix_xsarm_descriptions//meshes/mobile_px100_meshes/gripper_bar.stl
[0.292s] -- Up-to-date: /home/locobot/locobot_ws/install/interbotix_xsarm_descriptions/share/interbotix_xsarm_descriptions//meshes/mobile_px100_meshes/base.stl
[0.292s] -- Up-to-date: /home/locobot/locobot_ws/install/interbotix_xsarm_descriptions/share/interbotix_xsarm_descriptions//meshes/mobile_px100_meshes/gripper_prop.stl
[0.292s] -- Up-to-date: /home/locobot/locobot_ws/install/interbotix_xsarm_descriptions/share/interbotix_xsarm_descriptions//meshes/mobile_px100_meshes/shoulder.stl
[0.292s] -- Up-to-date: /home/locobot/locobot_ws/install/interbotix_xsarm_descriptions/share/interbotix_xsarm_descriptions//meshes/mobile_px100_meshes/forearm.stl
[0.293s] -- Up-to-date: /home/locobot/locobot_ws/install/interbotix_xsarm_descriptions/share/interbotix_xsarm_descriptions//meshes/mobile_px100_meshes/gripper.stl
[0.293s] -- Up-to-date: /home/locobot/locobot_ws/install/interbotix_xsarm_descriptions/share/interbotix_xsarm_descriptions//meshes/mobile_px100_meshes/gripper_finger.stl
[0.293s] -- Up-to-date: /home/locobot/locobot_ws/install/interbotix_xsarm_descriptions/share/interbotix_xsarm_descriptions//meshes/mobile_px100_meshes/upper_arm.stl
[0.293s] -- Up-to-date: /home/locobot/locobot_ws/install/interbotix_xsarm_descriptions/share/interbotix_xsarm_descriptions//meshes/wx200_meshes
[0.293s] -- Up-to-date: /home/locobot/locobot_ws/install/interbotix_xsarm_descriptions/share/interbotix_xsarm_descriptions//meshes/wx200_meshes/gripper_bar.stl
[0.294s] -- Up-to-date: /home/locobot/locobot_ws/install/interbotix_xsarm_descriptions/share/interbotix_xsarm_descriptions//meshes/wx200_meshes/base.stl
[0.294s] -- Up-to-date: /home/locobot/locobot_ws/install/interbotix_xsarm_descriptions/share/interbotix_xsarm_descriptions//meshes/wx200_meshes/gripper_prop.stl
[0.294s] -- Up-to-date: /home/locobot/locobot_ws/install/interbotix_xsarm_descriptions/share/interbotix_xsarm_descriptions//meshes/wx200_meshes/shoulder.stl
[0.294s] -- Up-to-date: /home/locobot/locobot_ws/install/interbotix_xsarm_descriptions/share/interbotix_xsarm_descriptions//meshes/wx200_meshes/forearm.stl
[0.294s] -- Up-to-date: /home/locobot/locobot_ws/install/interbotix_xsarm_descriptions/share/interbotix_xsarm_descriptions//meshes/wx200_meshes/gripper.stl
[0.294s] -- Up-to-date: /home/locobot/locobot_ws/install/interbotix_xsarm_descriptions/share/interbotix_xsarm_descriptions//meshes/wx200_meshes/wrist.stl
[0.295s] -- Up-to-date: /home/locobot/locobot_ws/install/interbotix_xsarm_descriptions/share/interbotix_xsarm_descriptions//meshes/wx200_meshes/gripper_finger.stl
[0.295s] -- Up-to-date: /home/locobot/locobot_ws/install/interbotix_xsarm_descriptions/share/interbotix_xsarm_descriptions//meshes/wx200_meshes/upper_arm.stl
[0.295s] -- Up-to-date: /home/locobot/locobot_ws/install/interbotix_xsarm_descriptions/share/interbotix_xsarm_descriptions//meshes/px100_meshes
[0.295s] -- Up-to-date: /home/locobot/locobot_ws/install/interbotix_xsarm_descriptions/share/interbotix_xsarm_descriptions//meshes/px100_meshes/gripper_bar.stl
[0.295s] -- Up-to-date: /home/locobot/locobot_ws/install/interbotix_xsarm_descriptions/share/interbotix_xsarm_descriptions//meshes/px100_meshes/base.stl
[0.296s] -- Up-to-date: /home/locobot/locobot_ws/install/interbotix_xsarm_descriptions/share/interbotix_xsarm_descriptions//meshes/px100_meshes/gripper_prop.stl
[0.296s] -- Up-to-date: /home/locobot/locobot_ws/install/interbotix_xsarm_descriptions/share/interbotix_xsarm_descriptions//meshes/px100_meshes/shoulder.stl
[0.296s] -- Up-to-date: /home/locobot/locobot_ws/install/interbotix_xsarm_descriptions/share/interbotix_xsarm_descriptions//meshes/px100_meshes/forearm.stl
[0.296s] -- Up-to-date: /home/locobot/locobot_ws/install/interbotix_xsarm_descriptions/share/interbotix_xsarm_descriptions//meshes/px100_meshes/gripper.stl
[0.296s] -- Up-to-date: /home/locobot/locobot_ws/install/interbotix_xsarm_descriptions/share/interbotix_xsarm_descriptions//meshes/px100_meshes/gripper_finger.stl
[0.296s] -- Up-to-date: /home/locobot/locobot_ws/install/interbotix_xsarm_descriptions/share/interbotix_xsarm_descriptions//meshes/px100_meshes/upper_arm.stl
[0.297s] -- Up-to-date: /home/locobot/locobot_ws/install/interbotix_xsarm_descriptions/share/interbotix_xsarm_descriptions//meshes/mobile_wx200_meshes
[0.297s] -- Up-to-date: /home/locobot/locobot_ws/install/interbotix_xsarm_descriptions/share/interbotix_xsarm_descriptions//meshes/mobile_wx200_meshes/gripper_bar.stl
[0.297s] -- Up-to-date: /home/locobot/locobot_ws/install/interbotix_xsarm_descriptions/share/interbotix_xsarm_descriptions//meshes/mobile_wx200_meshes/base.stl
[0.298s] -- Up-to-date: /home/locobot/locobot_ws/install/interbotix_xsarm_descriptions/share/interbotix_xsarm_descriptions//meshes/mobile_wx200_meshes/gripper_prop.stl
[0.298s] -- Up-to-date: /home/locobot/locobot_ws/install/interbotix_xsarm_descriptions/share/interbotix_xsarm_descriptions//meshes/mobile_wx200_meshes/shoulder.stl
[0.298s] -- Up-to-date: /home/locobot/locobot_ws/install/interbotix_xsarm_descriptions/share/interbotix_xsarm_descriptions//meshes/mobile_wx200_meshes/forearm.stl
[0.298s] -- Up-to-date: /home/locobot/locobot_ws/install/interbotix_xsarm_descriptions/share/interbotix_xsarm_descriptions//meshes/mobile_wx200_meshes/gripper.stl
[0.298s] -- Up-to-date: /home/locobot/locobot_ws/install/interbotix_xsarm_descriptions/share/interbotix_xsarm_descriptions//meshes/mobile_wx200_meshes/wrist.stl
[0.299s] -- Up-to-date: /home/locobot/locobot_ws/install/interbotix_xsarm_descriptions/share/interbotix_xsarm_descriptions//meshes/mobile_wx200_meshes/gripper_finger.stl
[0.299s] -- Up-to-date: /home/locobot/locobot_ws/install/interbotix_xsarm_descriptions/share/interbotix_xsarm_descriptions//meshes/mobile_wx200_meshes/upper_arm.stl
[0.299s] -- Up-to-date: /home/locobot/locobot_ws/install/interbotix_xsarm_descriptions/share/interbotix_xsarm_descriptions//meshes/vx300_meshes
[0.299s] -- Up-to-date: /home/locobot/locobot_ws/install/interbotix_xsarm_descriptions/share/interbotix_xsarm_descriptions//meshes/vx300_meshes/gripper_bar.stl
[0.300s] -- Up-to-date: /home/locobot/locobot_ws/install/interbotix_xsarm_descriptions/share/interbotix_xsarm_descriptions//meshes/vx300_meshes/base.stl
[0.300s] -- Up-to-date: /home/locobot/locobot_ws/install/interbotix_xsarm_descriptions/share/interbotix_xsarm_descriptions//meshes/vx300_meshes/gripper_prop.stl
[0.300s] -- Up-to-date: /home/locobot/locobot_ws/install/interbotix_xsarm_descriptions/share/interbotix_xsarm_descriptions//meshes/vx300_meshes/shoulder.stl
[0.300s] -- Up-to-date: /home/locobot/locobot_ws/install/interbotix_xsarm_descriptions/share/interbotix_xsarm_descriptions//meshes/vx300_meshes/forearm.stl
[0.300s] -- Up-to-date: /home/locobot/locobot_ws/install/interbotix_xsarm_descriptions/share/interbotix_xsarm_descriptions//meshes/vx300_meshes/gripper.stl
[0.301s] -- Up-to-date: /home/locobot/locobot_ws/install/interbotix_xsarm_descriptions/share/interbotix_xsarm_descriptions//meshes/vx300_meshes/wrist.stl
[0.301s] -- Up-to-date: /home/locobot/locobot_ws/install/interbotix_xsarm_descriptions/share/interbotix_xsarm_descriptions//meshes/vx300_meshes/gripper_finger.stl
[0.301s] -- Up-to-date: /home/locobot/locobot_ws/install/interbotix_xsarm_descriptions/share/interbotix_xsarm_descriptions//meshes/vx300_meshes/upper_arm.stl
[0.301s] -- Up-to-date: /home/locobot/locobot_ws/install/interbotix_xsarm_descriptions/share/interbotix_xsarm_descriptions//meshes/rx200_meshes
[0.301s] -- Up-to-date: /home/locobot/locobot_ws/install/interbotix_xsarm_descriptions/share/interbotix_xsarm_descriptions//meshes/rx200_meshes/gripper_bar.stl
[0.303s] -- Up-to-date: /home/locobot/locobot_ws/install/interbotix_xsarm_descriptions/share/interbotix_xsarm_descriptions//meshes/rx200_meshes/base.stl
[0.303s] -- Up-to-date: /home/locobot/locobot_ws/install/interbotix_xsarm_descriptions/share/interbotix_xsarm_descriptions//meshes/rx200_meshes/gripper_prop.stl
[0.303s] -- Up-to-date: /home/locobot/locobot_ws/install/interbotix_xsarm_descriptions/share/interbotix_xsarm_descriptions//meshes/rx200_meshes/shoulder.stl
[0.303s] -- Up-to-date: /home/locobot/locobot_ws/install/interbotix_xsarm_descriptions/share/interbotix_xsarm_descriptions//meshes/rx200_meshes/forearm.stl
[0.304s] -- Up-to-date: /home/locobot/locobot_ws/install/interbotix_xsarm_descriptions/share/interbotix_xsarm_descriptions//meshes/rx200_meshes/gripper.stl
[0.304s] -- Up-to-date: /home/locobot/locobot_ws/install/interbotix_xsarm_descriptions/share/interbotix_xsarm_descriptions//meshes/rx200_meshes/wrist.stl
[0.304s] -- Up-to-date: /home/locobot/locobot_ws/install/interbotix_xsarm_descriptions/share/interbotix_xsarm_descriptions//meshes/rx200_meshes/gripper_finger.stl
[0.304s] -- Up-to-date: /home/locobot/locobot_ws/install/interbotix_xsarm_descriptions/share/interbotix_xsarm_descriptions//meshes/rx200_meshes/upper_arm.stl
[0.304s] -- Up-to-date: /home/locobot/locobot_ws/install/interbotix_xsarm_descriptions/share/interbotix_xsarm_descriptions//meshes/aloha_vx300s_meshes
[0.304s] -- Up-to-date: /home/locobot/locobot_ws/install/interbotix_xsarm_descriptions/share/interbotix_xsarm_descriptions//meshes/aloha_vx300s_meshes/gripper_bar.stl
[0.304s] -- Up-to-date: /home/locobot/locobot_ws/install/interbotix_xsarm_descriptions/share/interbotix_xsarm_descriptions//meshes/aloha_vx300s_meshes/lower_forearm.stl
[0.304s] -- Up-to-date: /home/locobot/locobot_ws/install/interbotix_xsarm_descriptions/share/interbotix_xsarm_descriptions//meshes/aloha_vx300s_meshes/base.stl
[0.304s] -- Up-to-date: /home/locobot/locobot_ws/install/interbotix_xsarm_descriptions/share/interbotix_xsarm_descriptions//meshes/aloha_vx300s_meshes/gripper_prop.stl
[0.304s] -- Up-to-date: /home/locobot/locobot_ws/install/interbotix_xsarm_descriptions/share/interbotix_xsarm_descriptions//meshes/aloha_vx300s_meshes/shoulder.stl
[0.304s] -- Up-to-date: /home/locobot/locobot_ws/install/interbotix_xsarm_descriptions/share/interbotix_xsarm_descriptions//meshes/aloha_vx300s_meshes/gripper.stl
[0.305s] -- Up-to-date: /home/locobot/locobot_ws/install/interbotix_xsarm_descriptions/share/interbotix_xsarm_descriptions//meshes/aloha_vx300s_meshes/wrist.stl
[0.305s] -- Up-to-date: /home/locobot/locobot_ws/install/interbotix_xsarm_descriptions/share/interbotix_xsarm_descriptions//meshes/aloha_vx300s_meshes/gripper_finger.stl
[0.305s] -- Up-to-date: /home/locobot/locobot_ws/install/interbotix_xsarm_descriptions/share/interbotix_xsarm_descriptions//meshes/aloha_vx300s_meshes/upper_arm.stl
[0.305s] -- Up-to-date: /home/locobot/locobot_ws/install/interbotix_xsarm_descriptions/share/interbotix_xsarm_descriptions//meshes/aloha_vx300s_meshes/upper_forearm.stl
[0.305s] -- Up-to-date: /home/locobot/locobot_ws/install/interbotix_xsarm_descriptions/share/interbotix_xsarm_descriptions//meshes/ar_tag.stl
[0.305s] -- Up-to-date: /home/locobot/locobot_ws/install/interbotix_xsarm_descriptions/share/interbotix_xsarm_descriptions//meshes/vx300s_meshes
[0.305s] -- Up-to-date: /home/locobot/locobot_ws/install/interbotix_xsarm_descriptions/share/interbotix_xsarm_descriptions//meshes/vx300s_meshes/gripper_bar.stl
[0.305s] -- Up-to-date: /home/locobot/locobot_ws/install/interbotix_xsarm_descriptions/share/interbotix_xsarm_descriptions//meshes/vx300s_meshes/lower_forearm.stl
[0.305s] -- Up-to-date: /home/locobot/locobot_ws/install/interbotix_xsarm_descriptions/share/interbotix_xsarm_descriptions//meshes/vx300s_meshes/base.stl
[0.305s] -- Up-to-date: /home/locobot/locobot_ws/install/interbotix_xsarm_descriptions/share/interbotix_xsarm_descriptions//meshes/vx300s_meshes/gripper_prop.stl
[0.305s] -- Up-to-date: /home/locobot/locobot_ws/install/interbotix_xsarm_descriptions/share/interbotix_xsarm_descriptions//meshes/vx300s_meshes/shoulder.stl
[0.306s] -- Up-to-date: /home/locobot/locobot_ws/install/interbotix_xsarm_descriptions/share/interbotix_xsarm_descriptions//meshes/vx300s_meshes/gripper.stl
[0.306s] -- Up-to-date: /home/locobot/locobot_ws/install/interbotix_xsarm_descriptions/share/interbotix_xsarm_descriptions//meshes/vx300s_meshes/wrist.stl
[0.306s] -- Up-to-date: /home/locobot/locobot_ws/install/interbotix_xsarm_descriptions/share/interbotix_xsarm_descriptions//meshes/vx300s_meshes/gripper_finger.stl
[0.306s] -- Up-to-date: /home/locobot/locobot_ws/install/interbotix_xsarm_descriptions/share/interbotix_xsarm_descriptions//meshes/vx300s_meshes/upper_arm.stl
[0.306s] -- Up-to-date: /home/locobot/locobot_ws/install/interbotix_xsarm_descriptions/share/interbotix_xsarm_descriptions//meshes/vx300s_meshes/upper_forearm.stl
[0.306s] -- Up-to-date: /home/locobot/locobot_ws/install/interbotix_xsarm_descriptions/share/interbotix_xsarm_descriptions//meshes/wx250s_meshes
[0.306s] -- Up-to-date: /home/locobot/locobot_ws/install/interbotix_xsarm_descriptions/share/interbotix_xsarm_descriptions//meshes/wx250s_meshes/gripper_bar.stl
[0.306s] -- Up-to-date: /home/locobot/locobot_ws/install/interbotix_xsarm_descriptions/share/interbotix_xsarm_descriptions//meshes/wx250s_meshes/lower_forearm.stl
[0.306s] -- Up-to-date: /home/locobot/locobot_ws/install/interbotix_xsarm_descriptions/share/interbotix_xsarm_descriptions//meshes/wx250s_meshes/base.stl
[0.306s] -- Up-to-date: /home/locobot/locobot_ws/install/interbotix_xsarm_descriptions/share/interbotix_xsarm_descriptions//meshes/wx250s_meshes/gripper_prop.stl
[0.307s] -- Up-to-date: /home/locobot/locobot_ws/install/interbotix_xsarm_descriptions/share/interbotix_xsarm_descriptions//meshes/wx250s_meshes/shoulder.stl
[0.307s] -- Up-to-date: /home/locobot/locobot_ws/install/interbotix_xsarm_descriptions/share/interbotix_xsarm_descriptions//meshes/wx250s_meshes/gripper.stl
[0.307s] -- Up-to-date: /home/locobot/locobot_ws/install/interbotix_xsarm_descriptions/share/interbotix_xsarm_descriptions//meshes/wx250s_meshes/wrist.stl
[0.307s] -- Up-to-date: /home/locobot/locobot_ws/install/interbotix_xsarm_descriptions/share/interbotix_xsarm_descriptions//meshes/wx250s_meshes/gripper_finger.stl
[0.307s] -- Up-to-date: /home/locobot/locobot_ws/install/interbotix_xsarm_descriptions/share/interbotix_xsarm_descriptions//meshes/wx250s_meshes/upper_arm.stl
[0.307s] -- Up-to-date: /home/locobot/locobot_ws/install/interbotix_xsarm_descriptions/share/interbotix_xsarm_descriptions//meshes/wx250s_meshes/upper_forearm.stl
[0.307s] -- Up-to-date: /home/locobot/locobot_ws/install/interbotix_xsarm_descriptions/share/interbotix_xsarm_descriptions//meshes/interbotix_black.png
[0.307s] -- Up-to-date: /home/locobot/locobot_ws/install/interbotix_xsarm_descriptions/share/interbotix_xsarm_descriptions//meshes/wx250_meshes
[0.307s] -- Up-to-date: /home/locobot/locobot_ws/install/interbotix_xsarm_descriptions/share/interbotix_xsarm_descriptions//meshes/wx250_meshes/gripper_bar.stl
[0.307s] -- Up-to-date: /home/locobot/locobot_ws/install/interbotix_xsarm_descriptions/share/interbotix_xsarm_descriptions//meshes/wx250_meshes/base.stl
[0.307s] -- Up-to-date: /home/locobot/locobot_ws/install/interbotix_xsarm_descriptions/share/interbotix_xsarm_descriptions//meshes/wx250_meshes/gripper_prop.stl
[0.308s] -- Up-to-date: /home/locobot/locobot_ws/install/interbotix_xsarm_descriptions/share/interbotix_xsarm_descriptions//meshes/wx250_meshes/shoulder.stl
[0.308s] -- Up-to-date: /home/locobot/locobot_ws/install/interbotix_xsarm_descriptions/share/interbotix_xsarm_descriptions//meshes/wx250_meshes/forearm.stl
[0.308s] -- Up-to-date: /home/locobot/locobot_ws/install/interbotix_xsarm_descriptions/share/interbotix_xsarm_descriptions//meshes/wx250_meshes/gripper.stl
[0.320s] -- Up-to-date: /home/locobot/locobot_ws/install/interbotix_xsarm_descriptions/share/interbotix_xsarm_descriptions//meshes/wx250_meshes/wrist.stl
[0.332s] -- Up-to-date: /home/locobot/locobot_ws/install/interbotix_xsarm_descriptions/share/interbotix_xsarm_descriptions//meshes/wx250_meshes/gripper_finger.stl
[0.332s] -- Up-to-date: /home/locobot/locobot_ws/install/interbotix_xsarm_descriptions/share/interbotix_xsarm_descriptions//meshes/wx250_meshes/upper_arm.stl
[0.333s] -- Up-to-date: /home/locobot/locobot_ws/install/interbotix_xsarm_descriptions/share/interbotix_xsarm_descriptions//meshes/aloha_wx250s_meshes
[0.333s] -- Up-to-date: /home/locobot/locobot_ws/install/interbotix_xsarm_descriptions/share/interbotix_xsarm_descriptions//meshes/aloha_wx250s_meshes/gripper_bar.stl
[0.333s] -- Up-to-date: /home/locobot/locobot_ws/install/interbotix_xsarm_descriptions/share/interbotix_xsarm_descriptions//meshes/aloha_wx250s_meshes/lower_forearm.stl
[0.333s] -- Up-to-date: /home/locobot/locobot_ws/install/interbotix_xsarm_descriptions/share/interbotix_xsarm_descriptions//meshes/aloha_wx250s_meshes/base.stl
[0.333s] -- Up-to-date: /home/locobot/locobot_ws/install/interbotix_xsarm_descriptions/share/interbotix_xsarm_descriptions//meshes/aloha_wx250s_meshes/gripper_prop.stl
[0.334s] -- Up-to-date: /home/locobot/locobot_ws/install/interbotix_xsarm_descriptions/share/interbotix_xsarm_descriptions//meshes/aloha_wx250s_meshes/shoulder.stl
[0.334s] -- Up-to-date: /home/locobot/locobot_ws/install/interbotix_xsarm_descriptions/share/interbotix_xsarm_descriptions//meshes/aloha_wx250s_meshes/gripper.stl
[0.334s] -- Up-to-date: /home/locobot/locobot_ws/install/interbotix_xsarm_descriptions/share/interbotix_xsarm_descriptions//meshes/aloha_wx250s_meshes/wrist.stl
[0.334s] -- Up-to-date: /home/locobot/locobot_ws/install/interbotix_xsarm_descriptions/share/interbotix_xsarm_descriptions//meshes/aloha_wx250s_meshes/gripper_finger.stl
[0.334s] -- Up-to-date: /home/locobot/locobot_ws/install/interbotix_xsarm_descriptions/share/interbotix_xsarm_descriptions//meshes/aloha_wx250s_meshes/upper_arm.stl
[0.334s] -- Up-to-date: /home/locobot/locobot_ws/install/interbotix_xsarm_descriptions/share/interbotix_xsarm_descriptions//meshes/aloha_wx250s_meshes/upper_forearm.stl
[0.334s] -- Up-to-date: /home/locobot/locobot_ws/install/interbotix_xsarm_descriptions/share/interbotix_xsarm_descriptions//meshes/px150_meshes
[0.334s] -- Up-to-date: /home/locobot/locobot_ws/install/interbotix_xsarm_descriptions/share/interbotix_xsarm_descriptions//meshes/px150_meshes/gripper_bar.stl
[0.334s] -- Up-to-date: /home/locobot/locobot_ws/install/interbotix_xsarm_descriptions/share/interbotix_xsarm_descriptions//meshes/px150_meshes/base.stl
[0.334s] -- Up-to-date: /home/locobot/locobot_ws/install/interbotix_xsarm_descriptions/share/interbotix_xsarm_descriptions//meshes/px150_meshes/gripper_prop.stl
[0.335s] -- Up-to-date: /home/locobot/locobot_ws/install/interbotix_xsarm_descriptions/share/interbotix_xsarm_descriptions//meshes/px150_meshes/shoulder.stl
[0.335s] -- Up-to-date: /home/locobot/locobot_ws/install/interbotix_xsarm_descriptions/share/interbotix_xsarm_descriptions//meshes/px150_meshes/forearm.stl
[0.335s] -- Up-to-date: /home/locobot/locobot_ws/install/interbotix_xsarm_descriptions/share/interbotix_xsarm_descriptions//meshes/px150_meshes/gripper.stl
[0.335s] -- Up-to-date: /home/locobot/locobot_ws/install/interbotix_xsarm_descriptions/share/interbotix_xsarm_descriptions//meshes/px150_meshes/wrist.stl
[0.335s] -- Up-to-date: /home/locobot/locobot_ws/install/interbotix_xsarm_descriptions/share/interbotix_xsarm_descriptions//meshes/px150_meshes/gripper_finger.stl
[0.335s] -- Up-to-date: /home/locobot/locobot_ws/install/interbotix_xsarm_descriptions/share/interbotix_xsarm_descriptions//meshes/px150_meshes/upper_arm.stl
[0.335s] -- Up-to-date: /home/locobot/locobot_ws/install/interbotix_xsarm_descriptions/share/interbotix_xsarm_descriptions//meshes/vx250_meshes
[0.335s] -- Up-to-date: /home/locobot/locobot_ws/install/interbotix_xsarm_descriptions/share/interbotix_xsarm_descriptions//meshes/vx250_meshes/gripper_bar.stl
[0.335s] -- Up-to-date: /home/locobot/locobot_ws/install/interbotix_xsarm_descriptions/share/interbotix_xsarm_descriptions//meshes/vx250_meshes/base.stl
[0.335s] -- Up-to-date: /home/locobot/locobot_ws/install/interbotix_xsarm_descriptions/share/interbotix_xsarm_descriptions//meshes/vx250_meshes/gripper_prop.stl
[0.335s] -- Up-to-date: /home/locobot/locobot_ws/install/interbotix_xsarm_descriptions/share/interbotix_xsarm_descriptions//meshes/vx250_meshes/shoulder.stl
[0.336s] -- Up-to-date: /home/locobot/locobot_ws/install/interbotix_xsarm_descriptions/share/interbotix_xsarm_descriptions//meshes/vx250_meshes/forearm.stl
[0.336s] -- Up-to-date: /home/locobot/locobot_ws/install/interbotix_xsarm_descriptions/share/interbotix_xsarm_descriptions//meshes/vx250_meshes/gripper.stl
[0.336s] -- Up-to-date: /home/locobot/locobot_ws/install/interbotix_xsarm_descriptions/share/interbotix_xsarm_descriptions//meshes/vx250_meshes/wrist.stl
[0.336s] -- Up-to-date: /home/locobot/locobot_ws/install/interbotix_xsarm_descriptions/share/interbotix_xsarm_descriptions//meshes/vx250_meshes/gripper_finger.stl
[0.338s] -- Up-to-date: /home/locobot/locobot_ws/install/interbotix_xsarm_descriptions/share/interbotix_xsarm_descriptions//meshes/vx250_meshes/upper_arm.stl
[0.338s] -- Up-to-date: /home/locobot/locobot_ws/install/interbotix_xsarm_descriptions/share/interbotix_xsarm_descriptions//rviz
[0.338s] -- Up-to-date: /home/locobot/locobot_ws/install/interbotix_xsarm_descriptions/share/interbotix_xsarm_descriptions//rviz/xsarm_description.rviz
[0.338s] -- Up-to-date: /home/locobot/locobot_ws/install/interbotix_xsarm_descriptions/share/ament_index/resource_index/package_run_dependencies/interbotix_xsarm_descriptions
[0.338s] -- Up-to-date: /home/locobot/locobot_ws/install/interbotix_xsarm_descriptions/share/ament_index/resource_index/parent_prefix_path/interbotix_xsarm_descriptions
[0.339s] -- Up-to-date: /home/locobot/locobot_ws/install/interbotix_xsarm_descriptions/share/interbotix_xsarm_descriptions/environment/ament_prefix_path.sh
[0.339s] -- Up-to-date: /home/locobot/locobot_ws/install/interbotix_xsarm_descriptions/share/interbotix_xsarm_descriptions/environment/ament_prefix_path.dsv
[0.339s] -- Up-to-date: /home/locobot/locobot_ws/install/interbotix_xsarm_descriptions/share/interbotix_xsarm_descriptions/environment/path.sh
[0.339s] -- Up-to-date: /home/locobot/locobot_ws/install/interbotix_xsarm_descriptions/share/interbotix_xsarm_descriptions/environment/path.dsv
[0.339s] -- Up-to-date: /home/locobot/locobot_ws/install/interbotix_xsarm_descriptions/share/interbotix_xsarm_descriptions/local_setup.bash
[0.339s] -- Up-to-date: /home/locobot/locobot_ws/install/interbotix_xsarm_descriptions/share/interbotix_xsarm_descriptions/local_setup.sh
[0.339s] -- Up-to-date: /home/locobot/locobot_ws/install/interbotix_xsarm_descriptions/share/interbotix_xsarm_descriptions/local_setup.zsh
[0.339s] -- Up-to-date: /home/locobot/locobot_ws/install/interbotix_xsarm_descriptions/share/interbotix_xsarm_descriptions/local_setup.dsv
[0.339s] -- Installing: /home/locobot/locobot_ws/install/interbotix_xsarm_descriptions/share/interbotix_xsarm_descriptions/package.dsv
[0.339s] -- Up-to-date: /home/locobot/locobot_ws/install/interbotix_xsarm_descriptions/share/ament_index/resource_index/packages/interbotix_xsarm_descriptions
[0.339s] -- Up-to-date: /home/locobot/locobot_ws/install/interbotix_xsarm_descriptions/share/interbotix_xsarm_descriptions/cmake/interbotix_xsarm_descriptionsConfig.cmake
[0.340s] -- Up-to-date: /home/locobot/locobot_ws/install/interbotix_xsarm_descriptions/share/interbotix_xsarm_descriptions/cmake/interbotix_xsarm_descriptionsConfig-version.cmake
[0.340s] -- Up-to-date: /home/locobot/locobot_ws/install/interbotix_xsarm_descriptions/share/interbotix_xsarm_descriptions/package.xml
[0.354s] Invoked command in '/home/locobot/locobot_ws/build/interbotix_xsarm_descriptions' returned '0': CMAKE_PREFIX_PATH=${CMAKE_PREFIX_PATH}:/home/locobot/interbotix_ws/install/interbotix_xslocobot_control:/home/locobot/interbotix_ws/install/interbotix_xs_modules:/home/locobot/interbotix_ws/install/interbotix_perception_modules:/home/locobot/interbotix_ws/install/interbotix_common_modules:/opt/ros/humble /usr/bin/cmake --install /home/locobot/locobot_ws/build/interbotix_xsarm_descriptions
