[0.018s] Invoking command in '/home/locobot/locobot_ws/build/locobot_square_move': CMAKE_PREFIX_PATH=${CMAKE_PREFIX_PATH}:/home/locobot/interbotix_ws/install/interbotix_xs_modules:/home/locobot/interbotix_ws/install/interbotix_perception_modules:/home/locobot/interbotix_ws/install/interbotix_common_modules:/opt/ros/humble /usr/bin/cmake /home/locobot/locobot_ws/src/locobot_square_move -DCMAKE_INSTALL_PREFIX=/home/locobot/locobot_ws/install/locobot_square_move
[0.157s] -- The C compiler identification is GNU 11.4.0
[0.278s] -- The CXX compiler identification is GNU 11.4.0
[0.291s] -- Detecting C compiler ABI info
[0.392s] -- Detecting C compiler ABI info - done
[0.406s] -- Check for working C compiler: /usr/bin/cc - skipped
[0.406s] -- Detecting C compile features
[0.407s] -- Detecting C compile features - done
[0.412s] -- Detecting CXX compiler ABI info
[0.513s] -- Detecting CXX compiler ABI info - done
[0.525s] -- Check for working CXX compiler: /usr/bin/c++ - skipped
[0.525s] -- Detecting CXX compile features
[0.526s] -- Detecting CXX compile features - done
[0.533s] -- Found ament_cmake: 1.3.8 (/opt/ros/humble/share/ament_cmake/cmake)
[0.696s] -- Found Python3: /usr/bin/python3 (found version "3.10.12") found components: Interpreter 
[0.848s] -- Found rclpy: 3.3.12 (/opt/ros/humble/share/rclpy/cmake)
[0.852s] -- Found geometry_msgs: 4.2.3 (/opt/ros/humble/share/geometry_msgs/cmake)
[0.924s] -- Found rosidl_generator_c: 3.1.5 (/opt/ros/humble/share/rosidl_generator_c/cmake)
[0.935s] -- Found rosidl_adapter: 3.1.5 (/opt/ros/humble/share/rosidl_adapter/cmake)
[0.951s] -- Found rosidl_generator_cpp: 3.1.5 (/opt/ros/humble/share/rosidl_generator_cpp/cmake)
[0.974s] -- Using all available rosidl_typesupport_c: rosidl_typesupport_fastrtps_c;rosidl_typesupport_introspection_c
[1.006s] -- Using all available rosidl_typesupport_cpp: rosidl_typesupport_fastrtps_cpp;rosidl_typesupport_introspection_cpp
[1.131s] -- Found ament_lint_auto: 0.12.10 (/opt/ros/humble/share/ament_lint_auto/cmake)
[1.227s] -- Added test 'flake8' to check Python code syntax and style conventions
[1.228s] -- Added test 'lint_cmake' to check CMake code style
[1.229s] -- Added test 'pep257' to check Python code against some of the docstring style conventions in PEP 257
[1.231s] -- Added test 'xmllint' to check XML markup files
[1.233s] -- Configuring done
[1.236s] -- Generating done
[1.237s] -- Build files have been written to: /home/locobot/locobot_ws/build/locobot_square_move
[1.242s] Invoked command in '/home/locobot/locobot_ws/build/locobot_square_move' returned '0': CMAKE_PREFIX_PATH=${CMAKE_PREFIX_PATH}:/home/locobot/interbotix_ws/install/interbotix_xs_modules:/home/locobot/interbotix_ws/install/interbotix_perception_modules:/home/locobot/interbotix_ws/install/interbotix_common_modules:/opt/ros/humble /usr/bin/cmake /home/locobot/locobot_ws/src/locobot_square_move -DCMAKE_INSTALL_PREFIX=/home/locobot/locobot_ws/install/locobot_square_move
[1.243s] Invoking command in '/home/locobot/locobot_ws/build/locobot_square_move': CMAKE_PREFIX_PATH=${CMAKE_PREFIX_PATH}:/home/locobot/interbotix_ws/install/interbotix_xs_modules:/home/locobot/interbotix_ws/install/interbotix_perception_modules:/home/locobot/interbotix_ws/install/interbotix_common_modules:/opt/ros/humble /usr/bin/cmake --build /home/locobot/locobot_ws/build/locobot_square_move -- -j4 -l4
[1.279s] Invoked command in '/home/locobot/locobot_ws/build/locobot_square_move' returned '0': CMAKE_PREFIX_PATH=${CMAKE_PREFIX_PATH}:/home/locobot/interbotix_ws/install/interbotix_xs_modules:/home/locobot/interbotix_ws/install/interbotix_perception_modules:/home/locobot/interbotix_ws/install/interbotix_common_modules:/opt/ros/humble /usr/bin/cmake --build /home/locobot/locobot_ws/build/locobot_square_move -- -j4 -l4
[1.301s] Invoking command in '/home/locobot/locobot_ws/build/locobot_square_move': CMAKE_PREFIX_PATH=${CMAKE_PREFIX_PATH}:/home/locobot/interbotix_ws/install/interbotix_xs_modules:/home/locobot/interbotix_ws/install/interbotix_perception_modules:/home/locobot/interbotix_ws/install/interbotix_common_modules:/opt/ros/humble /usr/bin/cmake --install /home/locobot/locobot_ws/build/locobot_square_move
[1.309s] -- Install configuration: ""
[1.309s] -- Installing: /home/locobot/locobot_ws/install/locobot_square_move/share/ament_index/resource_index/package_run_dependencies/locobot_square_move
[1.309s] -- Installing: /home/locobot/locobot_ws/install/locobot_square_move/share/ament_index/resource_index/parent_prefix_path/locobot_square_move
[1.309s] -- Installing: /home/locobot/locobot_ws/install/locobot_square_move/share/locobot_square_move/environment/ament_prefix_path.sh
[1.309s] -- Installing: /home/locobot/locobot_ws/install/locobot_square_move/share/locobot_square_move/environment/ament_prefix_path.dsv
[1.310s] -- Installing: /home/locobot/locobot_ws/install/locobot_square_move/share/locobot_square_move/environment/path.sh
[1.310s] -- Installing: /home/locobot/locobot_ws/install/locobot_square_move/share/locobot_square_move/environment/path.dsv
[1.310s] -- Installing: /home/locobot/locobot_ws/install/locobot_square_move/share/locobot_square_move/local_setup.bash
[1.310s] -- Installing: /home/locobot/locobot_ws/install/locobot_square_move/share/locobot_square_move/local_setup.sh
[1.310s] -- Installing: /home/locobot/locobot_ws/install/locobot_square_move/share/locobot_square_move/local_setup.zsh
[1.310s] -- Installing: /home/locobot/locobot_ws/install/locobot_square_move/share/locobot_square_move/local_setup.dsv
[1.310s] -- Installing: /home/locobot/locobot_ws/install/locobot_square_move/share/locobot_square_move/package.dsv
[1.310s] -- Installing: /home/locobot/locobot_ws/install/locobot_square_move/share/ament_index/resource_index/packages/locobot_square_move
[1.310s] -- Installing: /home/locobot/locobot_ws/install/locobot_square_move/share/locobot_square_move/cmake/locobot_square_moveConfig.cmake
[1.310s] -- Installing: /home/locobot/locobot_ws/install/locobot_square_move/share/locobot_square_move/cmake/locobot_square_moveConfig-version.cmake
[1.310s] -- Installing: /home/locobot/locobot_ws/install/locobot_square_move/share/locobot_square_move/package.xml
[1.312s] Invoked command in '/home/locobot/locobot_ws/build/locobot_square_move' returned '0': CMAKE_PREFIX_PATH=${CMAKE_PREFIX_PATH}:/home/locobot/interbotix_ws/install/interbotix_xs_modules:/home/locobot/interbotix_ws/install/interbotix_perception_modules:/home/locobot/interbotix_ws/install/interbotix_common_modules:/opt/ros/humble /usr/bin/cmake --install /home/locobot/locobot_ws/build/locobot_square_move
