running egg_info
creating ../../build/locobot_move/locobot_move.egg-info
writing ../../build/locobot_move/locobot_move.egg-info/PKG-INFO
writing dependency_links to ../../build/locobot_move/locobot_move.egg-info/dependency_links.txt
writing entry points to ../../build/locobot_move/locobot_move.egg-info/entry_points.txt
writing requirements to ../../build/locobot_move/locobot_move.egg-info/requires.txt
writing top-level names to ../../build/locobot_move/locobot_move.egg-info/top_level.txt
writing manifest file '../../build/locobot_move/locobot_move.egg-info/SOURCES.txt'
reading manifest file '../../build/locobot_move/locobot_move.egg-info/SOURCES.txt'
writing manifest file '../../build/locobot_move/locobot_move.egg-info/SOURCES.txt'
running build
running build_py
creating /home/locobot/locobot_ws/build/locobot_move/build
creating /home/locobot/locobot_ws/build/locobot_move/build/lib
creating /home/locobot/locobot_ws/build/locobot_move/build/lib/locobot_move
copying locobot_move/__init__.py -> /home/locobot/locobot_ws/build/locobot_move/build/lib/locobot_move
copying locobot_move/locobot_node.py -> /home/locobot/locobot_ws/build/locobot_move/build/lib/locobot_move
running install
running install_lib
creating /home/locobot/locobot_ws/install/locobot_move/lib/python3.10/site-packages/locobot_move
copying /home/locobot/locobot_ws/build/locobot_move/build/lib/locobot_move/__init__.py -> /home/locobot/locobot_ws/install/locobot_move/lib/python3.10/site-packages/locobot_move
copying /home/locobot/locobot_ws/build/locobot_move/build/lib/locobot_move/locobot_node.py -> /home/locobot/locobot_ws/install/locobot_move/lib/python3.10/site-packages/locobot_move
byte-compiling /home/locobot/locobot_ws/install/locobot_move/lib/python3.10/site-packages/locobot_move/__init__.py to __init__.cpython-310.pyc
byte-compiling /home/locobot/locobot_ws/install/locobot_move/lib/python3.10/site-packages/locobot_move/locobot_node.py to locobot_node.cpython-310.pyc
running install_data
creating /home/locobot/locobot_ws/install/locobot_move/share/ament_index
creating /home/locobot/locobot_ws/install/locobot_move/share/ament_index/resource_index
creating /home/locobot/locobot_ws/install/locobot_move/share/ament_index/resource_index/packages
copying resource/locobot_move -> /home/locobot/locobot_ws/install/locobot_move/share/ament_index/resource_index/packages
copying package.xml -> /home/locobot/locobot_ws/install/locobot_move/share/locobot_move
running install_egg_info
Copying ../../build/locobot_move/locobot_move.egg-info to /home/locobot/locobot_ws/install/locobot_move/lib/python3.10/site-packages/locobot_move-0.0.0-py3.10.egg-info
running install_scripts
Installing py_node script to /home/locobot/locobot_ws/install/locobot_move/lib/locobot_move
writing list of installed files to '/home/locobot/locobot_ws/build/locobot_move/install.log'
