[1.066s] Invoking command in '/home/locobot/locobot_ws/src/detection': PYTHONPATH=/home/locobot/locobot_ws/build/detection/prefix_override:/home/locobot/locobot_ws/install/detection/lib/python3.10/site-packages:${PYTHONPATH} /usr/bin/python3 -W ignore:setup.py install is deprecated setup.py egg_info --egg-base ../../build/detection build --build-base /home/locobot/locobot_ws/build/detection/build install --record /home/locobot/locobot_ws/build/detection/install.log --single-version-externally-managed install_data
[1.648s] running egg_info
[1.650s] creating ../../build/detection/detection.egg-info
[1.650s] writing ../../build/detection/detection.egg-info/PKG-INFO
[1.651s] writing dependency_links to ../../build/detection/detection.egg-info/dependency_links.txt
[1.651s] writing entry points to ../../build/detection/detection.egg-info/entry_points.txt
[1.652s] writing requirements to ../../build/detection/detection.egg-info/requires.txt
[1.652s] writing top-level names to ../../build/detection/detection.egg-info/top_level.txt
[1.653s] writing manifest file '../../build/detection/detection.egg-info/SOURCES.txt'
[1.657s] reading manifest file '../../build/detection/detection.egg-info/SOURCES.txt'
[1.657s] writing manifest file '../../build/detection/detection.egg-info/SOURCES.txt'
[1.658s] running build
[1.658s] running build_py
[1.658s] creating /home/locobot/locobot_ws/build/detection/build
[1.659s] creating /home/locobot/locobot_ws/build/detection/build/lib
[1.661s] creating /home/locobot/locobot_ws/build/detection/build/lib/detection
[1.661s] copying detection/__init__.py -> /home/locobot/locobot_ws/build/detection/build/lib/detection
[1.661s] running install
[1.662s] running install_lib
[1.662s] creating /home/locobot/locobot_ws/install/detection/lib/python3.10/site-packages/detection
[1.662s] copying /home/locobot/locobot_ws/build/detection/build/lib/detection/__init__.py -> /home/locobot/locobot_ws/install/detection/lib/python3.10/site-packages/detection
[1.662s] byte-compiling /home/locobot/locobot_ws/install/detection/lib/python3.10/site-packages/detection/__init__.py to __init__.cpython-310.pyc
[1.662s] running install_data
[1.662s] creating /home/locobot/locobot_ws/install/detection/share/ament_index
[1.662s] creating /home/locobot/locobot_ws/install/detection/share/ament_index/resource_index
[1.662s] creating /home/locobot/locobot_ws/install/detection/share/ament_index/resource_index/packages
[1.662s] copying resource/detection -> /home/locobot/locobot_ws/install/detection/share/ament_index/resource_index/packages
[1.662s] copying package.xml -> /home/locobot/locobot_ws/install/detection/share/detection
[1.663s] running install_egg_info
[1.664s] Copying ../../build/detection/detection.egg-info to /home/locobot/locobot_ws/install/detection/lib/python3.10/site-packages/detection-0.0.0-py3.10.egg-info
[1.667s] running install_scripts
[1.702s] writing list of installed files to '/home/locobot/locobot_ws/build/detection/install.log'
[1.743s] Invoked command in '/home/locobot/locobot_ws/src/detection' returned '0': PYTHONPATH=/home/locobot/locobot_ws/build/detection/prefix_override:/home/locobot/locobot_ws/install/detection/lib/python3.10/site-packages:${PYTHONPATH} /usr/bin/python3 -W ignore:setup.py install is deprecated setup.py egg_info --egg-base ../../build/detection build --build-base /home/locobot/locobot_ws/build/detection/build install --record /home/locobot/locobot_ws/build/detection/install.log --single-version-externally-managed install_data
