[0.020s] Invoking command in '/home/locobot/locobot_ws/build/yolov8_bringup': AMENT_PREFIX_PATH=/home/locobot/locobot_ws/install/yolov8_ros:${AMENT_PREFIX_PATH} CMAKE_PREFIX_PATH=${CMAKE_PREFIX_PATH}:/home/locobot/locobot_ws/install/locobot_move:/home/locobot/locobot_ws/install/create3_teleop:/home/locobot/locobot_ws/install/create3_examples_py:/home/locobot/interbotix_ws/install/interbotix_xslocobot_control:/home/locobot/interbotix_ws/install/interbotix_xs_modules:/home/locobot/interbotix_ws/install/interbotix_perception_modules:/home/locobot/interbotix_ws/install/interbotix_common_modules:/opt/ros/humble PYTHONPATH=/home/locobot/locobot_ws/install/yolov8_ros/lib/python3.10/site-packages:${PYTHONPATH} /usr/bin/cmake /home/locobot/locobot_ws/src/yolov8_ros/yolov8_bringup -DCMAKE_INSTALL_PREFIX=/home/locobot/locobot_ws/install/yolov8_bringup
[0.103s] -- The C compiler identification is GNU 11.4.0
[0.154s] -- The CXX compiler identification is GNU 11.4.0
[0.160s] -- Detecting C compiler ABI info
[0.246s] -- Detecting C compiler ABI info - done
[0.258s] -- Check for working C compiler: /usr/bin/cc - skipped
[0.259s] -- Detecting C compile features
[0.259s] -- Detecting C compile features - done
[0.263s] -- Detecting CXX compiler ABI info
[0.339s] -- Detecting CXX compiler ABI info - done
[0.346s] -- Check for working CXX compiler: /usr/bin/c++ - skipped
[0.346s] -- Detecting CXX compile features
[0.347s] -- Detecting CXX compile features - done
[0.353s] -- Found ament_cmake: 1.3.8 (/opt/ros/humble/share/ament_cmake/cmake)
[0.521s] -- Found Python3: /usr/bin/python3 (found version "3.10.12") found components: Interpreter 
[0.754s] -- Configuring done
[0.756s] -- Generating done
[0.757s] -- Build files have been written to: /home/locobot/locobot_ws/build/yolov8_bringup
[0.761s] Invoked command in '/home/locobot/locobot_ws/build/yolov8_bringup' returned '0': AMENT_PREFIX_PATH=/home/locobot/locobot_ws/install/yolov8_ros:${AMENT_PREFIX_PATH} CMAKE_PREFIX_PATH=${CMAKE_PREFIX_PATH}:/home/locobot/locobot_ws/install/locobot_move:/home/locobot/locobot_ws/install/create3_teleop:/home/locobot/locobot_ws/install/create3_examples_py:/home/locobot/interbotix_ws/install/interbotix_xslocobot_control:/home/locobot/interbotix_ws/install/interbotix_xs_modules:/home/locobot/interbotix_ws/install/interbotix_perception_modules:/home/locobot/interbotix_ws/install/interbotix_common_modules:/opt/ros/humble PYTHONPATH=/home/locobot/locobot_ws/install/yolov8_ros/lib/python3.10/site-packages:${PYTHONPATH} /usr/bin/cmake /home/locobot/locobot_ws/src/yolov8_ros/yolov8_bringup -DCMAKE_INSTALL_PREFIX=/home/locobot/locobot_ws/install/yolov8_bringup
[0.762s] Invoking command in '/home/locobot/locobot_ws/build/yolov8_bringup': AMENT_PREFIX_PATH=/home/locobot/locobot_ws/install/yolov8_ros:${AMENT_PREFIX_PATH} CMAKE_PREFIX_PATH=${CMAKE_PREFIX_PATH}:/home/locobot/locobot_ws/install/locobot_move:/home/locobot/locobot_ws/install/create3_teleop:/home/locobot/locobot_ws/install/create3_examples_py:/home/locobot/interbotix_ws/install/interbotix_xslocobot_control:/home/locobot/interbotix_ws/install/interbotix_xs_modules:/home/locobot/interbotix_ws/install/interbotix_perception_modules:/home/locobot/interbotix_ws/install/interbotix_common_modules:/opt/ros/humble PYTHONPATH=/home/locobot/locobot_ws/install/yolov8_ros/lib/python3.10/site-packages:${PYTHONPATH} /usr/bin/cmake --build /home/locobot/locobot_ws/build/yolov8_bringup -- -j4 -l4
[0.798s] Invoked command in '/home/locobot/locobot_ws/build/yolov8_bringup' returned '0': AMENT_PREFIX_PATH=/home/locobot/locobot_ws/install/yolov8_ros:${AMENT_PREFIX_PATH} CMAKE_PREFIX_PATH=${CMAKE_PREFIX_PATH}:/home/locobot/locobot_ws/install/locobot_move:/home/locobot/locobot_ws/install/create3_teleop:/home/locobot/locobot_ws/install/create3_examples_py:/home/locobot/interbotix_ws/install/interbotix_xslocobot_control:/home/locobot/interbotix_ws/install/interbotix_xs_modules:/home/locobot/interbotix_ws/install/interbotix_perception_modules:/home/locobot/interbotix_ws/install/interbotix_common_modules:/opt/ros/humble PYTHONPATH=/home/locobot/locobot_ws/install/yolov8_ros/lib/python3.10/site-packages:${PYTHONPATH} /usr/bin/cmake --build /home/locobot/locobot_ws/build/yolov8_bringup -- -j4 -l4
[0.823s] Invoking command in '/home/locobot/locobot_ws/build/yolov8_bringup': AMENT_PREFIX_PATH=/home/locobot/locobot_ws/install/yolov8_ros:${AMENT_PREFIX_PATH} CMAKE_PREFIX_PATH=${CMAKE_PREFIX_PATH}:/home/locobot/locobot_ws/install/locobot_move:/home/locobot/locobot_ws/install/create3_teleop:/home/locobot/locobot_ws/install/create3_examples_py:/home/locobot/interbotix_ws/install/interbotix_xslocobot_control:/home/locobot/interbotix_ws/install/interbotix_xs_modules:/home/locobot/interbotix_ws/install/interbotix_perception_modules:/home/locobot/interbotix_ws/install/interbotix_common_modules:/opt/ros/humble PYTHONPATH=/home/locobot/locobot_ws/install/yolov8_ros/lib/python3.10/site-packages:${PYTHONPATH} /usr/bin/cmake --install /home/locobot/locobot_ws/build/yolov8_bringup
[0.831s] -- Install configuration: ""
[0.832s] -- Installing: /home/locobot/locobot_ws/install/yolov8_bringup/share/yolov8_bringup//launch
[0.832s] -- Installing: /home/locobot/locobot_ws/install/yolov8_bringup/share/yolov8_bringup//launch/yolov8.launch.py
[0.832s] -- Installing: /home/locobot/locobot_ws/install/yolov8_bringup/share/yolov8_bringup//launch/yolov9.launch.py
[0.832s] -- Installing: /home/locobot/locobot_ws/install/yolov8_bringup/share/yolov8_bringup//launch/yolov8_3d.launch.py
[0.832s] -- Installing: /home/locobot/locobot_ws/install/yolov8_bringup/share/ament_index/resource_index/package_run_dependencies/yolov8_bringup
[0.832s] -- Installing: /home/locobot/locobot_ws/install/yolov8_bringup/share/ament_index/resource_index/parent_prefix_path/yolov8_bringup
[0.833s] -- Installing: /home/locobot/locobot_ws/install/yolov8_bringup/share/yolov8_bringup/environment/ament_prefix_path.sh
[0.833s] -- Installing: /home/locobot/locobot_ws/install/yolov8_bringup/share/yolov8_bringup/environment/ament_prefix_path.dsv
[0.833s] -- Installing: /home/locobot/locobot_ws/install/yolov8_bringup/share/yolov8_bringup/environment/path.sh
[0.833s] -- Installing: /home/locobot/locobot_ws/install/yolov8_bringup/share/yolov8_bringup/environment/path.dsv
[0.833s] -- Installing: /home/locobot/locobot_ws/install/yolov8_bringup/share/yolov8_bringup/local_setup.bash
[0.834s] -- Installing: /home/locobot/locobot_ws/install/yolov8_bringup/share/yolov8_bringup/local_setup.sh
[0.834s] -- Installing: /home/locobot/locobot_ws/install/yolov8_bringup/share/yolov8_bringup/local_setup.zsh
[0.834s] -- Installing: /home/locobot/locobot_ws/install/yolov8_bringup/share/yolov8_bringup/local_setup.dsv
[0.834s] -- Installing: /home/locobot/locobot_ws/install/yolov8_bringup/share/yolov8_bringup/package.dsv
[0.834s] -- Installing: /home/locobot/locobot_ws/install/yolov8_bringup/share/ament_index/resource_index/packages/yolov8_bringup
[0.834s] -- Installing: /home/locobot/locobot_ws/install/yolov8_bringup/share/yolov8_bringup/cmake/yolov8_bringupConfig.cmake
[0.834s] -- Installing: /home/locobot/locobot_ws/install/yolov8_bringup/share/yolov8_bringup/cmake/yolov8_bringupConfig-version.cmake
[0.834s] -- Installing: /home/locobot/locobot_ws/install/yolov8_bringup/share/yolov8_bringup/package.xml
[0.837s] Invoked command in '/home/locobot/locobot_ws/build/yolov8_bringup' returned '0': AMENT_PREFIX_PATH=/home/locobot/locobot_ws/install/yolov8_ros:${AMENT_PREFIX_PATH} CMAKE_PREFIX_PATH=${CMAKE_PREFIX_PATH}:/home/locobot/locobot_ws/install/locobot_move:/home/locobot/locobot_ws/install/create3_teleop:/home/locobot/locobot_ws/install/create3_examples_py:/home/locobot/interbotix_ws/install/interbotix_xslocobot_control:/home/locobot/interbotix_ws/install/interbotix_xs_modules:/home/locobot/interbotix_ws/install/interbotix_perception_modules:/home/locobot/interbotix_ws/install/interbotix_common_modules:/opt/ros/humble PYTHONPATH=/home/locobot/locobot_ws/install/yolov8_ros/lib/python3.10/site-packages:${PYTHONPATH} /usr/bin/cmake --install /home/locobot/locobot_ws/build/yolov8_bringup
