[0.703s] Invoking command in '/home/locobot/locobot_ws/src/YOLOv5-ROS/yolov5_ros': AMENT_PREFIX_PATH=/home/locobot/locobot_ws/install/bboxes_ex_msgs:${AMENT_PREFIX_PATH} CMAKE_PREFIX_PATH=/home/locobot/locobot_ws/install/bboxes_ex_msgs:${CMAKE_PREFIX_PATH} LD_LIBRARY_PATH=/home/locobot/locobot_ws/install/bboxes_ex_msgs/lib:${LD_LIBRARY_PATH} PYTHONPATH=/home/locobot/locobot_ws/build/yolov5_ros/prefix_override:/home/locobot/locobot_ws/install/yolov5_ros/lib/python3.10/site-packages:/home/locobot/locobot_ws/install/bboxes_ex_msgs/local/lib/python3.10/dist-packages:${PYTHONPATH} /usr/bin/python3 -W ignore:setup.py install is deprecated setup.py egg_info --egg-base ../../../build/yolov5_ros build --build-base /home/locobot/locobot_ws/build/yolov5_ros/build install --record /home/locobot/locobot_ws/build/yolov5_ros/install.log --single-version-externally-managed install_data
[0.997s] running egg_info
[0.997s] creating ../../../build/yolov5_ros/yolov5_ros.egg-info
[0.998s] writing ../../../build/yolov5_ros/yolov5_ros.egg-info/PKG-INFO
[0.998s] writing dependency_links to ../../../build/yolov5_ros/yolov5_ros.egg-info/dependency_links.txt
[0.998s] writing entry points to ../../../build/yolov5_ros/yolov5_ros.egg-info/entry_points.txt
[0.998s] writing requirements to ../../../build/yolov5_ros/yolov5_ros.egg-info/requires.txt
[0.998s] writing top-level names to ../../../build/yolov5_ros/yolov5_ros.egg-info/top_level.txt
[0.998s] writing manifest file '../../../build/yolov5_ros/yolov5_ros.egg-info/SOURCES.txt'
[1.001s] reading manifest file '../../../build/yolov5_ros/yolov5_ros.egg-info/SOURCES.txt'
[1.003s] writing manifest file '../../../build/yolov5_ros/yolov5_ros.egg-info/SOURCES.txt'
[1.003s] running build
[1.003s] running build_py
[1.003s] creating /home/locobot/locobot_ws/build/yolov5_ros/build
[1.003s] creating /home/locobot/locobot_ws/build/yolov5_ros/build/lib
[1.003s] creating /home/locobot/locobot_ws/build/yolov5_ros/build/lib/yolov5_ros
[1.004s] copying yolov5_ros/export.py -> /home/locobot/locobot_ws/build/yolov5_ros/build/lib/yolov5_ros
[1.004s] copying yolov5_ros/main.py -> /home/locobot/locobot_ws/build/yolov5_ros/build/lib/yolov5_ros
[1.004s] copying yolov5_ros/__init__.py -> /home/locobot/locobot_ws/build/yolov5_ros/build/lib/yolov5_ros
[1.004s] creating /home/locobot/locobot_ws/build/yolov5_ros/build/lib/yolov5_ros/models
[1.004s] copying yolov5_ros/models/tf.py -> /home/locobot/locobot_ws/build/yolov5_ros/build/lib/yolov5_ros/models
[1.004s] copying yolov5_ros/models/__init__.py -> /home/locobot/locobot_ws/build/yolov5_ros/build/lib/yolov5_ros/models
[1.005s] copying yolov5_ros/models/yolo.py -> /home/locobot/locobot_ws/build/yolov5_ros/build/lib/yolov5_ros/models
[1.005s] copying yolov5_ros/models/experimental.py -> /home/locobot/locobot_ws/build/yolov5_ros/build/lib/yolov5_ros/models
[1.005s] copying yolov5_ros/models/common.py -> /home/locobot/locobot_ws/build/yolov5_ros/build/lib/yolov5_ros/models
[1.005s] creating /home/locobot/locobot_ws/build/yolov5_ros/build/lib/yolov5_ros/utils
[1.005s] copying yolov5_ros/utils/datasets.py -> /home/locobot/locobot_ws/build/yolov5_ros/build/lib/yolov5_ros/utils
[1.005s] copying yolov5_ros/utils/downloads.py -> /home/locobot/locobot_ws/build/yolov5_ros/build/lib/yolov5_ros/utils
[1.006s] copying yolov5_ros/utils/torch_utils.py -> /home/locobot/locobot_ws/build/yolov5_ros/build/lib/yolov5_ros/utils
[1.006s] copying yolov5_ros/utils/augmentations.py -> /home/locobot/locobot_ws/build/yolov5_ros/build/lib/yolov5_ros/utils
[1.006s] copying yolov5_ros/utils/metrics.py -> /home/locobot/locobot_ws/build/yolov5_ros/build/lib/yolov5_ros/utils
[1.006s] copying yolov5_ros/utils/autobatch.py -> /home/locobot/locobot_ws/build/yolov5_ros/build/lib/yolov5_ros/utils
[1.006s] copying yolov5_ros/utils/__init__.py -> /home/locobot/locobot_ws/build/yolov5_ros/build/lib/yolov5_ros/utils
[1.006s] copying yolov5_ros/utils/plots.py -> /home/locobot/locobot_ws/build/yolov5_ros/build/lib/yolov5_ros/utils
[1.006s] copying yolov5_ros/utils/general.py -> /home/locobot/locobot_ws/build/yolov5_ros/build/lib/yolov5_ros/utils
[1.007s] copying yolov5_ros/utils/activations.py -> /home/locobot/locobot_ws/build/yolov5_ros/build/lib/yolov5_ros/utils
[1.007s] copying yolov5_ros/utils/callbacks.py -> /home/locobot/locobot_ws/build/yolov5_ros/build/lib/yolov5_ros/utils
[1.007s] copying yolov5_ros/utils/benchmarks.py -> /home/locobot/locobot_ws/build/yolov5_ros/build/lib/yolov5_ros/utils
[1.007s] copying yolov5_ros/utils/loss.py -> /home/locobot/locobot_ws/build/yolov5_ros/build/lib/yolov5_ros/utils
[1.007s] copying yolov5_ros/utils/autoanchor.py -> /home/locobot/locobot_ws/build/yolov5_ros/build/lib/yolov5_ros/utils
[1.007s] creating /home/locobot/locobot_ws/build/yolov5_ros/build/lib/yolov5_ros/utils/loggers
[1.007s] copying yolov5_ros/utils/loggers/__init__.py -> /home/locobot/locobot_ws/build/yolov5_ros/build/lib/yolov5_ros/utils/loggers
[1.008s] creating /home/locobot/locobot_ws/build/yolov5_ros/build/lib/yolov5_ros/utils/aws
[1.010s] copying yolov5_ros/utils/aws/__init__.py -> /home/locobot/locobot_ws/build/yolov5_ros/build/lib/yolov5_ros/utils/aws
[1.010s] copying yolov5_ros/utils/aws/resume.py -> /home/locobot/locobot_ws/build/yolov5_ros/build/lib/yolov5_ros/utils/aws
[1.011s] creating /home/locobot/locobot_ws/build/yolov5_ros/build/lib/yolov5_ros/utils/loggers/wandb
[1.011s] copying yolov5_ros/utils/loggers/wandb/log_dataset.py -> /home/locobot/locobot_ws/build/yolov5_ros/build/lib/yolov5_ros/utils/loggers/wandb
[1.011s] copying yolov5_ros/utils/loggers/wandb/__init__.py -> /home/locobot/locobot_ws/build/yolov5_ros/build/lib/yolov5_ros/utils/loggers/wandb
[1.011s] copying yolov5_ros/utils/loggers/wandb/wandb_utils.py -> /home/locobot/locobot_ws/build/yolov5_ros/build/lib/yolov5_ros/utils/loggers/wandb
[1.011s] copying yolov5_ros/utils/loggers/wandb/sweep.py -> /home/locobot/locobot_ws/build/yolov5_ros/build/lib/yolov5_ros/utils/loggers/wandb
[1.012s] running install
[1.012s] running install_lib
[1.013s] creating /home/locobot/locobot_ws/install/yolov5_ros/lib/python3.10/site-packages/yolov5_ros
[1.013s] copying /home/locobot/locobot_ws/build/yolov5_ros/build/lib/yolov5_ros/export.py -> /home/locobot/locobot_ws/install/yolov5_ros/lib/python3.10/site-packages/yolov5_ros
[1.014s] creating /home/locobot/locobot_ws/install/yolov5_ros/lib/python3.10/site-packages/yolov5_ros/models
[1.014s] copying /home/locobot/locobot_ws/build/yolov5_ros/build/lib/yolov5_ros/models/tf.py -> /home/locobot/locobot_ws/install/yolov5_ros/lib/python3.10/site-packages/yolov5_ros/models
[1.014s] copying /home/locobot/locobot_ws/build/yolov5_ros/build/lib/yolov5_ros/models/__init__.py -> /home/locobot/locobot_ws/install/yolov5_ros/lib/python3.10/site-packages/yolov5_ros/models
[1.014s] copying /home/locobot/locobot_ws/build/yolov5_ros/build/lib/yolov5_ros/models/yolo.py -> /home/locobot/locobot_ws/install/yolov5_ros/lib/python3.10/site-packages/yolov5_ros/models
[1.014s] copying /home/locobot/locobot_ws/build/yolov5_ros/build/lib/yolov5_ros/models/experimental.py -> /home/locobot/locobot_ws/install/yolov5_ros/lib/python3.10/site-packages/yolov5_ros/models
[1.014s] copying /home/locobot/locobot_ws/build/yolov5_ros/build/lib/yolov5_ros/models/common.py -> /home/locobot/locobot_ws/install/yolov5_ros/lib/python3.10/site-packages/yolov5_ros/models
[1.015s] copying /home/locobot/locobot_ws/build/yolov5_ros/build/lib/yolov5_ros/main.py -> /home/locobot/locobot_ws/install/yolov5_ros/lib/python3.10/site-packages/yolov5_ros
[1.015s] copying /home/locobot/locobot_ws/build/yolov5_ros/build/lib/yolov5_ros/__init__.py -> /home/locobot/locobot_ws/install/yolov5_ros/lib/python3.10/site-packages/yolov5_ros
[1.015s] creating /home/locobot/locobot_ws/install/yolov5_ros/lib/python3.10/site-packages/yolov5_ros/utils
[1.015s] copying /home/locobot/locobot_ws/build/yolov5_ros/build/lib/yolov5_ros/utils/datasets.py -> /home/locobot/locobot_ws/install/yolov5_ros/lib/python3.10/site-packages/yolov5_ros/utils
[1.015s] copying /home/locobot/locobot_ws/build/yolov5_ros/build/lib/yolov5_ros/utils/downloads.py -> /home/locobot/locobot_ws/install/yolov5_ros/lib/python3.10/site-packages/yolov5_ros/utils
[1.015s] copying /home/locobot/locobot_ws/build/yolov5_ros/build/lib/yolov5_ros/utils/torch_utils.py -> /home/locobot/locobot_ws/install/yolov5_ros/lib/python3.10/site-packages/yolov5_ros/utils
[1.015s] copying /home/locobot/locobot_ws/build/yolov5_ros/build/lib/yolov5_ros/utils/augmentations.py -> /home/locobot/locobot_ws/install/yolov5_ros/lib/python3.10/site-packages/yolov5_ros/utils
[1.015s] copying /home/locobot/locobot_ws/build/yolov5_ros/build/lib/yolov5_ros/utils/metrics.py -> /home/locobot/locobot_ws/install/yolov5_ros/lib/python3.10/site-packages/yolov5_ros/utils
[1.016s] copying /home/locobot/locobot_ws/build/yolov5_ros/build/lib/yolov5_ros/utils/autobatch.py -> /home/locobot/locobot_ws/install/yolov5_ros/lib/python3.10/site-packages/yolov5_ros/utils
[1.016s] creating /home/locobot/locobot_ws/install/yolov5_ros/lib/python3.10/site-packages/yolov5_ros/utils/loggers
[1.016s] copying /home/locobot/locobot_ws/build/yolov5_ros/build/lib/yolov5_ros/utils/loggers/__init__.py -> /home/locobot/locobot_ws/install/yolov5_ros/lib/python3.10/site-packages/yolov5_ros/utils/loggers
[1.016s] creating /home/locobot/locobot_ws/install/yolov5_ros/lib/python3.10/site-packages/yolov5_ros/utils/loggers/wandb
[1.016s] copying /home/locobot/locobot_ws/build/yolov5_ros/build/lib/yolov5_ros/utils/loggers/wandb/log_dataset.py -> /home/locobot/locobot_ws/install/yolov5_ros/lib/python3.10/site-packages/yolov5_ros/utils/loggers/wandb
[1.016s] copying /home/locobot/locobot_ws/build/yolov5_ros/build/lib/yolov5_ros/utils/loggers/wandb/__init__.py -> /home/locobot/locobot_ws/install/yolov5_ros/lib/python3.10/site-packages/yolov5_ros/utils/loggers/wandb
[1.017s] copying /home/locobot/locobot_ws/build/yolov5_ros/build/lib/yolov5_ros/utils/loggers/wandb/wandb_utils.py -> /home/locobot/locobot_ws/install/yolov5_ros/lib/python3.10/site-packages/yolov5_ros/utils/loggers/wandb
[1.017s] copying /home/locobot/locobot_ws/build/yolov5_ros/build/lib/yolov5_ros/utils/loggers/wandb/sweep.py -> /home/locobot/locobot_ws/install/yolov5_ros/lib/python3.10/site-packages/yolov5_ros/utils/loggers/wandb
[1.017s] copying /home/locobot/locobot_ws/build/yolov5_ros/build/lib/yolov5_ros/utils/__init__.py -> /home/locobot/locobot_ws/install/yolov5_ros/lib/python3.10/site-packages/yolov5_ros/utils
[1.017s] copying /home/locobot/locobot_ws/build/yolov5_ros/build/lib/yolov5_ros/utils/plots.py -> /home/locobot/locobot_ws/install/yolov5_ros/lib/python3.10/site-packages/yolov5_ros/utils
[1.017s] copying /home/locobot/locobot_ws/build/yolov5_ros/build/lib/yolov5_ros/utils/general.py -> /home/locobot/locobot_ws/install/yolov5_ros/lib/python3.10/site-packages/yolov5_ros/utils
[1.017s] copying /home/locobot/locobot_ws/build/yolov5_ros/build/lib/yolov5_ros/utils/activations.py -> /home/locobot/locobot_ws/install/yolov5_ros/lib/python3.10/site-packages/yolov5_ros/utils
[1.017s] copying /home/locobot/locobot_ws/build/yolov5_ros/build/lib/yolov5_ros/utils/callbacks.py -> /home/locobot/locobot_ws/install/yolov5_ros/lib/python3.10/site-packages/yolov5_ros/utils
[1.018s] copying /home/locobot/locobot_ws/build/yolov5_ros/build/lib/yolov5_ros/utils/benchmarks.py -> /home/locobot/locobot_ws/install/yolov5_ros/lib/python3.10/site-packages/yolov5_ros/utils
[1.018s] copying /home/locobot/locobot_ws/build/yolov5_ros/build/lib/yolov5_ros/utils/loss.py -> /home/locobot/locobot_ws/install/yolov5_ros/lib/python3.10/site-packages/yolov5_ros/utils
[1.018s] creating /home/locobot/locobot_ws/install/yolov5_ros/lib/python3.10/site-packages/yolov5_ros/utils/aws
[1.018s] copying /home/locobot/locobot_ws/build/yolov5_ros/build/lib/yolov5_ros/utils/aws/__init__.py -> /home/locobot/locobot_ws/install/yolov5_ros/lib/python3.10/site-packages/yolov5_ros/utils/aws
[1.018s] copying /home/locobot/locobot_ws/build/yolov5_ros/build/lib/yolov5_ros/utils/aws/resume.py -> /home/locobot/locobot_ws/install/yolov5_ros/lib/python3.10/site-packages/yolov5_ros/utils/aws
[1.018s] copying /home/locobot/locobot_ws/build/yolov5_ros/build/lib/yolov5_ros/utils/autoanchor.py -> /home/locobot/locobot_ws/install/yolov5_ros/lib/python3.10/site-packages/yolov5_ros/utils
[1.020s] byte-compiling /home/locobot/locobot_ws/install/yolov5_ros/lib/python3.10/site-packages/yolov5_ros/export.py to export.cpython-310.pyc
[1.025s] byte-compiling /home/locobot/locobot_ws/install/yolov5_ros/lib/python3.10/site-packages/yolov5_ros/models/tf.py to tf.cpython-310.pyc
[1.029s] byte-compiling /home/locobot/locobot_ws/install/yolov5_ros/lib/python3.10/site-packages/yolov5_ros/models/__init__.py to __init__.cpython-310.pyc
[1.029s] byte-compiling /home/locobot/locobot_ws/install/yolov5_ros/lib/python3.10/site-packages/yolov5_ros/models/yolo.py to yolo.cpython-310.pyc
[1.032s] byte-compiling /home/locobot/locobot_ws/install/yolov5_ros/lib/python3.10/site-packages/yolov5_ros/models/experimental.py to experimental.cpython-310.pyc
[1.033s] byte-compiling /home/locobot/locobot_ws/install/yolov5_ros/lib/python3.10/site-packages/yolov5_ros/models/common.py to common.cpython-310.pyc
[1.039s] byte-compiling /home/locobot/locobot_ws/install/yolov5_ros/lib/python3.10/site-packages/yolov5_ros/main.py to main.cpython-310.pyc
[1.041s] byte-compiling /home/locobot/locobot_ws/install/yolov5_ros/lib/python3.10/site-packages/yolov5_ros/__init__.py to __init__.cpython-310.pyc
[1.041s] byte-compiling /home/locobot/locobot_ws/install/yolov5_ros/lib/python3.10/site-packages/yolov5_ros/utils/datasets.py to datasets.cpython-310.pyc
[1.049s] byte-compiling /home/locobot/locobot_ws/install/yolov5_ros/lib/python3.10/site-packages/yolov5_ros/utils/downloads.py to downloads.cpython-310.pyc
[1.050s] byte-compiling /home/locobot/locobot_ws/install/yolov5_ros/lib/python3.10/site-packages/yolov5_ros/utils/torch_utils.py to torch_utils.cpython-310.pyc
[1.052s] byte-compiling /home/locobot/locobot_ws/install/yolov5_ros/lib/python3.10/site-packages/yolov5_ros/utils/augmentations.py to augmentations.cpython-310.pyc
[1.055s] byte-compiling /home/locobot/locobot_ws/install/yolov5_ros/lib/python3.10/site-packages/yolov5_ros/utils/metrics.py to metrics.cpython-310.pyc
[1.057s] byte-compiling /home/locobot/locobot_ws/install/yolov5_ros/lib/python3.10/site-packages/yolov5_ros/utils/autobatch.py to autobatch.cpython-310.pyc
[1.057s] byte-compiling /home/locobot/locobot_ws/install/yolov5_ros/lib/python3.10/site-packages/yolov5_ros/utils/loggers/__init__.py to __init__.cpython-310.pyc
[1.059s] byte-compiling /home/locobot/locobot_ws/install/yolov5_ros/lib/python3.10/site-packages/yolov5_ros/utils/loggers/wandb/log_dataset.py to log_dataset.cpython-310.pyc
[1.059s] byte-compiling /home/locobot/locobot_ws/install/yolov5_ros/lib/python3.10/site-packages/yolov5_ros/utils/loggers/wandb/__init__.py to __init__.cpython-310.pyc
[1.059s] byte-compiling /home/locobot/locobot_ws/install/yolov5_ros/lib/python3.10/site-packages/yolov5_ros/utils/loggers/wandb/wandb_utils.py to wandb_utils.cpython-310.pyc
[1.063s] byte-compiling /home/locobot/locobot_ws/install/yolov5_ros/lib/python3.10/site-packages/yolov5_ros/utils/loggers/wandb/sweep.py to sweep.cpython-310.pyc
[1.063s] byte-compiling /home/locobot/locobot_ws/install/yolov5_ros/lib/python3.10/site-packages/yolov5_ros/utils/__init__.py to __init__.cpython-310.pyc
[1.063s] byte-compiling /home/locobot/locobot_ws/install/yolov5_ros/lib/python3.10/site-packages/yolov5_ros/utils/plots.py to plots.cpython-310.pyc
[1.067s] byte-compiling /home/locobot/locobot_ws/install/yolov5_ros/lib/python3.10/site-packages/yolov5_ros/utils/general.py to general.cpython-310.pyc
[1.074s] byte-compiling /home/locobot/locobot_ws/install/yolov5_ros/lib/python3.10/site-packages/yolov5_ros/utils/activations.py to activations.cpython-310.pyc
[1.075s] byte-compiling /home/locobot/locobot_ws/install/yolov5_ros/lib/python3.10/site-packages/yolov5_ros/utils/callbacks.py to callbacks.cpython-310.pyc
[1.075s] byte-compiling /home/locobot/locobot_ws/install/yolov5_ros/lib/python3.10/site-packages/yolov5_ros/utils/benchmarks.py to benchmarks.cpython-310.pyc
[1.076s] byte-compiling /home/locobot/locobot_ws/install/yolov5_ros/lib/python3.10/site-packages/yolov5_ros/utils/loss.py to loss.cpython-310.pyc
[1.078s] byte-compiling /home/locobot/locobot_ws/install/yolov5_ros/lib/python3.10/site-packages/yolov5_ros/utils/aws/__init__.py to __init__.cpython-310.pyc
[1.078s] byte-compiling /home/locobot/locobot_ws/install/yolov5_ros/lib/python3.10/site-packages/yolov5_ros/utils/aws/resume.py to resume.cpython-310.pyc
[1.078s] byte-compiling /home/locobot/locobot_ws/install/yolov5_ros/lib/python3.10/site-packages/yolov5_ros/utils/autoanchor.py to autoanchor.cpython-310.pyc
[1.080s] running install_data
[1.080s] creating /home/locobot/locobot_ws/install/yolov5_ros/share/ament_index
[1.080s] creating /home/locobot/locobot_ws/install/yolov5_ros/share/ament_index/resource_index
[1.080s] creating /home/locobot/locobot_ws/install/yolov5_ros/share/ament_index/resource_index/packages
[1.080s] copying resource/yolov5_ros -> /home/locobot/locobot_ws/install/yolov5_ros/share/ament_index/resource_index/packages
[1.080s] copying package.xml -> /home/locobot/locobot_ws/install/yolov5_ros/share/yolov5_ros
[1.080s] copying ./launch/yolov5s_simple.launch.py -> /home/locobot/locobot_ws/install/yolov5_ros/share/yolov5_ros
[1.080s] running install_egg_info
[1.082s] Copying ../../../build/yolov5_ros/yolov5_ros.egg-info to /home/locobot/locobot_ws/install/yolov5_ros/lib/python3.10/site-packages/yolov5_ros-0.2.0-py3.10.egg-info
[1.083s] running install_scripts
[1.091s] Installing yolov5_ros script to /home/locobot/locobot_ws/install/yolov5_ros/lib/yolov5_ros
[1.092s] writing list of installed files to '/home/locobot/locobot_ws/build/yolov5_ros/install.log'
[1.117s] Invoked command in '/home/locobot/locobot_ws/src/YOLOv5-ROS/yolov5_ros' returned '0': AMENT_PREFIX_PATH=/home/locobot/locobot_ws/install/bboxes_ex_msgs:${AMENT_PREFIX_PATH} CMAKE_PREFIX_PATH=/home/locobot/locobot_ws/install/bboxes_ex_msgs:${CMAKE_PREFIX_PATH} LD_LIBRARY_PATH=/home/locobot/locobot_ws/install/bboxes_ex_msgs/lib:${LD_LIBRARY_PATH} PYTHONPATH=/home/locobot/locobot_ws/build/yolov5_ros/prefix_override:/home/locobot/locobot_ws/install/yolov5_ros/lib/python3.10/site-packages:/home/locobot/locobot_ws/install/bboxes_ex_msgs/local/lib/python3.10/dist-packages:${PYTHONPATH} /usr/bin/python3 -W ignore:setup.py install is deprecated setup.py egg_info --egg-base ../../../build/yolov5_ros build --build-base /home/locobot/locobot_ws/build/yolov5_ros/build install --record /home/locobot/locobot_ws/build/yolov5_ros/install.log --single-version-externally-managed install_data
