[0.031s] Invoking command in '/home/locobot/locobot_ws/build/yolov8_msgs': CMAKE_PREFIX_PATH=${CMAKE_PREFIX_PATH}:/home/locobot/locobot_ws/install/yolov8_ros:/home/locobot/locobot_ws/install/detection:/home/locobot/locobot_ws/install/yolov5_ros:/home/locobot/locobot_ws/install/locobot_move:/home/locobot/locobot_ws/install/create3_teleop:/home/locobot/locobot_ws/install/create3_examples_py:/home/locobot/interbotix_ws/install/interbotix_xslocobot_control:/home/locobot/interbotix_ws/install/interbotix_xs_modules:/home/locobot/interbotix_ws/install/interbotix_perception_modules:/home/locobot/interbotix_ws/install/interbotix_common_modules:/opt/ros/humble /usr/bin/cmake --build /home/locobot/locobot_ws/build/yolov8_msgs -- -j4 -l4
[0.254s] [ 12%] Built target yolov8_msgs__rosidl_generator_c
[0.314s] [ 12%] Built target yolov8_msgs__cpp
[0.349s] [ 12%] Built target ament_cmake_python_copy_yolov8_msgs
[0.478s] [ 24%] Built target yolov8_msgs__rosidl_typesupport_fastrtps_c
[0.491s] [ 36%] Built target yolov8_msgs__rosidl_typesupport_introspection_c
[0.523s] [ 47%] Built target yolov8_msgs__rosidl_typesupport_fastrtps_cpp
[0.647s] [ 59%] Built target yolov8_msgs__rosidl_typesupport_c
[0.698s] [ 71%] Built target yolov8_msgs__rosidl_typesupport_introspection_cpp
[0.799s] [ 83%] Built target yolov8_msgs__rosidl_typesupport_cpp
[0.966s] [ 83%] Built target yolov8_msgs
[1.219s] [ 84%] Built target yolov8_msgs__py
[1.296s] running egg_info
[1.297s] writing yolov8_msgs.egg-info/PKG-INFO
[1.298s] writing dependency_links to yolov8_msgs.egg-info/dependency_links.txt
[1.298s] writing top-level names to yolov8_msgs.egg-info/top_level.txt
[1.302s] reading manifest file 'yolov8_msgs.egg-info/SOURCES.txt'
[1.306s] writing manifest file 'yolov8_msgs.egg-info/SOURCES.txt'
[1.388s] [ 95%] Built target yolov8_msgs__rosidl_generator_py
[1.426s] [ 95%] Built target ament_cmake_python_build_yolov8_msgs_egg
[1.452s] [ 96%] Built target yolov8_msgs__rosidl_typesupport_c__pyext
[1.464s] [ 98%] Built target yolov8_msgs__rosidl_typesupport_fastrtps_c__pyext
[1.473s] [100%] Built target yolov8_msgs__rosidl_typesupport_introspection_c__pyext
[1.490s] Invoked command in '/home/locobot/locobot_ws/build/yolov8_msgs' returned '0': CMAKE_PREFIX_PATH=${CMAKE_PREFIX_PATH}:/home/locobot/locobot_ws/install/yolov8_ros:/home/locobot/locobot_ws/install/detection:/home/locobot/locobot_ws/install/yolov5_ros:/home/locobot/locobot_ws/install/locobot_move:/home/locobot/locobot_ws/install/create3_teleop:/home/locobot/locobot_ws/install/create3_examples_py:/home/locobot/interbotix_ws/install/interbotix_xslocobot_control:/home/locobot/interbotix_ws/install/interbotix_xs_modules:/home/locobot/interbotix_ws/install/interbotix_perception_modules:/home/locobot/interbotix_ws/install/interbotix_common_modules:/opt/ros/humble /usr/bin/cmake --build /home/locobot/locobot_ws/build/yolov8_msgs -- -j4 -l4
[2.660s] Invoking command in '/home/locobot/locobot_ws/build/yolov8_msgs': CMAKE_PREFIX_PATH=${CMAKE_PREFIX_PATH}:/home/locobot/locobot_ws/install/yolov8_ros:/home/locobot/locobot_ws/install/detection:/home/locobot/locobot_ws/install/yolov5_ros:/home/locobot/locobot_ws/install/locobot_move:/home/locobot/locobot_ws/install/create3_teleop:/home/locobot/locobot_ws/install/create3_examples_py:/home/locobot/interbotix_ws/install/interbotix_xslocobot_control:/home/locobot/interbotix_ws/install/interbotix_xs_modules:/home/locobot/interbotix_ws/install/interbotix_perception_modules:/home/locobot/interbotix_ws/install/interbotix_common_modules:/opt/ros/humble /usr/bin/cmake --install /home/locobot/locobot_ws/build/yolov8_msgs
[2.678s] -- Install configuration: ""
[2.678s] -- Up-to-date: /home/locobot/locobot_ws/install/yolov8_msgs/share/ament_index/resource_index/rosidl_interfaces/yolov8_msgs
[2.678s] -- Up-to-date: /home/locobot/locobot_ws/install/yolov8_msgs/include/yolov8_msgs/yolov8_msgs
[2.679s] -- Up-to-date: /home/locobot/locobot_ws/install/yolov8_msgs/include/yolov8_msgs/yolov8_msgs/msg
[2.679s] -- Up-to-date: /home/locobot/locobot_ws/install/yolov8_msgs/include/yolov8_msgs/yolov8_msgs/msg/detection.h
[2.679s] -- Up-to-date: /home/locobot/locobot_ws/install/yolov8_msgs/include/yolov8_msgs/yolov8_msgs/msg/bounding_box3_d.h
[2.679s] -- Up-to-date: /home/locobot/locobot_ws/install/yolov8_msgs/include/yolov8_msgs/yolov8_msgs/msg/key_point2_d.h
[2.679s] -- Up-to-date: /home/locobot/locobot_ws/install/yolov8_msgs/include/yolov8_msgs/yolov8_msgs/msg/key_point3_d_array.h
[2.679s] -- Up-to-date: /home/locobot/locobot_ws/install/yolov8_msgs/include/yolov8_msgs/yolov8_msgs/msg/point2_d.h
[2.679s] -- Up-to-date: /home/locobot/locobot_ws/install/yolov8_msgs/include/yolov8_msgs/yolov8_msgs/msg/detail
[2.679s] -- Up-to-date: /home/locobot/locobot_ws/install/yolov8_msgs/include/yolov8_msgs/yolov8_msgs/msg/detail/mask__type_support.h
[2.679s] -- Up-to-date: /home/locobot/locobot_ws/install/yolov8_msgs/include/yolov8_msgs/yolov8_msgs/msg/detail/pose2_d__struct.h
[2.680s] -- Up-to-date: /home/locobot/locobot_ws/install/yolov8_msgs/include/yolov8_msgs/yolov8_msgs/msg/detail/vector2__type_support.h
[2.680s] -- Up-to-date: /home/locobot/locobot_ws/install/yolov8_msgs/include/yolov8_msgs/yolov8_msgs/msg/detail/bounding_box2_d__functions.c
[2.680s] -- Up-to-date: /home/locobot/locobot_ws/install/yolov8_msgs/include/yolov8_msgs/yolov8_msgs/msg/detail/key_point2_d_array__struct.h
[2.680s] -- Up-to-date: /home/locobot/locobot_ws/install/yolov8_msgs/include/yolov8_msgs/yolov8_msgs/msg/detail/bounding_box3_d__functions.h
[2.680s] -- Up-to-date: /home/locobot/locobot_ws/install/yolov8_msgs/include/yolov8_msgs/yolov8_msgs/msg/detail/vector2__functions.c
[2.680s] -- Up-to-date: /home/locobot/locobot_ws/install/yolov8_msgs/include/yolov8_msgs/yolov8_msgs/msg/detail/key_point2_d_array__functions.c
[2.680s] -- Up-to-date: /home/locobot/locobot_ws/install/yolov8_msgs/include/yolov8_msgs/yolov8_msgs/msg/detail/key_point3_d__struct.h
[2.680s] -- Up-to-date: /home/locobot/locobot_ws/install/yolov8_msgs/include/yolov8_msgs/yolov8_msgs/msg/detail/detection__functions.c
[2.680s] -- Up-to-date: /home/locobot/locobot_ws/install/yolov8_msgs/include/yolov8_msgs/yolov8_msgs/msg/detail/key_point2_d_array__functions.h
[2.681s] -- Up-to-date: /home/locobot/locobot_ws/install/yolov8_msgs/include/yolov8_msgs/yolov8_msgs/msg/detail/mask__struct.h
[2.681s] -- Up-to-date: /home/locobot/locobot_ws/install/yolov8_msgs/include/yolov8_msgs/yolov8_msgs/msg/detail/key_point3_d_array__functions.c
[2.681s] -- Up-to-date: /home/locobot/locobot_ws/install/yolov8_msgs/include/yolov8_msgs/yolov8_msgs/msg/detail/key_point3_d__functions.h
[2.681s] -- Up-to-date: /home/locobot/locobot_ws/install/yolov8_msgs/include/yolov8_msgs/yolov8_msgs/msg/detail/point2_d__functions.h
[2.681s] -- Up-to-date: /home/locobot/locobot_ws/install/yolov8_msgs/include/yolov8_msgs/yolov8_msgs/msg/detail/key_point2_d__type_support.h
[2.681s] -- Up-to-date: /home/locobot/locobot_ws/install/yolov8_msgs/include/yolov8_msgs/yolov8_msgs/msg/detail/bounding_box3_d__functions.c
[2.681s] -- Up-to-date: /home/locobot/locobot_ws/install/yolov8_msgs/include/yolov8_msgs/yolov8_msgs/msg/detail/bounding_box2_d__type_support.h
[2.681s] -- Up-to-date: /home/locobot/locobot_ws/install/yolov8_msgs/include/yolov8_msgs/yolov8_msgs/msg/detail/vector2__struct.h
[2.681s] -- Up-to-date: /home/locobot/locobot_ws/install/yolov8_msgs/include/yolov8_msgs/yolov8_msgs/msg/detail/detection__type_support.h
[2.681s] -- Up-to-date: /home/locobot/locobot_ws/install/yolov8_msgs/include/yolov8_msgs/yolov8_msgs/msg/detail/key_point3_d__functions.c
[2.681s] -- Up-to-date: /home/locobot/locobot_ws/install/yolov8_msgs/include/yolov8_msgs/yolov8_msgs/msg/detail/pose2_d__functions.c
[2.682s] -- Up-to-date: /home/locobot/locobot_ws/install/yolov8_msgs/include/yolov8_msgs/yolov8_msgs/msg/detail/point2_d__type_support.h
[2.682s] -- Up-to-date: /home/locobot/locobot_ws/install/yolov8_msgs/include/yolov8_msgs/yolov8_msgs/msg/detail/detection__functions.h
[2.682s] -- Up-to-date: /home/locobot/locobot_ws/install/yolov8_msgs/include/yolov8_msgs/yolov8_msgs/msg/detail/pose2_d__functions.h
[2.682s] -- Up-to-date: /home/locobot/locobot_ws/install/yolov8_msgs/include/yolov8_msgs/yolov8_msgs/msg/detail/bounding_box2_d__struct.h
[2.682s] -- Up-to-date: /home/locobot/locobot_ws/install/yolov8_msgs/include/yolov8_msgs/yolov8_msgs/msg/detail/key_point2_d__struct.h
[2.682s] -- Up-to-date: /home/locobot/locobot_ws/install/yolov8_msgs/include/yolov8_msgs/yolov8_msgs/msg/detail/mask__functions.h
[2.682s] -- Up-to-date: /home/locobot/locobot_ws/install/yolov8_msgs/include/yolov8_msgs/yolov8_msgs/msg/detail/detection_array__struct.h
[2.682s] -- Up-to-date: /home/locobot/locobot_ws/install/yolov8_msgs/include/yolov8_msgs/yolov8_msgs/msg/detail/detection_array__functions.c
[2.682s] -- Up-to-date: /home/locobot/locobot_ws/install/yolov8_msgs/include/yolov8_msgs/yolov8_msgs/msg/detail/bounding_box3_d__type_support.h
[2.682s] -- Up-to-date: /home/locobot/locobot_ws/install/yolov8_msgs/include/yolov8_msgs/yolov8_msgs/msg/detail/key_point3_d_array__struct.h
[2.682s] -- Up-to-date: /home/locobot/locobot_ws/install/yolov8_msgs/include/yolov8_msgs/yolov8_msgs/msg/detail/bounding_box3_d__struct.h
[2.683s] -- Up-to-date: /home/locobot/locobot_ws/install/yolov8_msgs/include/yolov8_msgs/yolov8_msgs/msg/detail/key_point3_d_array__type_support.h
[2.683s] -- Up-to-date: /home/locobot/locobot_ws/install/yolov8_msgs/include/yolov8_msgs/yolov8_msgs/msg/detail/key_point2_d__functions.c
[2.683s] -- Up-to-date: /home/locobot/locobot_ws/install/yolov8_msgs/include/yolov8_msgs/yolov8_msgs/msg/detail/key_point2_d_array__type_support.h
[2.683s] -- Up-to-date: /home/locobot/locobot_ws/install/yolov8_msgs/include/yolov8_msgs/yolov8_msgs/msg/detail/key_point3_d_array__functions.h
[2.683s] -- Up-to-date: /home/locobot/locobot_ws/install/yolov8_msgs/include/yolov8_msgs/yolov8_msgs/msg/detail/detection_array__functions.h
[2.683s] -- Up-to-date: /home/locobot/locobot_ws/install/yolov8_msgs/include/yolov8_msgs/yolov8_msgs/msg/detail/key_point3_d__type_support.h
[2.683s] -- Up-to-date: /home/locobot/locobot_ws/install/yolov8_msgs/include/yolov8_msgs/yolov8_msgs/msg/detail/bounding_box2_d__functions.h
[2.683s] -- Up-to-date: /home/locobot/locobot_ws/install/yolov8_msgs/include/yolov8_msgs/yolov8_msgs/msg/detail/detection__struct.h
[2.683s] -- Up-to-date: /home/locobot/locobot_ws/install/yolov8_msgs/include/yolov8_msgs/yolov8_msgs/msg/detail/mask__functions.c
[2.683s] -- Up-to-date: /home/locobot/locobot_ws/install/yolov8_msgs/include/yolov8_msgs/yolov8_msgs/msg/detail/vector2__functions.h
[2.683s] -- Up-to-date: /home/locobot/locobot_ws/install/yolov8_msgs/include/yolov8_msgs/yolov8_msgs/msg/detail/point2_d__struct.h
[2.684s] -- Up-to-date: /home/locobot/locobot_ws/install/yolov8_msgs/include/yolov8_msgs/yolov8_msgs/msg/detail/detection_array__type_support.h
[2.684s] -- Up-to-date: /home/locobot/locobot_ws/install/yolov8_msgs/include/yolov8_msgs/yolov8_msgs/msg/detail/pose2_d__type_support.h
[2.684s] -- Up-to-date: /home/locobot/locobot_ws/install/yolov8_msgs/include/yolov8_msgs/yolov8_msgs/msg/detail/key_point2_d__functions.h
[2.684s] -- Up-to-date: /home/locobot/locobot_ws/install/yolov8_msgs/include/yolov8_msgs/yolov8_msgs/msg/detail/point2_d__functions.c
[2.684s] -- Up-to-date: /home/locobot/locobot_ws/install/yolov8_msgs/include/yolov8_msgs/yolov8_msgs/msg/pose2_d.h
[2.684s] -- Up-to-date: /home/locobot/locobot_ws/install/yolov8_msgs/include/yolov8_msgs/yolov8_msgs/msg/vector2.h
[2.684s] -- Up-to-date: /home/locobot/locobot_ws/install/yolov8_msgs/include/yolov8_msgs/yolov8_msgs/msg/key_point3_d.h
[2.684s] -- Up-to-date: /home/locobot/locobot_ws/install/yolov8_msgs/include/yolov8_msgs/yolov8_msgs/msg/key_point2_d_array.h
[2.684s] -- Up-to-date: /home/locobot/locobot_ws/install/yolov8_msgs/include/yolov8_msgs/yolov8_msgs/msg/detection_array.h
[2.684s] -- Up-to-date: /home/locobot/locobot_ws/install/yolov8_msgs/include/yolov8_msgs/yolov8_msgs/msg/mask.h
[2.684s] -- Up-to-date: /home/locobot/locobot_ws/install/yolov8_msgs/include/yolov8_msgs/yolov8_msgs/msg/bounding_box2_d.h
[2.685s] -- Up-to-date: /home/locobot/locobot_ws/install/yolov8_msgs/include/yolov8_msgs/yolov8_msgs/msg/rosidl_generator_c__visibility_control.h
[2.685s] -- Up-to-date: /home/locobot/locobot_ws/install/yolov8_msgs/share/yolov8_msgs/environment/library_path.sh
[2.685s] -- Up-to-date: /home/locobot/locobot_ws/install/yolov8_msgs/share/yolov8_msgs/environment/library_path.dsv
[2.691s] -- Up-to-date: /home/locobot/locobot_ws/install/yolov8_msgs/lib/libyolov8_msgs__rosidl_generator_c.so
[2.691s] -- Up-to-date: /home/locobot/locobot_ws/install/yolov8_msgs/include/yolov8_msgs/yolov8_msgs
[2.691s] -- Up-to-date: /home/locobot/locobot_ws/install/yolov8_msgs/include/yolov8_msgs/yolov8_msgs/msg
[2.692s] -- Up-to-date: /home/locobot/locobot_ws/install/yolov8_msgs/include/yolov8_msgs/yolov8_msgs/msg/rosidl_typesupport_fastrtps_c__visibility_control.h
[2.692s] -- Up-to-date: /home/locobot/locobot_ws/install/yolov8_msgs/include/yolov8_msgs/yolov8_msgs/msg/detail
[2.692s] -- Up-to-date: /home/locobot/locobot_ws/install/yolov8_msgs/include/yolov8_msgs/yolov8_msgs/msg/detail/point2_d__rosidl_typesupport_fastrtps_c.h
[2.692s] -- Up-to-date: /home/locobot/locobot_ws/install/yolov8_msgs/include/yolov8_msgs/yolov8_msgs/msg/detail/bounding_box3_d__rosidl_typesupport_fastrtps_c.h
[2.692s] -- Up-to-date: /home/locobot/locobot_ws/install/yolov8_msgs/include/yolov8_msgs/yolov8_msgs/msg/detail/key_point2_d_array__rosidl_typesupport_fastrtps_c.h
[2.692s] -- Up-to-date: /home/locobot/locobot_ws/install/yolov8_msgs/include/yolov8_msgs/yolov8_msgs/msg/detail/mask__rosidl_typesupport_fastrtps_c.h
[2.693s] -- Up-to-date: /home/locobot/locobot_ws/install/yolov8_msgs/include/yolov8_msgs/yolov8_msgs/msg/detail/detection_array__rosidl_typesupport_fastrtps_c.h
[2.693s] -- Up-to-date: /home/locobot/locobot_ws/install/yolov8_msgs/include/yolov8_msgs/yolov8_msgs/msg/detail/vector2__rosidl_typesupport_fastrtps_c.h
[2.693s] -- Up-to-date: /home/locobot/locobot_ws/install/yolov8_msgs/include/yolov8_msgs/yolov8_msgs/msg/detail/detection__rosidl_typesupport_fastrtps_c.h
[2.693s] -- Up-to-date: /home/locobot/locobot_ws/install/yolov8_msgs/include/yolov8_msgs/yolov8_msgs/msg/detail/pose2_d__rosidl_typesupport_fastrtps_c.h
[2.694s] -- Up-to-date: /home/locobot/locobot_ws/install/yolov8_msgs/include/yolov8_msgs/yolov8_msgs/msg/detail/key_point2_d__rosidl_typesupport_fastrtps_c.h
[2.694s] -- Up-to-date: /home/locobot/locobot_ws/install/yolov8_msgs/include/yolov8_msgs/yolov8_msgs/msg/detail/bounding_box2_d__rosidl_typesupport_fastrtps_c.h
[2.695s] -- Up-to-date: /home/locobot/locobot_ws/install/yolov8_msgs/include/yolov8_msgs/yolov8_msgs/msg/detail/key_point3_d__rosidl_typesupport_fastrtps_c.h
[2.695s] -- Up-to-date: /home/locobot/locobot_ws/install/yolov8_msgs/include/yolov8_msgs/yolov8_msgs/msg/detail/key_point3_d_array__rosidl_typesupport_fastrtps_c.h
[2.695s] -- Up-to-date: /home/locobot/locobot_ws/install/yolov8_msgs/lib/libyolov8_msgs__rosidl_typesupport_fastrtps_c.so
[2.695s] -- Up-to-date: /home/locobot/locobot_ws/install/yolov8_msgs/include/yolov8_msgs/yolov8_msgs
[2.695s] -- Up-to-date: /home/locobot/locobot_ws/install/yolov8_msgs/include/yolov8_msgs/yolov8_msgs/msg
[2.695s] -- Up-to-date: /home/locobot/locobot_ws/install/yolov8_msgs/include/yolov8_msgs/yolov8_msgs/msg/detail
[2.696s] -- Up-to-date: /home/locobot/locobot_ws/install/yolov8_msgs/include/yolov8_msgs/yolov8_msgs/msg/detail/key_point3_d_array__rosidl_typesupport_introspection_c.h
[2.696s] -- Up-to-date: /home/locobot/locobot_ws/install/yolov8_msgs/include/yolov8_msgs/yolov8_msgs/msg/detail/key_point2_d__rosidl_typesupport_introspection_c.h
[2.696s] -- Up-to-date: /home/locobot/locobot_ws/install/yolov8_msgs/include/yolov8_msgs/yolov8_msgs/msg/detail/key_point3_d__rosidl_typesupport_introspection_c.h
[2.697s] -- Up-to-date: /home/locobot/locobot_ws/install/yolov8_msgs/include/yolov8_msgs/yolov8_msgs/msg/detail/bounding_box2_d__type_support.c
[2.697s] -- Up-to-date: /home/locobot/locobot_ws/install/yolov8_msgs/include/yolov8_msgs/yolov8_msgs/msg/detail/mask__type_support.c
[2.697s] -- Up-to-date: /home/locobot/locobot_ws/install/yolov8_msgs/include/yolov8_msgs/yolov8_msgs/msg/detail/detection__rosidl_typesupport_introspection_c.h
[2.697s] -- Up-to-date: /home/locobot/locobot_ws/install/yolov8_msgs/include/yolov8_msgs/yolov8_msgs/msg/detail/point2_d__rosidl_typesupport_introspection_c.h
[2.698s] -- Up-to-date: /home/locobot/locobot_ws/install/yolov8_msgs/include/yolov8_msgs/yolov8_msgs/msg/detail/key_point2_d_array__type_support.c
[2.698s] -- Up-to-date: /home/locobot/locobot_ws/install/yolov8_msgs/include/yolov8_msgs/yolov8_msgs/msg/detail/mask__rosidl_typesupport_introspection_c.h
[2.698s] -- Up-to-date: /home/locobot/locobot_ws/install/yolov8_msgs/include/yolov8_msgs/yolov8_msgs/msg/detail/bounding_box2_d__rosidl_typesupport_introspection_c.h
[2.698s] -- Up-to-date: /home/locobot/locobot_ws/install/yolov8_msgs/include/yolov8_msgs/yolov8_msgs/msg/detail/detection_array__rosidl_typesupport_introspection_c.h
[2.698s] -- Up-to-date: /home/locobot/locobot_ws/install/yolov8_msgs/include/yolov8_msgs/yolov8_msgs/msg/detail/point2_d__type_support.c
[2.698s] -- Up-to-date: /home/locobot/locobot_ws/install/yolov8_msgs/include/yolov8_msgs/yolov8_msgs/msg/detail/detection_array__type_support.c
[2.699s] -- Up-to-date: /home/locobot/locobot_ws/install/yolov8_msgs/include/yolov8_msgs/yolov8_msgs/msg/detail/vector2__rosidl_typesupport_introspection_c.h
[2.699s] -- Up-to-date: /home/locobot/locobot_ws/install/yolov8_msgs/include/yolov8_msgs/yolov8_msgs/msg/detail/key_point3_d_array__type_support.c
[2.699s] -- Up-to-date: /home/locobot/locobot_ws/install/yolov8_msgs/include/yolov8_msgs/yolov8_msgs/msg/detail/bounding_box3_d__rosidl_typesupport_introspection_c.h
[2.699s] -- Up-to-date: /home/locobot/locobot_ws/install/yolov8_msgs/include/yolov8_msgs/yolov8_msgs/msg/detail/key_point3_d__type_support.c
[2.699s] -- Up-to-date: /home/locobot/locobot_ws/install/yolov8_msgs/include/yolov8_msgs/yolov8_msgs/msg/detail/vector2__type_support.c
[2.699s] -- Up-to-date: /home/locobot/locobot_ws/install/yolov8_msgs/include/yolov8_msgs/yolov8_msgs/msg/detail/key_point2_d__type_support.c
[2.699s] -- Up-to-date: /home/locobot/locobot_ws/install/yolov8_msgs/include/yolov8_msgs/yolov8_msgs/msg/detail/bounding_box3_d__type_support.c
[2.699s] -- Up-to-date: /home/locobot/locobot_ws/install/yolov8_msgs/include/yolov8_msgs/yolov8_msgs/msg/detail/pose2_d__type_support.c
[2.699s] -- Up-to-date: /home/locobot/locobot_ws/install/yolov8_msgs/include/yolov8_msgs/yolov8_msgs/msg/detail/key_point2_d_array__rosidl_typesupport_introspection_c.h
[2.699s] -- Up-to-date: /home/locobot/locobot_ws/install/yolov8_msgs/include/yolov8_msgs/yolov8_msgs/msg/detail/detection__type_support.c
[2.700s] -- Up-to-date: /home/locobot/locobot_ws/install/yolov8_msgs/include/yolov8_msgs/yolov8_msgs/msg/detail/pose2_d__rosidl_typesupport_introspection_c.h
[2.700s] -- Up-to-date: /home/locobot/locobot_ws/install/yolov8_msgs/include/yolov8_msgs/yolov8_msgs/msg/rosidl_typesupport_introspection_c__visibility_control.h
[2.701s] -- Up-to-date: /home/locobot/locobot_ws/install/yolov8_msgs/lib/libyolov8_msgs__rosidl_typesupport_introspection_c.so
[2.703s] -- Up-to-date: /home/locobot/locobot_ws/install/yolov8_msgs/lib/libyolov8_msgs__rosidl_typesupport_c.so
[2.703s] -- Up-to-date: /home/locobot/locobot_ws/install/yolov8_msgs/include/yolov8_msgs/yolov8_msgs
[2.704s] -- Up-to-date: /home/locobot/locobot_ws/install/yolov8_msgs/include/yolov8_msgs/yolov8_msgs/msg
[2.704s] -- Up-to-date: /home/locobot/locobot_ws/install/yolov8_msgs/include/yolov8_msgs/yolov8_msgs/msg/key_point2_d.hpp
[2.704s] -- Up-to-date: /home/locobot/locobot_ws/install/yolov8_msgs/include/yolov8_msgs/yolov8_msgs/msg/bounding_box2_d.hpp
[2.704s] -- Up-to-date: /home/locobot/locobot_ws/install/yolov8_msgs/include/yolov8_msgs/yolov8_msgs/msg/key_point2_d_array.hpp
[2.704s] -- Up-to-date: /home/locobot/locobot_ws/install/yolov8_msgs/include/yolov8_msgs/yolov8_msgs/msg/bounding_box3_d.hpp
[2.704s] -- Up-to-date: /home/locobot/locobot_ws/install/yolov8_msgs/include/yolov8_msgs/yolov8_msgs/msg/key_point3_d_array.hpp
[2.704s] -- Up-to-date: /home/locobot/locobot_ws/install/yolov8_msgs/include/yolov8_msgs/yolov8_msgs/msg/detection.hpp
[2.705s] -- Up-to-date: /home/locobot/locobot_ws/install/yolov8_msgs/include/yolov8_msgs/yolov8_msgs/msg/detail
[2.705s] -- Up-to-date: /home/locobot/locobot_ws/install/yolov8_msgs/include/yolov8_msgs/yolov8_msgs/msg/detail/mask__builder.hpp
[2.705s] -- Up-to-date: /home/locobot/locobot_ws/install/yolov8_msgs/include/yolov8_msgs/yolov8_msgs/msg/detail/key_point2_d_array__traits.hpp
[2.705s] -- Up-to-date: /home/locobot/locobot_ws/install/yolov8_msgs/include/yolov8_msgs/yolov8_msgs/msg/detail/bounding_box2_d__builder.hpp
[2.705s] -- Up-to-date: /home/locobot/locobot_ws/install/yolov8_msgs/include/yolov8_msgs/yolov8_msgs/msg/detail/key_point2_d__builder.hpp
[2.705s] -- Up-to-date: /home/locobot/locobot_ws/install/yolov8_msgs/include/yolov8_msgs/yolov8_msgs/msg/detail/detection__builder.hpp
[2.705s] -- Up-to-date: /home/locobot/locobot_ws/install/yolov8_msgs/include/yolov8_msgs/yolov8_msgs/msg/detail/bounding_box3_d__struct.hpp
[2.705s] -- Up-to-date: /home/locobot/locobot_ws/install/yolov8_msgs/include/yolov8_msgs/yolov8_msgs/msg/detail/point2_d__struct.hpp
[2.705s] -- Up-to-date: /home/locobot/locobot_ws/install/yolov8_msgs/include/yolov8_msgs/yolov8_msgs/msg/detail/key_point3_d__struct.hpp
[2.705s] -- Up-to-date: /home/locobot/locobot_ws/install/yolov8_msgs/include/yolov8_msgs/yolov8_msgs/msg/detail/key_point2_d_array__struct.hpp
[2.705s] -- Up-to-date: /home/locobot/locobot_ws/install/yolov8_msgs/include/yolov8_msgs/yolov8_msgs/msg/detail/mask__struct.hpp
[2.705s] -- Up-to-date: /home/locobot/locobot_ws/install/yolov8_msgs/include/yolov8_msgs/yolov8_msgs/msg/detail/key_point3_d__traits.hpp
[2.706s] -- Up-to-date: /home/locobot/locobot_ws/install/yolov8_msgs/include/yolov8_msgs/yolov8_msgs/msg/detail/detection__traits.hpp
[2.706s] -- Up-to-date: /home/locobot/locobot_ws/install/yolov8_msgs/include/yolov8_msgs/yolov8_msgs/msg/detail/vector2__traits.hpp
[2.707s] -- Up-to-date: /home/locobot/locobot_ws/install/yolov8_msgs/include/yolov8_msgs/yolov8_msgs/msg/detail/key_point2_d__struct.hpp
[2.707s] -- Up-to-date: /home/locobot/locobot_ws/install/yolov8_msgs/include/yolov8_msgs/yolov8_msgs/msg/detail/detection_array__builder.hpp
[2.707s] -- Up-to-date: /home/locobot/locobot_ws/install/yolov8_msgs/include/yolov8_msgs/yolov8_msgs/msg/detail/bounding_box2_d__struct.hpp
[2.707s] -- Up-to-date: /home/locobot/locobot_ws/install/yolov8_msgs/include/yolov8_msgs/yolov8_msgs/msg/detail/key_point3_d__builder.hpp
[2.707s] -- Up-to-date: /home/locobot/locobot_ws/install/yolov8_msgs/include/yolov8_msgs/yolov8_msgs/msg/detail/bounding_box2_d__traits.hpp
[2.707s] -- Up-to-date: /home/locobot/locobot_ws/install/yolov8_msgs/include/yolov8_msgs/yolov8_msgs/msg/detail/key_point2_d_array__builder.hpp
[2.707s] -- Up-to-date: /home/locobot/locobot_ws/install/yolov8_msgs/include/yolov8_msgs/yolov8_msgs/msg/detail/bounding_box3_d__traits.hpp
[2.707s] -- Up-to-date: /home/locobot/locobot_ws/install/yolov8_msgs/include/yolov8_msgs/yolov8_msgs/msg/detail/key_point3_d_array__builder.hpp
[2.707s] -- Up-to-date: /home/locobot/locobot_ws/install/yolov8_msgs/include/yolov8_msgs/yolov8_msgs/msg/detail/vector2__struct.hpp
[2.710s] -- Up-to-date: /home/locobot/locobot_ws/install/yolov8_msgs/include/yolov8_msgs/yolov8_msgs/msg/detail/bounding_box3_d__builder.hpp
[2.710s] -- Up-to-date: /home/locobot/locobot_ws/install/yolov8_msgs/include/yolov8_msgs/yolov8_msgs/msg/detail/detection_array__struct.hpp
[2.710s] -- Up-to-date: /home/locobot/locobot_ws/install/yolov8_msgs/include/yolov8_msgs/yolov8_msgs/msg/detail/key_point3_d_array__struct.hpp
[2.710s] -- Up-to-date: /home/locobot/locobot_ws/install/yolov8_msgs/include/yolov8_msgs/yolov8_msgs/msg/detail/mask__traits.hpp
[2.710s] -- Up-to-date: /home/locobot/locobot_ws/install/yolov8_msgs/include/yolov8_msgs/yolov8_msgs/msg/detail/point2_d__builder.hpp
[2.710s] -- Up-to-date: /home/locobot/locobot_ws/install/yolov8_msgs/include/yolov8_msgs/yolov8_msgs/msg/detail/detection_array__traits.hpp
[2.710s] -- Up-to-date: /home/locobot/locobot_ws/install/yolov8_msgs/include/yolov8_msgs/yolov8_msgs/msg/detail/vector2__builder.hpp
[2.711s] -- Up-to-date: /home/locobot/locobot_ws/install/yolov8_msgs/include/yolov8_msgs/yolov8_msgs/msg/detail/key_point3_d_array__traits.hpp
[2.711s] -- Up-to-date: /home/locobot/locobot_ws/install/yolov8_msgs/include/yolov8_msgs/yolov8_msgs/msg/detail/pose2_d__builder.hpp
[2.711s] -- Up-to-date: /home/locobot/locobot_ws/install/yolov8_msgs/include/yolov8_msgs/yolov8_msgs/msg/detail/key_point2_d__traits.hpp
[2.711s] -- Up-to-date: /home/locobot/locobot_ws/install/yolov8_msgs/include/yolov8_msgs/yolov8_msgs/msg/detail/point2_d__traits.hpp
[2.711s] -- Up-to-date: /home/locobot/locobot_ws/install/yolov8_msgs/include/yolov8_msgs/yolov8_msgs/msg/detail/detection__struct.hpp
[2.711s] -- Up-to-date: /home/locobot/locobot_ws/install/yolov8_msgs/include/yolov8_msgs/yolov8_msgs/msg/detail/pose2_d__struct.hpp
[2.713s] -- Up-to-date: /home/locobot/locobot_ws/install/yolov8_msgs/include/yolov8_msgs/yolov8_msgs/msg/detail/pose2_d__traits.hpp
[2.713s] -- Up-to-date: /home/locobot/locobot_ws/install/yolov8_msgs/include/yolov8_msgs/yolov8_msgs/msg/detection_array.hpp
[2.713s] -- Up-to-date: /home/locobot/locobot_ws/install/yolov8_msgs/include/yolov8_msgs/yolov8_msgs/msg/point2_d.hpp
[2.713s] -- Up-to-date: /home/locobot/locobot_ws/install/yolov8_msgs/include/yolov8_msgs/yolov8_msgs/msg/key_point3_d.hpp
[2.713s] -- Up-to-date: /home/locobot/locobot_ws/install/yolov8_msgs/include/yolov8_msgs/yolov8_msgs/msg/vector2.hpp
[2.713s] -- Up-to-date: /home/locobot/locobot_ws/install/yolov8_msgs/include/yolov8_msgs/yolov8_msgs/msg/mask.hpp
[2.714s] -- Up-to-date: /home/locobot/locobot_ws/install/yolov8_msgs/include/yolov8_msgs/yolov8_msgs/msg/pose2_d.hpp
[2.714s] -- Up-to-date: /home/locobot/locobot_ws/install/yolov8_msgs/include/yolov8_msgs/yolov8_msgs
[2.714s] -- Up-to-date: /home/locobot/locobot_ws/install/yolov8_msgs/include/yolov8_msgs/yolov8_msgs/msg
[2.714s] -- Up-to-date: /home/locobot/locobot_ws/install/yolov8_msgs/include/yolov8_msgs/yolov8_msgs/msg/detail
[2.714s] -- Up-to-date: /home/locobot/locobot_ws/install/yolov8_msgs/include/yolov8_msgs/yolov8_msgs/msg/detail/mask__rosidl_typesupport_fastrtps_cpp.hpp
[2.714s] -- Up-to-date: /home/locobot/locobot_ws/install/yolov8_msgs/include/yolov8_msgs/yolov8_msgs/msg/detail/key_point3_d_array__rosidl_typesupport_fastrtps_cpp.hpp
[2.715s] -- Up-to-date: /home/locobot/locobot_ws/install/yolov8_msgs/include/yolov8_msgs/yolov8_msgs/msg/detail/pose2_d__rosidl_typesupport_fastrtps_cpp.hpp
[2.715s] -- Up-to-date: /home/locobot/locobot_ws/install/yolov8_msgs/include/yolov8_msgs/yolov8_msgs/msg/detail/detection__rosidl_typesupport_fastrtps_cpp.hpp
[2.715s] -- Up-to-date: /home/locobot/locobot_ws/install/yolov8_msgs/include/yolov8_msgs/yolov8_msgs/msg/detail/point2_d__rosidl_typesupport_fastrtps_cpp.hpp
[2.715s] -- Up-to-date: /home/locobot/locobot_ws/install/yolov8_msgs/include/yolov8_msgs/yolov8_msgs/msg/detail/key_point3_d__rosidl_typesupport_fastrtps_cpp.hpp
[2.715s] -- Up-to-date: /home/locobot/locobot_ws/install/yolov8_msgs/include/yolov8_msgs/yolov8_msgs/msg/detail/bounding_box2_d__rosidl_typesupport_fastrtps_cpp.hpp
[2.715s] -- Up-to-date: /home/locobot/locobot_ws/install/yolov8_msgs/include/yolov8_msgs/yolov8_msgs/msg/detail/key_point2_d_array__rosidl_typesupport_fastrtps_cpp.hpp
[2.715s] -- Up-to-date: /home/locobot/locobot_ws/install/yolov8_msgs/include/yolov8_msgs/yolov8_msgs/msg/detail/key_point2_d__rosidl_typesupport_fastrtps_cpp.hpp
[2.715s] -- Up-to-date: /home/locobot/locobot_ws/install/yolov8_msgs/include/yolov8_msgs/yolov8_msgs/msg/detail/dds_fastrtps
[2.716s] -- Up-to-date: /home/locobot/locobot_ws/install/yolov8_msgs/include/yolov8_msgs/yolov8_msgs/msg/detail/bounding_box3_d__rosidl_typesupport_fastrtps_cpp.hpp
[2.716s] -- Up-to-date: /home/locobot/locobot_ws/install/yolov8_msgs/include/yolov8_msgs/yolov8_msgs/msg/detail/detection_array__rosidl_typesupport_fastrtps_cpp.hpp
[2.716s] -- Up-to-date: /home/locobot/locobot_ws/install/yolov8_msgs/include/yolov8_msgs/yolov8_msgs/msg/detail/vector2__rosidl_typesupport_fastrtps_cpp.hpp
[2.716s] -- Up-to-date: /home/locobot/locobot_ws/install/yolov8_msgs/include/yolov8_msgs/yolov8_msgs/msg/rosidl_typesupport_fastrtps_cpp__visibility_control.h
[2.716s] -- Up-to-date: /home/locobot/locobot_ws/install/yolov8_msgs/lib/libyolov8_msgs__rosidl_typesupport_fastrtps_cpp.so
[2.717s] -- Up-to-date: /home/locobot/locobot_ws/install/yolov8_msgs/include/yolov8_msgs/yolov8_msgs
[2.717s] -- Up-to-date: /home/locobot/locobot_ws/install/yolov8_msgs/include/yolov8_msgs/yolov8_msgs/msg
[2.717s] -- Up-to-date: /home/locobot/locobot_ws/install/yolov8_msgs/include/yolov8_msgs/yolov8_msgs/msg/detail
[2.717s] -- Up-to-date: /home/locobot/locobot_ws/install/yolov8_msgs/include/yolov8_msgs/yolov8_msgs/msg/detail/bounding_box3_d__type_support.cpp
[2.717s] -- Up-to-date: /home/locobot/locobot_ws/install/yolov8_msgs/include/yolov8_msgs/yolov8_msgs/msg/detail/vector2__type_support.cpp
[2.717s] -- Up-to-date: /home/locobot/locobot_ws/install/yolov8_msgs/include/yolov8_msgs/yolov8_msgs/msg/detail/bounding_box3_d__rosidl_typesupport_introspection_cpp.hpp
[2.717s] -- Up-to-date: /home/locobot/locobot_ws/install/yolov8_msgs/include/yolov8_msgs/yolov8_msgs/msg/detail/pose2_d__rosidl_typesupport_introspection_cpp.hpp
[2.717s] -- Up-to-date: /home/locobot/locobot_ws/install/yolov8_msgs/include/yolov8_msgs/yolov8_msgs/msg/detail/point2_d__rosidl_typesupport_introspection_cpp.hpp
[2.717s] -- Up-to-date: /home/locobot/locobot_ws/install/yolov8_msgs/include/yolov8_msgs/yolov8_msgs/msg/detail/bounding_box2_d__type_support.cpp
[2.717s] -- Up-to-date: /home/locobot/locobot_ws/install/yolov8_msgs/include/yolov8_msgs/yolov8_msgs/msg/detail/vector2__rosidl_typesupport_introspection_cpp.hpp
[2.717s] -- Up-to-date: /home/locobot/locobot_ws/install/yolov8_msgs/include/yolov8_msgs/yolov8_msgs/msg/detail/mask__rosidl_typesupport_introspection_cpp.hpp
[2.717s] -- Up-to-date: /home/locobot/locobot_ws/install/yolov8_msgs/include/yolov8_msgs/yolov8_msgs/msg/detail/key_point2_d_array__type_support.cpp
[2.718s] -- Up-to-date: /home/locobot/locobot_ws/install/yolov8_msgs/include/yolov8_msgs/yolov8_msgs/msg/detail/key_point2_d_array__rosidl_typesupport_introspection_cpp.hpp
[2.718s] -- Up-to-date: /home/locobot/locobot_ws/install/yolov8_msgs/include/yolov8_msgs/yolov8_msgs/msg/detail/key_point3_d_array__rosidl_typesupport_introspection_cpp.hpp
[2.718s] -- Up-to-date: /home/locobot/locobot_ws/install/yolov8_msgs/include/yolov8_msgs/yolov8_msgs/msg/detail/point2_d__type_support.cpp
[2.718s] -- Up-to-date: /home/locobot/locobot_ws/install/yolov8_msgs/include/yolov8_msgs/yolov8_msgs/msg/detail/detection__rosidl_typesupport_introspection_cpp.hpp
[2.718s] -- Up-to-date: /home/locobot/locobot_ws/install/yolov8_msgs/include/yolov8_msgs/yolov8_msgs/msg/detail/key_point3_d__rosidl_typesupport_introspection_cpp.hpp
[2.718s] -- Up-to-date: /home/locobot/locobot_ws/install/yolov8_msgs/include/yolov8_msgs/yolov8_msgs/msg/detail/key_point3_d__type_support.cpp
[2.718s] -- Up-to-date: /home/locobot/locobot_ws/install/yolov8_msgs/include/yolov8_msgs/yolov8_msgs/msg/detail/key_point2_d__rosidl_typesupport_introspection_cpp.hpp
[2.718s] -- Up-to-date: /home/locobot/locobot_ws/install/yolov8_msgs/include/yolov8_msgs/yolov8_msgs/msg/detail/key_point3_d_array__type_support.cpp
[2.719s] -- Up-to-date: /home/locobot/locobot_ws/install/yolov8_msgs/include/yolov8_msgs/yolov8_msgs/msg/detail/mask__type_support.cpp
[2.719s] -- Up-to-date: /home/locobot/locobot_ws/install/yolov8_msgs/include/yolov8_msgs/yolov8_msgs/msg/detail/bounding_box2_d__rosidl_typesupport_introspection_cpp.hpp
[2.719s] -- Up-to-date: /home/locobot/locobot_ws/install/yolov8_msgs/include/yolov8_msgs/yolov8_msgs/msg/detail/pose2_d__type_support.cpp
[2.719s] -- Up-to-date: /home/locobot/locobot_ws/install/yolov8_msgs/include/yolov8_msgs/yolov8_msgs/msg/detail/detection__type_support.cpp
[2.719s] -- Up-to-date: /home/locobot/locobot_ws/install/yolov8_msgs/include/yolov8_msgs/yolov8_msgs/msg/detail/detection_array__type_support.cpp
[2.719s] -- Up-to-date: /home/locobot/locobot_ws/install/yolov8_msgs/include/yolov8_msgs/yolov8_msgs/msg/detail/key_point2_d__type_support.cpp
[2.719s] -- Up-to-date: /home/locobot/locobot_ws/install/yolov8_msgs/include/yolov8_msgs/yolov8_msgs/msg/detail/detection_array__rosidl_typesupport_introspection_cpp.hpp
[2.719s] -- Up-to-date: /home/locobot/locobot_ws/install/yolov8_msgs/lib/libyolov8_msgs__rosidl_typesupport_introspection_cpp.so
[2.719s] -- Up-to-date: /home/locobot/locobot_ws/install/yolov8_msgs/lib/libyolov8_msgs__rosidl_typesupport_cpp.so
[2.719s] -- Up-to-date: /home/locobot/locobot_ws/install/yolov8_msgs/share/yolov8_msgs/environment/pythonpath.sh
[2.719s] -- Up-to-date: /home/locobot/locobot_ws/install/yolov8_msgs/share/yolov8_msgs/environment/pythonpath.dsv
[2.719s] -- Up-to-date: /home/locobot/locobot_ws/install/yolov8_msgs/local/lib/python3.10/dist-packages/yolov8_msgs-0.0.0-py3.10.egg-info
[2.719s] -- Installing: /home/locobot/locobot_ws/install/yolov8_msgs/local/lib/python3.10/dist-packages/yolov8_msgs-0.0.0-py3.10.egg-info/dependency_links.txt
[2.720s] -- Installing: /home/locobot/locobot_ws/install/yolov8_msgs/local/lib/python3.10/dist-packages/yolov8_msgs-0.0.0-py3.10.egg-info/top_level.txt
[2.720s] -- Installing: /home/locobot/locobot_ws/install/yolov8_msgs/local/lib/python3.10/dist-packages/yolov8_msgs-0.0.0-py3.10.egg-info/SOURCES.txt
[2.720s] -- Installing: /home/locobot/locobot_ws/install/yolov8_msgs/local/lib/python3.10/dist-packages/yolov8_msgs-0.0.0-py3.10.egg-info/PKG-INFO
[2.720s] -- Up-to-date: /home/locobot/locobot_ws/install/yolov8_msgs/local/lib/python3.10/dist-packages/yolov8_msgs
[2.720s] -- Up-to-date: /home/locobot/locobot_ws/install/yolov8_msgs/local/lib/python3.10/dist-packages/yolov8_msgs/yolov8_msgs_s__rosidl_typesupport_c.cpython-310-x86_64-linux-gnu.so
[2.720s] -- Up-to-date: /home/locobot/locobot_ws/install/yolov8_msgs/local/lib/python3.10/dist-packages/yolov8_msgs/_yolov8_msgs_s.ep.rosidl_typesupport_c.c
[2.720s] -- Up-to-date: /home/locobot/locobot_ws/install/yolov8_msgs/local/lib/python3.10/dist-packages/yolov8_msgs/__init__.py
[2.720s] -- Up-to-date: /home/locobot/locobot_ws/install/yolov8_msgs/local/lib/python3.10/dist-packages/yolov8_msgs/_yolov8_msgs_s.ep.rosidl_typesupport_introspection_c.c
[2.720s] -- Up-to-date: /home/locobot/locobot_ws/install/yolov8_msgs/local/lib/python3.10/dist-packages/yolov8_msgs/_yolov8_msgs_s.ep.rosidl_typesupport_fastrtps_c.c
[2.720s] -- Up-to-date: /home/locobot/locobot_ws/install/yolov8_msgs/local/lib/python3.10/dist-packages/yolov8_msgs/yolov8_msgs_s__rosidl_typesupport_introspection_c.cpython-310-x86_64-linux-gnu.so
[2.720s] -- Up-to-date: /home/locobot/locobot_ws/install/yolov8_msgs/local/lib/python3.10/dist-packages/yolov8_msgs/msg
[2.720s] -- Up-to-date: /home/locobot/locobot_ws/install/yolov8_msgs/local/lib/python3.10/dist-packages/yolov8_msgs/msg/_vector2_s.c
[2.720s] -- Up-to-date: /home/locobot/locobot_ws/install/yolov8_msgs/local/lib/python3.10/dist-packages/yolov8_msgs/msg/_bounding_box3_d_s.c
[2.720s] -- Up-to-date: /home/locobot/locobot_ws/install/yolov8_msgs/local/lib/python3.10/dist-packages/yolov8_msgs/msg/_key_point2_d.py
[2.721s] -- Up-to-date: /home/locobot/locobot_ws/install/yolov8_msgs/local/lib/python3.10/dist-packages/yolov8_msgs/msg/_bounding_box2_d_s.c
[2.721s] -- Up-to-date: /home/locobot/locobot_ws/install/yolov8_msgs/local/lib/python3.10/dist-packages/yolov8_msgs/msg/_key_point2_d_array_s.c
[2.721s] -- Up-to-date: /home/locobot/locobot_ws/install/yolov8_msgs/local/lib/python3.10/dist-packages/yolov8_msgs/msg/_detection_array_s.c
[2.721s] -- Up-to-date: /home/locobot/locobot_ws/install/yolov8_msgs/local/lib/python3.10/dist-packages/yolov8_msgs/msg/_bounding_box2_d.py
[2.721s] -- Up-to-date: /home/locobot/locobot_ws/install/yolov8_msgs/local/lib/python3.10/dist-packages/yolov8_msgs/msg/_point2_d.py
[2.721s] -- Up-to-date: /home/locobot/locobot_ws/install/yolov8_msgs/local/lib/python3.10/dist-packages/yolov8_msgs/msg/_detection_s.c
[2.721s] -- Up-to-date: /home/locobot/locobot_ws/install/yolov8_msgs/local/lib/python3.10/dist-packages/yolov8_msgs/msg/_point2_d_s.c
[2.721s] -- Up-to-date: /home/locobot/locobot_ws/install/yolov8_msgs/local/lib/python3.10/dist-packages/yolov8_msgs/msg/_detection.py
[2.721s] -- Up-to-date: /home/locobot/locobot_ws/install/yolov8_msgs/local/lib/python3.10/dist-packages/yolov8_msgs/msg/_key_point2_d_array.py
[2.721s] -- Up-to-date: /home/locobot/locobot_ws/install/yolov8_msgs/local/lib/python3.10/dist-packages/yolov8_msgs/msg/_detection_array.py
[2.721s] -- Up-to-date: /home/locobot/locobot_ws/install/yolov8_msgs/local/lib/python3.10/dist-packages/yolov8_msgs/msg/_key_point3_d.py
[2.721s] -- Up-to-date: /home/locobot/locobot_ws/install/yolov8_msgs/local/lib/python3.10/dist-packages/yolov8_msgs/msg/__init__.py
[2.721s] -- Up-to-date: /home/locobot/locobot_ws/install/yolov8_msgs/local/lib/python3.10/dist-packages/yolov8_msgs/msg/_pose2_d.py
[2.722s] -- Up-to-date: /home/locobot/locobot_ws/install/yolov8_msgs/local/lib/python3.10/dist-packages/yolov8_msgs/msg/_key_point3_d_array.py
[2.722s] -- Up-to-date: /home/locobot/locobot_ws/install/yolov8_msgs/local/lib/python3.10/dist-packages/yolov8_msgs/msg/_pose2_d_s.c
[2.722s] -- Up-to-date: /home/locobot/locobot_ws/install/yolov8_msgs/local/lib/python3.10/dist-packages/yolov8_msgs/msg/_mask.py
[2.722s] -- Up-to-date: /home/locobot/locobot_ws/install/yolov8_msgs/local/lib/python3.10/dist-packages/yolov8_msgs/msg/_key_point3_d_array_s.c
[2.722s] -- Up-to-date: /home/locobot/locobot_ws/install/yolov8_msgs/local/lib/python3.10/dist-packages/yolov8_msgs/msg/_key_point3_d_s.c
[2.722s] -- Up-to-date: /home/locobot/locobot_ws/install/yolov8_msgs/local/lib/python3.10/dist-packages/yolov8_msgs/msg/_key_point2_d_s.c
[2.722s] -- Up-to-date: /home/locobot/locobot_ws/install/yolov8_msgs/local/lib/python3.10/dist-packages/yolov8_msgs/msg/_mask_s.c
[2.722s] -- Up-to-date: /home/locobot/locobot_ws/install/yolov8_msgs/local/lib/python3.10/dist-packages/yolov8_msgs/msg/_bounding_box3_d.py
[2.722s] -- Up-to-date: /home/locobot/locobot_ws/install/yolov8_msgs/local/lib/python3.10/dist-packages/yolov8_msgs/msg/_vector2.py
[2.722s] -- Up-to-date: /home/locobot/locobot_ws/install/yolov8_msgs/local/lib/python3.10/dist-packages/yolov8_msgs/yolov8_msgs_s__rosidl_typesupport_fastrtps_c.cpython-310-x86_64-linux-gnu.so
[2.722s] -- Up-to-date: /home/locobot/locobot_ws/install/yolov8_msgs/local/lib/python3.10/dist-packages/yolov8_msgs/libyolov8_msgs__rosidl_generator_py.so
[2.746s] Listing '/home/locobot/locobot_ws/install/yolov8_msgs/local/lib/python3.10/dist-packages/yolov8_msgs'...
[2.746s] Listing '/home/locobot/locobot_ws/install/yolov8_msgs/local/lib/python3.10/dist-packages/yolov8_msgs/msg'...
[2.756s] -- Up-to-date: /home/locobot/locobot_ws/install/yolov8_msgs/local/lib/python3.10/dist-packages/yolov8_msgs/yolov8_msgs_s__rosidl_typesupport_fastrtps_c.cpython-310-x86_64-linux-gnu.so
[2.756s] -- Up-to-date: /home/locobot/locobot_ws/install/yolov8_msgs/local/lib/python3.10/dist-packages/yolov8_msgs/yolov8_msgs_s__rosidl_typesupport_introspection_c.cpython-310-x86_64-linux-gnu.so
[2.758s] -- Up-to-date: /home/locobot/locobot_ws/install/yolov8_msgs/local/lib/python3.10/dist-packages/yolov8_msgs/yolov8_msgs_s__rosidl_typesupport_c.cpython-310-x86_64-linux-gnu.so
[2.758s] -- Up-to-date: /home/locobot/locobot_ws/install/yolov8_msgs/lib/libyolov8_msgs__rosidl_generator_py.so
[2.759s] -- Up-to-date: /home/locobot/locobot_ws/install/yolov8_msgs/share/yolov8_msgs/msg/Point2D.idl
[2.759s] -- Up-to-date: /home/locobot/locobot_ws/install/yolov8_msgs/share/yolov8_msgs/msg/Vector2.idl
[2.759s] -- Up-to-date: /home/locobot/locobot_ws/install/yolov8_msgs/share/yolov8_msgs/msg/Pose2D.idl
[2.759s] -- Up-to-date: /home/locobot/locobot_ws/install/yolov8_msgs/share/yolov8_msgs/msg/BoundingBox2D.idl
[2.759s] -- Up-to-date: /home/locobot/locobot_ws/install/yolov8_msgs/share/yolov8_msgs/msg/BoundingBox3D.idl
[2.759s] -- Up-to-date: /home/locobot/locobot_ws/install/yolov8_msgs/share/yolov8_msgs/msg/Mask.idl
[2.759s] -- Up-to-date: /home/locobot/locobot_ws/install/yolov8_msgs/share/yolov8_msgs/msg/KeyPoint2D.idl
[2.760s] -- Up-to-date: /home/locobot/locobot_ws/install/yolov8_msgs/share/yolov8_msgs/msg/KeyPoint2DArray.idl
[2.760s] -- Up-to-date: /home/locobot/locobot_ws/install/yolov8_msgs/share/yolov8_msgs/msg/KeyPoint3D.idl
[2.760s] -- Up-to-date: /home/locobot/locobot_ws/install/yolov8_msgs/share/yolov8_msgs/msg/KeyPoint3DArray.idl
[2.760s] -- Up-to-date: /home/locobot/locobot_ws/install/yolov8_msgs/share/yolov8_msgs/msg/Detection.idl
[2.760s] -- Up-to-date: /home/locobot/locobot_ws/install/yolov8_msgs/share/yolov8_msgs/msg/DetectionArray.idl
[2.760s] -- Up-to-date: /home/locobot/locobot_ws/install/yolov8_msgs/share/yolov8_msgs/msg/Point2D.msg
[2.760s] -- Up-to-date: /home/locobot/locobot_ws/install/yolov8_msgs/share/yolov8_msgs/msg/Vector2.msg
[2.761s] -- Up-to-date: /home/locobot/locobot_ws/install/yolov8_msgs/share/yolov8_msgs/msg/Pose2D.msg
[2.761s] -- Up-to-date: /home/locobot/locobot_ws/install/yolov8_msgs/share/yolov8_msgs/msg/BoundingBox2D.msg
[2.761s] -- Up-to-date: /home/locobot/locobot_ws/install/yolov8_msgs/share/yolov8_msgs/msg/BoundingBox3D.msg
[2.761s] -- Up-to-date: /home/locobot/locobot_ws/install/yolov8_msgs/share/yolov8_msgs/msg/Mask.msg
[2.761s] -- Up-to-date: /home/locobot/locobot_ws/install/yolov8_msgs/share/yolov8_msgs/msg/KeyPoint2D.msg
[2.761s] -- Up-to-date: /home/locobot/locobot_ws/install/yolov8_msgs/share/yolov8_msgs/msg/KeyPoint2DArray.msg
[2.761s] -- Up-to-date: /home/locobot/locobot_ws/install/yolov8_msgs/share/yolov8_msgs/msg/KeyPoint3D.msg
[2.761s] -- Up-to-date: /home/locobot/locobot_ws/install/yolov8_msgs/share/yolov8_msgs/msg/KeyPoint3DArray.msg
[2.762s] -- Up-to-date: /home/locobot/locobot_ws/install/yolov8_msgs/share/yolov8_msgs/msg/Detection.msg
[2.762s] -- Up-to-date: /home/locobot/locobot_ws/install/yolov8_msgs/share/yolov8_msgs/msg/DetectionArray.msg
[2.762s] -- Up-to-date: /home/locobot/locobot_ws/install/yolov8_msgs/share/ament_index/resource_index/package_run_dependencies/yolov8_msgs
[2.762s] -- Up-to-date: /home/locobot/locobot_ws/install/yolov8_msgs/share/ament_index/resource_index/parent_prefix_path/yolov8_msgs
[2.762s] -- Up-to-date: /home/locobot/locobot_ws/install/yolov8_msgs/share/yolov8_msgs/environment/ament_prefix_path.sh
[2.762s] -- Up-to-date: /home/locobot/locobot_ws/install/yolov8_msgs/share/yolov8_msgs/environment/ament_prefix_path.dsv
[2.762s] -- Up-to-date: /home/locobot/locobot_ws/install/yolov8_msgs/share/yolov8_msgs/environment/path.sh
[2.762s] -- Up-to-date: /home/locobot/locobot_ws/install/yolov8_msgs/share/yolov8_msgs/environment/path.dsv
[2.762s] -- Up-to-date: /home/locobot/locobot_ws/install/yolov8_msgs/share/yolov8_msgs/local_setup.bash
[2.763s] -- Up-to-date: /home/locobot/locobot_ws/install/yolov8_msgs/share/yolov8_msgs/local_setup.sh
[2.763s] -- Up-to-date: /home/locobot/locobot_ws/install/yolov8_msgs/share/yolov8_msgs/local_setup.zsh
[2.763s] -- Up-to-date: /home/locobot/locobot_ws/install/yolov8_msgs/share/yolov8_msgs/local_setup.dsv
[2.763s] -- Installing: /home/locobot/locobot_ws/install/yolov8_msgs/share/yolov8_msgs/package.dsv
[2.763s] -- Up-to-date: /home/locobot/locobot_ws/install/yolov8_msgs/share/ament_index/resource_index/packages/yolov8_msgs
[2.763s] -- Up-to-date: /home/locobot/locobot_ws/install/yolov8_msgs/share/yolov8_msgs/cmake/export_yolov8_msgs__rosidl_generator_cExport.cmake
[2.763s] -- Up-to-date: /home/locobot/locobot_ws/install/yolov8_msgs/share/yolov8_msgs/cmake/export_yolov8_msgs__rosidl_generator_cExport-noconfig.cmake
[2.764s] -- Up-to-date: /home/locobot/locobot_ws/install/yolov8_msgs/share/yolov8_msgs/cmake/export_yolov8_msgs__rosidl_typesupport_fastrtps_cExport.cmake
[2.764s] -- Up-to-date: /home/locobot/locobot_ws/install/yolov8_msgs/share/yolov8_msgs/cmake/export_yolov8_msgs__rosidl_typesupport_fastrtps_cExport-noconfig.cmake
[2.764s] -- Up-to-date: /home/locobot/locobot_ws/install/yolov8_msgs/share/yolov8_msgs/cmake/yolov8_msgs__rosidl_typesupport_introspection_cExport.cmake
[2.764s] -- Up-to-date: /home/locobot/locobot_ws/install/yolov8_msgs/share/yolov8_msgs/cmake/yolov8_msgs__rosidl_typesupport_introspection_cExport-noconfig.cmake
[2.764s] -- Up-to-date: /home/locobot/locobot_ws/install/yolov8_msgs/share/yolov8_msgs/cmake/yolov8_msgs__rosidl_typesupport_cExport.cmake
[2.764s] -- Up-to-date: /home/locobot/locobot_ws/install/yolov8_msgs/share/yolov8_msgs/cmake/yolov8_msgs__rosidl_typesupport_cExport-noconfig.cmake
[2.764s] -- Up-to-date: /home/locobot/locobot_ws/install/yolov8_msgs/share/yolov8_msgs/cmake/export_yolov8_msgs__rosidl_generator_cppExport.cmake
[2.764s] -- Up-to-date: /home/locobot/locobot_ws/install/yolov8_msgs/share/yolov8_msgs/cmake/export_yolov8_msgs__rosidl_typesupport_fastrtps_cppExport.cmake
[2.764s] -- Up-to-date: /home/locobot/locobot_ws/install/yolov8_msgs/share/yolov8_msgs/cmake/export_yolov8_msgs__rosidl_typesupport_fastrtps_cppExport-noconfig.cmake
[2.764s] -- Up-to-date: /home/locobot/locobot_ws/install/yolov8_msgs/share/yolov8_msgs/cmake/yolov8_msgs__rosidl_typesupport_introspection_cppExport.cmake
[2.764s] -- Up-to-date: /home/locobot/locobot_ws/install/yolov8_msgs/share/yolov8_msgs/cmake/yolov8_msgs__rosidl_typesupport_introspection_cppExport-noconfig.cmake
[2.764s] -- Up-to-date: /home/locobot/locobot_ws/install/yolov8_msgs/share/yolov8_msgs/cmake/yolov8_msgs__rosidl_typesupport_cppExport.cmake
[2.765s] -- Up-to-date: /home/locobot/locobot_ws/install/yolov8_msgs/share/yolov8_msgs/cmake/yolov8_msgs__rosidl_typesupport_cppExport-noconfig.cmake
[2.765s] -- Up-to-date: /home/locobot/locobot_ws/install/yolov8_msgs/share/yolov8_msgs/cmake/export_yolov8_msgs__rosidl_generator_pyExport.cmake
[2.765s] -- Up-to-date: /home/locobot/locobot_ws/install/yolov8_msgs/share/yolov8_msgs/cmake/export_yolov8_msgs__rosidl_generator_pyExport-noconfig.cmake
[2.765s] -- Up-to-date: /home/locobot/locobot_ws/install/yolov8_msgs/share/yolov8_msgs/cmake/rosidl_cmake-extras.cmake
[2.765s] -- Up-to-date: /home/locobot/locobot_ws/install/yolov8_msgs/share/yolov8_msgs/cmake/ament_cmake_export_dependencies-extras.cmake
[2.765s] -- Up-to-date: /home/locobot/locobot_ws/install/yolov8_msgs/share/yolov8_msgs/cmake/ament_cmake_export_include_directories-extras.cmake
[2.765s] -- Up-to-date: /home/locobot/locobot_ws/install/yolov8_msgs/share/yolov8_msgs/cmake/ament_cmake_export_libraries-extras.cmake
[2.765s] -- Up-to-date: /home/locobot/locobot_ws/install/yolov8_msgs/share/yolov8_msgs/cmake/ament_cmake_export_targets-extras.cmake
[2.766s] -- Up-to-date: /home/locobot/locobot_ws/install/yolov8_msgs/share/yolov8_msgs/cmake/rosidl_cmake_export_typesupport_targets-extras.cmake
[2.766s] -- Up-to-date: /home/locobot/locobot_ws/install/yolov8_msgs/share/yolov8_msgs/cmake/rosidl_cmake_export_typesupport_libraries-extras.cmake
[2.766s] -- Up-to-date: /home/locobot/locobot_ws/install/yolov8_msgs/share/yolov8_msgs/cmake/yolov8_msgsConfig.cmake
[2.766s] -- Up-to-date: /home/locobot/locobot_ws/install/yolov8_msgs/share/yolov8_msgs/cmake/yolov8_msgsConfig-version.cmake
[2.766s] -- Up-to-date: /home/locobot/locobot_ws/install/yolov8_msgs/share/yolov8_msgs/package.xml
[3.082s] Invoked command in '/home/locobot/locobot_ws/build/yolov8_msgs' returned '0': CMAKE_PREFIX_PATH=${CMAKE_PREFIX_PATH}:/home/locobot/locobot_ws/install/yolov8_ros:/home/locobot/locobot_ws/install/detection:/home/locobot/locobot_ws/install/yolov5_ros:/home/locobot/locobot_ws/install/locobot_move:/home/locobot/locobot_ws/install/create3_teleop:/home/locobot/locobot_ws/install/create3_examples_py:/home/locobot/interbotix_ws/install/interbotix_xslocobot_control:/home/locobot/interbotix_ws/install/interbotix_xs_modules:/home/locobot/interbotix_ws/install/interbotix_perception_modules:/home/locobot/interbotix_ws/install/interbotix_common_modules:/opt/ros/humble /usr/bin/cmake --install /home/locobot/locobot_ws/build/yolov8_msgs
