[0.018s] Invoking command in '/home/locobot/locobot_ws/build/create3_lidar_slam': CMAKE_PREFIX_PATH=${CMAKE_PREFIX_PATH}:/home/locobot/interbotix_ws/install/interbotix_xslocobot_control:/home/locobot/interbotix_ws/install/interbotix_xs_modules:/home/locobot/interbotix_ws/install/interbotix_perception_modules:/home/locobot/interbotix_ws/install/interbotix_common_modules:/opt/ros/humble /usr/bin/cmake --build /home/locobot/locobot_ws/build/create3_lidar_slam -- -j4 -l4
[0.075s] Invoked command in '/home/locobot/locobot_ws/build/create3_lidar_slam' returned '0': CMAKE_PREFIX_PATH=${CMAKE_PREFIX_PATH}:/home/locobot/interbotix_ws/install/interbotix_xslocobot_control:/home/locobot/interbotix_ws/install/interbotix_xs_modules:/home/locobot/interbotix_ws/install/interbotix_perception_modules:/home/locobot/interbotix_ws/install/interbotix_common_modules:/opt/ros/humble /usr/bin/cmake --build /home/locobot/locobot_ws/build/create3_lidar_slam -- -j4 -l4
[0.110s] Invoking command in '/home/locobot/locobot_ws/build/create3_lidar_slam': CMAKE_PREFIX_PATH=${CMAKE_PREFIX_PATH}:/home/locobot/interbotix_ws/install/interbotix_xslocobot_control:/home/locobot/interbotix_ws/install/interbotix_xs_modules:/home/locobot/interbotix_ws/install/interbotix_perception_modules:/home/locobot/interbotix_ws/install/interbotix_common_modules:/opt/ros/humble /usr/bin/cmake --install /home/locobot/locobot_ws/build/create3_lidar_slam
[0.121s] -- Install configuration: ""
[0.121s] -- Up-to-date: /home/locobot/locobot_ws/install/create3_lidar_slam/share/create3_lidar_slam/launch
[0.121s] -- Up-to-date: /home/locobot/locobot_ws/install/create3_lidar_slam/share/create3_lidar_slam/launch/rviz_launch.py
[0.121s] -- Up-to-date: /home/locobot/locobot_ws/install/create3_lidar_slam/share/create3_lidar_slam/launch/sensors_launch.py
[0.122s] -- Up-to-date: /home/locobot/locobot_ws/install/create3_lidar_slam/share/create3_lidar_slam/launch/slam_toolbox_launch.py
[0.122s] -- Up-to-date: /home/locobot/locobot_ws/install/create3_lidar_slam/share/create3_lidar_slam/config
[0.122s] -- Up-to-date: /home/locobot/locobot_ws/install/create3_lidar_slam/share/create3_lidar_slam/config/rplidar_node.yaml
[0.122s] -- Up-to-date: /home/locobot/locobot_ws/install/create3_lidar_slam/share/create3_lidar_slam/config/mapper_params_online_async.yaml
[0.122s] -- Up-to-date: /home/locobot/locobot_ws/install/create3_lidar_slam/share/create3_lidar_slam/rviz
[0.122s] -- Up-to-date: /home/locobot/locobot_ws/install/create3_lidar_slam/share/create3_lidar_slam/rviz/create3_lidar_slam.rviz
[0.122s] -- Up-to-date: /home/locobot/locobot_ws/install/create3_lidar_slam/share/ament_index/resource_index/package_run_dependencies/create3_lidar_slam
[0.122s] -- Up-to-date: /home/locobot/locobot_ws/install/create3_lidar_slam/share/ament_index/resource_index/parent_prefix_path/create3_lidar_slam
[0.123s] -- Up-to-date: /home/locobot/locobot_ws/install/create3_lidar_slam/share/create3_lidar_slam/environment/ament_prefix_path.sh
[0.123s] -- Up-to-date: /home/locobot/locobot_ws/install/create3_lidar_slam/share/create3_lidar_slam/environment/ament_prefix_path.dsv
[0.123s] -- Up-to-date: /home/locobot/locobot_ws/install/create3_lidar_slam/share/create3_lidar_slam/environment/path.sh
[0.123s] -- Up-to-date: /home/locobot/locobot_ws/install/create3_lidar_slam/share/create3_lidar_slam/environment/path.dsv
[0.123s] -- Up-to-date: /home/locobot/locobot_ws/install/create3_lidar_slam/share/create3_lidar_slam/local_setup.bash
[0.123s] -- Up-to-date: /home/locobot/locobot_ws/install/create3_lidar_slam/share/create3_lidar_slam/local_setup.sh
[0.123s] -- Up-to-date: /home/locobot/locobot_ws/install/create3_lidar_slam/share/create3_lidar_slam/local_setup.zsh
[0.123s] -- Up-to-date: /home/locobot/locobot_ws/install/create3_lidar_slam/share/create3_lidar_slam/local_setup.dsv
[0.123s] -- Installing: /home/locobot/locobot_ws/install/create3_lidar_slam/share/create3_lidar_slam/package.dsv
[0.123s] -- Up-to-date: /home/locobot/locobot_ws/install/create3_lidar_slam/share/ament_index/resource_index/packages/create3_lidar_slam
[0.124s] -- Up-to-date: /home/locobot/locobot_ws/install/create3_lidar_slam/share/create3_lidar_slam/cmake/create3_lidar_slamConfig.cmake
[0.124s] -- Up-to-date: /home/locobot/locobot_ws/install/create3_lidar_slam/share/create3_lidar_slam/cmake/create3_lidar_slamConfig-version.cmake
[0.124s] -- Up-to-date: /home/locobot/locobot_ws/install/create3_lidar_slam/share/create3_lidar_slam/package.xml
[0.127s] Invoked command in '/home/locobot/locobot_ws/build/create3_lidar_slam' returned '0': CMAKE_PREFIX_PATH=${CMAKE_PREFIX_PATH}:/home/locobot/interbotix_ws/install/interbotix_xslocobot_control:/home/locobot/interbotix_ws/install/interbotix_xs_modules:/home/locobot/interbotix_ws/install/interbotix_perception_modules:/home/locobot/interbotix_ws/install/interbotix_common_modules:/opt/ros/humble /usr/bin/cmake --install /home/locobot/locobot_ws/build/create3_lidar_slam
