running egg_info
writing ../../build/detection/detection.egg-info/PKG-INFO
writing dependency_links to ../../build/detection/detection.egg-info/dependency_links.txt
writing entry points to ../../build/detection/detection.egg-info/entry_points.txt
writing requirements to ../../build/detection/detection.egg-info/requires.txt
writing top-level names to ../../build/detection/detection.egg-info/top_level.txt
reading manifest file '../../build/detection/detection.egg-info/SOURCES.txt'
writing manifest file '../../build/detection/detection.egg-info/SOURCES.txt'
running build
running build_py
copying detection/detection_node.py -> /home/locobot/locobot_ws/build/detection/build/lib/detection
running install
running install_lib
copying /home/locobot/locobot_ws/build/detection/build/lib/detection/detection_node.py -> /home/locobot/locobot_ws/install/detection/lib/python3.10/site-packages/detection
byte-compiling /home/locobot/locobot_ws/install/detection/lib/python3.10/site-packages/detection/detection_node.py to detection_node.cpython-310.pyc
Sorry: TabError: inconsistent use of tabs and spaces in indentation (detection_node.py, line 88)
running install_data
running install_egg_info
removing '/home/locobot/locobot_ws/install/detection/lib/python3.10/site-packages/detection-0.0.0-py3.10.egg-info' (and everything under it)
Copying ../../build/detection/detection.egg-info to /home/locobot/locobot_ws/install/detection/lib/python3.10/site-packages/detection-0.0.0-py3.10.egg-info
running install_scripts
Installing detection_node script to /home/locobot/locobot_ws/install/detection/lib/detection
writing list of installed files to '/home/locobot/locobot_ws/build/detection/install.log'
