[0.061s] Invoking command in '/home/locobot/locobot_ws/build/create3_lidar_slam': CMAKE_PREFIX_PATH=${CMAKE_PREFIX_PATH}:/home/locobot/locobot_ws/install/yolov8_ros:/home/locobot/locobot_ws/install/locobot_move:/home/locobot/locobot_ws/install/detection_ros:/home/locobot/locobot_ws/install/create3_teleop:/home/locobot/locobot_ws/install/create3_examples_py:/home/locobot/interbotix_ws/install/interbotix_xslocobot_control:/home/locobot/interbotix_ws/install/interbotix_xs_modules:/home/locobot/interbotix_ws/install/interbotix_perception_modules:/home/locobot/interbotix_ws/install/interbotix_common_modules:/opt/ros/humble /usr/bin/cmake /home/locobot/locobot_ws/src/create3_examples/create3_lidar_slam -DCMAKE_INSTALL_PREFIX=/home/locobot/locobot_ws/install/create3_lidar_slam
[0.269s] -- The C compiler identification is GNU 11.4.0
[0.448s] -- The CXX compiler identification is GNU 11.4.0
[0.467s] -- Detecting C compiler ABI info
[0.855s] -- Detecting C compiler ABI info - done
[0.890s] -- Check for working C compiler: /usr/bin/cc - skipped
[0.890s] -- Detecting C compile features
[0.891s] -- Detecting C compile features - done
[0.911s] -- Detecting CXX compiler ABI info
[1.334s] -- Detecting CXX compiler ABI info - done
[1.355s] -- Check for working CXX compiler: /usr/bin/c++ - skipped
[1.359s] -- Detecting CXX compile features
[1.360s] -- Detecting CXX compile features - done
[1.381s] -- Found ament_cmake: 1.3.9 (/opt/ros/humble/share/ament_cmake/cmake)
[2.065s] -- Found Python3: /usr/bin/python3 (found version "3.10.12") found components: Interpreter 
[2.928s] -- Configuring done
[2.931s] -- Generating done
[2.933s] -- Build files have been written to: /home/locobot/locobot_ws/build/create3_lidar_slam
[2.963s] Invoked command in '/home/locobot/locobot_ws/build/create3_lidar_slam' returned '0': CMAKE_PREFIX_PATH=${CMAKE_PREFIX_PATH}:/home/locobot/locobot_ws/install/yolov8_ros:/home/locobot/locobot_ws/install/locobot_move:/home/locobot/locobot_ws/install/detection_ros:/home/locobot/locobot_ws/install/create3_teleop:/home/locobot/locobot_ws/install/create3_examples_py:/home/locobot/interbotix_ws/install/interbotix_xslocobot_control:/home/locobot/interbotix_ws/install/interbotix_xs_modules:/home/locobot/interbotix_ws/install/interbotix_perception_modules:/home/locobot/interbotix_ws/install/interbotix_common_modules:/opt/ros/humble /usr/bin/cmake /home/locobot/locobot_ws/src/create3_examples/create3_lidar_slam -DCMAKE_INSTALL_PREFIX=/home/locobot/locobot_ws/install/create3_lidar_slam
[2.963s] Invoking command in '/home/locobot/locobot_ws/build/create3_lidar_slam': CMAKE_PREFIX_PATH=${CMAKE_PREFIX_PATH}:/home/locobot/locobot_ws/install/yolov8_ros:/home/locobot/locobot_ws/install/locobot_move:/home/locobot/locobot_ws/install/detection_ros:/home/locobot/locobot_ws/install/create3_teleop:/home/locobot/locobot_ws/install/create3_examples_py:/home/locobot/interbotix_ws/install/interbotix_xslocobot_control:/home/locobot/interbotix_ws/install/interbotix_xs_modules:/home/locobot/interbotix_ws/install/interbotix_perception_modules:/home/locobot/interbotix_ws/install/interbotix_common_modules:/opt/ros/humble /usr/bin/cmake --build /home/locobot/locobot_ws/build/create3_lidar_slam -- -j4 -l4
[3.178s] Invoked command in '/home/locobot/locobot_ws/build/create3_lidar_slam' returned '0': CMAKE_PREFIX_PATH=${CMAKE_PREFIX_PATH}:/home/locobot/locobot_ws/install/yolov8_ros:/home/locobot/locobot_ws/install/locobot_move:/home/locobot/locobot_ws/install/detection_ros:/home/locobot/locobot_ws/install/create3_teleop:/home/locobot/locobot_ws/install/create3_examples_py:/home/locobot/interbotix_ws/install/interbotix_xslocobot_control:/home/locobot/interbotix_ws/install/interbotix_xs_modules:/home/locobot/interbotix_ws/install/interbotix_perception_modules:/home/locobot/interbotix_ws/install/interbotix_common_modules:/opt/ros/humble /usr/bin/cmake --build /home/locobot/locobot_ws/build/create3_lidar_slam -- -j4 -l4
[3.491s] Invoking command in '/home/locobot/locobot_ws/build/create3_lidar_slam': CMAKE_PREFIX_PATH=${CMAKE_PREFIX_PATH}:/home/locobot/locobot_ws/install/yolov8_ros:/home/locobot/locobot_ws/install/locobot_move:/home/locobot/locobot_ws/install/detection_ros:/home/locobot/locobot_ws/install/create3_teleop:/home/locobot/locobot_ws/install/create3_examples_py:/home/locobot/interbotix_ws/install/interbotix_xslocobot_control:/home/locobot/interbotix_ws/install/interbotix_xs_modules:/home/locobot/interbotix_ws/install/interbotix_perception_modules:/home/locobot/interbotix_ws/install/interbotix_common_modules:/opt/ros/humble /usr/bin/cmake --install /home/locobot/locobot_ws/build/create3_lidar_slam
[3.525s] -- Install configuration: ""
[3.525s] -- Installing: /home/locobot/locobot_ws/install/create3_lidar_slam/share/create3_lidar_slam/launch
[3.526s] -- Installing: /home/locobot/locobot_ws/install/create3_lidar_slam/share/create3_lidar_slam/launch/rviz_launch.py
[3.531s] -- Installing: /home/locobot/locobot_ws/install/create3_lidar_slam/share/create3_lidar_slam/launch/sensors_launch.py
[3.531s] -- Installing: /home/locobot/locobot_ws/install/create3_lidar_slam/share/create3_lidar_slam/launch/slam_toolbox_launch.py
[3.532s] -- Installing: /home/locobot/locobot_ws/install/create3_lidar_slam/share/create3_lidar_slam/config
[3.532s] -- Installing: /home/locobot/locobot_ws/install/create3_lidar_slam/share/create3_lidar_slam/config/rplidar_node.yaml
[3.532s] -- Installing: /home/locobot/locobot_ws/install/create3_lidar_slam/share/create3_lidar_slam/config/mapper_params_online_async.yaml
[3.532s] -- Installing: /home/locobot/locobot_ws/install/create3_lidar_slam/share/create3_lidar_slam/rviz
[3.533s] -- Installing: /home/locobot/locobot_ws/install/create3_lidar_slam/share/create3_lidar_slam/rviz/create3_lidar_slam.rviz
[3.534s] -- Installing: /home/locobot/locobot_ws/install/create3_lidar_slam/share/ament_index/resource_index/package_run_dependencies/create3_lidar_slam
[3.534s] -- Installing: /home/locobot/locobot_ws/install/create3_lidar_slam/share/ament_index/resource_index/parent_prefix_path/create3_lidar_slam
[3.535s] -- Installing: /home/locobot/locobot_ws/install/create3_lidar_slam/share/create3_lidar_slam/environment/ament_prefix_path.sh
[3.536s] -- Installing: /home/locobot/locobot_ws/install/create3_lidar_slam/share/create3_lidar_slam/environment/ament_prefix_path.dsv
[3.536s] -- Installing: /home/locobot/locobot_ws/install/create3_lidar_slam/share/create3_lidar_slam/environment/path.sh
[3.537s] -- Installing: /home/locobot/locobot_ws/install/create3_lidar_slam/share/create3_lidar_slam/environment/path.dsv
[3.537s] -- Installing: /home/locobot/locobot_ws/install/create3_lidar_slam/share/create3_lidar_slam/local_setup.bash
[3.538s] -- Installing: /home/locobot/locobot_ws/install/create3_lidar_slam/share/create3_lidar_slam/local_setup.sh
[3.539s] -- Installing: /home/locobot/locobot_ws/install/create3_lidar_slam/share/create3_lidar_slam/local_setup.zsh
[3.539s] -- Installing: /home/locobot/locobot_ws/install/create3_lidar_slam/share/create3_lidar_slam/local_setup.dsv
[3.540s] -- Installing: /home/locobot/locobot_ws/install/create3_lidar_slam/share/create3_lidar_slam/package.dsv
[3.540s] -- Installing: /home/locobot/locobot_ws/install/create3_lidar_slam/share/ament_index/resource_index/packages/create3_lidar_slam
[3.541s] -- Installing: /home/locobot/locobot_ws/install/create3_lidar_slam/share/create3_lidar_slam/cmake/create3_lidar_slamConfig.cmake
[3.542s] -- Installing: /home/locobot/locobot_ws/install/create3_lidar_slam/share/create3_lidar_slam/cmake/create3_lidar_slamConfig-version.cmake
[3.543s] -- Installing: /home/locobot/locobot_ws/install/create3_lidar_slam/share/create3_lidar_slam/package.xml
[3.563s] Invoked command in '/home/locobot/locobot_ws/build/create3_lidar_slam' returned '0': CMAKE_PREFIX_PATH=${CMAKE_PREFIX_PATH}:/home/locobot/locobot_ws/install/yolov8_ros:/home/locobot/locobot_ws/install/locobot_move:/home/locobot/locobot_ws/install/detection_ros:/home/locobot/locobot_ws/install/create3_teleop:/home/locobot/locobot_ws/install/create3_examples_py:/home/locobot/interbotix_ws/install/interbotix_xslocobot_control:/home/locobot/interbotix_ws/install/interbotix_xs_modules:/home/locobot/interbotix_ws/install/interbotix_perception_modules:/home/locobot/interbotix_ws/install/interbotix_common_modules:/opt/ros/humble /usr/bin/cmake --install /home/locobot/locobot_ws/build/create3_lidar_slam
