[0.207s] DEBUG:colcon:Command line arguments: ['/usr/bin/colcon', 'build']
[0.207s] DEBUG:colcon:Parsed command line arguments: Namespace(log_base=None, log_level=None, verb_name='build', build_base='build', install_base='install', merge_install=False, symlink_install=False, test_result_base=None, continue_on_error=False, executor='parallel', parallel_workers=4, event_handlers=None, ignore_user_meta=False, metas=['./colcon.meta'], base_paths=['.'], packages_ignore=None, packages_ignore_regex=None, paths=None, packages_up_to=None, packages_up_to_regex=None, packages_above=None, packages_above_and_dependencies=None, packages_above_depth=None, packages_select_by_dep=None, packages_skip_by_dep=None, packages_skip_up_to=None, packages_select_build_failed=False, packages_skip_build_finished=False, packages_select_test_failures=False, packages_skip_test_passed=False, packages_select=None, packages_skip=None, packages_select_regex=None, packages_skip_regex=None, packages_start=None, packages_end=None, allow_overriding=[], cmake_args=None, cmake_target=None, cmake_target_skip_unavailable=False, cmake_clean_cache=False, cmake_clean_first=False, cmake_force_configure=False, ament_cmake_args=None, catkin_cmake_args=None, catkin_skip_building_tests=False, mixin_files=None, mixin=None, verb_parser=<colcon_mixin.mixin.mixin_argument.MixinArgumentDecorator object at 0x76aa5a30a6e0>, verb_extension=<colcon_core.verb.build.BuildVerb object at 0x76aa5a436ce0>, main=<bound method BuildVerb.main of <colcon_core.verb.build.BuildVerb object at 0x76aa5a436ce0>>, mixin_verb=('build',))
[0.412s] Level 1:colcon.colcon_core.package_discovery:discover_packages(colcon_meta) check parameters
[0.412s] Level 1:colcon.colcon_core.package_discovery:discover_packages(recursive) check parameters
[0.412s] Level 1:colcon.colcon_core.package_discovery:discover_packages(ignore) check parameters
[0.412s] Level 1:colcon.colcon_core.package_discovery:discover_packages(path) check parameters
[0.412s] Level 1:colcon.colcon_core.package_discovery:discover_packages(colcon_meta) discover
[0.413s] Level 1:colcon.colcon_core.package_discovery:discover_packages(recursive) discover
[0.413s] INFO:colcon.colcon_core.package_discovery:Crawling recursively for packages in '/home/locobot/locobot_ws'
[0.413s] Level 1:colcon.colcon_core.package_identification:_identify(.) by extensions ['ignore', 'ignore_ament_install']
[0.413s] Level 1:colcon.colcon_core.package_identification:_identify(.) by extension 'ignore'
[0.413s] Level 1:colcon.colcon_core.package_identification:_identify(.) by extension 'ignore_ament_install'
[0.413s] Level 1:colcon.colcon_core.package_identification:_identify(.) by extensions ['colcon_pkg']
[0.413s] Level 1:colcon.colcon_core.package_identification:_identify(.) by extension 'colcon_pkg'
[0.413s] Level 1:colcon.colcon_core.package_identification:_identify(.) by extensions ['colcon_meta']
[0.413s] Level 1:colcon.colcon_core.package_identification:_identify(.) by extension 'colcon_meta'
[0.413s] Level 1:colcon.colcon_core.package_identification:_identify(.) by extensions ['ros']
[0.413s] Level 1:colcon.colcon_core.package_identification:_identify(.) by extension 'ros'
[0.424s] Level 1:colcon.colcon_core.package_identification:_identify(.) by extensions ['cmake', 'python']
[0.424s] Level 1:colcon.colcon_core.package_identification:_identify(.) by extension 'cmake'
[0.424s] Level 1:colcon.colcon_core.package_identification:_identify(.) by extension 'python'
[0.425s] Level 1:colcon.colcon_core.package_identification:_identify(.) by extensions ['python_setup_py']
[0.425s] Level 1:colcon.colcon_core.package_identification:_identify(.) by extension 'python_setup_py'
[0.425s] Level 1:colcon.colcon_core.package_identification:_identify(build) by extensions ['ignore', 'ignore_ament_install']
[0.425s] Level 1:colcon.colcon_core.package_identification:_identify(build) by extension 'ignore'
[0.425s] Level 1:colcon.colcon_core.package_identification:_identify(build) ignored
[0.425s] Level 1:colcon.colcon_core.package_identification:_identify(install) by extensions ['ignore', 'ignore_ament_install']
[0.425s] Level 1:colcon.colcon_core.package_identification:_identify(install) by extension 'ignore'
[0.425s] Level 1:colcon.colcon_core.package_identification:_identify(install) ignored
[0.425s] Level 1:colcon.colcon_core.package_identification:_identify(log) by extensions ['ignore', 'ignore_ament_install']
[0.425s] Level 1:colcon.colcon_core.package_identification:_identify(log) by extension 'ignore'
[0.425s] Level 1:colcon.colcon_core.package_identification:_identify(log) ignored
[0.425s] Level 1:colcon.colcon_core.package_identification:_identify(src) by extensions ['ignore', 'ignore_ament_install']
[0.425s] Level 1:colcon.colcon_core.package_identification:_identify(src) by extension 'ignore'
[0.425s] Level 1:colcon.colcon_core.package_identification:_identify(src) by extension 'ignore_ament_install'
[0.425s] Level 1:colcon.colcon_core.package_identification:_identify(src) by extensions ['colcon_pkg']
[0.425s] Level 1:colcon.colcon_core.package_identification:_identify(src) by extension 'colcon_pkg'
[0.426s] Level 1:colcon.colcon_core.package_identification:_identify(src) by extensions ['colcon_meta']
[0.426s] Level 1:colcon.colcon_core.package_identification:_identify(src) by extension 'colcon_meta'
[0.426s] Level 1:colcon.colcon_core.package_identification:_identify(src) by extensions ['ros']
[0.426s] Level 1:colcon.colcon_core.package_identification:_identify(src) by extension 'ros'
[0.426s] Level 1:colcon.colcon_core.package_identification:_identify(src) by extensions ['cmake', 'python']
[0.426s] Level 1:colcon.colcon_core.package_identification:_identify(src) by extension 'cmake'
[0.426s] Level 1:colcon.colcon_core.package_identification:_identify(src) by extension 'python'
[0.426s] Level 1:colcon.colcon_core.package_identification:_identify(src) by extensions ['python_setup_py']
[0.426s] Level 1:colcon.colcon_core.package_identification:_identify(src) by extension 'python_setup_py'
[0.426s] Level 1:colcon.colcon_core.package_identification:_identify(src/create3_examples) by extensions ['ignore', 'ignore_ament_install']
[0.426s] Level 1:colcon.colcon_core.package_identification:_identify(src/create3_examples) by extension 'ignore'
[0.426s] Level 1:colcon.colcon_core.package_identification:_identify(src/create3_examples) by extension 'ignore_ament_install'
[0.426s] Level 1:colcon.colcon_core.package_identification:_identify(src/create3_examples) by extensions ['colcon_pkg']
[0.426s] Level 1:colcon.colcon_core.package_identification:_identify(src/create3_examples) by extension 'colcon_pkg'
[0.426s] Level 1:colcon.colcon_core.package_identification:_identify(src/create3_examples) by extensions ['colcon_meta']
[0.426s] Level 1:colcon.colcon_core.package_identification:_identify(src/create3_examples) by extension 'colcon_meta'
[0.426s] Level 1:colcon.colcon_core.package_identification:_identify(src/create3_examples) by extensions ['ros']
[0.426s] Level 1:colcon.colcon_core.package_identification:_identify(src/create3_examples) by extension 'ros'
[0.426s] Level 1:colcon.colcon_core.package_identification:_identify(src/create3_examples) by extensions ['cmake', 'python']
[0.426s] Level 1:colcon.colcon_core.package_identification:_identify(src/create3_examples) by extension 'cmake'
[0.426s] Level 1:colcon.colcon_core.package_identification:_identify(src/create3_examples) by extension 'python'
[0.427s] Level 1:colcon.colcon_core.package_identification:_identify(src/create3_examples) by extensions ['python_setup_py']
[0.427s] Level 1:colcon.colcon_core.package_identification:_identify(src/create3_examples) by extension 'python_setup_py'
[0.427s] Level 1:colcon.colcon_core.package_identification:_identify(src/create3_examples/create3_coverage) by extensions ['ignore', 'ignore_ament_install']
[0.427s] Level 1:colcon.colcon_core.package_identification:_identify(src/create3_examples/create3_coverage) by extension 'ignore'
[0.427s] Level 1:colcon.colcon_core.package_identification:_identify(src/create3_examples/create3_coverage) by extension 'ignore_ament_install'
[0.427s] Level 1:colcon.colcon_core.package_identification:_identify(src/create3_examples/create3_coverage) by extensions ['colcon_pkg']
[0.427s] Level 1:colcon.colcon_core.package_identification:_identify(src/create3_examples/create3_coverage) by extension 'colcon_pkg'
[0.427s] Level 1:colcon.colcon_core.package_identification:_identify(src/create3_examples/create3_coverage) by extensions ['colcon_meta']
[0.427s] Level 1:colcon.colcon_core.package_identification:_identify(src/create3_examples/create3_coverage) by extension 'colcon_meta'
[0.427s] Level 1:colcon.colcon_core.package_identification:_identify(src/create3_examples/create3_coverage) by extensions ['ros']
[0.427s] Level 1:colcon.colcon_core.package_identification:_identify(src/create3_examples/create3_coverage) by extension 'ros'
[0.430s] DEBUG:colcon.colcon_core.package_identification:Package 'src/create3_examples/create3_coverage' with type 'ros.ament_cmake' and name 'create3_coverage'
[0.430s] Level 1:colcon.colcon_core.package_identification:_identify(src/create3_examples/create3_examples_msgs) by extensions ['ignore', 'ignore_ament_install']
[0.430s] Level 1:colcon.colcon_core.package_identification:_identify(src/create3_examples/create3_examples_msgs) by extension 'ignore'
[0.430s] Level 1:colcon.colcon_core.package_identification:_identify(src/create3_examples/create3_examples_msgs) by extension 'ignore_ament_install'
[0.430s] Level 1:colcon.colcon_core.package_identification:_identify(src/create3_examples/create3_examples_msgs) by extensions ['colcon_pkg']
[0.430s] Level 1:colcon.colcon_core.package_identification:_identify(src/create3_examples/create3_examples_msgs) by extension 'colcon_pkg'
[0.430s] Level 1:colcon.colcon_core.package_identification:_identify(src/create3_examples/create3_examples_msgs) by extensions ['colcon_meta']
[0.430s] Level 1:colcon.colcon_core.package_identification:_identify(src/create3_examples/create3_examples_msgs) by extension 'colcon_meta'
[0.430s] Level 1:colcon.colcon_core.package_identification:_identify(src/create3_examples/create3_examples_msgs) by extensions ['ros']
[0.430s] Level 1:colcon.colcon_core.package_identification:_identify(src/create3_examples/create3_examples_msgs) by extension 'ros'
[0.431s] DEBUG:colcon.colcon_core.package_identification:Package 'src/create3_examples/create3_examples_msgs' with type 'ros.ament_cmake' and name 'create3_examples_msgs'
[0.431s] Level 1:colcon.colcon_core.package_identification:_identify(src/create3_examples/create3_examples_py) by extensions ['ignore', 'ignore_ament_install']
[0.431s] Level 1:colcon.colcon_core.package_identification:_identify(src/create3_examples/create3_examples_py) by extension 'ignore'
[0.431s] Level 1:colcon.colcon_core.package_identification:_identify(src/create3_examples/create3_examples_py) by extension 'ignore_ament_install'
[0.431s] Level 1:colcon.colcon_core.package_identification:_identify(src/create3_examples/create3_examples_py) by extensions ['colcon_pkg']
[0.431s] Level 1:colcon.colcon_core.package_identification:_identify(src/create3_examples/create3_examples_py) by extension 'colcon_pkg'
[0.432s] Level 1:colcon.colcon_core.package_identification:_identify(src/create3_examples/create3_examples_py) by extensions ['colcon_meta']
[0.432s] Level 1:colcon.colcon_core.package_identification:_identify(src/create3_examples/create3_examples_py) by extension 'colcon_meta'
[0.432s] Level 1:colcon.colcon_core.package_identification:_identify(src/create3_examples/create3_examples_py) by extensions ['ros']
[0.432s] Level 1:colcon.colcon_core.package_identification:_identify(src/create3_examples/create3_examples_py) by extension 'ros'
[0.432s] DEBUG:colcon.colcon_core.package_identification:Package 'src/create3_examples/create3_examples_py' with type 'ros.ament_python' and name 'create3_examples_py'
[0.432s] Level 1:colcon.colcon_core.package_identification:_identify(src/create3_examples/create3_lidar_slam) by extensions ['ignore', 'ignore_ament_install']
[0.433s] Level 1:colcon.colcon_core.package_identification:_identify(src/create3_examples/create3_lidar_slam) by extension 'ignore'
[0.433s] Level 1:colcon.colcon_core.package_identification:_identify(src/create3_examples/create3_lidar_slam) by extension 'ignore_ament_install'
[0.433s] Level 1:colcon.colcon_core.package_identification:_identify(src/create3_examples/create3_lidar_slam) by extensions ['colcon_pkg']
[0.433s] Level 1:colcon.colcon_core.package_identification:_identify(src/create3_examples/create3_lidar_slam) by extension 'colcon_pkg'
[0.433s] Level 1:colcon.colcon_core.package_identification:_identify(src/create3_examples/create3_lidar_slam) by extensions ['colcon_meta']
[0.433s] Level 1:colcon.colcon_core.package_identification:_identify(src/create3_examples/create3_lidar_slam) by extension 'colcon_meta'
[0.433s] Level 1:colcon.colcon_core.package_identification:_identify(src/create3_examples/create3_lidar_slam) by extensions ['ros']
[0.433s] Level 1:colcon.colcon_core.package_identification:_identify(src/create3_examples/create3_lidar_slam) by extension 'ros'
[0.433s] DEBUG:colcon.colcon_core.package_identification:Package 'src/create3_examples/create3_lidar_slam' with type 'ros.ament_cmake' and name 'create3_lidar_slam'
[0.434s] Level 1:colcon.colcon_core.package_identification:_identify(src/create3_examples/create3_republisher) by extensions ['ignore', 'ignore_ament_install']
[0.434s] Level 1:colcon.colcon_core.package_identification:_identify(src/create3_examples/create3_republisher) by extension 'ignore'
[0.434s] Level 1:colcon.colcon_core.package_identification:_identify(src/create3_examples/create3_republisher) by extension 'ignore_ament_install'
[0.434s] Level 1:colcon.colcon_core.package_identification:_identify(src/create3_examples/create3_republisher) by extensions ['colcon_pkg']
[0.434s] Level 1:colcon.colcon_core.package_identification:_identify(src/create3_examples/create3_republisher) by extension 'colcon_pkg'
[0.434s] Level 1:colcon.colcon_core.package_identification:_identify(src/create3_examples/create3_republisher) by extensions ['colcon_meta']
[0.434s] Level 1:colcon.colcon_core.package_identification:_identify(src/create3_examples/create3_republisher) by extension 'colcon_meta'
[0.434s] Level 1:colcon.colcon_core.package_identification:_identify(src/create3_examples/create3_republisher) by extensions ['ros']
[0.434s] Level 1:colcon.colcon_core.package_identification:_identify(src/create3_examples/create3_republisher) by extension 'ros'
[0.435s] DEBUG:colcon.colcon_core.package_identification:Package 'src/create3_examples/create3_republisher' with type 'ros.ament_cmake' and name 'create3_republisher'
[0.435s] Level 1:colcon.colcon_core.package_identification:_identify(src/create3_examples/create3_teleop) by extensions ['ignore', 'ignore_ament_install']
[0.435s] Level 1:colcon.colcon_core.package_identification:_identify(src/create3_examples/create3_teleop) by extension 'ignore'
[0.435s] Level 1:colcon.colcon_core.package_identification:_identify(src/create3_examples/create3_teleop) by extension 'ignore_ament_install'
[0.435s] Level 1:colcon.colcon_core.package_identification:_identify(src/create3_examples/create3_teleop) by extensions ['colcon_pkg']
[0.435s] Level 1:colcon.colcon_core.package_identification:_identify(src/create3_examples/create3_teleop) by extension 'colcon_pkg'
[0.435s] Level 1:colcon.colcon_core.package_identification:_identify(src/create3_examples/create3_teleop) by extensions ['colcon_meta']
[0.435s] Level 1:colcon.colcon_core.package_identification:_identify(src/create3_examples/create3_teleop) by extension 'colcon_meta'
[0.435s] Level 1:colcon.colcon_core.package_identification:_identify(src/create3_examples/create3_teleop) by extensions ['ros']
[0.435s] Level 1:colcon.colcon_core.package_identification:_identify(src/create3_examples/create3_teleop) by extension 'ros'
[0.436s] DEBUG:colcon.colcon_core.package_identification:Package 'src/create3_examples/create3_teleop' with type 'ros.ament_python' and name 'create3_teleop'
[0.436s] Level 1:colcon.colcon_core.package_identification:_identify(src/locobot_move) by extensions ['ignore', 'ignore_ament_install']
[0.436s] Level 1:colcon.colcon_core.package_identification:_identify(src/locobot_move) by extension 'ignore'
[0.436s] Level 1:colcon.colcon_core.package_identification:_identify(src/locobot_move) by extension 'ignore_ament_install'
[0.436s] Level 1:colcon.colcon_core.package_identification:_identify(src/locobot_move) by extensions ['colcon_pkg']
[0.436s] Level 1:colcon.colcon_core.package_identification:_identify(src/locobot_move) by extension 'colcon_pkg'
[0.436s] Level 1:colcon.colcon_core.package_identification:_identify(src/locobot_move) by extensions ['colcon_meta']
[0.436s] Level 1:colcon.colcon_core.package_identification:_identify(src/locobot_move) by extension 'colcon_meta'
[0.436s] Level 1:colcon.colcon_core.package_identification:_identify(src/locobot_move) by extensions ['ros']
[0.436s] Level 1:colcon.colcon_core.package_identification:_identify(src/locobot_move) by extension 'ros'
[0.437s] DEBUG:colcon.colcon_core.package_identification:Package 'src/locobot_move' with type 'ros.ament_python' and name 'locobot_move'
[0.437s] Level 1:colcon.colcon_core.package_discovery:discover_packages(recursive) using defaults
[0.437s] Level 1:colcon.colcon_core.package_discovery:discover_packages(ignore) discover
[0.437s] Level 1:colcon.colcon_core.package_discovery:discover_packages(ignore) using defaults
[0.437s] Level 1:colcon.colcon_core.package_discovery:discover_packages(path) discover
[0.437s] Level 1:colcon.colcon_core.package_discovery:discover_packages(path) using defaults
[0.472s] Level 1:colcon.colcon_core.package_discovery:discover_packages(prefix_path) check parameters
[0.472s] Level 1:colcon.colcon_core.package_discovery:discover_packages(prefix_path) discover
[0.478s] DEBUG:colcon.colcon_installed_package_information.package_discovery:Found 52 installed packages in /home/locobot/interbotix_ws/install
[0.478s] DEBUG:colcon.colcon_installed_package_information.package_discovery:Found 1 installed packages in /home/locobot/apriltag_ws/install
[0.480s] DEBUG:colcon.colcon_installed_package_information.package_discovery:Found 352 installed packages in /opt/ros/humble
[0.481s] Level 1:colcon.colcon_core.package_discovery:discover_packages(prefix_path) using defaults
[0.547s] Level 5:colcon.colcon_core.verb:set package 'create3_examples_msgs' build argument 'cmake_args' from command line to 'None'
[0.547s] Level 5:colcon.colcon_core.verb:set package 'create3_examples_msgs' build argument 'cmake_target' from command line to 'None'
[0.547s] Level 5:colcon.colcon_core.verb:set package 'create3_examples_msgs' build argument 'cmake_target_skip_unavailable' from command line to 'False'
[0.547s] Level 5:colcon.colcon_core.verb:set package 'create3_examples_msgs' build argument 'cmake_clean_cache' from command line to 'False'
[0.547s] Level 5:colcon.colcon_core.verb:set package 'create3_examples_msgs' build argument 'cmake_clean_first' from command line to 'False'
[0.547s] Level 5:colcon.colcon_core.verb:set package 'create3_examples_msgs' build argument 'cmake_force_configure' from command line to 'False'
[0.547s] Level 5:colcon.colcon_core.verb:set package 'create3_examples_msgs' build argument 'ament_cmake_args' from command line to 'None'
[0.547s] Level 5:colcon.colcon_core.verb:set package 'create3_examples_msgs' build argument 'catkin_cmake_args' from command line to 'None'
[0.547s] Level 5:colcon.colcon_core.verb:set package 'create3_examples_msgs' build argument 'catkin_skip_building_tests' from command line to 'False'
[0.547s] DEBUG:colcon.colcon_core.verb:Building package 'create3_examples_msgs' with the following arguments: {'ament_cmake_args': None, 'build_base': '/home/locobot/locobot_ws/build/create3_examples_msgs', 'catkin_cmake_args': None, 'catkin_skip_building_tests': False, 'cmake_args': None, 'cmake_clean_cache': False, 'cmake_clean_first': False, 'cmake_force_configure': False, 'cmake_target': None, 'cmake_target_skip_unavailable': False, 'install_base': '/home/locobot/locobot_ws/install/create3_examples_msgs', 'merge_install': False, 'path': '/home/locobot/locobot_ws/src/create3_examples/create3_examples_msgs', 'symlink_install': False, 'test_result_base': None}
[0.548s] Level 5:colcon.colcon_core.verb:set package 'create3_examples_py' build argument 'cmake_args' from command line to 'None'
[0.548s] Level 5:colcon.colcon_core.verb:set package 'create3_examples_py' build argument 'cmake_target' from command line to 'None'
[0.548s] Level 5:colcon.colcon_core.verb:set package 'create3_examples_py' build argument 'cmake_target_skip_unavailable' from command line to 'False'
[0.548s] Level 5:colcon.colcon_core.verb:set package 'create3_examples_py' build argument 'cmake_clean_cache' from command line to 'False'
[0.548s] Level 5:colcon.colcon_core.verb:set package 'create3_examples_py' build argument 'cmake_clean_first' from command line to 'False'
[0.548s] Level 5:colcon.colcon_core.verb:set package 'create3_examples_py' build argument 'cmake_force_configure' from command line to 'False'
[0.548s] Level 5:colcon.colcon_core.verb:set package 'create3_examples_py' build argument 'ament_cmake_args' from command line to 'None'
[0.548s] Level 5:colcon.colcon_core.verb:set package 'create3_examples_py' build argument 'catkin_cmake_args' from command line to 'None'
[0.548s] Level 5:colcon.colcon_core.verb:set package 'create3_examples_py' build argument 'catkin_skip_building_tests' from command line to 'False'
[0.548s] DEBUG:colcon.colcon_core.verb:Building package 'create3_examples_py' with the following arguments: {'ament_cmake_args': None, 'build_base': '/home/locobot/locobot_ws/build/create3_examples_py', 'catkin_cmake_args': None, 'catkin_skip_building_tests': False, 'cmake_args': None, 'cmake_clean_cache': False, 'cmake_clean_first': False, 'cmake_force_configure': False, 'cmake_target': None, 'cmake_target_skip_unavailable': False, 'install_base': '/home/locobot/locobot_ws/install/create3_examples_py', 'merge_install': False, 'path': '/home/locobot/locobot_ws/src/create3_examples/create3_examples_py', 'symlink_install': False, 'test_result_base': None}
[0.548s] Level 5:colcon.colcon_core.verb:set package 'create3_lidar_slam' build argument 'cmake_args' from command line to 'None'
[0.548s] Level 5:colcon.colcon_core.verb:set package 'create3_lidar_slam' build argument 'cmake_target' from command line to 'None'
[0.548s] Level 5:colcon.colcon_core.verb:set package 'create3_lidar_slam' build argument 'cmake_target_skip_unavailable' from command line to 'False'
[0.548s] Level 5:colcon.colcon_core.verb:set package 'create3_lidar_slam' build argument 'cmake_clean_cache' from command line to 'False'
[0.548s] Level 5:colcon.colcon_core.verb:set package 'create3_lidar_slam' build argument 'cmake_clean_first' from command line to 'False'
[0.548s] Level 5:colcon.colcon_core.verb:set package 'create3_lidar_slam' build argument 'cmake_force_configure' from command line to 'False'
[0.548s] Level 5:colcon.colcon_core.verb:set package 'create3_lidar_slam' build argument 'ament_cmake_args' from command line to 'None'
[0.548s] Level 5:colcon.colcon_core.verb:set package 'create3_lidar_slam' build argument 'catkin_cmake_args' from command line to 'None'
[0.548s] Level 5:colcon.colcon_core.verb:set package 'create3_lidar_slam' build argument 'catkin_skip_building_tests' from command line to 'False'
[0.548s] DEBUG:colcon.colcon_core.verb:Building package 'create3_lidar_slam' with the following arguments: {'ament_cmake_args': None, 'build_base': '/home/locobot/locobot_ws/build/create3_lidar_slam', 'catkin_cmake_args': None, 'catkin_skip_building_tests': False, 'cmake_args': None, 'cmake_clean_cache': False, 'cmake_clean_first': False, 'cmake_force_configure': False, 'cmake_target': None, 'cmake_target_skip_unavailable': False, 'install_base': '/home/locobot/locobot_ws/install/create3_lidar_slam', 'merge_install': False, 'path': '/home/locobot/locobot_ws/src/create3_examples/create3_lidar_slam', 'symlink_install': False, 'test_result_base': None}
[0.549s] Level 5:colcon.colcon_core.verb:set package 'create3_republisher' build argument 'cmake_args' from command line to 'None'
[0.549s] Level 5:colcon.colcon_core.verb:set package 'create3_republisher' build argument 'cmake_target' from command line to 'None'
[0.549s] Level 5:colcon.colcon_core.verb:set package 'create3_republisher' build argument 'cmake_target_skip_unavailable' from command line to 'False'
[0.549s] Level 5:colcon.colcon_core.verb:set package 'create3_republisher' build argument 'cmake_clean_cache' from command line to 'False'
[0.549s] Level 5:colcon.colcon_core.verb:set package 'create3_republisher' build argument 'cmake_clean_first' from command line to 'False'
[0.549s] Level 5:colcon.colcon_core.verb:set package 'create3_republisher' build argument 'cmake_force_configure' from command line to 'False'
[0.549s] Level 5:colcon.colcon_core.verb:set package 'create3_republisher' build argument 'ament_cmake_args' from command line to 'None'
[0.549s] Level 5:colcon.colcon_core.verb:set package 'create3_republisher' build argument 'catkin_cmake_args' from command line to 'None'
[0.549s] Level 5:colcon.colcon_core.verb:set package 'create3_republisher' build argument 'catkin_skip_building_tests' from command line to 'False'
[0.549s] DEBUG:colcon.colcon_core.verb:Building package 'create3_republisher' with the following arguments: {'ament_cmake_args': None, 'build_base': '/home/locobot/locobot_ws/build/create3_republisher', 'catkin_cmake_args': None, 'catkin_skip_building_tests': False, 'cmake_args': None, 'cmake_clean_cache': False, 'cmake_clean_first': False, 'cmake_force_configure': False, 'cmake_target': None, 'cmake_target_skip_unavailable': False, 'install_base': '/home/locobot/locobot_ws/install/create3_republisher', 'merge_install': False, 'path': '/home/locobot/locobot_ws/src/create3_examples/create3_republisher', 'symlink_install': False, 'test_result_base': None}
[0.549s] Level 5:colcon.colcon_core.verb:set package 'create3_teleop' build argument 'cmake_args' from command line to 'None'
[0.549s] Level 5:colcon.colcon_core.verb:set package 'create3_teleop' build argument 'cmake_target' from command line to 'None'
[0.549s] Level 5:colcon.colcon_core.verb:set package 'create3_teleop' build argument 'cmake_target_skip_unavailable' from command line to 'False'
[0.549s] Level 5:colcon.colcon_core.verb:set package 'create3_teleop' build argument 'cmake_clean_cache' from command line to 'False'
[0.549s] Level 5:colcon.colcon_core.verb:set package 'create3_teleop' build argument 'cmake_clean_first' from command line to 'False'
[0.549s] Level 5:colcon.colcon_core.verb:set package 'create3_teleop' build argument 'cmake_force_configure' from command line to 'False'
[0.549s] Level 5:colcon.colcon_core.verb:set package 'create3_teleop' build argument 'ament_cmake_args' from command line to 'None'
[0.549s] Level 5:colcon.colcon_core.verb:set package 'create3_teleop' build argument 'catkin_cmake_args' from command line to 'None'
[0.549s] Level 5:colcon.colcon_core.verb:set package 'create3_teleop' build argument 'catkin_skip_building_tests' from command line to 'False'
[0.549s] DEBUG:colcon.colcon_core.verb:Building package 'create3_teleop' with the following arguments: {'ament_cmake_args': None, 'build_base': '/home/locobot/locobot_ws/build/create3_teleop', 'catkin_cmake_args': None, 'catkin_skip_building_tests': False, 'cmake_args': None, 'cmake_clean_cache': False, 'cmake_clean_first': False, 'cmake_force_configure': False, 'cmake_target': None, 'cmake_target_skip_unavailable': False, 'install_base': '/home/locobot/locobot_ws/install/create3_teleop', 'merge_install': False, 'path': '/home/locobot/locobot_ws/src/create3_examples/create3_teleop', 'symlink_install': False, 'test_result_base': None}
[0.550s] Level 5:colcon.colcon_core.verb:set package 'locobot_move' build argument 'cmake_args' from command line to 'None'
[0.550s] Level 5:colcon.colcon_core.verb:set package 'locobot_move' build argument 'cmake_target' from command line to 'None'
[0.550s] Level 5:colcon.colcon_core.verb:set package 'locobot_move' build argument 'cmake_target_skip_unavailable' from command line to 'False'
[0.550s] Level 5:colcon.colcon_core.verb:set package 'locobot_move' build argument 'cmake_clean_cache' from command line to 'False'
[0.550s] Level 5:colcon.colcon_core.verb:set package 'locobot_move' build argument 'cmake_clean_first' from command line to 'False'
[0.550s] Level 5:colcon.colcon_core.verb:set package 'locobot_move' build argument 'cmake_force_configure' from command line to 'False'
[0.550s] Level 5:colcon.colcon_core.verb:set package 'locobot_move' build argument 'ament_cmake_args' from command line to 'None'
[0.550s] Level 5:colcon.colcon_core.verb:set package 'locobot_move' build argument 'catkin_cmake_args' from command line to 'None'
[0.550s] Level 5:colcon.colcon_core.verb:set package 'locobot_move' build argument 'catkin_skip_building_tests' from command line to 'False'
[0.550s] DEBUG:colcon.colcon_core.verb:Building package 'locobot_move' with the following arguments: {'ament_cmake_args': None, 'build_base': '/home/locobot/locobot_ws/build/locobot_move', 'catkin_cmake_args': None, 'catkin_skip_building_tests': False, 'cmake_args': None, 'cmake_clean_cache': False, 'cmake_clean_first': False, 'cmake_force_configure': False, 'cmake_target': None, 'cmake_target_skip_unavailable': False, 'install_base': '/home/locobot/locobot_ws/install/locobot_move', 'merge_install': False, 'path': '/home/locobot/locobot_ws/src/locobot_move', 'symlink_install': False, 'test_result_base': None}
[0.550s] Level 5:colcon.colcon_core.verb:set package 'create3_coverage' build argument 'cmake_args' from command line to 'None'
[0.550s] Level 5:colcon.colcon_core.verb:set package 'create3_coverage' build argument 'cmake_target' from command line to 'None'
[0.550s] Level 5:colcon.colcon_core.verb:set package 'create3_coverage' build argument 'cmake_target_skip_unavailable' from command line to 'False'
[0.550s] Level 5:colcon.colcon_core.verb:set package 'create3_coverage' build argument 'cmake_clean_cache' from command line to 'False'
[0.550s] Level 5:colcon.colcon_core.verb:set package 'create3_coverage' build argument 'cmake_clean_first' from command line to 'False'
[0.550s] Level 5:colcon.colcon_core.verb:set package 'create3_coverage' build argument 'cmake_force_configure' from command line to 'False'
[0.550s] Level 5:colcon.colcon_core.verb:set package 'create3_coverage' build argument 'ament_cmake_args' from command line to 'None'
[0.550s] Level 5:colcon.colcon_core.verb:set package 'create3_coverage' build argument 'catkin_cmake_args' from command line to 'None'
[0.550s] Level 5:colcon.colcon_core.verb:set package 'create3_coverage' build argument 'catkin_skip_building_tests' from command line to 'False'
[0.550s] DEBUG:colcon.colcon_core.verb:Building package 'create3_coverage' with the following arguments: {'ament_cmake_args': None, 'build_base': '/home/locobot/locobot_ws/build/create3_coverage', 'catkin_cmake_args': None, 'catkin_skip_building_tests': False, 'cmake_args': None, 'cmake_clean_cache': False, 'cmake_clean_first': False, 'cmake_force_configure': False, 'cmake_target': None, 'cmake_target_skip_unavailable': False, 'install_base': '/home/locobot/locobot_ws/install/create3_coverage', 'merge_install': False, 'path': '/home/locobot/locobot_ws/src/create3_examples/create3_coverage', 'symlink_install': False, 'test_result_base': None}
[0.550s] INFO:colcon.colcon_core.executor:Executing jobs using 'parallel' executor
[0.551s] DEBUG:colcon.colcon_parallel_executor.executor.parallel:run_until_complete
[0.552s] INFO:colcon.colcon_ros.task.ament_cmake.build:Building ROS package in '/home/locobot/locobot_ws/src/create3_examples/create3_examples_msgs' with build type 'ament_cmake'
[0.552s] INFO:colcon.colcon_cmake.task.cmake.build:Building CMake package in '/home/locobot/locobot_ws/src/create3_examples/create3_examples_msgs'
[0.556s] INFO:colcon.colcon_core.plugin_system:Skipping extension 'colcon_core.shell.bat': Not used on non-Windows systems
[0.556s] INFO:colcon.colcon_core.shell:Skip shell extension 'powershell' for command environment: Not usable outside of PowerShell
[0.556s] DEBUG:colcon.colcon_core.shell:Skip shell extension 'dsv' for command environment
[0.562s] INFO:colcon.colcon_ros.task.ament_python.build:Building ROS package in '/home/locobot/locobot_ws/src/create3_examples/create3_examples_py' with build type 'ament_python'
[0.562s] Level 1:colcon.colcon_core.shell:create_environment_hook('create3_examples_py', 'ament_prefix_path')
[0.562s] INFO:colcon.colcon_core.shell:Creating environment hook '/home/locobot/locobot_ws/install/create3_examples_py/share/create3_examples_py/hook/ament_prefix_path.ps1'
[0.564s] INFO:colcon.colcon_core.shell:Creating environment descriptor '/home/locobot/locobot_ws/install/create3_examples_py/share/create3_examples_py/hook/ament_prefix_path.dsv'
[0.564s] INFO:colcon.colcon_core.shell:Creating environment hook '/home/locobot/locobot_ws/install/create3_examples_py/share/create3_examples_py/hook/ament_prefix_path.sh'
[0.565s] INFO:colcon.colcon_core.shell:Skip shell extension 'powershell' for command environment: Not usable outside of PowerShell
[0.565s] DEBUG:colcon.colcon_core.shell:Skip shell extension 'dsv' for command environment
[0.570s] INFO:colcon.colcon_ros.task.ament_cmake.build:Building ROS package in '/home/locobot/locobot_ws/src/create3_examples/create3_lidar_slam' with build type 'ament_cmake'
[0.570s] INFO:colcon.colcon_cmake.task.cmake.build:Building CMake package in '/home/locobot/locobot_ws/src/create3_examples/create3_lidar_slam'
[0.570s] INFO:colcon.colcon_core.shell:Skip shell extension 'powershell' for command environment: Not usable outside of PowerShell
[0.570s] DEBUG:colcon.colcon_core.shell:Skip shell extension 'dsv' for command environment
[0.576s] INFO:colcon.colcon_ros.task.ament_cmake.build:Building ROS package in '/home/locobot/locobot_ws/src/create3_examples/create3_republisher' with build type 'ament_cmake'
[0.576s] INFO:colcon.colcon_cmake.task.cmake.build:Building CMake package in '/home/locobot/locobot_ws/src/create3_examples/create3_republisher'
[0.577s] INFO:colcon.colcon_core.shell:Skip shell extension 'powershell' for command environment: Not usable outside of PowerShell
[0.577s] DEBUG:colcon.colcon_core.shell:Skip shell extension 'dsv' for command environment
[0.587s] DEBUG:colcon.colcon_core.event_handler.log_command:Invoking command in '/home/locobot/locobot_ws/build/create3_examples_msgs': CMAKE_PREFIX_PATH=${CMAKE_PREFIX_PATH}:/home/locobot/interbotix_ws/install/interbotix_xs_modules:/home/locobot/interbotix_ws/install/interbotix_perception_modules:/home/locobot/interbotix_ws/install/interbotix_common_modules:/opt/ros/humble /usr/bin/cmake --build /home/locobot/locobot_ws/build/create3_examples_msgs -- -j4 -l4
[0.951s] INFO:colcon.colcon_core.task.python.build:Building Python package in '/home/locobot/locobot_ws/src/create3_examples/create3_examples_py'
[0.952s] INFO:colcon.colcon_core.shell:Skip shell extension 'powershell' for command environment: Not usable outside of PowerShell
[0.952s] DEBUG:colcon.colcon_core.shell:Skip shell extension 'dsv' for command environment
[0.962s] DEBUG:colcon.colcon_core.event_handler.log_command:Invoking command in '/home/locobot/locobot_ws/build/create3_lidar_slam': CMAKE_PREFIX_PATH=${CMAKE_PREFIX_PATH}:/home/locobot/interbotix_ws/install/interbotix_xs_modules:/home/locobot/interbotix_ws/install/interbotix_perception_modules:/home/locobot/interbotix_ws/install/interbotix_common_modules:/opt/ros/humble /usr/bin/cmake --build /home/locobot/locobot_ws/build/create3_lidar_slam -- -j4 -l4
[0.969s] DEBUG:colcon.colcon_core.event_handler.log_command:Invoking command in '/home/locobot/locobot_ws/build/create3_republisher': CMAKE_PREFIX_PATH=${CMAKE_PREFIX_PATH}:/home/locobot/interbotix_ws/install/interbotix_xs_modules:/home/locobot/interbotix_ws/install/interbotix_perception_modules:/home/locobot/interbotix_ws/install/interbotix_common_modules:/opt/ros/humble /usr/bin/cmake --build /home/locobot/locobot_ws/build/create3_republisher -- -j4 -l4
[1.010s] DEBUG:colcon.colcon_core.event_handler.log_command:Invoked command in '/home/locobot/locobot_ws/build/create3_lidar_slam' returned '0': CMAKE_PREFIX_PATH=${CMAKE_PREFIX_PATH}:/home/locobot/interbotix_ws/install/interbotix_xs_modules:/home/locobot/interbotix_ws/install/interbotix_perception_modules:/home/locobot/interbotix_ws/install/interbotix_common_modules:/opt/ros/humble /usr/bin/cmake --build /home/locobot/locobot_ws/build/create3_lidar_slam -- -j4 -l4
[1.051s] DEBUG:colcon.colcon_core.event_handler.log_command:Invoking command in '/home/locobot/locobot_ws/build/create3_lidar_slam': CMAKE_PREFIX_PATH=${CMAKE_PREFIX_PATH}:/home/locobot/interbotix_ws/install/interbotix_xs_modules:/home/locobot/interbotix_ws/install/interbotix_perception_modules:/home/locobot/interbotix_ws/install/interbotix_common_modules:/opt/ros/humble /usr/bin/cmake --install /home/locobot/locobot_ws/build/create3_lidar_slam
[1.069s] Level 1:colcon.colcon_core.environment:create_environment_scripts_only(create3_lidar_slam)
[1.070s] DEBUG:colcon.colcon_core.event_handler.log_command:Invoked command in '/home/locobot/locobot_ws/build/create3_lidar_slam' returned '0': CMAKE_PREFIX_PATH=${CMAKE_PREFIX_PATH}:/home/locobot/interbotix_ws/install/interbotix_xs_modules:/home/locobot/interbotix_ws/install/interbotix_perception_modules:/home/locobot/interbotix_ws/install/interbotix_common_modules:/opt/ros/humble /usr/bin/cmake --install /home/locobot/locobot_ws/build/create3_lidar_slam
[1.076s] Level 1:colcon.colcon_core.environment:checking '/home/locobot/locobot_ws/install/create3_lidar_slam' for CMake module files
[1.076s] Level 1:colcon.colcon_core.environment:checking '/home/locobot/locobot_ws/install/create3_lidar_slam' for CMake config files
[1.077s] Level 1:colcon.colcon_core.shell:create_environment_hook('create3_lidar_slam', 'cmake_prefix_path')
[1.077s] INFO:colcon.colcon_core.shell:Creating environment hook '/home/locobot/locobot_ws/install/create3_lidar_slam/share/create3_lidar_slam/hook/cmake_prefix_path.ps1'
[1.078s] INFO:colcon.colcon_core.shell:Creating environment descriptor '/home/locobot/locobot_ws/install/create3_lidar_slam/share/create3_lidar_slam/hook/cmake_prefix_path.dsv'
[1.078s] INFO:colcon.colcon_core.shell:Creating environment hook '/home/locobot/locobot_ws/install/create3_lidar_slam/share/create3_lidar_slam/hook/cmake_prefix_path.sh'
[1.079s] Level 1:colcon.colcon_core.environment:checking '/home/locobot/locobot_ws/install/create3_lidar_slam/bin'
[1.079s] Level 1:colcon.colcon_core.environment:checking '/home/locobot/locobot_ws/install/create3_lidar_slam/lib/pkgconfig/create3_lidar_slam.pc'
[1.079s] Level 1:colcon.colcon_core.environment:checking '/home/locobot/locobot_ws/install/create3_lidar_slam/lib/python3.10/site-packages'
[1.080s] Level 1:colcon.colcon_core.environment:checking '/home/locobot/locobot_ws/install/create3_lidar_slam/bin'
[1.080s] INFO:colcon.colcon_core.shell:Creating package script '/home/locobot/locobot_ws/install/create3_lidar_slam/share/create3_lidar_slam/package.ps1'
[1.081s] INFO:colcon.colcon_core.shell:Creating package descriptor '/home/locobot/locobot_ws/install/create3_lidar_slam/share/create3_lidar_slam/package.dsv'
[1.082s] INFO:colcon.colcon_core.shell:Creating package script '/home/locobot/locobot_ws/install/create3_lidar_slam/share/create3_lidar_slam/package.sh'
[1.083s] INFO:colcon.colcon_core.shell:Creating package script '/home/locobot/locobot_ws/install/create3_lidar_slam/share/create3_lidar_slam/package.bash'
[1.084s] INFO:colcon.colcon_core.shell:Creating package script '/home/locobot/locobot_ws/install/create3_lidar_slam/share/create3_lidar_slam/package.zsh'
[1.084s] Level 1:colcon.colcon_core.environment:create_file_with_runtime_dependencies(/home/locobot/locobot_ws/install/create3_lidar_slam/share/colcon-core/packages/create3_lidar_slam)
[1.087s] DEBUG:colcon.colcon_core.event_handler.log_command:Invoked command in '/home/locobot/locobot_ws/build/create3_republisher' returned '0': CMAKE_PREFIX_PATH=${CMAKE_PREFIX_PATH}:/home/locobot/interbotix_ws/install/interbotix_xs_modules:/home/locobot/interbotix_ws/install/interbotix_perception_modules:/home/locobot/interbotix_ws/install/interbotix_common_modules:/opt/ros/humble /usr/bin/cmake --build /home/locobot/locobot_ws/build/create3_republisher -- -j4 -l4
[1.115s] Level 1:colcon.colcon_core.environment:create_environment_scripts_only(create3_lidar_slam)
[1.115s] Level 1:colcon.colcon_core.environment:checking '/home/locobot/locobot_ws/install/create3_lidar_slam' for CMake module files
[1.116s] Level 1:colcon.colcon_core.environment:checking '/home/locobot/locobot_ws/install/create3_lidar_slam' for CMake config files
[1.116s] Level 1:colcon.colcon_core.shell:create_environment_hook('create3_lidar_slam', 'cmake_prefix_path')
[1.116s] INFO:colcon.colcon_core.shell:Creating environment hook '/home/locobot/locobot_ws/install/create3_lidar_slam/share/create3_lidar_slam/hook/cmake_prefix_path.ps1'
[1.117s] INFO:colcon.colcon_core.shell:Creating environment descriptor '/home/locobot/locobot_ws/install/create3_lidar_slam/share/create3_lidar_slam/hook/cmake_prefix_path.dsv'
[1.117s] INFO:colcon.colcon_core.shell:Creating environment hook '/home/locobot/locobot_ws/install/create3_lidar_slam/share/create3_lidar_slam/hook/cmake_prefix_path.sh'
[1.118s] Level 1:colcon.colcon_core.environment:checking '/home/locobot/locobot_ws/install/create3_lidar_slam/bin'
[1.118s] Level 1:colcon.colcon_core.environment:checking '/home/locobot/locobot_ws/install/create3_lidar_slam/lib/pkgconfig/create3_lidar_slam.pc'
[1.118s] Level 1:colcon.colcon_core.environment:checking '/home/locobot/locobot_ws/install/create3_lidar_slam/lib/python3.10/site-packages'
[1.118s] Level 1:colcon.colcon_core.environment:checking '/home/locobot/locobot_ws/install/create3_lidar_slam/bin'
[1.119s] INFO:colcon.colcon_core.shell:Creating package script '/home/locobot/locobot_ws/install/create3_lidar_slam/share/create3_lidar_slam/package.ps1'
[1.120s] INFO:colcon.colcon_core.shell:Creating package descriptor '/home/locobot/locobot_ws/install/create3_lidar_slam/share/create3_lidar_slam/package.dsv'
[1.120s] INFO:colcon.colcon_core.shell:Creating package script '/home/locobot/locobot_ws/install/create3_lidar_slam/share/create3_lidar_slam/package.sh'
[1.121s] INFO:colcon.colcon_core.shell:Creating package script '/home/locobot/locobot_ws/install/create3_lidar_slam/share/create3_lidar_slam/package.bash'
[1.122s] INFO:colcon.colcon_core.shell:Creating package script '/home/locobot/locobot_ws/install/create3_lidar_slam/share/create3_lidar_slam/package.zsh'
[1.123s] Level 1:colcon.colcon_core.environment:create_file_with_runtime_dependencies(/home/locobot/locobot_ws/install/create3_lidar_slam/share/colcon-core/packages/create3_lidar_slam)
[1.123s] INFO:colcon.colcon_ros.task.ament_python.build:Building ROS package in '/home/locobot/locobot_ws/src/create3_examples/create3_teleop' with build type 'ament_python'
[1.124s] Level 1:colcon.colcon_core.shell:create_environment_hook('create3_teleop', 'ament_prefix_path')
[1.124s] INFO:colcon.colcon_core.shell:Creating environment hook '/home/locobot/locobot_ws/install/create3_teleop/share/create3_teleop/hook/ament_prefix_path.ps1'
[1.125s] INFO:colcon.colcon_core.shell:Creating environment descriptor '/home/locobot/locobot_ws/install/create3_teleop/share/create3_teleop/hook/ament_prefix_path.dsv'
[1.125s] INFO:colcon.colcon_core.shell:Creating environment hook '/home/locobot/locobot_ws/install/create3_teleop/share/create3_teleop/hook/ament_prefix_path.sh'
[1.127s] INFO:colcon.colcon_core.shell:Skip shell extension 'powershell' for command environment: Not usable outside of PowerShell
[1.127s] DEBUG:colcon.colcon_core.shell:Skip shell extension 'dsv' for command environment
[1.135s] DEBUG:colcon.colcon_core.event_handler.log_command:Invoking command in '/home/locobot/locobot_ws/build/create3_republisher': CMAKE_PREFIX_PATH=${CMAKE_PREFIX_PATH}:/home/locobot/interbotix_ws/install/interbotix_xs_modules:/home/locobot/interbotix_ws/install/interbotix_perception_modules:/home/locobot/interbotix_ws/install/interbotix_common_modules:/opt/ros/humble /usr/bin/cmake --install /home/locobot/locobot_ws/build/create3_republisher
[1.394s] INFO:colcon.colcon_core.task.python.build:Building Python package in '/home/locobot/locobot_ws/src/create3_examples/create3_teleop'
[1.395s] INFO:colcon.colcon_core.shell:Skip shell extension 'powershell' for command environment: Not usable outside of PowerShell
[1.395s] DEBUG:colcon.colcon_core.shell:Skip shell extension 'dsv' for command environment
[1.403s] DEBUG:colcon.colcon_core.event_handler.log_command:Invoked command in '/home/locobot/locobot_ws/build/create3_examples_msgs' returned '0': CMAKE_PREFIX_PATH=${CMAKE_PREFIX_PATH}:/home/locobot/interbotix_ws/install/interbotix_xs_modules:/home/locobot/interbotix_ws/install/interbotix_perception_modules:/home/locobot/interbotix_ws/install/interbotix_common_modules:/opt/ros/humble /usr/bin/cmake --build /home/locobot/locobot_ws/build/create3_examples_msgs -- -j4 -l4
[1.404s] Level 1:colcon.colcon_core.environment:create_environment_scripts_only(create3_republisher)
[1.404s] Level 1:colcon.colcon_core.environment:checking '/home/locobot/locobot_ws/install/create3_republisher' for CMake module files
[1.405s] DEBUG:colcon.colcon_core.event_handler.log_command:Invoked command in '/home/locobot/locobot_ws/build/create3_republisher' returned '0': CMAKE_PREFIX_PATH=${CMAKE_PREFIX_PATH}:/home/locobot/interbotix_ws/install/interbotix_xs_modules:/home/locobot/interbotix_ws/install/interbotix_perception_modules:/home/locobot/interbotix_ws/install/interbotix_common_modules:/opt/ros/humble /usr/bin/cmake --install /home/locobot/locobot_ws/build/create3_republisher
[1.405s] Level 1:colcon.colcon_core.environment:checking '/home/locobot/locobot_ws/install/create3_republisher' for CMake config files
[1.406s] Level 1:colcon.colcon_core.shell:create_environment_hook('create3_republisher', 'cmake_prefix_path')
[1.406s] INFO:colcon.colcon_core.shell:Creating environment hook '/home/locobot/locobot_ws/install/create3_republisher/share/create3_republisher/hook/cmake_prefix_path.ps1'
[1.406s] INFO:colcon.colcon_core.shell:Creating environment descriptor '/home/locobot/locobot_ws/install/create3_republisher/share/create3_republisher/hook/cmake_prefix_path.dsv'
[1.407s] INFO:colcon.colcon_core.shell:Creating environment hook '/home/locobot/locobot_ws/install/create3_republisher/share/create3_republisher/hook/cmake_prefix_path.sh'
[1.408s] Level 1:colcon.colcon_core.environment:checking '/home/locobot/locobot_ws/install/create3_republisher/lib'
[1.408s] Level 1:colcon.colcon_core.environment:checking '/home/locobot/locobot_ws/install/create3_republisher/bin'
[1.408s] Level 1:colcon.colcon_core.environment:checking '/home/locobot/locobot_ws/install/create3_republisher/lib/pkgconfig/create3_republisher.pc'
[1.408s] Level 1:colcon.colcon_core.environment:checking '/home/locobot/locobot_ws/install/create3_republisher/lib/python3.10/site-packages'
[1.409s] Level 1:colcon.colcon_core.environment:checking '/home/locobot/locobot_ws/install/create3_republisher/bin'
[1.409s] INFO:colcon.colcon_core.shell:Creating package script '/home/locobot/locobot_ws/install/create3_republisher/share/create3_republisher/package.ps1'
[1.410s] INFO:colcon.colcon_core.shell:Creating package descriptor '/home/locobot/locobot_ws/install/create3_republisher/share/create3_republisher/package.dsv'
[1.410s] INFO:colcon.colcon_core.shell:Creating package script '/home/locobot/locobot_ws/install/create3_republisher/share/create3_republisher/package.sh'
[1.411s] INFO:colcon.colcon_core.shell:Creating package script '/home/locobot/locobot_ws/install/create3_republisher/share/create3_republisher/package.bash'
[1.411s] INFO:colcon.colcon_core.shell:Creating package script '/home/locobot/locobot_ws/install/create3_republisher/share/create3_republisher/package.zsh'
[1.411s] Level 1:colcon.colcon_core.environment:create_file_with_runtime_dependencies(/home/locobot/locobot_ws/install/create3_republisher/share/colcon-core/packages/create3_republisher)
[1.446s] Level 1:colcon.colcon_core.environment:create_environment_scripts_only(create3_republisher)
[1.446s] Level 1:colcon.colcon_core.environment:checking '/home/locobot/locobot_ws/install/create3_republisher' for CMake module files
[1.447s] Level 1:colcon.colcon_core.environment:checking '/home/locobot/locobot_ws/install/create3_republisher' for CMake config files
[1.447s] Level 1:colcon.colcon_core.shell:create_environment_hook('create3_republisher', 'cmake_prefix_path')
[1.448s] INFO:colcon.colcon_core.shell:Creating environment hook '/home/locobot/locobot_ws/install/create3_republisher/share/create3_republisher/hook/cmake_prefix_path.ps1'
[1.448s] INFO:colcon.colcon_core.shell:Creating environment descriptor '/home/locobot/locobot_ws/install/create3_republisher/share/create3_republisher/hook/cmake_prefix_path.dsv'
[1.449s] INFO:colcon.colcon_core.shell:Creating environment hook '/home/locobot/locobot_ws/install/create3_republisher/share/create3_republisher/hook/cmake_prefix_path.sh'
[1.449s] Level 1:colcon.colcon_core.environment:checking '/home/locobot/locobot_ws/install/create3_republisher/lib'
[1.449s] Level 1:colcon.colcon_core.environment:checking '/home/locobot/locobot_ws/install/create3_republisher/bin'
[1.450s] Level 1:colcon.colcon_core.environment:checking '/home/locobot/locobot_ws/install/create3_republisher/lib/pkgconfig/create3_republisher.pc'
[1.450s] Level 1:colcon.colcon_core.environment:checking '/home/locobot/locobot_ws/install/create3_republisher/lib/python3.10/site-packages'
[1.450s] Level 1:colcon.colcon_core.environment:checking '/home/locobot/locobot_ws/install/create3_republisher/bin'
[1.451s] INFO:colcon.colcon_core.shell:Creating package script '/home/locobot/locobot_ws/install/create3_republisher/share/create3_republisher/package.ps1'
[1.451s] INFO:colcon.colcon_core.shell:Creating package descriptor '/home/locobot/locobot_ws/install/create3_republisher/share/create3_republisher/package.dsv'
[1.452s] INFO:colcon.colcon_core.shell:Creating package script '/home/locobot/locobot_ws/install/create3_republisher/share/create3_republisher/package.sh'
[1.453s] INFO:colcon.colcon_core.shell:Creating package script '/home/locobot/locobot_ws/install/create3_republisher/share/create3_republisher/package.bash'
[1.453s] INFO:colcon.colcon_core.shell:Creating package script '/home/locobot/locobot_ws/install/create3_republisher/share/create3_republisher/package.zsh'
[1.454s] Level 1:colcon.colcon_core.environment:create_file_with_runtime_dependencies(/home/locobot/locobot_ws/install/create3_republisher/share/colcon-core/packages/create3_republisher)
[1.455s] INFO:colcon.colcon_ros.task.ament_python.build:Building ROS package in '/home/locobot/locobot_ws/src/locobot_move' with build type 'ament_python'
[1.456s] Level 1:colcon.colcon_core.shell:create_environment_hook('locobot_move', 'ament_prefix_path')
[1.456s] INFO:colcon.colcon_core.shell:Creating environment hook '/home/locobot/locobot_ws/install/locobot_move/share/locobot_move/hook/ament_prefix_path.ps1'
[1.457s] INFO:colcon.colcon_core.shell:Creating environment descriptor '/home/locobot/locobot_ws/install/locobot_move/share/locobot_move/hook/ament_prefix_path.dsv'
[1.458s] INFO:colcon.colcon_core.shell:Creating environment hook '/home/locobot/locobot_ws/install/locobot_move/share/locobot_move/hook/ament_prefix_path.sh'
[1.458s] INFO:colcon.colcon_core.shell:Skip shell extension 'powershell' for command environment: Not usable outside of PowerShell
[1.458s] DEBUG:colcon.colcon_core.shell:Skip shell extension 'dsv' for command environment
[1.858s] INFO:colcon.colcon_core.task.python.build:Building Python package in '/home/locobot/locobot_ws/src/locobot_move'
[1.858s] INFO:colcon.colcon_core.shell:Skip shell extension 'powershell' for command environment: Not usable outside of PowerShell
[1.858s] DEBUG:colcon.colcon_core.shell:Skip shell extension 'dsv' for command environment
[1.866s] DEBUG:colcon.colcon_core.event_handler.log_command:Invoking command in '/home/locobot/locobot_ws/build/create3_examples_msgs': CMAKE_PREFIX_PATH=${CMAKE_PREFIX_PATH}:/home/locobot/interbotix_ws/install/interbotix_xs_modules:/home/locobot/interbotix_ws/install/interbotix_perception_modules:/home/locobot/interbotix_ws/install/interbotix_common_modules:/opt/ros/humble /usr/bin/cmake --install /home/locobot/locobot_ws/build/create3_examples_msgs
[1.869s] DEBUG:colcon.colcon_core.event_handler.log_command:Invoking command in '/home/locobot/locobot_ws/src/create3_examples/create3_examples_py': PYTHONPATH=/home/locobot/locobot_ws/build/create3_examples_py/prefix_override:/home/locobot/locobot_ws/install/create3_examples_py/lib/python3.10/site-packages:${PYTHONPATH} /usr/bin/python3 -W ignore:setup.py install is deprecated setup.py egg_info --egg-base ../../../build/create3_examples_py build --build-base /home/locobot/locobot_ws/build/create3_examples_py/build install --record /home/locobot/locobot_ws/build/create3_examples_py/install.log --single-version-externally-managed install_data
[1.939s] DEBUG:colcon.colcon_core.event_handler.log_command:Invoking command in '/home/locobot/locobot_ws/src/create3_examples/create3_teleop': PYTHONPATH=/home/locobot/locobot_ws/build/create3_teleop/prefix_override:/home/locobot/locobot_ws/install/create3_teleop/lib/python3.10/site-packages:${PYTHONPATH} /usr/bin/python3 -W ignore:setup.py install is deprecated setup.py egg_info --egg-base ../../../build/create3_teleop build --build-base /home/locobot/locobot_ws/build/create3_teleop/build install --record /home/locobot/locobot_ws/build/create3_teleop/install.log --single-version-externally-managed install_data
[1.984s] Level 1:colcon.colcon_core.environment:create_environment_scripts_only(create3_examples_msgs)
[1.985s] Level 1:colcon.colcon_core.environment:checking '/home/locobot/locobot_ws/install/create3_examples_msgs' for CMake module files
[1.986s] Level 1:colcon.colcon_core.environment:checking '/home/locobot/locobot_ws/install/create3_examples_msgs' for CMake config files
[1.986s] Level 1:colcon.colcon_core.shell:create_environment_hook('create3_examples_msgs', 'cmake_prefix_path')
[1.986s] INFO:colcon.colcon_core.shell:Creating environment hook '/home/locobot/locobot_ws/install/create3_examples_msgs/share/create3_examples_msgs/hook/cmake_prefix_path.ps1'
[1.987s] INFO:colcon.colcon_core.shell:Creating environment descriptor '/home/locobot/locobot_ws/install/create3_examples_msgs/share/create3_examples_msgs/hook/cmake_prefix_path.dsv'
[1.988s] INFO:colcon.colcon_core.shell:Creating environment hook '/home/locobot/locobot_ws/install/create3_examples_msgs/share/create3_examples_msgs/hook/cmake_prefix_path.sh'
[1.988s] Level 1:colcon.colcon_core.environment:checking '/home/locobot/locobot_ws/install/create3_examples_msgs/lib'
[1.989s] Level 1:colcon.colcon_core.shell:create_environment_hook('create3_examples_msgs', 'ld_library_path_lib')
[1.989s] INFO:colcon.colcon_core.shell:Creating environment hook '/home/locobot/locobot_ws/install/create3_examples_msgs/share/create3_examples_msgs/hook/ld_library_path_lib.ps1'
[1.989s] INFO:colcon.colcon_core.shell:Creating environment descriptor '/home/locobot/locobot_ws/install/create3_examples_msgs/share/create3_examples_msgs/hook/ld_library_path_lib.dsv'
[1.990s] INFO:colcon.colcon_core.shell:Creating environment hook '/home/locobot/locobot_ws/install/create3_examples_msgs/share/create3_examples_msgs/hook/ld_library_path_lib.sh'
[1.990s] Level 1:colcon.colcon_core.environment:checking '/home/locobot/locobot_ws/install/create3_examples_msgs/bin'
[1.990s] Level 1:colcon.colcon_core.environment:checking '/home/locobot/locobot_ws/install/create3_examples_msgs/lib/pkgconfig/create3_examples_msgs.pc'
[1.991s] Level 1:colcon.colcon_core.environment:checking '/home/locobot/locobot_ws/install/create3_examples_msgs/lib/python3.10/site-packages'
[1.991s] Level 1:colcon.colcon_core.environment:checking '/home/locobot/locobot_ws/install/create3_examples_msgs/bin'
[1.992s] INFO:colcon.colcon_core.shell:Creating package script '/home/locobot/locobot_ws/install/create3_examples_msgs/share/create3_examples_msgs/package.ps1'
[1.992s] INFO:colcon.colcon_core.shell:Creating package descriptor '/home/locobot/locobot_ws/install/create3_examples_msgs/share/create3_examples_msgs/package.dsv'
[1.993s] INFO:colcon.colcon_core.shell:Creating package script '/home/locobot/locobot_ws/install/create3_examples_msgs/share/create3_examples_msgs/package.sh'
[1.993s] INFO:colcon.colcon_core.shell:Creating package script '/home/locobot/locobot_ws/install/create3_examples_msgs/share/create3_examples_msgs/package.bash'
[1.994s] INFO:colcon.colcon_core.shell:Creating package script '/home/locobot/locobot_ws/install/create3_examples_msgs/share/create3_examples_msgs/package.zsh'
[1.994s] Level 1:colcon.colcon_core.environment:create_file_with_runtime_dependencies(/home/locobot/locobot_ws/install/create3_examples_msgs/share/colcon-core/packages/create3_examples_msgs)
[1.995s] DEBUG:colcon.colcon_core.event_handler.log_command:Invoked command in '/home/locobot/locobot_ws/build/create3_examples_msgs' returned '0': CMAKE_PREFIX_PATH=${CMAKE_PREFIX_PATH}:/home/locobot/interbotix_ws/install/interbotix_xs_modules:/home/locobot/interbotix_ws/install/interbotix_perception_modules:/home/locobot/interbotix_ws/install/interbotix_common_modules:/opt/ros/humble /usr/bin/cmake --install /home/locobot/locobot_ws/build/create3_examples_msgs
[2.087s] Level 1:colcon.colcon_core.environment:create_environment_scripts_only(create3_examples_msgs)
[2.087s] Level 1:colcon.colcon_core.environment:checking '/home/locobot/locobot_ws/install/create3_examples_msgs' for CMake module files
[2.088s] Level 1:colcon.colcon_core.environment:checking '/home/locobot/locobot_ws/install/create3_examples_msgs' for CMake config files
[2.088s] Level 1:colcon.colcon_core.shell:create_environment_hook('create3_examples_msgs', 'cmake_prefix_path')
[2.089s] INFO:colcon.colcon_core.shell:Creating environment hook '/home/locobot/locobot_ws/install/create3_examples_msgs/share/create3_examples_msgs/hook/cmake_prefix_path.ps1'
[2.090s] INFO:colcon.colcon_core.shell:Creating environment descriptor '/home/locobot/locobot_ws/install/create3_examples_msgs/share/create3_examples_msgs/hook/cmake_prefix_path.dsv'
[2.090s] INFO:colcon.colcon_core.shell:Creating environment hook '/home/locobot/locobot_ws/install/create3_examples_msgs/share/create3_examples_msgs/hook/cmake_prefix_path.sh'
[2.091s] Level 1:colcon.colcon_core.environment:checking '/home/locobot/locobot_ws/install/create3_examples_msgs/lib'
[2.091s] Level 1:colcon.colcon_core.shell:create_environment_hook('create3_examples_msgs', 'ld_library_path_lib')
[2.091s] INFO:colcon.colcon_core.shell:Creating environment hook '/home/locobot/locobot_ws/install/create3_examples_msgs/share/create3_examples_msgs/hook/ld_library_path_lib.ps1'
[2.092s] INFO:colcon.colcon_core.shell:Creating environment descriptor '/home/locobot/locobot_ws/install/create3_examples_msgs/share/create3_examples_msgs/hook/ld_library_path_lib.dsv'
[2.092s] INFO:colcon.colcon_core.shell:Creating environment hook '/home/locobot/locobot_ws/install/create3_examples_msgs/share/create3_examples_msgs/hook/ld_library_path_lib.sh'
[2.093s] Level 1:colcon.colcon_core.environment:checking '/home/locobot/locobot_ws/install/create3_examples_msgs/bin'
[2.093s] Level 1:colcon.colcon_core.environment:checking '/home/locobot/locobot_ws/install/create3_examples_msgs/lib/pkgconfig/create3_examples_msgs.pc'
[2.093s] Level 1:colcon.colcon_core.environment:checking '/home/locobot/locobot_ws/install/create3_examples_msgs/lib/python3.10/site-packages'
[2.093s] Level 1:colcon.colcon_core.environment:checking '/home/locobot/locobot_ws/install/create3_examples_msgs/bin'
[2.094s] INFO:colcon.colcon_core.shell:Creating package script '/home/locobot/locobot_ws/install/create3_examples_msgs/share/create3_examples_msgs/package.ps1'
[2.095s] INFO:colcon.colcon_core.shell:Creating package descriptor '/home/locobot/locobot_ws/install/create3_examples_msgs/share/create3_examples_msgs/package.dsv'
[2.095s] INFO:colcon.colcon_core.shell:Creating package script '/home/locobot/locobot_ws/install/create3_examples_msgs/share/create3_examples_msgs/package.sh'
[2.096s] INFO:colcon.colcon_core.shell:Creating package script '/home/locobot/locobot_ws/install/create3_examples_msgs/share/create3_examples_msgs/package.bash'
[2.097s] INFO:colcon.colcon_core.shell:Creating package script '/home/locobot/locobot_ws/install/create3_examples_msgs/share/create3_examples_msgs/package.zsh'
[2.097s] Level 1:colcon.colcon_core.environment:create_file_with_runtime_dependencies(/home/locobot/locobot_ws/install/create3_examples_msgs/share/colcon-core/packages/create3_examples_msgs)
[2.098s] INFO:colcon.colcon_ros.task.ament_cmake.build:Building ROS package in '/home/locobot/locobot_ws/src/create3_examples/create3_coverage' with build type 'ament_cmake'
[2.099s] INFO:colcon.colcon_cmake.task.cmake.build:Building CMake package in '/home/locobot/locobot_ws/src/create3_examples/create3_coverage'
[2.099s] INFO:colcon.colcon_core.shell:Skip shell extension 'powershell' for command environment: Not usable outside of PowerShell
[2.099s] DEBUG:colcon.colcon_core.shell:Skip shell extension 'dsv' for command environment
[2.122s] DEBUG:colcon.colcon_core.event_handler.log_command:Invoking command in '/home/locobot/locobot_ws/build/create3_coverage': AMENT_PREFIX_PATH=/home/locobot/locobot_ws/install/create3_examples_msgs:${AMENT_PREFIX_PATH} CMAKE_PREFIX_PATH=/home/locobot/locobot_ws/install/create3_examples_msgs:/home/locobot/apriltag_ws/install/apriltag_ros:/home/locobot/interbotix_ws/install/interbotix_xslocobot_moveit:/home/locobot/interbotix_ws/install/interbotix_xslocobot_ros_control:/home/locobot/interbotix_ws/install/interbotix_xslocobot_nav:/home/locobot/interbotix_ws/install/interbotix_xslocobot_joy:/home/locobot/interbotix_ws/install/interbotix_xslocobot_control:/home/locobot/interbotix_ws/install/sllidar_ros2:/home/locobot/interbotix_ws/install/interbotix_ros_xsarms_examples:/home/locobot/interbotix_ws/install/interbotix_xsarm_moveit_interface:/home/locobot/interbotix_ws/install/interbotix_moveit_interface:/home/locobot/interbotix_ws/install/moveit_visual_tools:/home/locobot/interbotix_ws/install/irobot_create_ignition_sim:/home/locobot/interbotix_ws/install/irobot_create_ignition_bringup:/home/locobot/interbotix_ws/install/irobot_create_gazebo_sim:/home/locobot/interbotix_ws/install/irobot_create_gazebo_bringup:/home/locobot/interbotix_ws/install/irobot_create_common_bringup:/home/locobot/interbotix_ws/install/irobot_create_nodes:/home/locobot/interbotix_ws/install/irobot_create_ignition_toolbox:/home/locobot/interbotix_ws/install/irobot_create_gazebo_plugins:/home/locobot/interbotix_ws/install/irobot_create_toolbox:/home/locobot/interbotix_ws/install/irobot_create_ignition_plugins:/home/locobot/interbotix_ws/install/irobot_create_description:/home/locobot/interbotix_ws/install/irobot_create_control:/home/locobot/interbotix_ws/install/interbotix_xslocobot_sim:/home/locobot/interbotix_ws/install/interbotix_xslocobot_descriptions:/home/locobot/interbotix_ws/install/interbotix_ros_xsarms:/home/locobot/interbotix_ws/install/interbotix_xsarm_moveit:/home/locobot/interbotix_ws/install/interbotix_xsarm_sim:/home/locobot/interbotix_ws/install/interbotix_xsarm_ros_control:/home/locobot/interbotix_ws/install/interbotix_xsarm_puppet:/home/locobot/interbotix_ws/install/interbotix_xsarm_perception:/home/locobot/interbotix_ws/install/interbotix_xsarm_joy:/home/locobot/interbotix_ws/install/interbotix_xsarm_dual:/home/locobot/interbotix_ws/install/interbotix_xsarm_control:/home/locobot/interbotix_ws/install/interbotix_xsarm_descriptions:/home/locobot/interbotix_ws/install/interbotix_xs_toolbox:/home/locobot/interbotix_ws/install/interbotix_xs_rviz:/home/locobot/interbotix_ws/install/interbotix_ros_xseries:/home/locobot/interbotix_ws/install/interbotix_xs_sdk:/home/locobot/interbotix_ws/install/interbotix_xs_ros_control:/home/locobot/interbotix_ws/install/interbotix_perception_toolbox:/home/locobot/interbotix_ws/install/interbotix_perception_pipelines:/home/locobot/interbotix_ws/install/interbotix_xs_msgs:/home/locobot/interbotix_ws/install/interbotix_xs_driver:/home/locobot/interbotix_ws/install/interbotix_tf_tools:/home/locobot/interbotix_ws/install/interbotix_perception_msgs:/home/locobot/interbotix_ws/install/interbotix_moveit_interface_msgs:/home/locobot/interbotix_ws/install/interbotix_common_toolbox:/home/locobot/interbotix_ws/install/interbotix_common_sim:/home/locobot/interbotix_ws/install/dynamixel_workbench_toolbox:/home/locobot/interbotix_ws/install/interbotix_xs_modules:/home/locobot/interbotix_ws/install/interbotix_perception_modules:/home/locobot/interbotix_ws/install/interbotix_common_modules:/opt/ros/humble LD_LIBRARY_PATH=/home/locobot/locobot_ws/install/create3_examples_msgs/lib:${LD_LIBRARY_PATH} PYTHONPATH=/home/locobot/locobot_ws/install/create3_examples_msgs/local/lib/python3.10/dist-packages:${PYTHONPATH} /usr/bin/cmake --build /home/locobot/locobot_ws/build/create3_coverage -- -j4 -l4
[2.296s] DEBUG:colcon.colcon_core.event_handler.log_command:Invoked command in '/home/locobot/locobot_ws/build/create3_coverage' returned '0': AMENT_PREFIX_PATH=/home/locobot/locobot_ws/install/create3_examples_msgs:${AMENT_PREFIX_PATH} CMAKE_PREFIX_PATH=/home/locobot/locobot_ws/install/create3_examples_msgs:/home/locobot/apriltag_ws/install/apriltag_ros:/home/locobot/interbotix_ws/install/interbotix_xslocobot_moveit:/home/locobot/interbotix_ws/install/interbotix_xslocobot_ros_control:/home/locobot/interbotix_ws/install/interbotix_xslocobot_nav:/home/locobot/interbotix_ws/install/interbotix_xslocobot_joy:/home/locobot/interbotix_ws/install/interbotix_xslocobot_control:/home/locobot/interbotix_ws/install/sllidar_ros2:/home/locobot/interbotix_ws/install/interbotix_ros_xsarms_examples:/home/locobot/interbotix_ws/install/interbotix_xsarm_moveit_interface:/home/locobot/interbotix_ws/install/interbotix_moveit_interface:/home/locobot/interbotix_ws/install/moveit_visual_tools:/home/locobot/interbotix_ws/install/irobot_create_ignition_sim:/home/locobot/interbotix_ws/install/irobot_create_ignition_bringup:/home/locobot/interbotix_ws/install/irobot_create_gazebo_sim:/home/locobot/interbotix_ws/install/irobot_create_gazebo_bringup:/home/locobot/interbotix_ws/install/irobot_create_common_bringup:/home/locobot/interbotix_ws/install/irobot_create_nodes:/home/locobot/interbotix_ws/install/irobot_create_ignition_toolbox:/home/locobot/interbotix_ws/install/irobot_create_gazebo_plugins:/home/locobot/interbotix_ws/install/irobot_create_toolbox:/home/locobot/interbotix_ws/install/irobot_create_ignition_plugins:/home/locobot/interbotix_ws/install/irobot_create_description:/home/locobot/interbotix_ws/install/irobot_create_control:/home/locobot/interbotix_ws/install/interbotix_xslocobot_sim:/home/locobot/interbotix_ws/install/interbotix_xslocobot_descriptions:/home/locobot/interbotix_ws/install/interbotix_ros_xsarms:/home/locobot/interbotix_ws/install/interbotix_xsarm_moveit:/home/locobot/interbotix_ws/install/interbotix_xsarm_sim:/home/locobot/interbotix_ws/install/interbotix_xsarm_ros_control:/home/locobot/interbotix_ws/install/interbotix_xsarm_puppet:/home/locobot/interbotix_ws/install/interbotix_xsarm_perception:/home/locobot/interbotix_ws/install/interbotix_xsarm_joy:/home/locobot/interbotix_ws/install/interbotix_xsarm_dual:/home/locobot/interbotix_ws/install/interbotix_xsarm_control:/home/locobot/interbotix_ws/install/interbotix_xsarm_descriptions:/home/locobot/interbotix_ws/install/interbotix_xs_toolbox:/home/locobot/interbotix_ws/install/interbotix_xs_rviz:/home/locobot/interbotix_ws/install/interbotix_ros_xseries:/home/locobot/interbotix_ws/install/interbotix_xs_sdk:/home/locobot/interbotix_ws/install/interbotix_xs_ros_control:/home/locobot/interbotix_ws/install/interbotix_perception_toolbox:/home/locobot/interbotix_ws/install/interbotix_perception_pipelines:/home/locobot/interbotix_ws/install/interbotix_xs_msgs:/home/locobot/interbotix_ws/install/interbotix_xs_driver:/home/locobot/interbotix_ws/install/interbotix_tf_tools:/home/locobot/interbotix_ws/install/interbotix_perception_msgs:/home/locobot/interbotix_ws/install/interbotix_moveit_interface_msgs:/home/locobot/interbotix_ws/install/interbotix_common_toolbox:/home/locobot/interbotix_ws/install/interbotix_common_sim:/home/locobot/interbotix_ws/install/dynamixel_workbench_toolbox:/home/locobot/interbotix_ws/install/interbotix_xs_modules:/home/locobot/interbotix_ws/install/interbotix_perception_modules:/home/locobot/interbotix_ws/install/interbotix_common_modules:/opt/ros/humble LD_LIBRARY_PATH=/home/locobot/locobot_ws/install/create3_examples_msgs/lib:${LD_LIBRARY_PATH} PYTHONPATH=/home/locobot/locobot_ws/install/create3_examples_msgs/local/lib/python3.10/dist-packages:${PYTHONPATH} /usr/bin/cmake --build /home/locobot/locobot_ws/build/create3_coverage -- -j4 -l4
[2.344s] Level 1:colcon.colcon_core.environment:checking '/home/locobot/locobot_ws/install/create3_examples_py' for CMake module files
[2.345s] Level 1:colcon.colcon_core.environment:checking '/home/locobot/locobot_ws/install/create3_examples_py' for CMake config files
[2.345s] DEBUG:colcon.colcon_core.event_handler.log_command:Invoked command in '/home/locobot/locobot_ws/src/create3_examples/create3_examples_py' returned '0': PYTHONPATH=/home/locobot/locobot_ws/build/create3_examples_py/prefix_override:/home/locobot/locobot_ws/install/create3_examples_py/lib/python3.10/site-packages:${PYTHONPATH} /usr/bin/python3 -W ignore:setup.py install is deprecated setup.py egg_info --egg-base ../../../build/create3_examples_py build --build-base /home/locobot/locobot_ws/build/create3_examples_py/build install --record /home/locobot/locobot_ws/build/create3_examples_py/install.log --single-version-externally-managed install_data
[2.346s] Level 1:colcon.colcon_core.environment:checking '/home/locobot/locobot_ws/install/create3_examples_py/lib'
[2.346s] Level 1:colcon.colcon_core.environment:checking '/home/locobot/locobot_ws/install/create3_examples_py/bin'
[2.346s] Level 1:colcon.colcon_core.environment:checking '/home/locobot/locobot_ws/install/create3_examples_py/lib/pkgconfig/create3_examples_py.pc'
[2.347s] Level 1:colcon.colcon_core.environment:checking '/home/locobot/locobot_ws/install/create3_examples_py/lib/python3.10/site-packages'
[2.347s] Level 1:colcon.colcon_core.shell:create_environment_hook('create3_examples_py', 'pythonpath')
[2.347s] INFO:colcon.colcon_core.shell:Creating environment hook '/home/locobot/locobot_ws/install/create3_examples_py/share/create3_examples_py/hook/pythonpath.ps1'
[2.348s] INFO:colcon.colcon_core.shell:Creating environment descriptor '/home/locobot/locobot_ws/install/create3_examples_py/share/create3_examples_py/hook/pythonpath.dsv'
[2.348s] INFO:colcon.colcon_core.shell:Creating environment hook '/home/locobot/locobot_ws/install/create3_examples_py/share/create3_examples_py/hook/pythonpath.sh'
[2.349s] Level 1:colcon.colcon_core.environment:checking '/home/locobot/locobot_ws/install/create3_examples_py/bin'
[2.349s] Level 1:colcon.colcon_core.environment:create_environment_scripts_only(create3_examples_py)
[2.350s] INFO:colcon.colcon_core.shell:Creating package script '/home/locobot/locobot_ws/install/create3_examples_py/share/create3_examples_py/package.ps1'
[2.350s] INFO:colcon.colcon_core.shell:Creating package descriptor '/home/locobot/locobot_ws/install/create3_examples_py/share/create3_examples_py/package.dsv'
[2.351s] INFO:colcon.colcon_core.shell:Creating package script '/home/locobot/locobot_ws/install/create3_examples_py/share/create3_examples_py/package.sh'
[2.351s] INFO:colcon.colcon_core.shell:Creating package script '/home/locobot/locobot_ws/install/create3_examples_py/share/create3_examples_py/package.bash'
[2.352s] INFO:colcon.colcon_core.shell:Creating package script '/home/locobot/locobot_ws/install/create3_examples_py/share/create3_examples_py/package.zsh'
[2.352s] Level 1:colcon.colcon_core.environment:create_file_with_runtime_dependencies(/home/locobot/locobot_ws/install/create3_examples_py/share/colcon-core/packages/create3_examples_py)
[2.374s] DEBUG:colcon.colcon_core.event_handler.log_command:Invoking command in '/home/locobot/locobot_ws/build/create3_coverage': AMENT_PREFIX_PATH=/home/locobot/locobot_ws/install/create3_examples_msgs:${AMENT_PREFIX_PATH} CMAKE_PREFIX_PATH=/home/locobot/locobot_ws/install/create3_examples_msgs:/home/locobot/apriltag_ws/install/apriltag_ros:/home/locobot/interbotix_ws/install/interbotix_xslocobot_moveit:/home/locobot/interbotix_ws/install/interbotix_xslocobot_ros_control:/home/locobot/interbotix_ws/install/interbotix_xslocobot_nav:/home/locobot/interbotix_ws/install/interbotix_xslocobot_joy:/home/locobot/interbotix_ws/install/interbotix_xslocobot_control:/home/locobot/interbotix_ws/install/sllidar_ros2:/home/locobot/interbotix_ws/install/interbotix_ros_xsarms_examples:/home/locobot/interbotix_ws/install/interbotix_xsarm_moveit_interface:/home/locobot/interbotix_ws/install/interbotix_moveit_interface:/home/locobot/interbotix_ws/install/moveit_visual_tools:/home/locobot/interbotix_ws/install/irobot_create_ignition_sim:/home/locobot/interbotix_ws/install/irobot_create_ignition_bringup:/home/locobot/interbotix_ws/install/irobot_create_gazebo_sim:/home/locobot/interbotix_ws/install/irobot_create_gazebo_bringup:/home/locobot/interbotix_ws/install/irobot_create_common_bringup:/home/locobot/interbotix_ws/install/irobot_create_nodes:/home/locobot/interbotix_ws/install/irobot_create_ignition_toolbox:/home/locobot/interbotix_ws/install/irobot_create_gazebo_plugins:/home/locobot/interbotix_ws/install/irobot_create_toolbox:/home/locobot/interbotix_ws/install/irobot_create_ignition_plugins:/home/locobot/interbotix_ws/install/irobot_create_description:/home/locobot/interbotix_ws/install/irobot_create_control:/home/locobot/interbotix_ws/install/interbotix_xslocobot_sim:/home/locobot/interbotix_ws/install/interbotix_xslocobot_descriptions:/home/locobot/interbotix_ws/install/interbotix_ros_xsarms:/home/locobot/interbotix_ws/install/interbotix_xsarm_moveit:/home/locobot/interbotix_ws/install/interbotix_xsarm_sim:/home/locobot/interbotix_ws/install/interbotix_xsarm_ros_control:/home/locobot/interbotix_ws/install/interbotix_xsarm_puppet:/home/locobot/interbotix_ws/install/interbotix_xsarm_perception:/home/locobot/interbotix_ws/install/interbotix_xsarm_joy:/home/locobot/interbotix_ws/install/interbotix_xsarm_dual:/home/locobot/interbotix_ws/install/interbotix_xsarm_control:/home/locobot/interbotix_ws/install/interbotix_xsarm_descriptions:/home/locobot/interbotix_ws/install/interbotix_xs_toolbox:/home/locobot/interbotix_ws/install/interbotix_xs_rviz:/home/locobot/interbotix_ws/install/interbotix_ros_xseries:/home/locobot/interbotix_ws/install/interbotix_xs_sdk:/home/locobot/interbotix_ws/install/interbotix_xs_ros_control:/home/locobot/interbotix_ws/install/interbotix_perception_toolbox:/home/locobot/interbotix_ws/install/interbotix_perception_pipelines:/home/locobot/interbotix_ws/install/interbotix_xs_msgs:/home/locobot/interbotix_ws/install/interbotix_xs_driver:/home/locobot/interbotix_ws/install/interbotix_tf_tools:/home/locobot/interbotix_ws/install/interbotix_perception_msgs:/home/locobot/interbotix_ws/install/interbotix_moveit_interface_msgs:/home/locobot/interbotix_ws/install/interbotix_common_toolbox:/home/locobot/interbotix_ws/install/interbotix_common_sim:/home/locobot/interbotix_ws/install/dynamixel_workbench_toolbox:/home/locobot/interbotix_ws/install/interbotix_xs_modules:/home/locobot/interbotix_ws/install/interbotix_perception_modules:/home/locobot/interbotix_ws/install/interbotix_common_modules:/opt/ros/humble LD_LIBRARY_PATH=/home/locobot/locobot_ws/install/create3_examples_msgs/lib:${LD_LIBRARY_PATH} PYTHONPATH=/home/locobot/locobot_ws/install/create3_examples_msgs/local/lib/python3.10/dist-packages:${PYTHONPATH} /usr/bin/cmake --install /home/locobot/locobot_ws/build/create3_coverage
[2.393s] Level 1:colcon.colcon_core.environment:create_environment_scripts_only(create3_coverage)
[2.393s] Level 1:colcon.colcon_core.environment:checking '/home/locobot/locobot_ws/install/create3_coverage' for CMake module files
[2.394s] Level 1:colcon.colcon_core.environment:checking '/home/locobot/locobot_ws/install/create3_coverage' for CMake config files
[2.395s] Level 1:colcon.colcon_core.shell:create_environment_hook('create3_coverage', 'cmake_prefix_path')
[2.395s] INFO:colcon.colcon_core.shell:Creating environment hook '/home/locobot/locobot_ws/install/create3_coverage/share/create3_coverage/hook/cmake_prefix_path.ps1'
[2.396s] DEBUG:colcon.colcon_core.event_handler.log_command:Invoked command in '/home/locobot/locobot_ws/build/create3_coverage' returned '0': AMENT_PREFIX_PATH=/home/locobot/locobot_ws/install/create3_examples_msgs:${AMENT_PREFIX_PATH} CMAKE_PREFIX_PATH=/home/locobot/locobot_ws/install/create3_examples_msgs:/home/locobot/apriltag_ws/install/apriltag_ros:/home/locobot/interbotix_ws/install/interbotix_xslocobot_moveit:/home/locobot/interbotix_ws/install/interbotix_xslocobot_ros_control:/home/locobot/interbotix_ws/install/interbotix_xslocobot_nav:/home/locobot/interbotix_ws/install/interbotix_xslocobot_joy:/home/locobot/interbotix_ws/install/interbotix_xslocobot_control:/home/locobot/interbotix_ws/install/sllidar_ros2:/home/locobot/interbotix_ws/install/interbotix_ros_xsarms_examples:/home/locobot/interbotix_ws/install/interbotix_xsarm_moveit_interface:/home/locobot/interbotix_ws/install/interbotix_moveit_interface:/home/locobot/interbotix_ws/install/moveit_visual_tools:/home/locobot/interbotix_ws/install/irobot_create_ignition_sim:/home/locobot/interbotix_ws/install/irobot_create_ignition_bringup:/home/locobot/interbotix_ws/install/irobot_create_gazebo_sim:/home/locobot/interbotix_ws/install/irobot_create_gazebo_bringup:/home/locobot/interbotix_ws/install/irobot_create_common_bringup:/home/locobot/interbotix_ws/install/irobot_create_nodes:/home/locobot/interbotix_ws/install/irobot_create_ignition_toolbox:/home/locobot/interbotix_ws/install/irobot_create_gazebo_plugins:/home/locobot/interbotix_ws/install/irobot_create_toolbox:/home/locobot/interbotix_ws/install/irobot_create_ignition_plugins:/home/locobot/interbotix_ws/install/irobot_create_description:/home/locobot/interbotix_ws/install/irobot_create_control:/home/locobot/interbotix_ws/install/interbotix_xslocobot_sim:/home/locobot/interbotix_ws/install/interbotix_xslocobot_descriptions:/home/locobot/interbotix_ws/install/interbotix_ros_xsarms:/home/locobot/interbotix_ws/install/interbotix_xsarm_moveit:/home/locobot/interbotix_ws/install/interbotix_xsarm_sim:/home/locobot/interbotix_ws/install/interbotix_xsarm_ros_control:/home/locobot/interbotix_ws/install/interbotix_xsarm_puppet:/home/locobot/interbotix_ws/install/interbotix_xsarm_perception:/home/locobot/interbotix_ws/install/interbotix_xsarm_joy:/home/locobot/interbotix_ws/install/interbotix_xsarm_dual:/home/locobot/interbotix_ws/install/interbotix_xsarm_control:/home/locobot/interbotix_ws/install/interbotix_xsarm_descriptions:/home/locobot/interbotix_ws/install/interbotix_xs_toolbox:/home/locobot/interbotix_ws/install/interbotix_xs_rviz:/home/locobot/interbotix_ws/install/interbotix_ros_xseries:/home/locobot/interbotix_ws/install/interbotix_xs_sdk:/home/locobot/interbotix_ws/install/interbotix_xs_ros_control:/home/locobot/interbotix_ws/install/interbotix_perception_toolbox:/home/locobot/interbotix_ws/install/interbotix_perception_pipelines:/home/locobot/interbotix_ws/install/interbotix_xs_msgs:/home/locobot/interbotix_ws/install/interbotix_xs_driver:/home/locobot/interbotix_ws/install/interbotix_tf_tools:/home/locobot/interbotix_ws/install/interbotix_perception_msgs:/home/locobot/interbotix_ws/install/interbotix_moveit_interface_msgs:/home/locobot/interbotix_ws/install/interbotix_common_toolbox:/home/locobot/interbotix_ws/install/interbotix_common_sim:/home/locobot/interbotix_ws/install/dynamixel_workbench_toolbox:/home/locobot/interbotix_ws/install/interbotix_xs_modules:/home/locobot/interbotix_ws/install/interbotix_perception_modules:/home/locobot/interbotix_ws/install/interbotix_common_modules:/opt/ros/humble LD_LIBRARY_PATH=/home/locobot/locobot_ws/install/create3_examples_msgs/lib:${LD_LIBRARY_PATH} PYTHONPATH=/home/locobot/locobot_ws/install/create3_examples_msgs/local/lib/python3.10/dist-packages:${PYTHONPATH} /usr/bin/cmake --install /home/locobot/locobot_ws/build/create3_coverage
[2.396s] INFO:colcon.colcon_core.shell:Creating environment descriptor '/home/locobot/locobot_ws/install/create3_coverage/share/create3_coverage/hook/cmake_prefix_path.dsv'
[2.397s] INFO:colcon.colcon_core.shell:Creating environment hook '/home/locobot/locobot_ws/install/create3_coverage/share/create3_coverage/hook/cmake_prefix_path.sh'
[2.398s] Level 1:colcon.colcon_core.environment:checking '/home/locobot/locobot_ws/install/create3_coverage/lib'
[2.398s] Level 1:colcon.colcon_core.shell:create_environment_hook('create3_coverage', 'ld_library_path_lib')
[2.398s] INFO:colcon.colcon_core.shell:Creating environment hook '/home/locobot/locobot_ws/install/create3_coverage/share/create3_coverage/hook/ld_library_path_lib.ps1'
[2.399s] INFO:colcon.colcon_core.shell:Creating environment descriptor '/home/locobot/locobot_ws/install/create3_coverage/share/create3_coverage/hook/ld_library_path_lib.dsv'
[2.399s] INFO:colcon.colcon_core.shell:Creating environment hook '/home/locobot/locobot_ws/install/create3_coverage/share/create3_coverage/hook/ld_library_path_lib.sh'
[2.400s] Level 1:colcon.colcon_core.environment:checking '/home/locobot/locobot_ws/install/create3_coverage/bin'
[2.400s] Level 1:colcon.colcon_core.environment:checking '/home/locobot/locobot_ws/install/create3_coverage/lib/pkgconfig/create3_coverage.pc'
[2.400s] Level 1:colcon.colcon_core.environment:checking '/home/locobot/locobot_ws/install/create3_coverage/lib/python3.10/site-packages'
[2.401s] Level 1:colcon.colcon_core.environment:checking '/home/locobot/locobot_ws/install/create3_coverage/bin'
[2.401s] INFO:colcon.colcon_core.shell:Creating package script '/home/locobot/locobot_ws/install/create3_coverage/share/create3_coverage/package.ps1'
[2.402s] INFO:colcon.colcon_core.shell:Creating package descriptor '/home/locobot/locobot_ws/install/create3_coverage/share/create3_coverage/package.dsv'
[2.403s] INFO:colcon.colcon_core.shell:Creating package script '/home/locobot/locobot_ws/install/create3_coverage/share/create3_coverage/package.sh'
[2.404s] INFO:colcon.colcon_core.shell:Creating package script '/home/locobot/locobot_ws/install/create3_coverage/share/create3_coverage/package.bash'
[2.404s] INFO:colcon.colcon_core.shell:Creating package script '/home/locobot/locobot_ws/install/create3_coverage/share/create3_coverage/package.zsh'
[2.405s] Level 1:colcon.colcon_core.environment:create_file_with_runtime_dependencies(/home/locobot/locobot_ws/install/create3_coverage/share/colcon-core/packages/create3_coverage)
[2.410s] Level 1:colcon.colcon_core.environment:checking '/home/locobot/locobot_ws/install/create3_teleop' for CMake module files
[2.410s] DEBUG:colcon.colcon_core.event_handler.log_command:Invoked command in '/home/locobot/locobot_ws/src/create3_examples/create3_teleop' returned '0': PYTHONPATH=/home/locobot/locobot_ws/build/create3_teleop/prefix_override:/home/locobot/locobot_ws/install/create3_teleop/lib/python3.10/site-packages:${PYTHONPATH} /usr/bin/python3 -W ignore:setup.py install is deprecated setup.py egg_info --egg-base ../../../build/create3_teleop build --build-base /home/locobot/locobot_ws/build/create3_teleop/build install --record /home/locobot/locobot_ws/build/create3_teleop/install.log --single-version-externally-managed install_data
[2.411s] Level 1:colcon.colcon_core.environment:checking '/home/locobot/locobot_ws/install/create3_teleop' for CMake config files
[2.412s] Level 1:colcon.colcon_core.environment:checking '/home/locobot/locobot_ws/install/create3_teleop/lib'
[2.412s] Level 1:colcon.colcon_core.environment:checking '/home/locobot/locobot_ws/install/create3_teleop/bin'
[2.412s] Level 1:colcon.colcon_core.environment:checking '/home/locobot/locobot_ws/install/create3_teleop/lib/pkgconfig/create3_teleop.pc'
[2.413s] Level 1:colcon.colcon_core.environment:checking '/home/locobot/locobot_ws/install/create3_teleop/lib/python3.10/site-packages'
[2.413s] Level 1:colcon.colcon_core.shell:create_environment_hook('create3_teleop', 'pythonpath')
[2.413s] INFO:colcon.colcon_core.shell:Creating environment hook '/home/locobot/locobot_ws/install/create3_teleop/share/create3_teleop/hook/pythonpath.ps1'
[2.414s] INFO:colcon.colcon_core.shell:Creating environment descriptor '/home/locobot/locobot_ws/install/create3_teleop/share/create3_teleop/hook/pythonpath.dsv'
[2.414s] INFO:colcon.colcon_core.shell:Creating environment hook '/home/locobot/locobot_ws/install/create3_teleop/share/create3_teleop/hook/pythonpath.sh'
[2.415s] Level 1:colcon.colcon_core.environment:checking '/home/locobot/locobot_ws/install/create3_teleop/bin'
[2.415s] Level 1:colcon.colcon_core.environment:create_environment_scripts_only(create3_teleop)
[2.416s] INFO:colcon.colcon_core.shell:Creating package script '/home/locobot/locobot_ws/install/create3_teleop/share/create3_teleop/package.ps1'
[2.416s] INFO:colcon.colcon_core.shell:Creating package descriptor '/home/locobot/locobot_ws/install/create3_teleop/share/create3_teleop/package.dsv'
[2.417s] INFO:colcon.colcon_core.shell:Creating package script '/home/locobot/locobot_ws/install/create3_teleop/share/create3_teleop/package.sh'
[2.418s] INFO:colcon.colcon_core.shell:Creating package script '/home/locobot/locobot_ws/install/create3_teleop/share/create3_teleop/package.bash'
[2.418s] INFO:colcon.colcon_core.shell:Creating package script '/home/locobot/locobot_ws/install/create3_teleop/share/create3_teleop/package.zsh'
[2.418s] Level 1:colcon.colcon_core.environment:create_file_with_runtime_dependencies(/home/locobot/locobot_ws/install/create3_teleop/share/colcon-core/packages/create3_teleop)
[2.422s] DEBUG:colcon.colcon_core.event_handler.log_command:Invoking command in '/home/locobot/locobot_ws/src/locobot_move': PYTHONPATH=/home/locobot/locobot_ws/build/locobot_move/prefix_override:/home/locobot/locobot_ws/install/locobot_move/lib/python3.10/site-packages:${PYTHONPATH} /usr/bin/python3 -W ignore:setup.py install is deprecated setup.py egg_info --egg-base ../../build/locobot_move build --build-base /home/locobot/locobot_ws/build/locobot_move/build install --record /home/locobot/locobot_ws/build/locobot_move/install.log --single-version-externally-managed install_data
[2.455s] Level 1:colcon.colcon_core.environment:create_environment_scripts_only(create3_coverage)
[2.455s] Level 1:colcon.colcon_core.environment:checking '/home/locobot/locobot_ws/install/create3_coverage' for CMake module files
[2.456s] Level 1:colcon.colcon_core.environment:checking '/home/locobot/locobot_ws/install/create3_coverage' for CMake config files
[2.456s] Level 1:colcon.colcon_core.shell:create_environment_hook('create3_coverage', 'cmake_prefix_path')
[2.457s] INFO:colcon.colcon_core.shell:Creating environment hook '/home/locobot/locobot_ws/install/create3_coverage/share/create3_coverage/hook/cmake_prefix_path.ps1'
[2.457s] INFO:colcon.colcon_core.shell:Creating environment descriptor '/home/locobot/locobot_ws/install/create3_coverage/share/create3_coverage/hook/cmake_prefix_path.dsv'
[2.458s] INFO:colcon.colcon_core.shell:Creating environment hook '/home/locobot/locobot_ws/install/create3_coverage/share/create3_coverage/hook/cmake_prefix_path.sh'
[2.458s] Level 1:colcon.colcon_core.environment:checking '/home/locobot/locobot_ws/install/create3_coverage/lib'
[2.458s] Level 1:colcon.colcon_core.shell:create_environment_hook('create3_coverage', 'ld_library_path_lib')
[2.459s] INFO:colcon.colcon_core.shell:Creating environment hook '/home/locobot/locobot_ws/install/create3_coverage/share/create3_coverage/hook/ld_library_path_lib.ps1'
[2.459s] INFO:colcon.colcon_core.shell:Creating environment descriptor '/home/locobot/locobot_ws/install/create3_coverage/share/create3_coverage/hook/ld_library_path_lib.dsv'
[2.459s] INFO:colcon.colcon_core.shell:Creating environment hook '/home/locobot/locobot_ws/install/create3_coverage/share/create3_coverage/hook/ld_library_path_lib.sh'
[2.460s] Level 1:colcon.colcon_core.environment:checking '/home/locobot/locobot_ws/install/create3_coverage/bin'
[2.460s] Level 1:colcon.colcon_core.environment:checking '/home/locobot/locobot_ws/install/create3_coverage/lib/pkgconfig/create3_coverage.pc'
[2.460s] Level 1:colcon.colcon_core.environment:checking '/home/locobot/locobot_ws/install/create3_coverage/lib/python3.10/site-packages'
[2.461s] Level 1:colcon.colcon_core.environment:checking '/home/locobot/locobot_ws/install/create3_coverage/bin'
[2.461s] INFO:colcon.colcon_core.shell:Creating package script '/home/locobot/locobot_ws/install/create3_coverage/share/create3_coverage/package.ps1'
[2.462s] INFO:colcon.colcon_core.shell:Creating package descriptor '/home/locobot/locobot_ws/install/create3_coverage/share/create3_coverage/package.dsv'
[2.462s] INFO:colcon.colcon_core.shell:Creating package script '/home/locobot/locobot_ws/install/create3_coverage/share/create3_coverage/package.sh'
[2.463s] INFO:colcon.colcon_core.shell:Creating package script '/home/locobot/locobot_ws/install/create3_coverage/share/create3_coverage/package.bash'
[2.464s] INFO:colcon.colcon_core.shell:Creating package script '/home/locobot/locobot_ws/install/create3_coverage/share/create3_coverage/package.zsh'
[2.464s] Level 1:colcon.colcon_core.environment:create_file_with_runtime_dependencies(/home/locobot/locobot_ws/install/create3_coverage/share/colcon-core/packages/create3_coverage)
[2.707s] Level 1:colcon.colcon_core.environment:checking '/home/locobot/locobot_ws/install/locobot_move' for CMake module files
[2.708s] DEBUG:colcon.colcon_core.event_handler.log_command:Invoked command in '/home/locobot/locobot_ws/src/locobot_move' returned '0': PYTHONPATH=/home/locobot/locobot_ws/build/locobot_move/prefix_override:/home/locobot/locobot_ws/install/locobot_move/lib/python3.10/site-packages:${PYTHONPATH} /usr/bin/python3 -W ignore:setup.py install is deprecated setup.py egg_info --egg-base ../../build/locobot_move build --build-base /home/locobot/locobot_ws/build/locobot_move/build install --record /home/locobot/locobot_ws/build/locobot_move/install.log --single-version-externally-managed install_data
[2.708s] Level 1:colcon.colcon_core.environment:checking '/home/locobot/locobot_ws/install/locobot_move' for CMake config files
[2.708s] Level 1:colcon.colcon_core.environment:checking '/home/locobot/locobot_ws/install/locobot_move/lib'
[2.709s] Level 1:colcon.colcon_core.environment:checking '/home/locobot/locobot_ws/install/locobot_move/bin'
[2.709s] Level 1:colcon.colcon_core.environment:checking '/home/locobot/locobot_ws/install/locobot_move/lib/pkgconfig/locobot_move.pc'
[2.709s] Level 1:colcon.colcon_core.environment:checking '/home/locobot/locobot_ws/install/locobot_move/lib/python3.10/site-packages'
[2.709s] Level 1:colcon.colcon_core.shell:create_environment_hook('locobot_move', 'pythonpath')
[2.709s] INFO:colcon.colcon_core.shell:Creating environment hook '/home/locobot/locobot_ws/install/locobot_move/share/locobot_move/hook/pythonpath.ps1'
[2.710s] INFO:colcon.colcon_core.shell:Creating environment descriptor '/home/locobot/locobot_ws/install/locobot_move/share/locobot_move/hook/pythonpath.dsv'
[2.710s] INFO:colcon.colcon_core.shell:Creating environment hook '/home/locobot/locobot_ws/install/locobot_move/share/locobot_move/hook/pythonpath.sh'
[2.710s] Level 1:colcon.colcon_core.environment:checking '/home/locobot/locobot_ws/install/locobot_move/bin'
[2.710s] Level 1:colcon.colcon_core.environment:create_environment_scripts_only(locobot_move)
[2.711s] INFO:colcon.colcon_core.shell:Creating package script '/home/locobot/locobot_ws/install/locobot_move/share/locobot_move/package.ps1'
[2.711s] INFO:colcon.colcon_core.shell:Creating package descriptor '/home/locobot/locobot_ws/install/locobot_move/share/locobot_move/package.dsv'
[2.711s] INFO:colcon.colcon_core.shell:Creating package script '/home/locobot/locobot_ws/install/locobot_move/share/locobot_move/package.sh'
[2.712s] INFO:colcon.colcon_core.shell:Creating package script '/home/locobot/locobot_ws/install/locobot_move/share/locobot_move/package.bash'
[2.712s] INFO:colcon.colcon_core.shell:Creating package script '/home/locobot/locobot_ws/install/locobot_move/share/locobot_move/package.zsh'
[2.712s] Level 1:colcon.colcon_core.environment:create_file_with_runtime_dependencies(/home/locobot/locobot_ws/install/locobot_move/share/colcon-core/packages/locobot_move)
[2.712s] DEBUG:colcon.colcon_parallel_executor.executor.parallel:closing loop
[2.713s] DEBUG:colcon.colcon_parallel_executor.executor.parallel:loop closed
[2.713s] DEBUG:colcon.colcon_parallel_executor.executor.parallel:run_until_complete finished with '0'
[2.713s] DEBUG:colcon.colcon_core.event_reactor:joining thread
[2.719s] INFO:colcon.colcon_core.plugin_system:Skipping extension 'colcon_notification.desktop_notification.terminal_notifier': Not used on non-Darwin systems
[2.719s] INFO:colcon.colcon_core.plugin_system:Skipping extension 'colcon_notification.desktop_notification.win32': Not used on non-Windows systems
[2.719s] INFO:colcon.colcon_notification.desktop_notification:Sending desktop notification using 'notify2'
[2.729s] DEBUG:colcon.colcon_core.event_reactor:joined thread
[2.730s] INFO:colcon.colcon_core.shell:Creating prefix script '/home/locobot/locobot_ws/install/local_setup.ps1'
[2.731s] INFO:colcon.colcon_core.shell:Creating prefix util module '/home/locobot/locobot_ws/install/_local_setup_util_ps1.py'
[2.732s] INFO:colcon.colcon_core.shell:Creating prefix chain script '/home/locobot/locobot_ws/install/setup.ps1'
[2.735s] INFO:colcon.colcon_core.shell:Creating prefix script '/home/locobot/locobot_ws/install/local_setup.sh'
[2.735s] INFO:colcon.colcon_core.shell:Creating prefix util module '/home/locobot/locobot_ws/install/_local_setup_util_sh.py'
[2.735s] INFO:colcon.colcon_core.shell:Creating prefix chain script '/home/locobot/locobot_ws/install/setup.sh'
[2.738s] INFO:colcon.colcon_core.shell:Creating prefix script '/home/locobot/locobot_ws/install/local_setup.bash'
[2.739s] INFO:colcon.colcon_core.shell:Creating prefix chain script '/home/locobot/locobot_ws/install/setup.bash'
[2.741s] INFO:colcon.colcon_core.shell:Creating prefix script '/home/locobot/locobot_ws/install/local_setup.zsh'
[2.742s] INFO:colcon.colcon_core.shell:Creating prefix chain script '/home/locobot/locobot_ws/install/setup.zsh'
