[1.604s] Invoking command in '/home/locobot/locobot_ws/src/yolov8_ros/yolov8_ros': PYTHONPATH=/home/locobot/locobot_ws/build/yolov8_ros/prefix_override:/home/locobot/locobot_ws/install/yolov8_ros/lib/python3.10/site-packages:${PYTHONPATH} /usr/bin/python3 -W ignore:setup.py install is deprecated setup.py egg_info --egg-base ../../../build/yolov8_ros build --build-base /home/locobot/locobot_ws/build/yolov8_ros/build install --record /home/locobot/locobot_ws/build/yolov8_ros/install.log --single-version-externally-managed install_data
[2.190s] running egg_info
[2.191s] writing ../../../build/yolov8_ros/yolov8_ros.egg-info/PKG-INFO
[2.192s] writing dependency_links to ../../../build/yolov8_ros/yolov8_ros.egg-info/dependency_links.txt
[2.192s] writing entry points to ../../../build/yolov8_ros/yolov8_ros.egg-info/entry_points.txt
[2.192s] writing requirements to ../../../build/yolov8_ros/yolov8_ros.egg-info/requires.txt
[2.192s] writing top-level names to ../../../build/yolov8_ros/yolov8_ros.egg-info/top_level.txt
[2.196s] reading manifest file '../../../build/yolov8_ros/yolov8_ros.egg-info/SOURCES.txt'
[2.198s] writing manifest file '../../../build/yolov8_ros/yolov8_ros.egg-info/SOURCES.txt'
[2.201s] running build
[2.201s] running build_py
[2.201s] running install
[2.201s] running install_lib
[2.203s] running install_data
[2.203s] running install_egg_info
[2.206s] removing '/home/locobot/locobot_ws/install/yolov8_ros/lib/python3.10/site-packages/yolov8_ros-0.0.0-py3.10.egg-info' (and everything under it)
[2.207s] Copying ../../../build/yolov8_ros/yolov8_ros.egg-info to /home/locobot/locobot_ws/install/yolov8_ros/lib/python3.10/site-packages/yolov8_ros-0.0.0-py3.10.egg-info
[2.208s] running install_scripts
[2.244s] Installing debug_node script to /home/locobot/locobot_ws/install/yolov8_ros/lib/yolov8_ros
[2.245s] Installing detect_3d_node script to /home/locobot/locobot_ws/install/yolov8_ros/lib/yolov8_ros
[2.245s] Installing tracking_node script to /home/locobot/locobot_ws/install/yolov8_ros/lib/yolov8_ros
[2.245s] Installing yolov8_node script to /home/locobot/locobot_ws/install/yolov8_ros/lib/yolov8_ros
[2.245s] writing list of installed files to '/home/locobot/locobot_ws/build/yolov8_ros/install.log'
[2.353s] Invoked command in '/home/locobot/locobot_ws/src/yolov8_ros/yolov8_ros' returned '0': PYTHONPATH=/home/locobot/locobot_ws/build/yolov8_ros/prefix_override:/home/locobot/locobot_ws/install/yolov8_ros/lib/python3.10/site-packages:${PYTHONPATH} /usr/bin/python3 -W ignore:setup.py install is deprecated setup.py egg_info --egg-base ../../../build/yolov8_ros build --build-base /home/locobot/locobot_ws/build/yolov8_ros/build install --record /home/locobot/locobot_ws/build/yolov8_ros/install.log --single-version-externally-managed install_data
