[0.046s] Invoking command in '/home/locobot/locobot_ws/build/realsense2_camera_msgs': CMAKE_PREFIX_PATH=${CMAKE_PREFIX_PATH}:/home/locobot/locobot_ws/install/yolov8_ros:/home/locobot/locobot_ws/install/detection:/home/locobot/locobot_ws/install/yolov5_ros:/home/locobot/locobot_ws/install/locobot_move:/home/locobot/locobot_ws/install/create3_teleop:/home/locobot/locobot_ws/install/create3_examples_py:/home/locobot/interbotix_ws/install/interbotix_xslocobot_control:/home/locobot/interbotix_ws/install/interbotix_xs_modules:/home/locobot/interbotix_ws/install/interbotix_perception_modules:/home/locobot/interbotix_ws/install/interbotix_common_modules:/opt/ros/humble /usr/bin/cmake --build /home/locobot/locobot_ws/build/realsense2_camera_msgs -- -j4 -l4
[0.228s] [  1%] Built target realsense2_camera_msgs__cpp
[0.302s] [ 12%] Built target realsense2_camera_msgs__rosidl_generator_c
[0.306s] [ 12%] Built target ament_cmake_python_copy_realsense2_camera_msgs
[0.454s] [ 23%] Built target realsense2_camera_msgs__rosidl_typesupport_cpp
[0.476s] [ 34%] Built target realsense2_camera_msgs__rosidl_typesupport_fastrtps_cpp
[0.516s] [ 46%] Built target realsense2_camera_msgs__rosidl_typesupport_introspection_cpp
[0.539s] [ 57%] Built target realsense2_camera_msgs__rosidl_typesupport_fastrtps_c
[0.652s] [ 68%] Built target realsense2_camera_msgs__rosidl_typesupport_c
[0.696s] [ 79%] Built target realsense2_camera_msgs__rosidl_typesupport_introspection_c
[0.868s] [ 79%] Built target realsense2_camera_msgs
[0.998s] [ 80%] Built target realsense2_camera_msgs__py
[1.176s] [ 90%] Built target realsense2_camera_msgs__rosidl_generator_py
[1.355s] [ 93%] Built target realsense2_camera_msgs__rosidl_typesupport_fastrtps_c__pyext
[1.373s] [ 96%] Built target realsense2_camera_msgs__rosidl_typesupport_c__pyext
[1.374s] [100%] Built target realsense2_camera_msgs__rosidl_typesupport_introspection_c__pyext
[1.709s] running egg_info
[1.711s] writing realsense2_camera_msgs.egg-info/PKG-INFO
[1.711s] writing dependency_links to realsense2_camera_msgs.egg-info/dependency_links.txt
[1.712s] writing top-level names to realsense2_camera_msgs.egg-info/top_level.txt
[1.716s] reading manifest file 'realsense2_camera_msgs.egg-info/SOURCES.txt'
[1.718s] writing manifest file 'realsense2_camera_msgs.egg-info/SOURCES.txt'
[1.774s] [100%] Built target ament_cmake_python_build_realsense2_camera_msgs_egg
[1.826s] Invoked command in '/home/locobot/locobot_ws/build/realsense2_camera_msgs' returned '0': CMAKE_PREFIX_PATH=${CMAKE_PREFIX_PATH}:/home/locobot/locobot_ws/install/yolov8_ros:/home/locobot/locobot_ws/install/detection:/home/locobot/locobot_ws/install/yolov5_ros:/home/locobot/locobot_ws/install/locobot_move:/home/locobot/locobot_ws/install/create3_teleop:/home/locobot/locobot_ws/install/create3_examples_py:/home/locobot/interbotix_ws/install/interbotix_xslocobot_control:/home/locobot/interbotix_ws/install/interbotix_xs_modules:/home/locobot/interbotix_ws/install/interbotix_perception_modules:/home/locobot/interbotix_ws/install/interbotix_common_modules:/opt/ros/humble /usr/bin/cmake --build /home/locobot/locobot_ws/build/realsense2_camera_msgs -- -j4 -l4
[2.248s] Invoking command in '/home/locobot/locobot_ws/build/realsense2_camera_msgs': CMAKE_PREFIX_PATH=${CMAKE_PREFIX_PATH}:/home/locobot/locobot_ws/install/yolov8_ros:/home/locobot/locobot_ws/install/detection:/home/locobot/locobot_ws/install/yolov5_ros:/home/locobot/locobot_ws/install/locobot_move:/home/locobot/locobot_ws/install/create3_teleop:/home/locobot/locobot_ws/install/create3_examples_py:/home/locobot/interbotix_ws/install/interbotix_xslocobot_control:/home/locobot/interbotix_ws/install/interbotix_xs_modules:/home/locobot/interbotix_ws/install/interbotix_perception_modules:/home/locobot/interbotix_ws/install/interbotix_common_modules:/opt/ros/humble /usr/bin/cmake --install /home/locobot/locobot_ws/build/realsense2_camera_msgs
[2.265s] -- Install configuration: ""
[2.268s] -- Up-to-date: /home/locobot/locobot_ws/install/realsense2_camera_msgs/share/ament_index/resource_index/rosidl_interfaces/realsense2_camera_msgs
[2.269s] -- Up-to-date: /home/locobot/locobot_ws/install/realsense2_camera_msgs/include/realsense2_camera_msgs/realsense2_camera_msgs
[2.269s] -- Up-to-date: /home/locobot/locobot_ws/install/realsense2_camera_msgs/include/realsense2_camera_msgs/realsense2_camera_msgs/srv
[2.269s] -- Up-to-date: /home/locobot/locobot_ws/install/realsense2_camera_msgs/include/realsense2_camera_msgs/realsense2_camera_msgs/srv/device_info.h
[2.270s] -- Up-to-date: /home/locobot/locobot_ws/install/realsense2_camera_msgs/include/realsense2_camera_msgs/realsense2_camera_msgs/srv/detail
[2.270s] -- Up-to-date: /home/locobot/locobot_ws/install/realsense2_camera_msgs/include/realsense2_camera_msgs/realsense2_camera_msgs/srv/detail/device_info__type_support.h
[2.270s] -- Up-to-date: /home/locobot/locobot_ws/install/realsense2_camera_msgs/include/realsense2_camera_msgs/realsense2_camera_msgs/srv/detail/device_info__struct.h
[2.271s] -- Up-to-date: /home/locobot/locobot_ws/install/realsense2_camera_msgs/include/realsense2_camera_msgs/realsense2_camera_msgs/srv/detail/device_info__functions.c
[2.271s] -- Up-to-date: /home/locobot/locobot_ws/install/realsense2_camera_msgs/include/realsense2_camera_msgs/realsense2_camera_msgs/srv/detail/device_info__functions.h
[2.271s] -- Up-to-date: /home/locobot/locobot_ws/install/realsense2_camera_msgs/include/realsense2_camera_msgs/realsense2_camera_msgs/msg
[2.271s] -- Up-to-date: /home/locobot/locobot_ws/install/realsense2_camera_msgs/include/realsense2_camera_msgs/realsense2_camera_msgs/msg/detail
[2.272s] -- Up-to-date: /home/locobot/locobot_ws/install/realsense2_camera_msgs/include/realsense2_camera_msgs/realsense2_camera_msgs/msg/detail/extrinsics__struct.h
[2.272s] -- Up-to-date: /home/locobot/locobot_ws/install/realsense2_camera_msgs/include/realsense2_camera_msgs/realsense2_camera_msgs/msg/detail/metadata__functions.h
[2.272s] -- Up-to-date: /home/locobot/locobot_ws/install/realsense2_camera_msgs/include/realsense2_camera_msgs/realsense2_camera_msgs/msg/detail/metadata__struct.h
[2.273s] -- Up-to-date: /home/locobot/locobot_ws/install/realsense2_camera_msgs/include/realsense2_camera_msgs/realsense2_camera_msgs/msg/detail/imu_info__functions.h
[2.273s] -- Up-to-date: /home/locobot/locobot_ws/install/realsense2_camera_msgs/include/realsense2_camera_msgs/realsense2_camera_msgs/msg/detail/rgbd__type_support.h
[2.273s] -- Up-to-date: /home/locobot/locobot_ws/install/realsense2_camera_msgs/include/realsense2_camera_msgs/realsense2_camera_msgs/msg/detail/rgbd__functions.h
[2.273s] -- Up-to-date: /home/locobot/locobot_ws/install/realsense2_camera_msgs/include/realsense2_camera_msgs/realsense2_camera_msgs/msg/detail/metadata__functions.c
[2.273s] -- Up-to-date: /home/locobot/locobot_ws/install/realsense2_camera_msgs/include/realsense2_camera_msgs/realsense2_camera_msgs/msg/detail/metadata__type_support.h
[2.274s] -- Up-to-date: /home/locobot/locobot_ws/install/realsense2_camera_msgs/include/realsense2_camera_msgs/realsense2_camera_msgs/msg/detail/rgbd__struct.h
[2.274s] -- Up-to-date: /home/locobot/locobot_ws/install/realsense2_camera_msgs/include/realsense2_camera_msgs/realsense2_camera_msgs/msg/detail/imu_info__functions.c
[2.274s] -- Up-to-date: /home/locobot/locobot_ws/install/realsense2_camera_msgs/include/realsense2_camera_msgs/realsense2_camera_msgs/msg/detail/extrinsics__functions.c
[2.274s] -- Up-to-date: /home/locobot/locobot_ws/install/realsense2_camera_msgs/include/realsense2_camera_msgs/realsense2_camera_msgs/msg/detail/imu_info__type_support.h
[2.275s] -- Up-to-date: /home/locobot/locobot_ws/install/realsense2_camera_msgs/include/realsense2_camera_msgs/realsense2_camera_msgs/msg/detail/rgbd__functions.c
[2.275s] -- Up-to-date: /home/locobot/locobot_ws/install/realsense2_camera_msgs/include/realsense2_camera_msgs/realsense2_camera_msgs/msg/detail/imu_info__struct.h
[2.277s] -- Up-to-date: /home/locobot/locobot_ws/install/realsense2_camera_msgs/include/realsense2_camera_msgs/realsense2_camera_msgs/msg/detail/extrinsics__functions.h
[2.278s] -- Up-to-date: /home/locobot/locobot_ws/install/realsense2_camera_msgs/include/realsense2_camera_msgs/realsense2_camera_msgs/msg/detail/extrinsics__type_support.h
[2.278s] -- Up-to-date: /home/locobot/locobot_ws/install/realsense2_camera_msgs/include/realsense2_camera_msgs/realsense2_camera_msgs/msg/rgbd.h
[2.279s] -- Up-to-date: /home/locobot/locobot_ws/install/realsense2_camera_msgs/include/realsense2_camera_msgs/realsense2_camera_msgs/msg/metadata.h
[2.279s] -- Up-to-date: /home/locobot/locobot_ws/install/realsense2_camera_msgs/include/realsense2_camera_msgs/realsense2_camera_msgs/msg/extrinsics.h
[2.279s] -- Up-to-date: /home/locobot/locobot_ws/install/realsense2_camera_msgs/include/realsense2_camera_msgs/realsense2_camera_msgs/msg/imu_info.h
[2.279s] -- Up-to-date: /home/locobot/locobot_ws/install/realsense2_camera_msgs/include/realsense2_camera_msgs/realsense2_camera_msgs/msg/rosidl_generator_c__visibility_control.h
[2.279s] -- Up-to-date: /home/locobot/locobot_ws/install/realsense2_camera_msgs/share/realsense2_camera_msgs/environment/library_path.sh
[2.279s] -- Up-to-date: /home/locobot/locobot_ws/install/realsense2_camera_msgs/share/realsense2_camera_msgs/environment/library_path.dsv
[2.301s] -- Up-to-date: /home/locobot/locobot_ws/install/realsense2_camera_msgs/lib/librealsense2_camera_msgs__rosidl_generator_c.so
[2.301s] -- Up-to-date: /home/locobot/locobot_ws/install/realsense2_camera_msgs/include/realsense2_camera_msgs/realsense2_camera_msgs
[2.301s] -- Up-to-date: /home/locobot/locobot_ws/install/realsense2_camera_msgs/include/realsense2_camera_msgs/realsense2_camera_msgs/srv
[2.301s] -- Up-to-date: /home/locobot/locobot_ws/install/realsense2_camera_msgs/include/realsense2_camera_msgs/realsense2_camera_msgs/srv/detail
[2.302s] -- Up-to-date: /home/locobot/locobot_ws/install/realsense2_camera_msgs/include/realsense2_camera_msgs/realsense2_camera_msgs/srv/detail/device_info__rosidl_typesupport_fastrtps_c.h
[2.302s] -- Up-to-date: /home/locobot/locobot_ws/install/realsense2_camera_msgs/include/realsense2_camera_msgs/realsense2_camera_msgs/msg
[2.302s] -- Up-to-date: /home/locobot/locobot_ws/install/realsense2_camera_msgs/include/realsense2_camera_msgs/realsense2_camera_msgs/msg/rosidl_typesupport_fastrtps_c__visibility_control.h
[2.302s] -- Up-to-date: /home/locobot/locobot_ws/install/realsense2_camera_msgs/include/realsense2_camera_msgs/realsense2_camera_msgs/msg/detail
[2.302s] -- Up-to-date: /home/locobot/locobot_ws/install/realsense2_camera_msgs/include/realsense2_camera_msgs/realsense2_camera_msgs/msg/detail/metadata__rosidl_typesupport_fastrtps_c.h
[2.302s] -- Up-to-date: /home/locobot/locobot_ws/install/realsense2_camera_msgs/include/realsense2_camera_msgs/realsense2_camera_msgs/msg/detail/imu_info__rosidl_typesupport_fastrtps_c.h
[2.302s] -- Up-to-date: /home/locobot/locobot_ws/install/realsense2_camera_msgs/include/realsense2_camera_msgs/realsense2_camera_msgs/msg/detail/extrinsics__rosidl_typesupport_fastrtps_c.h
[2.303s] -- Up-to-date: /home/locobot/locobot_ws/install/realsense2_camera_msgs/include/realsense2_camera_msgs/realsense2_camera_msgs/msg/detail/rgbd__rosidl_typesupport_fastrtps_c.h
[2.303s] -- Up-to-date: /home/locobot/locobot_ws/install/realsense2_camera_msgs/lib/librealsense2_camera_msgs__rosidl_typesupport_fastrtps_c.so
[2.303s] -- Up-to-date: /home/locobot/locobot_ws/install/realsense2_camera_msgs/include/realsense2_camera_msgs/realsense2_camera_msgs
[2.303s] -- Up-to-date: /home/locobot/locobot_ws/install/realsense2_camera_msgs/include/realsense2_camera_msgs/realsense2_camera_msgs/srv
[2.303s] -- Up-to-date: /home/locobot/locobot_ws/install/realsense2_camera_msgs/include/realsense2_camera_msgs/realsense2_camera_msgs/srv/detail
[2.303s] -- Up-to-date: /home/locobot/locobot_ws/install/realsense2_camera_msgs/include/realsense2_camera_msgs/realsense2_camera_msgs/srv/detail/device_info__rosidl_typesupport_introspection_c.h
[2.303s] -- Up-to-date: /home/locobot/locobot_ws/install/realsense2_camera_msgs/include/realsense2_camera_msgs/realsense2_camera_msgs/srv/detail/device_info__type_support.c
[2.303s] -- Up-to-date: /home/locobot/locobot_ws/install/realsense2_camera_msgs/include/realsense2_camera_msgs/realsense2_camera_msgs/msg
[2.303s] -- Up-to-date: /home/locobot/locobot_ws/install/realsense2_camera_msgs/include/realsense2_camera_msgs/realsense2_camera_msgs/msg/detail
[2.303s] -- Up-to-date: /home/locobot/locobot_ws/install/realsense2_camera_msgs/include/realsense2_camera_msgs/realsense2_camera_msgs/msg/detail/imu_info__rosidl_typesupport_introspection_c.h
[2.303s] -- Up-to-date: /home/locobot/locobot_ws/install/realsense2_camera_msgs/include/realsense2_camera_msgs/realsense2_camera_msgs/msg/detail/imu_info__type_support.c
[2.304s] -- Up-to-date: /home/locobot/locobot_ws/install/realsense2_camera_msgs/include/realsense2_camera_msgs/realsense2_camera_msgs/msg/detail/metadata__rosidl_typesupport_introspection_c.h
[2.304s] -- Up-to-date: /home/locobot/locobot_ws/install/realsense2_camera_msgs/include/realsense2_camera_msgs/realsense2_camera_msgs/msg/detail/metadata__type_support.c
[2.304s] -- Up-to-date: /home/locobot/locobot_ws/install/realsense2_camera_msgs/include/realsense2_camera_msgs/realsense2_camera_msgs/msg/detail/rgbd__rosidl_typesupport_introspection_c.h
[2.304s] -- Up-to-date: /home/locobot/locobot_ws/install/realsense2_camera_msgs/include/realsense2_camera_msgs/realsense2_camera_msgs/msg/detail/extrinsics__type_support.c
[2.304s] -- Up-to-date: /home/locobot/locobot_ws/install/realsense2_camera_msgs/include/realsense2_camera_msgs/realsense2_camera_msgs/msg/detail/extrinsics__rosidl_typesupport_introspection_c.h
[2.304s] -- Up-to-date: /home/locobot/locobot_ws/install/realsense2_camera_msgs/include/realsense2_camera_msgs/realsense2_camera_msgs/msg/detail/rgbd__type_support.c
[2.304s] -- Up-to-date: /home/locobot/locobot_ws/install/realsense2_camera_msgs/include/realsense2_camera_msgs/realsense2_camera_msgs/msg/rosidl_typesupport_introspection_c__visibility_control.h
[2.304s] -- Up-to-date: /home/locobot/locobot_ws/install/realsense2_camera_msgs/lib/librealsense2_camera_msgs__rosidl_typesupport_introspection_c.so
[2.304s] -- Up-to-date: /home/locobot/locobot_ws/install/realsense2_camera_msgs/lib/librealsense2_camera_msgs__rosidl_typesupport_c.so
[2.304s] -- Up-to-date: /home/locobot/locobot_ws/install/realsense2_camera_msgs/include/realsense2_camera_msgs/realsense2_camera_msgs
[2.304s] -- Up-to-date: /home/locobot/locobot_ws/install/realsense2_camera_msgs/include/realsense2_camera_msgs/realsense2_camera_msgs/srv
[2.305s] -- Up-to-date: /home/locobot/locobot_ws/install/realsense2_camera_msgs/include/realsense2_camera_msgs/realsense2_camera_msgs/srv/detail
[2.305s] -- Up-to-date: /home/locobot/locobot_ws/install/realsense2_camera_msgs/include/realsense2_camera_msgs/realsense2_camera_msgs/srv/detail/device_info__builder.hpp
[2.305s] -- Up-to-date: /home/locobot/locobot_ws/install/realsense2_camera_msgs/include/realsense2_camera_msgs/realsense2_camera_msgs/srv/detail/device_info__traits.hpp
[2.305s] -- Up-to-date: /home/locobot/locobot_ws/install/realsense2_camera_msgs/include/realsense2_camera_msgs/realsense2_camera_msgs/srv/detail/device_info__struct.hpp
[2.305s] -- Up-to-date: /home/locobot/locobot_ws/install/realsense2_camera_msgs/include/realsense2_camera_msgs/realsense2_camera_msgs/srv/device_info.hpp
[2.305s] -- Up-to-date: /home/locobot/locobot_ws/install/realsense2_camera_msgs/include/realsense2_camera_msgs/realsense2_camera_msgs/msg
[2.305s] -- Up-to-date: /home/locobot/locobot_ws/install/realsense2_camera_msgs/include/realsense2_camera_msgs/realsense2_camera_msgs/msg/imu_info.hpp
[2.305s] -- Up-to-date: /home/locobot/locobot_ws/install/realsense2_camera_msgs/include/realsense2_camera_msgs/realsense2_camera_msgs/msg/rgbd.hpp
[2.305s] -- Up-to-date: /home/locobot/locobot_ws/install/realsense2_camera_msgs/include/realsense2_camera_msgs/realsense2_camera_msgs/msg/detail
[2.305s] -- Up-to-date: /home/locobot/locobot_ws/install/realsense2_camera_msgs/include/realsense2_camera_msgs/realsense2_camera_msgs/msg/detail/imu_info__traits.hpp
[2.305s] -- Up-to-date: /home/locobot/locobot_ws/install/realsense2_camera_msgs/include/realsense2_camera_msgs/realsense2_camera_msgs/msg/detail/metadata__builder.hpp
[2.306s] -- Up-to-date: /home/locobot/locobot_ws/install/realsense2_camera_msgs/include/realsense2_camera_msgs/realsense2_camera_msgs/msg/detail/imu_info__struct.hpp
[2.306s] -- Up-to-date: /home/locobot/locobot_ws/install/realsense2_camera_msgs/include/realsense2_camera_msgs/realsense2_camera_msgs/msg/detail/extrinsics__builder.hpp
[2.306s] -- Up-to-date: /home/locobot/locobot_ws/install/realsense2_camera_msgs/include/realsense2_camera_msgs/realsense2_camera_msgs/msg/detail/metadata__struct.hpp
[2.306s] -- Up-to-date: /home/locobot/locobot_ws/install/realsense2_camera_msgs/include/realsense2_camera_msgs/realsense2_camera_msgs/msg/detail/rgbd__builder.hpp
[2.306s] -- Up-to-date: /home/locobot/locobot_ws/install/realsense2_camera_msgs/include/realsense2_camera_msgs/realsense2_camera_msgs/msg/detail/imu_info__builder.hpp
[2.306s] -- Up-to-date: /home/locobot/locobot_ws/install/realsense2_camera_msgs/include/realsense2_camera_msgs/realsense2_camera_msgs/msg/detail/extrinsics__traits.hpp
[2.306s] -- Up-to-date: /home/locobot/locobot_ws/install/realsense2_camera_msgs/include/realsense2_camera_msgs/realsense2_camera_msgs/msg/detail/rgbd__struct.hpp
[2.306s] -- Up-to-date: /home/locobot/locobot_ws/install/realsense2_camera_msgs/include/realsense2_camera_msgs/realsense2_camera_msgs/msg/detail/extrinsics__struct.hpp
[2.306s] -- Up-to-date: /home/locobot/locobot_ws/install/realsense2_camera_msgs/include/realsense2_camera_msgs/realsense2_camera_msgs/msg/detail/rgbd__traits.hpp
[2.306s] -- Up-to-date: /home/locobot/locobot_ws/install/realsense2_camera_msgs/include/realsense2_camera_msgs/realsense2_camera_msgs/msg/detail/metadata__traits.hpp
[2.306s] -- Up-to-date: /home/locobot/locobot_ws/install/realsense2_camera_msgs/include/realsense2_camera_msgs/realsense2_camera_msgs/msg/metadata.hpp
[2.306s] -- Up-to-date: /home/locobot/locobot_ws/install/realsense2_camera_msgs/include/realsense2_camera_msgs/realsense2_camera_msgs/msg/extrinsics.hpp
[2.307s] -- Up-to-date: /home/locobot/locobot_ws/install/realsense2_camera_msgs/include/realsense2_camera_msgs/realsense2_camera_msgs
[2.307s] -- Up-to-date: /home/locobot/locobot_ws/install/realsense2_camera_msgs/include/realsense2_camera_msgs/realsense2_camera_msgs/srv
[2.307s] -- Up-to-date: /home/locobot/locobot_ws/install/realsense2_camera_msgs/include/realsense2_camera_msgs/realsense2_camera_msgs/srv/detail
[2.307s] -- Up-to-date: /home/locobot/locobot_ws/install/realsense2_camera_msgs/include/realsense2_camera_msgs/realsense2_camera_msgs/srv/detail/dds_fastrtps
[2.307s] -- Up-to-date: /home/locobot/locobot_ws/install/realsense2_camera_msgs/include/realsense2_camera_msgs/realsense2_camera_msgs/srv/detail/device_info__rosidl_typesupport_fastrtps_cpp.hpp
[2.307s] -- Up-to-date: /home/locobot/locobot_ws/install/realsense2_camera_msgs/include/realsense2_camera_msgs/realsense2_camera_msgs/msg
[2.307s] -- Up-to-date: /home/locobot/locobot_ws/install/realsense2_camera_msgs/include/realsense2_camera_msgs/realsense2_camera_msgs/msg/detail
[2.307s] -- Up-to-date: /home/locobot/locobot_ws/install/realsense2_camera_msgs/include/realsense2_camera_msgs/realsense2_camera_msgs/msg/detail/extrinsics__rosidl_typesupport_fastrtps_cpp.hpp
[2.308s] -- Up-to-date: /home/locobot/locobot_ws/install/realsense2_camera_msgs/include/realsense2_camera_msgs/realsense2_camera_msgs/msg/detail/imu_info__rosidl_typesupport_fastrtps_cpp.hpp
[2.308s] -- Up-to-date: /home/locobot/locobot_ws/install/realsense2_camera_msgs/include/realsense2_camera_msgs/realsense2_camera_msgs/msg/detail/dds_fastrtps
[2.308s] -- Up-to-date: /home/locobot/locobot_ws/install/realsense2_camera_msgs/include/realsense2_camera_msgs/realsense2_camera_msgs/msg/detail/metadata__rosidl_typesupport_fastrtps_cpp.hpp
[2.308s] -- Up-to-date: /home/locobot/locobot_ws/install/realsense2_camera_msgs/include/realsense2_camera_msgs/realsense2_camera_msgs/msg/detail/rgbd__rosidl_typesupport_fastrtps_cpp.hpp
[2.308s] -- Up-to-date: /home/locobot/locobot_ws/install/realsense2_camera_msgs/include/realsense2_camera_msgs/realsense2_camera_msgs/msg/rosidl_typesupport_fastrtps_cpp__visibility_control.h
[2.308s] -- Up-to-date: /home/locobot/locobot_ws/install/realsense2_camera_msgs/lib/librealsense2_camera_msgs__rosidl_typesupport_fastrtps_cpp.so
[2.308s] -- Up-to-date: /home/locobot/locobot_ws/install/realsense2_camera_msgs/include/realsense2_camera_msgs/realsense2_camera_msgs
[2.308s] -- Up-to-date: /home/locobot/locobot_ws/install/realsense2_camera_msgs/include/realsense2_camera_msgs/realsense2_camera_msgs/srv
[2.308s] -- Up-to-date: /home/locobot/locobot_ws/install/realsense2_camera_msgs/include/realsense2_camera_msgs/realsense2_camera_msgs/srv/detail
[2.309s] -- Up-to-date: /home/locobot/locobot_ws/install/realsense2_camera_msgs/include/realsense2_camera_msgs/realsense2_camera_msgs/srv/detail/device_info__rosidl_typesupport_introspection_cpp.hpp
[2.309s] -- Up-to-date: /home/locobot/locobot_ws/install/realsense2_camera_msgs/include/realsense2_camera_msgs/realsense2_camera_msgs/srv/detail/device_info__type_support.cpp
[2.309s] -- Up-to-date: /home/locobot/locobot_ws/install/realsense2_camera_msgs/include/realsense2_camera_msgs/realsense2_camera_msgs/msg
[2.309s] -- Up-to-date: /home/locobot/locobot_ws/install/realsense2_camera_msgs/include/realsense2_camera_msgs/realsense2_camera_msgs/msg/detail
[2.309s] -- Up-to-date: /home/locobot/locobot_ws/install/realsense2_camera_msgs/include/realsense2_camera_msgs/realsense2_camera_msgs/msg/detail/imu_info__rosidl_typesupport_introspection_cpp.hpp
[2.309s] -- Up-to-date: /home/locobot/locobot_ws/install/realsense2_camera_msgs/include/realsense2_camera_msgs/realsense2_camera_msgs/msg/detail/imu_info__type_support.cpp
[2.309s] -- Up-to-date: /home/locobot/locobot_ws/install/realsense2_camera_msgs/include/realsense2_camera_msgs/realsense2_camera_msgs/msg/detail/rgbd__type_support.cpp
[2.311s] -- Up-to-date: /home/locobot/locobot_ws/install/realsense2_camera_msgs/include/realsense2_camera_msgs/realsense2_camera_msgs/msg/detail/extrinsics__type_support.cpp
[2.312s] -- Up-to-date: /home/locobot/locobot_ws/install/realsense2_camera_msgs/include/realsense2_camera_msgs/realsense2_camera_msgs/msg/detail/metadata__type_support.cpp
[2.312s] -- Up-to-date: /home/locobot/locobot_ws/install/realsense2_camera_msgs/include/realsense2_camera_msgs/realsense2_camera_msgs/msg/detail/rgbd__rosidl_typesupport_introspection_cpp.hpp
[2.312s] -- Up-to-date: /home/locobot/locobot_ws/install/realsense2_camera_msgs/include/realsense2_camera_msgs/realsense2_camera_msgs/msg/detail/extrinsics__rosidl_typesupport_introspection_cpp.hpp
[2.312s] -- Up-to-date: /home/locobot/locobot_ws/install/realsense2_camera_msgs/include/realsense2_camera_msgs/realsense2_camera_msgs/msg/detail/metadata__rosidl_typesupport_introspection_cpp.hpp
[2.312s] -- Up-to-date: /home/locobot/locobot_ws/install/realsense2_camera_msgs/lib/librealsense2_camera_msgs__rosidl_typesupport_introspection_cpp.so
[2.312s] -- Up-to-date: /home/locobot/locobot_ws/install/realsense2_camera_msgs/lib/librealsense2_camera_msgs__rosidl_typesupport_cpp.so
[2.312s] -- Up-to-date: /home/locobot/locobot_ws/install/realsense2_camera_msgs/share/realsense2_camera_msgs/environment/pythonpath.sh
[2.312s] -- Up-to-date: /home/locobot/locobot_ws/install/realsense2_camera_msgs/share/realsense2_camera_msgs/environment/pythonpath.dsv
[2.313s] -- Up-to-date: /home/locobot/locobot_ws/install/realsense2_camera_msgs/local/lib/python3.10/dist-packages/realsense2_camera_msgs-4.55.1-py3.10.egg-info
[2.313s] -- Installing: /home/locobot/locobot_ws/install/realsense2_camera_msgs/local/lib/python3.10/dist-packages/realsense2_camera_msgs-4.55.1-py3.10.egg-info/dependency_links.txt
[2.313s] -- Installing: /home/locobot/locobot_ws/install/realsense2_camera_msgs/local/lib/python3.10/dist-packages/realsense2_camera_msgs-4.55.1-py3.10.egg-info/top_level.txt
[2.313s] -- Installing: /home/locobot/locobot_ws/install/realsense2_camera_msgs/local/lib/python3.10/dist-packages/realsense2_camera_msgs-4.55.1-py3.10.egg-info/SOURCES.txt
[2.313s] -- Installing: /home/locobot/locobot_ws/install/realsense2_camera_msgs/local/lib/python3.10/dist-packages/realsense2_camera_msgs-4.55.1-py3.10.egg-info/PKG-INFO
[2.313s] -- Up-to-date: /home/locobot/locobot_ws/install/realsense2_camera_msgs/local/lib/python3.10/dist-packages/realsense2_camera_msgs
[2.313s] -- Up-to-date: /home/locobot/locobot_ws/install/realsense2_camera_msgs/local/lib/python3.10/dist-packages/realsense2_camera_msgs/librealsense2_camera_msgs__rosidl_generator_py.so
[2.313s] -- Up-to-date: /home/locobot/locobot_ws/install/realsense2_camera_msgs/local/lib/python3.10/dist-packages/realsense2_camera_msgs/realsense2_camera_msgs_s__rosidl_typesupport_fastrtps_c.cpython-310-x86_64-linux-gnu.so
[2.313s] -- Up-to-date: /home/locobot/locobot_ws/install/realsense2_camera_msgs/local/lib/python3.10/dist-packages/realsense2_camera_msgs/__init__.py
[2.313s] -- Up-to-date: /home/locobot/locobot_ws/install/realsense2_camera_msgs/local/lib/python3.10/dist-packages/realsense2_camera_msgs/_realsense2_camera_msgs_s.ep.rosidl_typesupport_introspection_c.c
[2.313s] -- Up-to-date: /home/locobot/locobot_ws/install/realsense2_camera_msgs/local/lib/python3.10/dist-packages/realsense2_camera_msgs/srv
[2.314s] -- Up-to-date: /home/locobot/locobot_ws/install/realsense2_camera_msgs/local/lib/python3.10/dist-packages/realsense2_camera_msgs/srv/__init__.py
[2.314s] -- Up-to-date: /home/locobot/locobot_ws/install/realsense2_camera_msgs/local/lib/python3.10/dist-packages/realsense2_camera_msgs/srv/_device_info.py
[2.314s] -- Up-to-date: /home/locobot/locobot_ws/install/realsense2_camera_msgs/local/lib/python3.10/dist-packages/realsense2_camera_msgs/srv/_device_info_s.c
[2.314s] -- Up-to-date: /home/locobot/locobot_ws/install/realsense2_camera_msgs/local/lib/python3.10/dist-packages/realsense2_camera_msgs/_realsense2_camera_msgs_s.ep.rosidl_typesupport_c.c
[2.314s] -- Up-to-date: /home/locobot/locobot_ws/install/realsense2_camera_msgs/local/lib/python3.10/dist-packages/realsense2_camera_msgs/realsense2_camera_msgs_s__rosidl_typesupport_c.cpython-310-x86_64-linux-gnu.so
[2.314s] -- Up-to-date: /home/locobot/locobot_ws/install/realsense2_camera_msgs/local/lib/python3.10/dist-packages/realsense2_camera_msgs/msg
[2.314s] -- Up-to-date: /home/locobot/locobot_ws/install/realsense2_camera_msgs/local/lib/python3.10/dist-packages/realsense2_camera_msgs/msg/_imu_info.py
[2.314s] -- Up-to-date: /home/locobot/locobot_ws/install/realsense2_camera_msgs/local/lib/python3.10/dist-packages/realsense2_camera_msgs/msg/__init__.py
[2.314s] -- Up-to-date: /home/locobot/locobot_ws/install/realsense2_camera_msgs/local/lib/python3.10/dist-packages/realsense2_camera_msgs/msg/_rgbd.py
[2.314s] -- Up-to-date: /home/locobot/locobot_ws/install/realsense2_camera_msgs/local/lib/python3.10/dist-packages/realsense2_camera_msgs/msg/_imu_info_s.c
[2.314s] -- Up-to-date: /home/locobot/locobot_ws/install/realsense2_camera_msgs/local/lib/python3.10/dist-packages/realsense2_camera_msgs/msg/_extrinsics.py
[2.314s] -- Up-to-date: /home/locobot/locobot_ws/install/realsense2_camera_msgs/local/lib/python3.10/dist-packages/realsense2_camera_msgs/msg/_extrinsics_s.c
[2.315s] -- Up-to-date: /home/locobot/locobot_ws/install/realsense2_camera_msgs/local/lib/python3.10/dist-packages/realsense2_camera_msgs/msg/_rgbd_s.c
[2.315s] -- Up-to-date: /home/locobot/locobot_ws/install/realsense2_camera_msgs/local/lib/python3.10/dist-packages/realsense2_camera_msgs/msg/_metadata_s.c
[2.315s] -- Up-to-date: /home/locobot/locobot_ws/install/realsense2_camera_msgs/local/lib/python3.10/dist-packages/realsense2_camera_msgs/msg/_metadata.py
[2.315s] -- Up-to-date: /home/locobot/locobot_ws/install/realsense2_camera_msgs/local/lib/python3.10/dist-packages/realsense2_camera_msgs/_realsense2_camera_msgs_s.ep.rosidl_typesupport_fastrtps_c.c
[2.315s] -- Up-to-date: /home/locobot/locobot_ws/install/realsense2_camera_msgs/local/lib/python3.10/dist-packages/realsense2_camera_msgs/realsense2_camera_msgs_s__rosidl_typesupport_introspection_c.cpython-310-x86_64-linux-gnu.so
[2.390s] Listing '/home/locobot/locobot_ws/install/realsense2_camera_msgs/local/lib/python3.10/dist-packages/realsense2_camera_msgs'...
[2.390s] Listing '/home/locobot/locobot_ws/install/realsense2_camera_msgs/local/lib/python3.10/dist-packages/realsense2_camera_msgs/msg'...
[2.390s] Listing '/home/locobot/locobot_ws/install/realsense2_camera_msgs/local/lib/python3.10/dist-packages/realsense2_camera_msgs/srv'...
[2.406s] -- Up-to-date: /home/locobot/locobot_ws/install/realsense2_camera_msgs/local/lib/python3.10/dist-packages/realsense2_camera_msgs/realsense2_camera_msgs_s__rosidl_typesupport_fastrtps_c.cpython-310-x86_64-linux-gnu.so
[2.407s] -- Up-to-date: /home/locobot/locobot_ws/install/realsense2_camera_msgs/local/lib/python3.10/dist-packages/realsense2_camera_msgs/realsense2_camera_msgs_s__rosidl_typesupport_introspection_c.cpython-310-x86_64-linux-gnu.so
[2.408s] -- Up-to-date: /home/locobot/locobot_ws/install/realsense2_camera_msgs/local/lib/python3.10/dist-packages/realsense2_camera_msgs/realsense2_camera_msgs_s__rosidl_typesupport_c.cpython-310-x86_64-linux-gnu.so
[2.412s] -- Up-to-date: /home/locobot/locobot_ws/install/realsense2_camera_msgs/lib/librealsense2_camera_msgs__rosidl_generator_py.so
[2.412s] -- Up-to-date: /home/locobot/locobot_ws/install/realsense2_camera_msgs/share/realsense2_camera_msgs/msg/IMUInfo.idl
[2.412s] -- Up-to-date: /home/locobot/locobot_ws/install/realsense2_camera_msgs/share/realsense2_camera_msgs/msg/Extrinsics.idl
[2.412s] -- Up-to-date: /home/locobot/locobot_ws/install/realsense2_camera_msgs/share/realsense2_camera_msgs/msg/Metadata.idl
[2.412s] -- Up-to-date: /home/locobot/locobot_ws/install/realsense2_camera_msgs/share/realsense2_camera_msgs/msg/RGBD.idl
[2.413s] -- Up-to-date: /home/locobot/locobot_ws/install/realsense2_camera_msgs/share/realsense2_camera_msgs/srv/DeviceInfo.idl
[2.413s] -- Up-to-date: /home/locobot/locobot_ws/install/realsense2_camera_msgs/share/realsense2_camera_msgs/msg/IMUInfo.msg
[2.413s] -- Up-to-date: /home/locobot/locobot_ws/install/realsense2_camera_msgs/share/realsense2_camera_msgs/msg/Extrinsics.msg
[2.413s] -- Up-to-date: /home/locobot/locobot_ws/install/realsense2_camera_msgs/share/realsense2_camera_msgs/msg/Metadata.msg
[2.413s] -- Up-to-date: /home/locobot/locobot_ws/install/realsense2_camera_msgs/share/realsense2_camera_msgs/msg/RGBD.msg
[2.413s] -- Up-to-date: /home/locobot/locobot_ws/install/realsense2_camera_msgs/share/realsense2_camera_msgs/srv/DeviceInfo.srv
[2.413s] -- Up-to-date: /home/locobot/locobot_ws/install/realsense2_camera_msgs/share/realsense2_camera_msgs/srv/DeviceInfo_Request.msg
[2.413s] -- Up-to-date: /home/locobot/locobot_ws/install/realsense2_camera_msgs/share/realsense2_camera_msgs/srv/DeviceInfo_Response.msg
[2.413s] -- Up-to-date: /home/locobot/locobot_ws/install/realsense2_camera_msgs/share/ament_index/resource_index/package_run_dependencies/realsense2_camera_msgs
[2.413s] -- Up-to-date: /home/locobot/locobot_ws/install/realsense2_camera_msgs/share/ament_index/resource_index/parent_prefix_path/realsense2_camera_msgs
[2.413s] -- Up-to-date: /home/locobot/locobot_ws/install/realsense2_camera_msgs/share/realsense2_camera_msgs/environment/ament_prefix_path.sh
[2.414s] -- Up-to-date: /home/locobot/locobot_ws/install/realsense2_camera_msgs/share/realsense2_camera_msgs/environment/ament_prefix_path.dsv
[2.414s] -- Up-to-date: /home/locobot/locobot_ws/install/realsense2_camera_msgs/share/realsense2_camera_msgs/environment/path.sh
[2.414s] -- Up-to-date: /home/locobot/locobot_ws/install/realsense2_camera_msgs/share/realsense2_camera_msgs/environment/path.dsv
[2.414s] -- Up-to-date: /home/locobot/locobot_ws/install/realsense2_camera_msgs/share/realsense2_camera_msgs/local_setup.bash
[2.414s] -- Up-to-date: /home/locobot/locobot_ws/install/realsense2_camera_msgs/share/realsense2_camera_msgs/local_setup.sh
[2.415s] -- Up-to-date: /home/locobot/locobot_ws/install/realsense2_camera_msgs/share/realsense2_camera_msgs/local_setup.zsh
[2.415s] -- Up-to-date: /home/locobot/locobot_ws/install/realsense2_camera_msgs/share/realsense2_camera_msgs/local_setup.dsv
[2.415s] -- Installing: /home/locobot/locobot_ws/install/realsense2_camera_msgs/share/realsense2_camera_msgs/package.dsv
[2.415s] -- Up-to-date: /home/locobot/locobot_ws/install/realsense2_camera_msgs/share/ament_index/resource_index/packages/realsense2_camera_msgs
[2.416s] -- Up-to-date: /home/locobot/locobot_ws/install/realsense2_camera_msgs/share/realsense2_camera_msgs/cmake/export_realsense2_camera_msgs__rosidl_generator_cExport.cmake
[2.416s] -- Up-to-date: /home/locobot/locobot_ws/install/realsense2_camera_msgs/share/realsense2_camera_msgs/cmake/export_realsense2_camera_msgs__rosidl_generator_cExport-noconfig.cmake
[2.417s] -- Up-to-date: /home/locobot/locobot_ws/install/realsense2_camera_msgs/share/realsense2_camera_msgs/cmake/export_realsense2_camera_msgs__rosidl_typesupport_fastrtps_cExport.cmake
[2.417s] -- Up-to-date: /home/locobot/locobot_ws/install/realsense2_camera_msgs/share/realsense2_camera_msgs/cmake/export_realsense2_camera_msgs__rosidl_typesupport_fastrtps_cExport-noconfig.cmake
[2.417s] -- Up-to-date: /home/locobot/locobot_ws/install/realsense2_camera_msgs/share/realsense2_camera_msgs/cmake/realsense2_camera_msgs__rosidl_typesupport_introspection_cExport.cmake
[2.417s] -- Up-to-date: /home/locobot/locobot_ws/install/realsense2_camera_msgs/share/realsense2_camera_msgs/cmake/realsense2_camera_msgs__rosidl_typesupport_introspection_cExport-noconfig.cmake
[2.418s] -- Up-to-date: /home/locobot/locobot_ws/install/realsense2_camera_msgs/share/realsense2_camera_msgs/cmake/realsense2_camera_msgs__rosidl_typesupport_cExport.cmake
[2.418s] -- Up-to-date: /home/locobot/locobot_ws/install/realsense2_camera_msgs/share/realsense2_camera_msgs/cmake/realsense2_camera_msgs__rosidl_typesupport_cExport-noconfig.cmake
[2.418s] -- Up-to-date: /home/locobot/locobot_ws/install/realsense2_camera_msgs/share/realsense2_camera_msgs/cmake/export_realsense2_camera_msgs__rosidl_generator_cppExport.cmake
[2.418s] -- Up-to-date: /home/locobot/locobot_ws/install/realsense2_camera_msgs/share/realsense2_camera_msgs/cmake/export_realsense2_camera_msgs__rosidl_typesupport_fastrtps_cppExport.cmake
[2.419s] -- Up-to-date: /home/locobot/locobot_ws/install/realsense2_camera_msgs/share/realsense2_camera_msgs/cmake/export_realsense2_camera_msgs__rosidl_typesupport_fastrtps_cppExport-noconfig.cmake
[2.419s] -- Up-to-date: /home/locobot/locobot_ws/install/realsense2_camera_msgs/share/realsense2_camera_msgs/cmake/realsense2_camera_msgs__rosidl_typesupport_introspection_cppExport.cmake
[2.419s] -- Up-to-date: /home/locobot/locobot_ws/install/realsense2_camera_msgs/share/realsense2_camera_msgs/cmake/realsense2_camera_msgs__rosidl_typesupport_introspection_cppExport-noconfig.cmake
[2.419s] -- Up-to-date: /home/locobot/locobot_ws/install/realsense2_camera_msgs/share/realsense2_camera_msgs/cmake/realsense2_camera_msgs__rosidl_typesupport_cppExport.cmake
[2.420s] -- Up-to-date: /home/locobot/locobot_ws/install/realsense2_camera_msgs/share/realsense2_camera_msgs/cmake/realsense2_camera_msgs__rosidl_typesupport_cppExport-noconfig.cmake
[2.420s] -- Up-to-date: /home/locobot/locobot_ws/install/realsense2_camera_msgs/share/realsense2_camera_msgs/cmake/export_realsense2_camera_msgs__rosidl_generator_pyExport.cmake
[2.421s] -- Up-to-date: /home/locobot/locobot_ws/install/realsense2_camera_msgs/share/realsense2_camera_msgs/cmake/export_realsense2_camera_msgs__rosidl_generator_pyExport-noconfig.cmake
[2.421s] -- Up-to-date: /home/locobot/locobot_ws/install/realsense2_camera_msgs/share/realsense2_camera_msgs/cmake/rosidl_cmake-extras.cmake
[2.421s] -- Up-to-date: /home/locobot/locobot_ws/install/realsense2_camera_msgs/share/realsense2_camera_msgs/cmake/ament_cmake_export_dependencies-extras.cmake
[2.421s] -- Up-to-date: /home/locobot/locobot_ws/install/realsense2_camera_msgs/share/realsense2_camera_msgs/cmake/ament_cmake_export_include_directories-extras.cmake
[2.421s] -- Up-to-date: /home/locobot/locobot_ws/install/realsense2_camera_msgs/share/realsense2_camera_msgs/cmake/ament_cmake_export_libraries-extras.cmake
[2.421s] -- Up-to-date: /home/locobot/locobot_ws/install/realsense2_camera_msgs/share/realsense2_camera_msgs/cmake/ament_cmake_export_targets-extras.cmake
[2.422s] -- Up-to-date: /home/locobot/locobot_ws/install/realsense2_camera_msgs/share/realsense2_camera_msgs/cmake/rosidl_cmake_export_typesupport_targets-extras.cmake
[2.422s] -- Up-to-date: /home/locobot/locobot_ws/install/realsense2_camera_msgs/share/realsense2_camera_msgs/cmake/rosidl_cmake_export_typesupport_libraries-extras.cmake
[2.422s] -- Up-to-date: /home/locobot/locobot_ws/install/realsense2_camera_msgs/share/realsense2_camera_msgs/cmake/realsense2_camera_msgsConfig.cmake
[2.422s] -- Up-to-date: /home/locobot/locobot_ws/install/realsense2_camera_msgs/share/realsense2_camera_msgs/cmake/realsense2_camera_msgsConfig-version.cmake
[2.422s] -- Up-to-date: /home/locobot/locobot_ws/install/realsense2_camera_msgs/share/realsense2_camera_msgs/package.xml
[3.029s] Invoked command in '/home/locobot/locobot_ws/build/realsense2_camera_msgs' returned '0': CMAKE_PREFIX_PATH=${CMAKE_PREFIX_PATH}:/home/locobot/locobot_ws/install/yolov8_ros:/home/locobot/locobot_ws/install/detection:/home/locobot/locobot_ws/install/yolov5_ros:/home/locobot/locobot_ws/install/locobot_move:/home/locobot/locobot_ws/install/create3_teleop:/home/locobot/locobot_ws/install/create3_examples_py:/home/locobot/interbotix_ws/install/interbotix_xslocobot_control:/home/locobot/interbotix_ws/install/interbotix_xs_modules:/home/locobot/interbotix_ws/install/interbotix_perception_modules:/home/locobot/interbotix_ws/install/interbotix_common_modules:/opt/ros/humble /usr/bin/cmake --install /home/locobot/locobot_ws/build/realsense2_camera_msgs
