[1.217s] Invoking command in '/home/locobot/locobot_ws/src/yolov8_ros/yolov8_ros': PYTHONPATH=/home/locobot/locobot_ws/build/yolov8_ros/prefix_override:/home/locobot/locobot_ws/install/yolov8_ros/lib/python3.10/site-packages:${PYTHONPATH} /usr/bin/python3 -W ignore:setup.py install is deprecated setup.py egg_info --egg-base ../../../build/yolov8_ros build --build-base /home/locobot/locobot_ws/build/yolov8_ros/build install --record /home/locobot/locobot_ws/build/yolov8_ros/install.log --single-version-externally-managed install_data
[1.704s] running egg_info
[1.706s] writing ../../../build/yolov8_ros/yolov8_ros.egg-info/PKG-INFO
[1.706s] writing dependency_links to ../../../build/yolov8_ros/yolov8_ros.egg-info/dependency_links.txt
[1.706s] writing entry points to ../../../build/yolov8_ros/yolov8_ros.egg-info/entry_points.txt
[1.706s] writing requirements to ../../../build/yolov8_ros/yolov8_ros.egg-info/requires.txt
[1.707s] writing top-level names to ../../../build/yolov8_ros/yolov8_ros.egg-info/top_level.txt
[1.717s] reading manifest file '../../../build/yolov8_ros/yolov8_ros.egg-info/SOURCES.txt'
[1.719s] writing manifest file '../../../build/yolov8_ros/yolov8_ros.egg-info/SOURCES.txt'
[1.719s] running build
[1.719s] running build_py
[1.720s] running install
[1.722s] running install_lib
[1.724s] running install_data
[1.725s] running install_egg_info
[1.728s] removing '/home/locobot/locobot_ws/install/yolov8_ros/lib/python3.10/site-packages/yolov8_ros-0.0.0-py3.10.egg-info' (and everything under it)
[1.729s] Copying ../../../build/yolov8_ros/yolov8_ros.egg-info to /home/locobot/locobot_ws/install/yolov8_ros/lib/python3.10/site-packages/yolov8_ros-0.0.0-py3.10.egg-info
[1.730s] running install_scripts
[1.764s] Installing debug_node script to /home/locobot/locobot_ws/install/yolov8_ros/lib/yolov8_ros
[1.764s] Installing detect_3d_node script to /home/locobot/locobot_ws/install/yolov8_ros/lib/yolov8_ros
[1.764s] Installing tracking_node script to /home/locobot/locobot_ws/install/yolov8_ros/lib/yolov8_ros
[1.764s] Installing yolov8_node script to /home/locobot/locobot_ws/install/yolov8_ros/lib/yolov8_ros
[1.765s] writing list of installed files to '/home/locobot/locobot_ws/build/yolov8_ros/install.log'
[1.950s] Invoked command in '/home/locobot/locobot_ws/src/yolov8_ros/yolov8_ros' returned '0': PYTHONPATH=/home/locobot/locobot_ws/build/yolov8_ros/prefix_override:/home/locobot/locobot_ws/install/yolov8_ros/lib/python3.10/site-packages:${PYTHONPATH} /usr/bin/python3 -W ignore:setup.py install is deprecated setup.py egg_info --egg-base ../../../build/yolov8_ros build --build-base /home/locobot/locobot_ws/build/yolov8_ros/build install --record /home/locobot/locobot_ws/build/yolov8_ros/install.log --single-version-externally-managed install_data
