[0.013s] Invoking command in '/home/locobot/locobot_ws/build/locobot_square_move': CMAKE_PREFIX_PATH=${CMAKE_PREFIX_PATH}:/home/locobot/interbotix_ws/install/interbotix_xs_modules:/home/locobot/interbotix_ws/install/interbotix_perception_modules:/home/locobot/interbotix_ws/install/interbotix_common_modules:/opt/ros/humble /usr/bin/cmake --build /home/locobot/locobot_ws/build/locobot_square_move -- -j4 -l4
[0.049s] Invoked command in '/home/locobot/locobot_ws/build/locobot_square_move' returned '0': CMAKE_PREFIX_PATH=${CMAKE_PREFIX_PATH}:/home/locobot/interbotix_ws/install/interbotix_xs_modules:/home/locobot/interbotix_ws/install/interbotix_perception_modules:/home/locobot/interbotix_ws/install/interbotix_common_modules:/opt/ros/humble /usr/bin/cmake --build /home/locobot/locobot_ws/build/locobot_square_move -- -j4 -l4
[0.079s] Invoking command in '/home/locobot/locobot_ws/build/locobot_square_move': CMAKE_PREFIX_PATH=${CMAKE_PREFIX_PATH}:/home/locobot/interbotix_ws/install/interbotix_xs_modules:/home/locobot/interbotix_ws/install/interbotix_perception_modules:/home/locobot/interbotix_ws/install/interbotix_common_modules:/opt/ros/humble /usr/bin/cmake --install /home/locobot/locobot_ws/build/locobot_square_move
[0.086s] -- Install configuration: ""
[0.086s] -- Up-to-date: /home/locobot/locobot_ws/install/locobot_square_move/share/ament_index/resource_index/package_run_dependencies/locobot_square_move
[0.087s] -- Up-to-date: /home/locobot/locobot_ws/install/locobot_square_move/share/ament_index/resource_index/parent_prefix_path/locobot_square_move
[0.087s] -- Up-to-date: /home/locobot/locobot_ws/install/locobot_square_move/share/locobot_square_move/environment/ament_prefix_path.sh
[0.087s] -- Up-to-date: /home/locobot/locobot_ws/install/locobot_square_move/share/locobot_square_move/environment/ament_prefix_path.dsv
[0.087s] -- Up-to-date: /home/locobot/locobot_ws/install/locobot_square_move/share/locobot_square_move/environment/path.sh
[0.087s] -- Up-to-date: /home/locobot/locobot_ws/install/locobot_square_move/share/locobot_square_move/environment/path.dsv
[0.087s] -- Up-to-date: /home/locobot/locobot_ws/install/locobot_square_move/share/locobot_square_move/local_setup.bash
[0.087s] -- Up-to-date: /home/locobot/locobot_ws/install/locobot_square_move/share/locobot_square_move/local_setup.sh
[0.087s] -- Up-to-date: /home/locobot/locobot_ws/install/locobot_square_move/share/locobot_square_move/local_setup.zsh
[0.087s] -- Up-to-date: /home/locobot/locobot_ws/install/locobot_square_move/share/locobot_square_move/local_setup.dsv
[0.087s] -- Up-to-date: /home/locobot/locobot_ws/install/locobot_square_move/share/locobot_square_move/package.dsv
[0.087s] -- Up-to-date: /home/locobot/locobot_ws/install/locobot_square_move/share/ament_index/resource_index/packages/locobot_square_move
[0.087s] -- Up-to-date: /home/locobot/locobot_ws/install/locobot_square_move/share/locobot_square_move/cmake/locobot_square_moveConfig.cmake
[0.088s] -- Up-to-date: /home/locobot/locobot_ws/install/locobot_square_move/share/locobot_square_move/cmake/locobot_square_moveConfig-version.cmake
[0.088s] -- Up-to-date: /home/locobot/locobot_ws/install/locobot_square_move/share/locobot_square_move/package.xml
[0.088s] Invoked command in '/home/locobot/locobot_ws/build/locobot_square_move' returned '0': CMAKE_PREFIX_PATH=${CMAKE_PREFIX_PATH}:/home/locobot/interbotix_ws/install/interbotix_xs_modules:/home/locobot/interbotix_ws/install/interbotix_perception_modules:/home/locobot/interbotix_ws/install/interbotix_common_modules:/opt/ros/humble /usr/bin/cmake --install /home/locobot/locobot_ws/build/locobot_square_move
