[0.802s] Invoking command in '/home/locobot/locobot_ws/src/locobot_move': PYTHONPATH=/home/locobot/locobot_ws/build/locobot_move/prefix_override:/home/locobot/locobot_ws/install/locobot_move/lib/python3.10/site-packages:${PYTHONPATH} /usr/bin/python3 -W ignore:setup.py install is deprecated setup.py egg_info --egg-base ../../build/locobot_move build --build-base /home/locobot/locobot_ws/build/locobot_move/build install --record /home/locobot/locobot_ws/build/locobot_move/install.log --single-version-externally-managed install_data
[1.023s] running egg_info
[1.024s] writing ../../build/locobot_move/locobot_move.egg-info/PKG-INFO
[1.024s] writing dependency_links to ../../build/locobot_move/locobot_move.egg-info/dependency_links.txt
[1.024s] writing entry points to ../../build/locobot_move/locobot_move.egg-info/entry_points.txt
[1.024s] writing requirements to ../../build/locobot_move/locobot_move.egg-info/requires.txt
[1.024s] writing top-level names to ../../build/locobot_move/locobot_move.egg-info/top_level.txt
[1.026s] reading manifest file '../../build/locobot_move/locobot_move.egg-info/SOURCES.txt'
[1.027s] writing manifest file '../../build/locobot_move/locobot_move.egg-info/SOURCES.txt'
[1.027s] running build
[1.027s] running build_py
[1.027s] copying locobot_move/__init__.py -> /home/locobot/locobot_ws/build/locobot_move/build/lib/locobot_move
[1.031s] copying locobot_move/locobot_node.py -> /home/locobot/locobot_ws/build/locobot_move/build/lib/locobot_move
[1.032s] running install
[1.032s] running install_lib
[1.033s] copying /home/locobot/locobot_ws/build/locobot_move/build/lib/locobot_move/__init__.py -> /home/locobot/locobot_ws/install/locobot_move/lib/python3.10/site-packages/locobot_move
[1.033s] copying /home/locobot/locobot_ws/build/locobot_move/build/lib/locobot_move/locobot_node.py -> /home/locobot/locobot_ws/install/locobot_move/lib/python3.10/site-packages/locobot_move
[1.034s] byte-compiling /home/locobot/locobot_ws/install/locobot_move/lib/python3.10/site-packages/locobot_move/__init__.py to __init__.cpython-310.pyc
[1.034s] byte-compiling /home/locobot/locobot_ws/install/locobot_move/lib/python3.10/site-packages/locobot_move/locobot_node.py to locobot_node.cpython-310.pyc
[1.034s] Sorry: TabError: inconsistent use of tabs and spaces in indentation (locobot_node.py, line 9)
[1.034s] running install_data
[1.034s] copying resource/locobot_move -> /home/locobot/locobot_ws/install/locobot_move/share/ament_index/resource_index/packages
[1.034s] copying package.xml -> /home/locobot/locobot_ws/install/locobot_move/share/locobot_move
[1.034s] running install_egg_info
[1.036s] removing '/home/locobot/locobot_ws/install/locobot_move/lib/python3.10/site-packages/locobot_move-0.0.0-py3.10.egg-info' (and everything under it)
[1.036s] Copying ../../build/locobot_move/locobot_move.egg-info to /home/locobot/locobot_ws/install/locobot_move/lib/python3.10/site-packages/locobot_move-0.0.0-py3.10.egg-info
[1.037s] running install_scripts
[1.055s] Installing py_node script to /home/locobot/locobot_ws/install/locobot_move/lib/locobot_move
[1.056s] writing list of installed files to '/home/locobot/locobot_ws/build/locobot_move/install.log'
[1.079s] Invoked command in '/home/locobot/locobot_ws/src/locobot_move' returned '0': PYTHONPATH=/home/locobot/locobot_ws/build/locobot_move/prefix_override:/home/locobot/locobot_ws/install/locobot_move/lib/python3.10/site-packages:${PYTHONPATH} /usr/bin/python3 -W ignore:setup.py install is deprecated setup.py egg_info --egg-base ../../build/locobot_move build --build-base /home/locobot/locobot_ws/build/locobot_move/build install --record /home/locobot/locobot_ws/build/locobot_move/install.log --single-version-externally-managed install_data
