[0.035s] Invoking command in '/home/locobot/locobot_ws/build/yolov8_msgs': CMAKE_PREFIX_PATH=${CMAKE_PREFIX_PATH}:/home/locobot/interbotix_ws/install/interbotix_xslocobot_control:/home/locobot/interbotix_ws/install/interbotix_xs_modules:/home/locobot/interbotix_ws/install/interbotix_perception_modules:/home/locobot/interbotix_ws/install/interbotix_common_modules:/opt/ros/humble /usr/bin/cmake --build /home/locobot/locobot_ws/build/yolov8_msgs -- -j4 -l4
[0.197s] [  0%] Built target yolov8_msgs__cpp
[0.218s] [ 12%] Built target yolov8_msgs__rosidl_generator_c
[0.268s] [ 12%] Built target ament_cmake_python_copy_yolov8_msgs
[0.344s] [ 24%] Built target yolov8_msgs__rosidl_typesupport_cpp
[0.388s] [ 36%] Built target yolov8_msgs__rosidl_typesupport_fastrtps_c
[0.390s] [ 48%] Built target yolov8_msgs__rosidl_typesupport_introspection_cpp
[0.404s] [ 59%] Built target yolov8_msgs__rosidl_typesupport_fastrtps_cpp
[0.516s] [ 71%] Built target yolov8_msgs__rosidl_typesupport_introspection_c
[0.545s] [ 83%] Built target yolov8_msgs__rosidl_typesupport_c
[0.635s] [ 83%] Built target yolov8_msgs
[0.717s] [ 84%] Built target yolov8_msgs__py
[0.871s] [ 95%] Built target yolov8_msgs__rosidl_generator_py
[1.052s] [ 97%] Built target yolov8_msgs__rosidl_typesupport_introspection_c__pyext
[1.078s] [ 98%] Built target yolov8_msgs__rosidl_typesupport_c__pyext
[1.082s] [100%] Built target yolov8_msgs__rosidl_typesupport_fastrtps_c__pyext
[1.334s] running egg_info
[1.336s] writing yolov8_msgs.egg-info/PKG-INFO
[1.338s] writing dependency_links to yolov8_msgs.egg-info/dependency_links.txt
[1.339s] writing top-level names to yolov8_msgs.egg-info/top_level.txt
[1.343s] reading manifest file 'yolov8_msgs.egg-info/SOURCES.txt'
[1.345s] writing manifest file 'yolov8_msgs.egg-info/SOURCES.txt'
[1.405s] [100%] Built target ament_cmake_python_build_yolov8_msgs_egg
[1.426s] Invoked command in '/home/locobot/locobot_ws/build/yolov8_msgs' returned '0': CMAKE_PREFIX_PATH=${CMAKE_PREFIX_PATH}:/home/locobot/interbotix_ws/install/interbotix_xslocobot_control:/home/locobot/interbotix_ws/install/interbotix_xs_modules:/home/locobot/interbotix_ws/install/interbotix_perception_modules:/home/locobot/interbotix_ws/install/interbotix_common_modules:/opt/ros/humble /usr/bin/cmake --build /home/locobot/locobot_ws/build/yolov8_msgs -- -j4 -l4
[2.170s] Invoking command in '/home/locobot/locobot_ws/build/yolov8_msgs': CMAKE_PREFIX_PATH=${CMAKE_PREFIX_PATH}:/home/locobot/interbotix_ws/install/interbotix_xslocobot_control:/home/locobot/interbotix_ws/install/interbotix_xs_modules:/home/locobot/interbotix_ws/install/interbotix_perception_modules:/home/locobot/interbotix_ws/install/interbotix_common_modules:/opt/ros/humble /usr/bin/cmake --install /home/locobot/locobot_ws/build/yolov8_msgs
[2.191s] -- Install configuration: ""
[2.191s] -- Up-to-date: /home/locobot/locobot_ws/install/yolov8_msgs/share/ament_index/resource_index/rosidl_interfaces/yolov8_msgs
[2.191s] -- Up-to-date: /home/locobot/locobot_ws/install/yolov8_msgs/include/yolov8_msgs/yolov8_msgs
[2.192s] -- Up-to-date: /home/locobot/locobot_ws/install/yolov8_msgs/include/yolov8_msgs/yolov8_msgs/msg
[2.192s] -- Up-to-date: /home/locobot/locobot_ws/install/yolov8_msgs/include/yolov8_msgs/yolov8_msgs/msg/detection.h
[2.192s] -- Up-to-date: /home/locobot/locobot_ws/install/yolov8_msgs/include/yolov8_msgs/yolov8_msgs/msg/bounding_box3_d.h
[2.192s] -- Up-to-date: /home/locobot/locobot_ws/install/yolov8_msgs/include/yolov8_msgs/yolov8_msgs/msg/key_point2_d.h
[2.192s] -- Up-to-date: /home/locobot/locobot_ws/install/yolov8_msgs/include/yolov8_msgs/yolov8_msgs/msg/key_point3_d_array.h
[2.192s] -- Up-to-date: /home/locobot/locobot_ws/install/yolov8_msgs/include/yolov8_msgs/yolov8_msgs/msg/point2_d.h
[2.192s] -- Up-to-date: /home/locobot/locobot_ws/install/yolov8_msgs/include/yolov8_msgs/yolov8_msgs/msg/detail
[2.193s] -- Up-to-date: /home/locobot/locobot_ws/install/yolov8_msgs/include/yolov8_msgs/yolov8_msgs/msg/detail/mask__type_support.h
[2.193s] -- Up-to-date: /home/locobot/locobot_ws/install/yolov8_msgs/include/yolov8_msgs/yolov8_msgs/msg/detail/pose2_d__struct.h
[2.194s] -- Up-to-date: /home/locobot/locobot_ws/install/yolov8_msgs/include/yolov8_msgs/yolov8_msgs/msg/detail/vector2__type_support.h
[2.194s] -- Up-to-date: /home/locobot/locobot_ws/install/yolov8_msgs/include/yolov8_msgs/yolov8_msgs/msg/detail/bounding_box2_d__functions.c
[2.194s] -- Up-to-date: /home/locobot/locobot_ws/install/yolov8_msgs/include/yolov8_msgs/yolov8_msgs/msg/detail/key_point2_d_array__struct.h
[2.194s] -- Up-to-date: /home/locobot/locobot_ws/install/yolov8_msgs/include/yolov8_msgs/yolov8_msgs/msg/detail/bounding_box3_d__functions.h
[2.194s] -- Up-to-date: /home/locobot/locobot_ws/install/yolov8_msgs/include/yolov8_msgs/yolov8_msgs/msg/detail/vector2__functions.c
[2.194s] -- Up-to-date: /home/locobot/locobot_ws/install/yolov8_msgs/include/yolov8_msgs/yolov8_msgs/msg/detail/key_point2_d_array__functions.c
[2.194s] -- Up-to-date: /home/locobot/locobot_ws/install/yolov8_msgs/include/yolov8_msgs/yolov8_msgs/msg/detail/key_point3_d__struct.h
[2.194s] -- Up-to-date: /home/locobot/locobot_ws/install/yolov8_msgs/include/yolov8_msgs/yolov8_msgs/msg/detail/detection__functions.c
[2.194s] -- Up-to-date: /home/locobot/locobot_ws/install/yolov8_msgs/include/yolov8_msgs/yolov8_msgs/msg/detail/key_point2_d_array__functions.h
[2.195s] -- Up-to-date: /home/locobot/locobot_ws/install/yolov8_msgs/include/yolov8_msgs/yolov8_msgs/msg/detail/mask__struct.h
[2.195s] -- Up-to-date: /home/locobot/locobot_ws/install/yolov8_msgs/include/yolov8_msgs/yolov8_msgs/msg/detail/key_point3_d_array__functions.c
[2.195s] -- Up-to-date: /home/locobot/locobot_ws/install/yolov8_msgs/include/yolov8_msgs/yolov8_msgs/msg/detail/key_point3_d__functions.h
[2.195s] -- Up-to-date: /home/locobot/locobot_ws/install/yolov8_msgs/include/yolov8_msgs/yolov8_msgs/msg/detail/point2_d__functions.h
[2.195s] -- Up-to-date: /home/locobot/locobot_ws/install/yolov8_msgs/include/yolov8_msgs/yolov8_msgs/msg/detail/key_point2_d__type_support.h
[2.195s] -- Up-to-date: /home/locobot/locobot_ws/install/yolov8_msgs/include/yolov8_msgs/yolov8_msgs/msg/detail/bounding_box3_d__functions.c
[2.195s] -- Up-to-date: /home/locobot/locobot_ws/install/yolov8_msgs/include/yolov8_msgs/yolov8_msgs/msg/detail/bounding_box2_d__type_support.h
[2.195s] -- Up-to-date: /home/locobot/locobot_ws/install/yolov8_msgs/include/yolov8_msgs/yolov8_msgs/msg/detail/vector2__struct.h
[2.196s] -- Up-to-date: /home/locobot/locobot_ws/install/yolov8_msgs/include/yolov8_msgs/yolov8_msgs/msg/detail/detection__type_support.h
[2.196s] -- Up-to-date: /home/locobot/locobot_ws/install/yolov8_msgs/include/yolov8_msgs/yolov8_msgs/msg/detail/key_point3_d__functions.c
[2.196s] -- Up-to-date: /home/locobot/locobot_ws/install/yolov8_msgs/include/yolov8_msgs/yolov8_msgs/msg/detail/pose2_d__functions.c
[2.196s] -- Up-to-date: /home/locobot/locobot_ws/install/yolov8_msgs/include/yolov8_msgs/yolov8_msgs/msg/detail/point2_d__type_support.h
[2.196s] -- Up-to-date: /home/locobot/locobot_ws/install/yolov8_msgs/include/yolov8_msgs/yolov8_msgs/msg/detail/detection__functions.h
[2.196s] -- Up-to-date: /home/locobot/locobot_ws/install/yolov8_msgs/include/yolov8_msgs/yolov8_msgs/msg/detail/pose2_d__functions.h
[2.196s] -- Up-to-date: /home/locobot/locobot_ws/install/yolov8_msgs/include/yolov8_msgs/yolov8_msgs/msg/detail/bounding_box2_d__struct.h
[2.196s] -- Up-to-date: /home/locobot/locobot_ws/install/yolov8_msgs/include/yolov8_msgs/yolov8_msgs/msg/detail/key_point2_d__struct.h
[2.197s] -- Up-to-date: /home/locobot/locobot_ws/install/yolov8_msgs/include/yolov8_msgs/yolov8_msgs/msg/detail/mask__functions.h
[2.197s] -- Up-to-date: /home/locobot/locobot_ws/install/yolov8_msgs/include/yolov8_msgs/yolov8_msgs/msg/detail/detection_array__struct.h
[2.197s] -- Up-to-date: /home/locobot/locobot_ws/install/yolov8_msgs/include/yolov8_msgs/yolov8_msgs/msg/detail/detection_array__functions.c
[2.197s] -- Up-to-date: /home/locobot/locobot_ws/install/yolov8_msgs/include/yolov8_msgs/yolov8_msgs/msg/detail/bounding_box3_d__type_support.h
[2.197s] -- Up-to-date: /home/locobot/locobot_ws/install/yolov8_msgs/include/yolov8_msgs/yolov8_msgs/msg/detail/key_point3_d_array__struct.h
[2.197s] -- Up-to-date: /home/locobot/locobot_ws/install/yolov8_msgs/include/yolov8_msgs/yolov8_msgs/msg/detail/bounding_box3_d__struct.h
[2.197s] -- Up-to-date: /home/locobot/locobot_ws/install/yolov8_msgs/include/yolov8_msgs/yolov8_msgs/msg/detail/key_point3_d_array__type_support.h
[2.197s] -- Up-to-date: /home/locobot/locobot_ws/install/yolov8_msgs/include/yolov8_msgs/yolov8_msgs/msg/detail/key_point2_d__functions.c
[2.197s] -- Up-to-date: /home/locobot/locobot_ws/install/yolov8_msgs/include/yolov8_msgs/yolov8_msgs/msg/detail/key_point2_d_array__type_support.h
[2.197s] -- Up-to-date: /home/locobot/locobot_ws/install/yolov8_msgs/include/yolov8_msgs/yolov8_msgs/msg/detail/key_point3_d_array__functions.h
[2.198s] -- Up-to-date: /home/locobot/locobot_ws/install/yolov8_msgs/include/yolov8_msgs/yolov8_msgs/msg/detail/detection_array__functions.h
[2.198s] -- Up-to-date: /home/locobot/locobot_ws/install/yolov8_msgs/include/yolov8_msgs/yolov8_msgs/msg/detail/key_point3_d__type_support.h
[2.198s] -- Up-to-date: /home/locobot/locobot_ws/install/yolov8_msgs/include/yolov8_msgs/yolov8_msgs/msg/detail/bounding_box2_d__functions.h
[2.198s] -- Up-to-date: /home/locobot/locobot_ws/install/yolov8_msgs/include/yolov8_msgs/yolov8_msgs/msg/detail/detection__struct.h
[2.198s] -- Up-to-date: /home/locobot/locobot_ws/install/yolov8_msgs/include/yolov8_msgs/yolov8_msgs/msg/detail/mask__functions.c
[2.198s] -- Up-to-date: /home/locobot/locobot_ws/install/yolov8_msgs/include/yolov8_msgs/yolov8_msgs/msg/detail/vector2__functions.h
[2.198s] -- Up-to-date: /home/locobot/locobot_ws/install/yolov8_msgs/include/yolov8_msgs/yolov8_msgs/msg/detail/point2_d__struct.h
[2.198s] -- Up-to-date: /home/locobot/locobot_ws/install/yolov8_msgs/include/yolov8_msgs/yolov8_msgs/msg/detail/detection_array__type_support.h
[2.198s] -- Up-to-date: /home/locobot/locobot_ws/install/yolov8_msgs/include/yolov8_msgs/yolov8_msgs/msg/detail/pose2_d__type_support.h
[2.198s] -- Up-to-date: /home/locobot/locobot_ws/install/yolov8_msgs/include/yolov8_msgs/yolov8_msgs/msg/detail/key_point2_d__functions.h
[2.198s] -- Up-to-date: /home/locobot/locobot_ws/install/yolov8_msgs/include/yolov8_msgs/yolov8_msgs/msg/detail/point2_d__functions.c
[2.198s] -- Up-to-date: /home/locobot/locobot_ws/install/yolov8_msgs/include/yolov8_msgs/yolov8_msgs/msg/pose2_d.h
[2.199s] -- Up-to-date: /home/locobot/locobot_ws/install/yolov8_msgs/include/yolov8_msgs/yolov8_msgs/msg/vector2.h
[2.199s] -- Up-to-date: /home/locobot/locobot_ws/install/yolov8_msgs/include/yolov8_msgs/yolov8_msgs/msg/key_point3_d.h
[2.199s] -- Up-to-date: /home/locobot/locobot_ws/install/yolov8_msgs/include/yolov8_msgs/yolov8_msgs/msg/key_point2_d_array.h
[2.199s] -- Up-to-date: /home/locobot/locobot_ws/install/yolov8_msgs/include/yolov8_msgs/yolov8_msgs/msg/detection_array.h
[2.199s] -- Up-to-date: /home/locobot/locobot_ws/install/yolov8_msgs/include/yolov8_msgs/yolov8_msgs/msg/mask.h
[2.199s] -- Up-to-date: /home/locobot/locobot_ws/install/yolov8_msgs/include/yolov8_msgs/yolov8_msgs/msg/bounding_box2_d.h
[2.199s] -- Up-to-date: /home/locobot/locobot_ws/install/yolov8_msgs/include/yolov8_msgs/yolov8_msgs/msg/rosidl_generator_c__visibility_control.h
[2.199s] -- Up-to-date: /home/locobot/locobot_ws/install/yolov8_msgs/share/yolov8_msgs/environment/library_path.sh
[2.199s] -- Up-to-date: /home/locobot/locobot_ws/install/yolov8_msgs/share/yolov8_msgs/environment/library_path.dsv
[2.199s] -- Up-to-date: /home/locobot/locobot_ws/install/yolov8_msgs/lib/libyolov8_msgs__rosidl_generator_c.so
[2.199s] -- Up-to-date: /home/locobot/locobot_ws/install/yolov8_msgs/include/yolov8_msgs/yolov8_msgs
[2.200s] -- Up-to-date: /home/locobot/locobot_ws/install/yolov8_msgs/include/yolov8_msgs/yolov8_msgs/msg
[2.200s] -- Up-to-date: /home/locobot/locobot_ws/install/yolov8_msgs/include/yolov8_msgs/yolov8_msgs/msg/rosidl_typesupport_fastrtps_c__visibility_control.h
[2.200s] -- Up-to-date: /home/locobot/locobot_ws/install/yolov8_msgs/include/yolov8_msgs/yolov8_msgs/msg/detail
[2.200s] -- Up-to-date: /home/locobot/locobot_ws/install/yolov8_msgs/include/yolov8_msgs/yolov8_msgs/msg/detail/point2_d__rosidl_typesupport_fastrtps_c.h
[2.200s] -- Up-to-date: /home/locobot/locobot_ws/install/yolov8_msgs/include/yolov8_msgs/yolov8_msgs/msg/detail/bounding_box3_d__rosidl_typesupport_fastrtps_c.h
[2.201s] -- Up-to-date: /home/locobot/locobot_ws/install/yolov8_msgs/include/yolov8_msgs/yolov8_msgs/msg/detail/key_point2_d_array__rosidl_typesupport_fastrtps_c.h
[2.201s] -- Up-to-date: /home/locobot/locobot_ws/install/yolov8_msgs/include/yolov8_msgs/yolov8_msgs/msg/detail/mask__rosidl_typesupport_fastrtps_c.h
[2.201s] -- Up-to-date: /home/locobot/locobot_ws/install/yolov8_msgs/include/yolov8_msgs/yolov8_msgs/msg/detail/detection_array__rosidl_typesupport_fastrtps_c.h
[2.201s] -- Up-to-date: /home/locobot/locobot_ws/install/yolov8_msgs/include/yolov8_msgs/yolov8_msgs/msg/detail/vector2__rosidl_typesupport_fastrtps_c.h
[2.201s] -- Up-to-date: /home/locobot/locobot_ws/install/yolov8_msgs/include/yolov8_msgs/yolov8_msgs/msg/detail/detection__rosidl_typesupport_fastrtps_c.h
[2.201s] -- Up-to-date: /home/locobot/locobot_ws/install/yolov8_msgs/include/yolov8_msgs/yolov8_msgs/msg/detail/pose2_d__rosidl_typesupport_fastrtps_c.h
[2.201s] -- Up-to-date: /home/locobot/locobot_ws/install/yolov8_msgs/include/yolov8_msgs/yolov8_msgs/msg/detail/key_point2_d__rosidl_typesupport_fastrtps_c.h
[2.201s] -- Up-to-date: /home/locobot/locobot_ws/install/yolov8_msgs/include/yolov8_msgs/yolov8_msgs/msg/detail/bounding_box2_d__rosidl_typesupport_fastrtps_c.h
[2.201s] -- Up-to-date: /home/locobot/locobot_ws/install/yolov8_msgs/include/yolov8_msgs/yolov8_msgs/msg/detail/key_point3_d__rosidl_typesupport_fastrtps_c.h
[2.201s] -- Up-to-date: /home/locobot/locobot_ws/install/yolov8_msgs/include/yolov8_msgs/yolov8_msgs/msg/detail/key_point3_d_array__rosidl_typesupport_fastrtps_c.h
[2.202s] -- Up-to-date: /home/locobot/locobot_ws/install/yolov8_msgs/lib/libyolov8_msgs__rosidl_typesupport_fastrtps_c.so
[2.202s] -- Up-to-date: /home/locobot/locobot_ws/install/yolov8_msgs/include/yolov8_msgs/yolov8_msgs
[2.202s] -- Up-to-date: /home/locobot/locobot_ws/install/yolov8_msgs/include/yolov8_msgs/yolov8_msgs/msg
[2.202s] -- Up-to-date: /home/locobot/locobot_ws/install/yolov8_msgs/include/yolov8_msgs/yolov8_msgs/msg/detail
[2.202s] -- Up-to-date: /home/locobot/locobot_ws/install/yolov8_msgs/include/yolov8_msgs/yolov8_msgs/msg/detail/key_point3_d_array__rosidl_typesupport_introspection_c.h
[2.202s] -- Up-to-date: /home/locobot/locobot_ws/install/yolov8_msgs/include/yolov8_msgs/yolov8_msgs/msg/detail/key_point2_d__rosidl_typesupport_introspection_c.h
[2.202s] -- Up-to-date: /home/locobot/locobot_ws/install/yolov8_msgs/include/yolov8_msgs/yolov8_msgs/msg/detail/key_point3_d__rosidl_typesupport_introspection_c.h
[2.202s] -- Up-to-date: /home/locobot/locobot_ws/install/yolov8_msgs/include/yolov8_msgs/yolov8_msgs/msg/detail/bounding_box2_d__type_support.c
[2.202s] -- Up-to-date: /home/locobot/locobot_ws/install/yolov8_msgs/include/yolov8_msgs/yolov8_msgs/msg/detail/mask__type_support.c
[2.202s] -- Up-to-date: /home/locobot/locobot_ws/install/yolov8_msgs/include/yolov8_msgs/yolov8_msgs/msg/detail/detection__rosidl_typesupport_introspection_c.h
[2.202s] -- Up-to-date: /home/locobot/locobot_ws/install/yolov8_msgs/include/yolov8_msgs/yolov8_msgs/msg/detail/point2_d__rosidl_typesupport_introspection_c.h
[2.202s] -- Up-to-date: /home/locobot/locobot_ws/install/yolov8_msgs/include/yolov8_msgs/yolov8_msgs/msg/detail/key_point2_d_array__type_support.c
[2.202s] -- Up-to-date: /home/locobot/locobot_ws/install/yolov8_msgs/include/yolov8_msgs/yolov8_msgs/msg/detail/mask__rosidl_typesupport_introspection_c.h
[2.203s] -- Up-to-date: /home/locobot/locobot_ws/install/yolov8_msgs/include/yolov8_msgs/yolov8_msgs/msg/detail/bounding_box2_d__rosidl_typesupport_introspection_c.h
[2.203s] -- Up-to-date: /home/locobot/locobot_ws/install/yolov8_msgs/include/yolov8_msgs/yolov8_msgs/msg/detail/detection_array__rosidl_typesupport_introspection_c.h
[2.203s] -- Up-to-date: /home/locobot/locobot_ws/install/yolov8_msgs/include/yolov8_msgs/yolov8_msgs/msg/detail/point2_d__type_support.c
[2.203s] -- Up-to-date: /home/locobot/locobot_ws/install/yolov8_msgs/include/yolov8_msgs/yolov8_msgs/msg/detail/detection_array__type_support.c
[2.203s] -- Up-to-date: /home/locobot/locobot_ws/install/yolov8_msgs/include/yolov8_msgs/yolov8_msgs/msg/detail/vector2__rosidl_typesupport_introspection_c.h
[2.203s] -- Up-to-date: /home/locobot/locobot_ws/install/yolov8_msgs/include/yolov8_msgs/yolov8_msgs/msg/detail/key_point3_d_array__type_support.c
[2.203s] -- Up-to-date: /home/locobot/locobot_ws/install/yolov8_msgs/include/yolov8_msgs/yolov8_msgs/msg/detail/bounding_box3_d__rosidl_typesupport_introspection_c.h
[2.203s] -- Up-to-date: /home/locobot/locobot_ws/install/yolov8_msgs/include/yolov8_msgs/yolov8_msgs/msg/detail/key_point3_d__type_support.c
[2.203s] -- Up-to-date: /home/locobot/locobot_ws/install/yolov8_msgs/include/yolov8_msgs/yolov8_msgs/msg/detail/vector2__type_support.c
[2.203s] -- Up-to-date: /home/locobot/locobot_ws/install/yolov8_msgs/include/yolov8_msgs/yolov8_msgs/msg/detail/key_point2_d__type_support.c
[2.203s] -- Up-to-date: /home/locobot/locobot_ws/install/yolov8_msgs/include/yolov8_msgs/yolov8_msgs/msg/detail/bounding_box3_d__type_support.c
[2.203s] -- Up-to-date: /home/locobot/locobot_ws/install/yolov8_msgs/include/yolov8_msgs/yolov8_msgs/msg/detail/pose2_d__type_support.c
[2.204s] -- Up-to-date: /home/locobot/locobot_ws/install/yolov8_msgs/include/yolov8_msgs/yolov8_msgs/msg/detail/key_point2_d_array__rosidl_typesupport_introspection_c.h
[2.204s] -- Up-to-date: /home/locobot/locobot_ws/install/yolov8_msgs/include/yolov8_msgs/yolov8_msgs/msg/detail/detection__type_support.c
[2.204s] -- Up-to-date: /home/locobot/locobot_ws/install/yolov8_msgs/include/yolov8_msgs/yolov8_msgs/msg/detail/pose2_d__rosidl_typesupport_introspection_c.h
[2.204s] -- Up-to-date: /home/locobot/locobot_ws/install/yolov8_msgs/include/yolov8_msgs/yolov8_msgs/msg/rosidl_typesupport_introspection_c__visibility_control.h
[2.204s] -- Up-to-date: /home/locobot/locobot_ws/install/yolov8_msgs/lib/libyolov8_msgs__rosidl_typesupport_introspection_c.so
[2.204s] -- Up-to-date: /home/locobot/locobot_ws/install/yolov8_msgs/lib/libyolov8_msgs__rosidl_typesupport_c.so
[2.204s] -- Up-to-date: /home/locobot/locobot_ws/install/yolov8_msgs/include/yolov8_msgs/yolov8_msgs
[2.204s] -- Up-to-date: /home/locobot/locobot_ws/install/yolov8_msgs/include/yolov8_msgs/yolov8_msgs/msg
[2.204s] -- Up-to-date: /home/locobot/locobot_ws/install/yolov8_msgs/include/yolov8_msgs/yolov8_msgs/msg/key_point2_d.hpp
[2.204s] -- Up-to-date: /home/locobot/locobot_ws/install/yolov8_msgs/include/yolov8_msgs/yolov8_msgs/msg/bounding_box2_d.hpp
[2.204s] -- Up-to-date: /home/locobot/locobot_ws/install/yolov8_msgs/include/yolov8_msgs/yolov8_msgs/msg/key_point2_d_array.hpp
[2.205s] -- Up-to-date: /home/locobot/locobot_ws/install/yolov8_msgs/include/yolov8_msgs/yolov8_msgs/msg/bounding_box3_d.hpp
[2.205s] -- Up-to-date: /home/locobot/locobot_ws/install/yolov8_msgs/include/yolov8_msgs/yolov8_msgs/msg/key_point3_d_array.hpp
[2.205s] -- Up-to-date: /home/locobot/locobot_ws/install/yolov8_msgs/include/yolov8_msgs/yolov8_msgs/msg/detection.hpp
[2.205s] -- Up-to-date: /home/locobot/locobot_ws/install/yolov8_msgs/include/yolov8_msgs/yolov8_msgs/msg/detail
[2.205s] -- Up-to-date: /home/locobot/locobot_ws/install/yolov8_msgs/include/yolov8_msgs/yolov8_msgs/msg/detail/mask__builder.hpp
[2.205s] -- Up-to-date: /home/locobot/locobot_ws/install/yolov8_msgs/include/yolov8_msgs/yolov8_msgs/msg/detail/key_point2_d_array__traits.hpp
[2.205s] -- Up-to-date: /home/locobot/locobot_ws/install/yolov8_msgs/include/yolov8_msgs/yolov8_msgs/msg/detail/bounding_box2_d__builder.hpp
[2.205s] -- Up-to-date: /home/locobot/locobot_ws/install/yolov8_msgs/include/yolov8_msgs/yolov8_msgs/msg/detail/key_point2_d__builder.hpp
[2.205s] -- Up-to-date: /home/locobot/locobot_ws/install/yolov8_msgs/include/yolov8_msgs/yolov8_msgs/msg/detail/detection__builder.hpp
[2.205s] -- Up-to-date: /home/locobot/locobot_ws/install/yolov8_msgs/include/yolov8_msgs/yolov8_msgs/msg/detail/bounding_box3_d__struct.hpp
[2.205s] -- Up-to-date: /home/locobot/locobot_ws/install/yolov8_msgs/include/yolov8_msgs/yolov8_msgs/msg/detail/point2_d__struct.hpp
[2.205s] -- Up-to-date: /home/locobot/locobot_ws/install/yolov8_msgs/include/yolov8_msgs/yolov8_msgs/msg/detail/key_point3_d__struct.hpp
[2.205s] -- Up-to-date: /home/locobot/locobot_ws/install/yolov8_msgs/include/yolov8_msgs/yolov8_msgs/msg/detail/key_point2_d_array__struct.hpp
[2.205s] -- Up-to-date: /home/locobot/locobot_ws/install/yolov8_msgs/include/yolov8_msgs/yolov8_msgs/msg/detail/mask__struct.hpp
[2.205s] -- Up-to-date: /home/locobot/locobot_ws/install/yolov8_msgs/include/yolov8_msgs/yolov8_msgs/msg/detail/key_point3_d__traits.hpp
[2.206s] -- Up-to-date: /home/locobot/locobot_ws/install/yolov8_msgs/include/yolov8_msgs/yolov8_msgs/msg/detail/detection__traits.hpp
[2.206s] -- Up-to-date: /home/locobot/locobot_ws/install/yolov8_msgs/include/yolov8_msgs/yolov8_msgs/msg/detail/vector2__traits.hpp
[2.206s] -- Up-to-date: /home/locobot/locobot_ws/install/yolov8_msgs/include/yolov8_msgs/yolov8_msgs/msg/detail/key_point2_d__struct.hpp
[2.206s] -- Up-to-date: /home/locobot/locobot_ws/install/yolov8_msgs/include/yolov8_msgs/yolov8_msgs/msg/detail/detection_array__builder.hpp
[2.206s] -- Up-to-date: /home/locobot/locobot_ws/install/yolov8_msgs/include/yolov8_msgs/yolov8_msgs/msg/detail/bounding_box2_d__struct.hpp
[2.206s] -- Up-to-date: /home/locobot/locobot_ws/install/yolov8_msgs/include/yolov8_msgs/yolov8_msgs/msg/detail/key_point3_d__builder.hpp
[2.206s] -- Up-to-date: /home/locobot/locobot_ws/install/yolov8_msgs/include/yolov8_msgs/yolov8_msgs/msg/detail/bounding_box2_d__traits.hpp
[2.206s] -- Up-to-date: /home/locobot/locobot_ws/install/yolov8_msgs/include/yolov8_msgs/yolov8_msgs/msg/detail/key_point2_d_array__builder.hpp
[2.206s] -- Up-to-date: /home/locobot/locobot_ws/install/yolov8_msgs/include/yolov8_msgs/yolov8_msgs/msg/detail/bounding_box3_d__traits.hpp
[2.206s] -- Up-to-date: /home/locobot/locobot_ws/install/yolov8_msgs/include/yolov8_msgs/yolov8_msgs/msg/detail/key_point3_d_array__builder.hpp
[2.206s] -- Up-to-date: /home/locobot/locobot_ws/install/yolov8_msgs/include/yolov8_msgs/yolov8_msgs/msg/detail/vector2__struct.hpp
[2.206s] -- Up-to-date: /home/locobot/locobot_ws/install/yolov8_msgs/include/yolov8_msgs/yolov8_msgs/msg/detail/bounding_box3_d__builder.hpp
[2.206s] -- Up-to-date: /home/locobot/locobot_ws/install/yolov8_msgs/include/yolov8_msgs/yolov8_msgs/msg/detail/detection_array__struct.hpp
[2.206s] -- Up-to-date: /home/locobot/locobot_ws/install/yolov8_msgs/include/yolov8_msgs/yolov8_msgs/msg/detail/key_point3_d_array__struct.hpp
[2.206s] -- Up-to-date: /home/locobot/locobot_ws/install/yolov8_msgs/include/yolov8_msgs/yolov8_msgs/msg/detail/mask__traits.hpp
[2.206s] -- Up-to-date: /home/locobot/locobot_ws/install/yolov8_msgs/include/yolov8_msgs/yolov8_msgs/msg/detail/point2_d__builder.hpp
[2.207s] -- Up-to-date: /home/locobot/locobot_ws/install/yolov8_msgs/include/yolov8_msgs/yolov8_msgs/msg/detail/detection_array__traits.hpp
[2.207s] -- Up-to-date: /home/locobot/locobot_ws/install/yolov8_msgs/include/yolov8_msgs/yolov8_msgs/msg/detail/vector2__builder.hpp
[2.207s] -- Up-to-date: /home/locobot/locobot_ws/install/yolov8_msgs/include/yolov8_msgs/yolov8_msgs/msg/detail/key_point3_d_array__traits.hpp
[2.207s] -- Up-to-date: /home/locobot/locobot_ws/install/yolov8_msgs/include/yolov8_msgs/yolov8_msgs/msg/detail/pose2_d__builder.hpp
[2.207s] -- Up-to-date: /home/locobot/locobot_ws/install/yolov8_msgs/include/yolov8_msgs/yolov8_msgs/msg/detail/key_point2_d__traits.hpp
[2.207s] -- Up-to-date: /home/locobot/locobot_ws/install/yolov8_msgs/include/yolov8_msgs/yolov8_msgs/msg/detail/point2_d__traits.hpp
[2.207s] -- Up-to-date: /home/locobot/locobot_ws/install/yolov8_msgs/include/yolov8_msgs/yolov8_msgs/msg/detail/detection__struct.hpp
[2.207s] -- Up-to-date: /home/locobot/locobot_ws/install/yolov8_msgs/include/yolov8_msgs/yolov8_msgs/msg/detail/pose2_d__struct.hpp
[2.207s] -- Up-to-date: /home/locobot/locobot_ws/install/yolov8_msgs/include/yolov8_msgs/yolov8_msgs/msg/detail/pose2_d__traits.hpp
[2.207s] -- Up-to-date: /home/locobot/locobot_ws/install/yolov8_msgs/include/yolov8_msgs/yolov8_msgs/msg/detection_array.hpp
[2.207s] -- Up-to-date: /home/locobot/locobot_ws/install/yolov8_msgs/include/yolov8_msgs/yolov8_msgs/msg/point2_d.hpp
[2.208s] -- Up-to-date: /home/locobot/locobot_ws/install/yolov8_msgs/include/yolov8_msgs/yolov8_msgs/msg/key_point3_d.hpp
[2.208s] -- Up-to-date: /home/locobot/locobot_ws/install/yolov8_msgs/include/yolov8_msgs/yolov8_msgs/msg/vector2.hpp
[2.208s] -- Up-to-date: /home/locobot/locobot_ws/install/yolov8_msgs/include/yolov8_msgs/yolov8_msgs/msg/mask.hpp
[2.208s] -- Up-to-date: /home/locobot/locobot_ws/install/yolov8_msgs/include/yolov8_msgs/yolov8_msgs/msg/pose2_d.hpp
[2.208s] -- Up-to-date: /home/locobot/locobot_ws/install/yolov8_msgs/include/yolov8_msgs/yolov8_msgs
[2.208s] -- Up-to-date: /home/locobot/locobot_ws/install/yolov8_msgs/include/yolov8_msgs/yolov8_msgs/msg
[2.208s] -- Up-to-date: /home/locobot/locobot_ws/install/yolov8_msgs/include/yolov8_msgs/yolov8_msgs/msg/detail
[2.208s] -- Up-to-date: /home/locobot/locobot_ws/install/yolov8_msgs/include/yolov8_msgs/yolov8_msgs/msg/detail/mask__rosidl_typesupport_fastrtps_cpp.hpp
[2.208s] -- Up-to-date: /home/locobot/locobot_ws/install/yolov8_msgs/include/yolov8_msgs/yolov8_msgs/msg/detail/key_point3_d_array__rosidl_typesupport_fastrtps_cpp.hpp
[2.208s] -- Up-to-date: /home/locobot/locobot_ws/install/yolov8_msgs/include/yolov8_msgs/yolov8_msgs/msg/detail/pose2_d__rosidl_typesupport_fastrtps_cpp.hpp
[2.208s] -- Up-to-date: /home/locobot/locobot_ws/install/yolov8_msgs/include/yolov8_msgs/yolov8_msgs/msg/detail/detection__rosidl_typesupport_fastrtps_cpp.hpp
[2.209s] -- Up-to-date: /home/locobot/locobot_ws/install/yolov8_msgs/include/yolov8_msgs/yolov8_msgs/msg/detail/point2_d__rosidl_typesupport_fastrtps_cpp.hpp
[2.209s] -- Up-to-date: /home/locobot/locobot_ws/install/yolov8_msgs/include/yolov8_msgs/yolov8_msgs/msg/detail/key_point3_d__rosidl_typesupport_fastrtps_cpp.hpp
[2.209s] -- Up-to-date: /home/locobot/locobot_ws/install/yolov8_msgs/include/yolov8_msgs/yolov8_msgs/msg/detail/bounding_box2_d__rosidl_typesupport_fastrtps_cpp.hpp
[2.209s] -- Up-to-date: /home/locobot/locobot_ws/install/yolov8_msgs/include/yolov8_msgs/yolov8_msgs/msg/detail/key_point2_d_array__rosidl_typesupport_fastrtps_cpp.hpp
[2.209s] -- Up-to-date: /home/locobot/locobot_ws/install/yolov8_msgs/include/yolov8_msgs/yolov8_msgs/msg/detail/key_point2_d__rosidl_typesupport_fastrtps_cpp.hpp
[2.209s] -- Up-to-date: /home/locobot/locobot_ws/install/yolov8_msgs/include/yolov8_msgs/yolov8_msgs/msg/detail/dds_fastrtps
[2.209s] -- Up-to-date: /home/locobot/locobot_ws/install/yolov8_msgs/include/yolov8_msgs/yolov8_msgs/msg/detail/bounding_box3_d__rosidl_typesupport_fastrtps_cpp.hpp
[2.209s] -- Up-to-date: /home/locobot/locobot_ws/install/yolov8_msgs/include/yolov8_msgs/yolov8_msgs/msg/detail/detection_array__rosidl_typesupport_fastrtps_cpp.hpp
[2.209s] -- Up-to-date: /home/locobot/locobot_ws/install/yolov8_msgs/include/yolov8_msgs/yolov8_msgs/msg/detail/vector2__rosidl_typesupport_fastrtps_cpp.hpp
[2.210s] -- Up-to-date: /home/locobot/locobot_ws/install/yolov8_msgs/include/yolov8_msgs/yolov8_msgs/msg/rosidl_typesupport_fastrtps_cpp__visibility_control.h
[2.210s] -- Up-to-date: /home/locobot/locobot_ws/install/yolov8_msgs/lib/libyolov8_msgs__rosidl_typesupport_fastrtps_cpp.so
[2.210s] -- Up-to-date: /home/locobot/locobot_ws/install/yolov8_msgs/include/yolov8_msgs/yolov8_msgs
[2.210s] -- Up-to-date: /home/locobot/locobot_ws/install/yolov8_msgs/include/yolov8_msgs/yolov8_msgs/msg
[2.210s] -- Up-to-date: /home/locobot/locobot_ws/install/yolov8_msgs/include/yolov8_msgs/yolov8_msgs/msg/detail
[2.210s] -- Up-to-date: /home/locobot/locobot_ws/install/yolov8_msgs/include/yolov8_msgs/yolov8_msgs/msg/detail/bounding_box3_d__type_support.cpp
[2.210s] -- Up-to-date: /home/locobot/locobot_ws/install/yolov8_msgs/include/yolov8_msgs/yolov8_msgs/msg/detail/vector2__type_support.cpp
[2.210s] -- Up-to-date: /home/locobot/locobot_ws/install/yolov8_msgs/include/yolov8_msgs/yolov8_msgs/msg/detail/bounding_box3_d__rosidl_typesupport_introspection_cpp.hpp
[2.210s] -- Up-to-date: /home/locobot/locobot_ws/install/yolov8_msgs/include/yolov8_msgs/yolov8_msgs/msg/detail/pose2_d__rosidl_typesupport_introspection_cpp.hpp
[2.210s] -- Up-to-date: /home/locobot/locobot_ws/install/yolov8_msgs/include/yolov8_msgs/yolov8_msgs/msg/detail/point2_d__rosidl_typesupport_introspection_cpp.hpp
[2.210s] -- Up-to-date: /home/locobot/locobot_ws/install/yolov8_msgs/include/yolov8_msgs/yolov8_msgs/msg/detail/bounding_box2_d__type_support.cpp
[2.211s] -- Up-to-date: /home/locobot/locobot_ws/install/yolov8_msgs/include/yolov8_msgs/yolov8_msgs/msg/detail/vector2__rosidl_typesupport_introspection_cpp.hpp
[2.211s] -- Up-to-date: /home/locobot/locobot_ws/install/yolov8_msgs/include/yolov8_msgs/yolov8_msgs/msg/detail/mask__rosidl_typesupport_introspection_cpp.hpp
[2.211s] -- Up-to-date: /home/locobot/locobot_ws/install/yolov8_msgs/include/yolov8_msgs/yolov8_msgs/msg/detail/key_point2_d_array__type_support.cpp
[2.211s] -- Up-to-date: /home/locobot/locobot_ws/install/yolov8_msgs/include/yolov8_msgs/yolov8_msgs/msg/detail/key_point2_d_array__rosidl_typesupport_introspection_cpp.hpp
[2.211s] -- Up-to-date: /home/locobot/locobot_ws/install/yolov8_msgs/include/yolov8_msgs/yolov8_msgs/msg/detail/key_point3_d_array__rosidl_typesupport_introspection_cpp.hpp
[2.211s] -- Up-to-date: /home/locobot/locobot_ws/install/yolov8_msgs/include/yolov8_msgs/yolov8_msgs/msg/detail/point2_d__type_support.cpp
[2.211s] -- Up-to-date: /home/locobot/locobot_ws/install/yolov8_msgs/include/yolov8_msgs/yolov8_msgs/msg/detail/detection__rosidl_typesupport_introspection_cpp.hpp
[2.211s] -- Up-to-date: /home/locobot/locobot_ws/install/yolov8_msgs/include/yolov8_msgs/yolov8_msgs/msg/detail/key_point3_d__rosidl_typesupport_introspection_cpp.hpp
[2.211s] -- Up-to-date: /home/locobot/locobot_ws/install/yolov8_msgs/include/yolov8_msgs/yolov8_msgs/msg/detail/key_point3_d__type_support.cpp
[2.211s] -- Up-to-date: /home/locobot/locobot_ws/install/yolov8_msgs/include/yolov8_msgs/yolov8_msgs/msg/detail/key_point2_d__rosidl_typesupport_introspection_cpp.hpp
[2.212s] -- Up-to-date: /home/locobot/locobot_ws/install/yolov8_msgs/include/yolov8_msgs/yolov8_msgs/msg/detail/key_point3_d_array__type_support.cpp
[2.212s] -- Up-to-date: /home/locobot/locobot_ws/install/yolov8_msgs/include/yolov8_msgs/yolov8_msgs/msg/detail/mask__type_support.cpp
[2.212s] -- Up-to-date: /home/locobot/locobot_ws/install/yolov8_msgs/include/yolov8_msgs/yolov8_msgs/msg/detail/bounding_box2_d__rosidl_typesupport_introspection_cpp.hpp
[2.212s] -- Up-to-date: /home/locobot/locobot_ws/install/yolov8_msgs/include/yolov8_msgs/yolov8_msgs/msg/detail/pose2_d__type_support.cpp
[2.212s] -- Up-to-date: /home/locobot/locobot_ws/install/yolov8_msgs/include/yolov8_msgs/yolov8_msgs/msg/detail/detection__type_support.cpp
[2.212s] -- Up-to-date: /home/locobot/locobot_ws/install/yolov8_msgs/include/yolov8_msgs/yolov8_msgs/msg/detail/detection_array__type_support.cpp
[2.212s] -- Up-to-date: /home/locobot/locobot_ws/install/yolov8_msgs/include/yolov8_msgs/yolov8_msgs/msg/detail/key_point2_d__type_support.cpp
[2.212s] -- Up-to-date: /home/locobot/locobot_ws/install/yolov8_msgs/include/yolov8_msgs/yolov8_msgs/msg/detail/detection_array__rosidl_typesupport_introspection_cpp.hpp
[2.213s] -- Up-to-date: /home/locobot/locobot_ws/install/yolov8_msgs/lib/libyolov8_msgs__rosidl_typesupport_introspection_cpp.so
[2.213s] -- Up-to-date: /home/locobot/locobot_ws/install/yolov8_msgs/lib/libyolov8_msgs__rosidl_typesupport_cpp.so
[2.213s] -- Up-to-date: /home/locobot/locobot_ws/install/yolov8_msgs/share/yolov8_msgs/environment/pythonpath.sh
[2.213s] -- Up-to-date: /home/locobot/locobot_ws/install/yolov8_msgs/share/yolov8_msgs/environment/pythonpath.dsv
[2.213s] -- Up-to-date: /home/locobot/locobot_ws/install/yolov8_msgs/local/lib/python3.10/dist-packages/yolov8_msgs-0.0.0-py3.10.egg-info
[2.213s] -- Installing: /home/locobot/locobot_ws/install/yolov8_msgs/local/lib/python3.10/dist-packages/yolov8_msgs-0.0.0-py3.10.egg-info/dependency_links.txt
[2.213s] -- Installing: /home/locobot/locobot_ws/install/yolov8_msgs/local/lib/python3.10/dist-packages/yolov8_msgs-0.0.0-py3.10.egg-info/top_level.txt
[2.213s] -- Installing: /home/locobot/locobot_ws/install/yolov8_msgs/local/lib/python3.10/dist-packages/yolov8_msgs-0.0.0-py3.10.egg-info/SOURCES.txt
[2.213s] -- Installing: /home/locobot/locobot_ws/install/yolov8_msgs/local/lib/python3.10/dist-packages/yolov8_msgs-0.0.0-py3.10.egg-info/PKG-INFO
[2.214s] -- Up-to-date: /home/locobot/locobot_ws/install/yolov8_msgs/local/lib/python3.10/dist-packages/yolov8_msgs
[2.214s] -- Up-to-date: /home/locobot/locobot_ws/install/yolov8_msgs/local/lib/python3.10/dist-packages/yolov8_msgs/yolov8_msgs_s__rosidl_typesupport_c.cpython-310-x86_64-linux-gnu.so
[2.214s] -- Up-to-date: /home/locobot/locobot_ws/install/yolov8_msgs/local/lib/python3.10/dist-packages/yolov8_msgs/_yolov8_msgs_s.ep.rosidl_typesupport_c.c
[2.214s] -- Up-to-date: /home/locobot/locobot_ws/install/yolov8_msgs/local/lib/python3.10/dist-packages/yolov8_msgs/__init__.py
[2.214s] -- Up-to-date: /home/locobot/locobot_ws/install/yolov8_msgs/local/lib/python3.10/dist-packages/yolov8_msgs/_yolov8_msgs_s.ep.rosidl_typesupport_introspection_c.c
[2.214s] -- Up-to-date: /home/locobot/locobot_ws/install/yolov8_msgs/local/lib/python3.10/dist-packages/yolov8_msgs/_yolov8_msgs_s.ep.rosidl_typesupport_fastrtps_c.c
[2.214s] -- Up-to-date: /home/locobot/locobot_ws/install/yolov8_msgs/local/lib/python3.10/dist-packages/yolov8_msgs/yolov8_msgs_s__rosidl_typesupport_introspection_c.cpython-310-x86_64-linux-gnu.so
[2.214s] -- Up-to-date: /home/locobot/locobot_ws/install/yolov8_msgs/local/lib/python3.10/dist-packages/yolov8_msgs/msg
[2.214s] -- Up-to-date: /home/locobot/locobot_ws/install/yolov8_msgs/local/lib/python3.10/dist-packages/yolov8_msgs/msg/_vector2_s.c
[2.214s] -- Up-to-date: /home/locobot/locobot_ws/install/yolov8_msgs/local/lib/python3.10/dist-packages/yolov8_msgs/msg/_bounding_box3_d_s.c
[2.214s] -- Up-to-date: /home/locobot/locobot_ws/install/yolov8_msgs/local/lib/python3.10/dist-packages/yolov8_msgs/msg/_key_point2_d.py
[2.214s] -- Up-to-date: /home/locobot/locobot_ws/install/yolov8_msgs/local/lib/python3.10/dist-packages/yolov8_msgs/msg/_bounding_box2_d_s.c
[2.214s] -- Up-to-date: /home/locobot/locobot_ws/install/yolov8_msgs/local/lib/python3.10/dist-packages/yolov8_msgs/msg/_key_point2_d_array_s.c
[2.214s] -- Up-to-date: /home/locobot/locobot_ws/install/yolov8_msgs/local/lib/python3.10/dist-packages/yolov8_msgs/msg/_detection_array_s.c
[2.214s] -- Up-to-date: /home/locobot/locobot_ws/install/yolov8_msgs/local/lib/python3.10/dist-packages/yolov8_msgs/msg/_bounding_box2_d.py
[2.215s] -- Up-to-date: /home/locobot/locobot_ws/install/yolov8_msgs/local/lib/python3.10/dist-packages/yolov8_msgs/msg/_point2_d.py
[2.215s] -- Up-to-date: /home/locobot/locobot_ws/install/yolov8_msgs/local/lib/python3.10/dist-packages/yolov8_msgs/msg/_detection_s.c
[2.215s] -- Up-to-date: /home/locobot/locobot_ws/install/yolov8_msgs/local/lib/python3.10/dist-packages/yolov8_msgs/msg/_point2_d_s.c
[2.215s] -- Up-to-date: /home/locobot/locobot_ws/install/yolov8_msgs/local/lib/python3.10/dist-packages/yolov8_msgs/msg/_detection.py
[2.215s] -- Up-to-date: /home/locobot/locobot_ws/install/yolov8_msgs/local/lib/python3.10/dist-packages/yolov8_msgs/msg/_key_point2_d_array.py
[2.215s] -- Up-to-date: /home/locobot/locobot_ws/install/yolov8_msgs/local/lib/python3.10/dist-packages/yolov8_msgs/msg/_detection_array.py
[2.215s] -- Up-to-date: /home/locobot/locobot_ws/install/yolov8_msgs/local/lib/python3.10/dist-packages/yolov8_msgs/msg/_key_point3_d.py
[2.215s] -- Up-to-date: /home/locobot/locobot_ws/install/yolov8_msgs/local/lib/python3.10/dist-packages/yolov8_msgs/msg/__init__.py
[2.215s] -- Up-to-date: /home/locobot/locobot_ws/install/yolov8_msgs/local/lib/python3.10/dist-packages/yolov8_msgs/msg/_pose2_d.py
[2.215s] -- Up-to-date: /home/locobot/locobot_ws/install/yolov8_msgs/local/lib/python3.10/dist-packages/yolov8_msgs/msg/_key_point3_d_array.py
[2.215s] -- Up-to-date: /home/locobot/locobot_ws/install/yolov8_msgs/local/lib/python3.10/dist-packages/yolov8_msgs/msg/_pose2_d_s.c
[2.215s] -- Up-to-date: /home/locobot/locobot_ws/install/yolov8_msgs/local/lib/python3.10/dist-packages/yolov8_msgs/msg/_mask.py
[2.215s] -- Up-to-date: /home/locobot/locobot_ws/install/yolov8_msgs/local/lib/python3.10/dist-packages/yolov8_msgs/msg/_key_point3_d_array_s.c
[2.216s] -- Up-to-date: /home/locobot/locobot_ws/install/yolov8_msgs/local/lib/python3.10/dist-packages/yolov8_msgs/msg/_key_point3_d_s.c
[2.216s] -- Up-to-date: /home/locobot/locobot_ws/install/yolov8_msgs/local/lib/python3.10/dist-packages/yolov8_msgs/msg/_key_point2_d_s.c
[2.216s] -- Up-to-date: /home/locobot/locobot_ws/install/yolov8_msgs/local/lib/python3.10/dist-packages/yolov8_msgs/msg/_mask_s.c
[2.216s] -- Up-to-date: /home/locobot/locobot_ws/install/yolov8_msgs/local/lib/python3.10/dist-packages/yolov8_msgs/msg/_bounding_box3_d.py
[2.216s] -- Up-to-date: /home/locobot/locobot_ws/install/yolov8_msgs/local/lib/python3.10/dist-packages/yolov8_msgs/msg/_vector2.py
[2.216s] -- Up-to-date: /home/locobot/locobot_ws/install/yolov8_msgs/local/lib/python3.10/dist-packages/yolov8_msgs/yolov8_msgs_s__rosidl_typesupport_fastrtps_c.cpython-310-x86_64-linux-gnu.so
[2.216s] -- Up-to-date: /home/locobot/locobot_ws/install/yolov8_msgs/local/lib/python3.10/dist-packages/yolov8_msgs/libyolov8_msgs__rosidl_generator_py.so
[2.242s] Listing '/home/locobot/locobot_ws/install/yolov8_msgs/local/lib/python3.10/dist-packages/yolov8_msgs'...
[2.242s] Listing '/home/locobot/locobot_ws/install/yolov8_msgs/local/lib/python3.10/dist-packages/yolov8_msgs/msg'...
[2.252s] -- Up-to-date: /home/locobot/locobot_ws/install/yolov8_msgs/local/lib/python3.10/dist-packages/yolov8_msgs/yolov8_msgs_s__rosidl_typesupport_fastrtps_c.cpython-310-x86_64-linux-gnu.so
[2.253s] -- Up-to-date: /home/locobot/locobot_ws/install/yolov8_msgs/local/lib/python3.10/dist-packages/yolov8_msgs/yolov8_msgs_s__rosidl_typesupport_introspection_c.cpython-310-x86_64-linux-gnu.so
[2.253s] -- Up-to-date: /home/locobot/locobot_ws/install/yolov8_msgs/local/lib/python3.10/dist-packages/yolov8_msgs/yolov8_msgs_s__rosidl_typesupport_c.cpython-310-x86_64-linux-gnu.so
[2.254s] -- Up-to-date: /home/locobot/locobot_ws/install/yolov8_msgs/lib/libyolov8_msgs__rosidl_generator_py.so
[2.254s] -- Up-to-date: /home/locobot/locobot_ws/install/yolov8_msgs/share/yolov8_msgs/msg/Point2D.idl
[2.254s] -- Up-to-date: /home/locobot/locobot_ws/install/yolov8_msgs/share/yolov8_msgs/msg/Vector2.idl
[2.254s] -- Up-to-date: /home/locobot/locobot_ws/install/yolov8_msgs/share/yolov8_msgs/msg/Pose2D.idl
[2.255s] -- Up-to-date: /home/locobot/locobot_ws/install/yolov8_msgs/share/yolov8_msgs/msg/BoundingBox2D.idl
[2.255s] -- Up-to-date: /home/locobot/locobot_ws/install/yolov8_msgs/share/yolov8_msgs/msg/BoundingBox3D.idl
[2.255s] -- Up-to-date: /home/locobot/locobot_ws/install/yolov8_msgs/share/yolov8_msgs/msg/Mask.idl
[2.255s] -- Up-to-date: /home/locobot/locobot_ws/install/yolov8_msgs/share/yolov8_msgs/msg/KeyPoint2D.idl
[2.255s] -- Up-to-date: /home/locobot/locobot_ws/install/yolov8_msgs/share/yolov8_msgs/msg/KeyPoint2DArray.idl
[2.255s] -- Up-to-date: /home/locobot/locobot_ws/install/yolov8_msgs/share/yolov8_msgs/msg/KeyPoint3D.idl
[2.256s] -- Up-to-date: /home/locobot/locobot_ws/install/yolov8_msgs/share/yolov8_msgs/msg/KeyPoint3DArray.idl
[2.256s] -- Up-to-date: /home/locobot/locobot_ws/install/yolov8_msgs/share/yolov8_msgs/msg/Detection.idl
[2.256s] -- Up-to-date: /home/locobot/locobot_ws/install/yolov8_msgs/share/yolov8_msgs/msg/DetectionArray.idl
[2.256s] -- Up-to-date: /home/locobot/locobot_ws/install/yolov8_msgs/share/yolov8_msgs/msg/Point2D.msg
[2.256s] -- Up-to-date: /home/locobot/locobot_ws/install/yolov8_msgs/share/yolov8_msgs/msg/Vector2.msg
[2.256s] -- Up-to-date: /home/locobot/locobot_ws/install/yolov8_msgs/share/yolov8_msgs/msg/Pose2D.msg
[2.257s] -- Up-to-date: /home/locobot/locobot_ws/install/yolov8_msgs/share/yolov8_msgs/msg/BoundingBox2D.msg
[2.257s] -- Up-to-date: /home/locobot/locobot_ws/install/yolov8_msgs/share/yolov8_msgs/msg/BoundingBox3D.msg
[2.257s] -- Up-to-date: /home/locobot/locobot_ws/install/yolov8_msgs/share/yolov8_msgs/msg/Mask.msg
[2.257s] -- Up-to-date: /home/locobot/locobot_ws/install/yolov8_msgs/share/yolov8_msgs/msg/KeyPoint2D.msg
[2.257s] -- Up-to-date: /home/locobot/locobot_ws/install/yolov8_msgs/share/yolov8_msgs/msg/KeyPoint2DArray.msg
[2.257s] -- Up-to-date: /home/locobot/locobot_ws/install/yolov8_msgs/share/yolov8_msgs/msg/KeyPoint3D.msg
[2.258s] -- Up-to-date: /home/locobot/locobot_ws/install/yolov8_msgs/share/yolov8_msgs/msg/KeyPoint3DArray.msg
[2.258s] -- Up-to-date: /home/locobot/locobot_ws/install/yolov8_msgs/share/yolov8_msgs/msg/Detection.msg
[2.258s] -- Up-to-date: /home/locobot/locobot_ws/install/yolov8_msgs/share/yolov8_msgs/msg/DetectionArray.msg
[2.258s] -- Up-to-date: /home/locobot/locobot_ws/install/yolov8_msgs/share/ament_index/resource_index/package_run_dependencies/yolov8_msgs
[2.258s] -- Up-to-date: /home/locobot/locobot_ws/install/yolov8_msgs/share/ament_index/resource_index/parent_prefix_path/yolov8_msgs
[2.258s] -- Up-to-date: /home/locobot/locobot_ws/install/yolov8_msgs/share/yolov8_msgs/environment/ament_prefix_path.sh
[2.258s] -- Up-to-date: /home/locobot/locobot_ws/install/yolov8_msgs/share/yolov8_msgs/environment/ament_prefix_path.dsv
[2.258s] -- Up-to-date: /home/locobot/locobot_ws/install/yolov8_msgs/share/yolov8_msgs/environment/path.sh
[2.259s] -- Up-to-date: /home/locobot/locobot_ws/install/yolov8_msgs/share/yolov8_msgs/environment/path.dsv
[2.259s] -- Up-to-date: /home/locobot/locobot_ws/install/yolov8_msgs/share/yolov8_msgs/local_setup.bash
[2.259s] -- Up-to-date: /home/locobot/locobot_ws/install/yolov8_msgs/share/yolov8_msgs/local_setup.sh
[2.259s] -- Up-to-date: /home/locobot/locobot_ws/install/yolov8_msgs/share/yolov8_msgs/local_setup.zsh
[2.259s] -- Up-to-date: /home/locobot/locobot_ws/install/yolov8_msgs/share/yolov8_msgs/local_setup.dsv
[2.259s] -- Installing: /home/locobot/locobot_ws/install/yolov8_msgs/share/yolov8_msgs/package.dsv
[2.259s] -- Up-to-date: /home/locobot/locobot_ws/install/yolov8_msgs/share/ament_index/resource_index/packages/yolov8_msgs
[2.260s] -- Up-to-date: /home/locobot/locobot_ws/install/yolov8_msgs/share/yolov8_msgs/cmake/export_yolov8_msgs__rosidl_generator_cExport.cmake
[2.260s] -- Up-to-date: /home/locobot/locobot_ws/install/yolov8_msgs/share/yolov8_msgs/cmake/export_yolov8_msgs__rosidl_generator_cExport-noconfig.cmake
[2.260s] -- Up-to-date: /home/locobot/locobot_ws/install/yolov8_msgs/share/yolov8_msgs/cmake/export_yolov8_msgs__rosidl_typesupport_fastrtps_cExport.cmake
[2.260s] -- Up-to-date: /home/locobot/locobot_ws/install/yolov8_msgs/share/yolov8_msgs/cmake/export_yolov8_msgs__rosidl_typesupport_fastrtps_cExport-noconfig.cmake
[2.260s] -- Up-to-date: /home/locobot/locobot_ws/install/yolov8_msgs/share/yolov8_msgs/cmake/yolov8_msgs__rosidl_typesupport_introspection_cExport.cmake
[2.260s] -- Up-to-date: /home/locobot/locobot_ws/install/yolov8_msgs/share/yolov8_msgs/cmake/yolov8_msgs__rosidl_typesupport_introspection_cExport-noconfig.cmake
[2.260s] -- Up-to-date: /home/locobot/locobot_ws/install/yolov8_msgs/share/yolov8_msgs/cmake/yolov8_msgs__rosidl_typesupport_cExport.cmake
[2.260s] -- Up-to-date: /home/locobot/locobot_ws/install/yolov8_msgs/share/yolov8_msgs/cmake/yolov8_msgs__rosidl_typesupport_cExport-noconfig.cmake
[2.261s] -- Up-to-date: /home/locobot/locobot_ws/install/yolov8_msgs/share/yolov8_msgs/cmake/export_yolov8_msgs__rosidl_generator_cppExport.cmake
[2.261s] -- Up-to-date: /home/locobot/locobot_ws/install/yolov8_msgs/share/yolov8_msgs/cmake/export_yolov8_msgs__rosidl_typesupport_fastrtps_cppExport.cmake
[2.261s] -- Up-to-date: /home/locobot/locobot_ws/install/yolov8_msgs/share/yolov8_msgs/cmake/export_yolov8_msgs__rosidl_typesupport_fastrtps_cppExport-noconfig.cmake
[2.261s] -- Up-to-date: /home/locobot/locobot_ws/install/yolov8_msgs/share/yolov8_msgs/cmake/yolov8_msgs__rosidl_typesupport_introspection_cppExport.cmake
[2.262s] -- Up-to-date: /home/locobot/locobot_ws/install/yolov8_msgs/share/yolov8_msgs/cmake/yolov8_msgs__rosidl_typesupport_introspection_cppExport-noconfig.cmake
[2.262s] -- Up-to-date: /home/locobot/locobot_ws/install/yolov8_msgs/share/yolov8_msgs/cmake/yolov8_msgs__rosidl_typesupport_cppExport.cmake
[2.262s] -- Up-to-date: /home/locobot/locobot_ws/install/yolov8_msgs/share/yolov8_msgs/cmake/yolov8_msgs__rosidl_typesupport_cppExport-noconfig.cmake
[2.263s] -- Up-to-date: /home/locobot/locobot_ws/install/yolov8_msgs/share/yolov8_msgs/cmake/export_yolov8_msgs__rosidl_generator_pyExport.cmake
[2.263s] -- Up-to-date: /home/locobot/locobot_ws/install/yolov8_msgs/share/yolov8_msgs/cmake/export_yolov8_msgs__rosidl_generator_pyExport-noconfig.cmake
[2.263s] -- Up-to-date: /home/locobot/locobot_ws/install/yolov8_msgs/share/yolov8_msgs/cmake/rosidl_cmake-extras.cmake
[2.263s] -- Up-to-date: /home/locobot/locobot_ws/install/yolov8_msgs/share/yolov8_msgs/cmake/ament_cmake_export_dependencies-extras.cmake
[2.263s] -- Up-to-date: /home/locobot/locobot_ws/install/yolov8_msgs/share/yolov8_msgs/cmake/ament_cmake_export_include_directories-extras.cmake
[2.263s] -- Up-to-date: /home/locobot/locobot_ws/install/yolov8_msgs/share/yolov8_msgs/cmake/ament_cmake_export_libraries-extras.cmake
[2.263s] -- Up-to-date: /home/locobot/locobot_ws/install/yolov8_msgs/share/yolov8_msgs/cmake/ament_cmake_export_targets-extras.cmake
[2.264s] -- Up-to-date: /home/locobot/locobot_ws/install/yolov8_msgs/share/yolov8_msgs/cmake/rosidl_cmake_export_typesupport_targets-extras.cmake
[2.264s] -- Up-to-date: /home/locobot/locobot_ws/install/yolov8_msgs/share/yolov8_msgs/cmake/rosidl_cmake_export_typesupport_libraries-extras.cmake
[2.264s] -- Up-to-date: /home/locobot/locobot_ws/install/yolov8_msgs/share/yolov8_msgs/cmake/yolov8_msgsConfig.cmake
[2.264s] -- Up-to-date: /home/locobot/locobot_ws/install/yolov8_msgs/share/yolov8_msgs/cmake/yolov8_msgsConfig-version.cmake
[2.264s] -- Up-to-date: /home/locobot/locobot_ws/install/yolov8_msgs/share/yolov8_msgs/package.xml
[2.775s] Invoked command in '/home/locobot/locobot_ws/build/yolov8_msgs' returned '0': CMAKE_PREFIX_PATH=${CMAKE_PREFIX_PATH}:/home/locobot/interbotix_ws/install/interbotix_xslocobot_control:/home/locobot/interbotix_ws/install/interbotix_xs_modules:/home/locobot/interbotix_ws/install/interbotix_perception_modules:/home/locobot/interbotix_ws/install/interbotix_common_modules:/opt/ros/humble /usr/bin/cmake --install /home/locobot/locobot_ws/build/yolov8_msgs
