[0.015s] Invoking command in '/home/locobot/locobot_ws/build/create3_republisher': CMAKE_PREFIX_PATH=${CMAKE_PREFIX_PATH}:/home/locobot/locobot_ws/install/locobot_move:/home/locobot/locobot_ws/install/create3_teleop:/home/locobot/locobot_ws/install/create3_examples_py:/home/locobot/interbotix_ws/install/interbotix_xslocobot_control:/home/locobot/interbotix_ws/install/interbotix_xs_modules:/home/locobot/interbotix_ws/install/interbotix_perception_modules:/home/locobot/interbotix_ws/install/interbotix_common_modules:/opt/ros/humble /usr/bin/cmake --build /home/locobot/locobot_ws/build/create3_republisher -- -j4 -l4
[0.119s] [100%] Built target create3_republisher
[0.136s] Invoked command in '/home/locobot/locobot_ws/build/create3_republisher' returned '0': CMAKE_PREFIX_PATH=${CMAKE_PREFIX_PATH}:/home/locobot/locobot_ws/install/locobot_move:/home/locobot/locobot_ws/install/create3_teleop:/home/locobot/locobot_ws/install/create3_examples_py:/home/locobot/interbotix_ws/install/interbotix_xslocobot_control:/home/locobot/interbotix_ws/install/interbotix_xs_modules:/home/locobot/interbotix_ws/install/interbotix_perception_modules:/home/locobot/interbotix_ws/install/interbotix_common_modules:/opt/ros/humble /usr/bin/cmake --build /home/locobot/locobot_ws/build/create3_republisher -- -j4 -l4
[0.172s] Invoking command in '/home/locobot/locobot_ws/build/create3_republisher': CMAKE_PREFIX_PATH=${CMAKE_PREFIX_PATH}:/home/locobot/locobot_ws/install/locobot_move:/home/locobot/locobot_ws/install/create3_teleop:/home/locobot/locobot_ws/install/create3_examples_py:/home/locobot/interbotix_ws/install/interbotix_xslocobot_control:/home/locobot/interbotix_ws/install/interbotix_xs_modules:/home/locobot/interbotix_ws/install/interbotix_perception_modules:/home/locobot/interbotix_ws/install/interbotix_common_modules:/opt/ros/humble /usr/bin/cmake --install /home/locobot/locobot_ws/build/create3_republisher
[0.184s] -- Install configuration: ""
[0.185s] -- Up-to-date: /home/locobot/locobot_ws/install/create3_republisher/lib/create3_republisher/create3_republisher
[0.186s] -- Up-to-date: /home/locobot/locobot_ws/install/create3_republisher/share/create3_republisher/bringup
[0.186s] -- Up-to-date: /home/locobot/locobot_ws/install/create3_republisher/share/create3_republisher/bringup/params.yaml
[0.186s] -- Up-to-date: /home/locobot/locobot_ws/install/create3_republisher/share/create3_republisher/bringup/create3_republisher_launch.py
[0.186s] -- Up-to-date: /home/locobot/locobot_ws/install/create3_republisher/share/create3_republisher/dds-config
[0.187s] -- Up-to-date: /home/locobot/locobot_ws/install/create3_republisher/share/create3_republisher/dds-config/fastdds-passive-unicast.xml
[0.187s] -- Up-to-date: /home/locobot/locobot_ws/install/create3_republisher/share/create3_republisher/dds-config/fastdds-robot-passive-unicast.xml
[0.187s] -- Up-to-date: /home/locobot/locobot_ws/install/create3_republisher/share/create3_republisher/dds-config/fastdds-active-unicast.xml
[0.187s] -- Up-to-date: /home/locobot/locobot_ws/install/create3_republisher/share/ament_index/resource_index/package_run_dependencies/create3_republisher
[0.188s] -- Up-to-date: /home/locobot/locobot_ws/install/create3_republisher/share/ament_index/resource_index/parent_prefix_path/create3_republisher
[0.188s] -- Up-to-date: /home/locobot/locobot_ws/install/create3_republisher/share/create3_republisher/environment/ament_prefix_path.sh
[0.188s] -- Up-to-date: /home/locobot/locobot_ws/install/create3_republisher/share/create3_republisher/environment/ament_prefix_path.dsv
[0.188s] -- Up-to-date: /home/locobot/locobot_ws/install/create3_republisher/share/create3_republisher/environment/path.sh
[0.189s] -- Up-to-date: /home/locobot/locobot_ws/install/create3_republisher/share/create3_republisher/environment/path.dsv
[0.189s] -- Up-to-date: /home/locobot/locobot_ws/install/create3_republisher/share/create3_republisher/local_setup.bash
[0.189s] -- Up-to-date: /home/locobot/locobot_ws/install/create3_republisher/share/create3_republisher/local_setup.sh
[0.189s] -- Up-to-date: /home/locobot/locobot_ws/install/create3_republisher/share/create3_republisher/local_setup.zsh
[0.189s] -- Up-to-date: /home/locobot/locobot_ws/install/create3_republisher/share/create3_republisher/local_setup.dsv
[0.190s] -- Installing: /home/locobot/locobot_ws/install/create3_republisher/share/create3_republisher/package.dsv
[0.190s] -- Up-to-date: /home/locobot/locobot_ws/install/create3_republisher/share/ament_index/resource_index/packages/create3_republisher
[0.191s] -- Up-to-date: /home/locobot/locobot_ws/install/create3_republisher/share/create3_republisher/cmake/create3_republisherConfig.cmake
[0.191s] -- Up-to-date: /home/locobot/locobot_ws/install/create3_republisher/share/create3_republisher/cmake/create3_republisherConfig-version.cmake
[0.191s] -- Up-to-date: /home/locobot/locobot_ws/install/create3_republisher/share/create3_republisher/package.xml
[0.194s] Invoked command in '/home/locobot/locobot_ws/build/create3_republisher' returned '0': CMAKE_PREFIX_PATH=${CMAKE_PREFIX_PATH}:/home/locobot/locobot_ws/install/locobot_move:/home/locobot/locobot_ws/install/create3_teleop:/home/locobot/locobot_ws/install/create3_examples_py:/home/locobot/interbotix_ws/install/interbotix_xslocobot_control:/home/locobot/interbotix_ws/install/interbotix_xs_modules:/home/locobot/interbotix_ws/install/interbotix_perception_modules:/home/locobot/interbotix_ws/install/interbotix_common_modules:/opt/ros/humble /usr/bin/cmake --install /home/locobot/locobot_ws/build/create3_republisher
