[0.093s] DEBUG:colcon:Command line arguments: ['/usr/bin/colcon', 'build']
[0.093s] DEBUG:colcon:Parsed command line arguments: Namespace(log_base=None, log_level=None, verb_name='build', build_base='build', install_base='install', merge_install=False, symlink_install=False, test_result_base=None, continue_on_error=False, executor='parallel', parallel_workers=4, event_handlers=None, ignore_user_meta=False, metas=['./colcon.meta'], base_paths=['.'], packages_ignore=None, packages_ignore_regex=None, paths=None, packages_up_to=None, packages_up_to_regex=None, packages_above=None, packages_above_and_dependencies=None, packages_above_depth=None, packages_select_by_dep=None, packages_skip_by_dep=None, packages_skip_up_to=None, packages_select_build_failed=False, packages_skip_build_finished=False, packages_select_test_failures=False, packages_skip_test_passed=False, packages_select=None, packages_skip=None, packages_select_regex=None, packages_skip_regex=None, packages_start=None, packages_end=None, allow_overriding=[], cmake_args=None, cmake_target=None, cmake_target_skip_unavailable=False, cmake_clean_cache=False, cmake_clean_first=False, cmake_force_configure=False, ament_cmake_args=None, catkin_cmake_args=None, catkin_skip_building_tests=False, verb_parser=<colcon_defaults.argument_parser.defaults.DefaultArgumentsDecorator object at 0x747859ab0f70>, verb_extension=<colcon_core.verb.build.BuildVerb object at 0x747859c35c00>, main=<bound method BuildVerb.main of <colcon_core.verb.build.BuildVerb object at 0x747859c35c00>>)
[0.239s] Level 1:colcon.colcon_core.package_discovery:discover_packages(colcon_meta) check parameters
[0.239s] Level 1:colcon.colcon_core.package_discovery:discover_packages(recursive) check parameters
[0.239s] Level 1:colcon.colcon_core.package_discovery:discover_packages(ignore) check parameters
[0.239s] Level 1:colcon.colcon_core.package_discovery:discover_packages(path) check parameters
[0.239s] Level 1:colcon.colcon_core.package_discovery:discover_packages(colcon_meta) discover
[0.239s] Level 1:colcon.colcon_core.package_discovery:discover_packages(recursive) discover
[0.239s] INFO:colcon.colcon_core.package_discovery:Crawling recursively for packages in '/home/locobot/locobot_ws'
[0.239s] Level 1:colcon.colcon_core.package_identification:_identify(.) by extensions ['ignore', 'ignore_ament_install']
[0.239s] Level 1:colcon.colcon_core.package_identification:_identify(.) by extension 'ignore'
[0.239s] Level 1:colcon.colcon_core.package_identification:_identify(.) by extension 'ignore_ament_install'
[0.239s] Level 1:colcon.colcon_core.package_identification:_identify(.) by extensions ['colcon_pkg']
[0.239s] Level 1:colcon.colcon_core.package_identification:_identify(.) by extension 'colcon_pkg'
[0.239s] Level 1:colcon.colcon_core.package_identification:_identify(.) by extensions ['colcon_meta']
[0.239s] Level 1:colcon.colcon_core.package_identification:_identify(.) by extension 'colcon_meta'
[0.239s] Level 1:colcon.colcon_core.package_identification:_identify(.) by extensions ['ros']
[0.239s] Level 1:colcon.colcon_core.package_identification:_identify(.) by extension 'ros'
[0.249s] Level 1:colcon.colcon_core.package_identification:_identify(.) by extensions ['cmake', 'python']
[0.249s] Level 1:colcon.colcon_core.package_identification:_identify(.) by extension 'cmake'
[0.249s] Level 1:colcon.colcon_core.package_identification:_identify(.) by extension 'python'
[0.249s] Level 1:colcon.colcon_core.package_identification:_identify(.) by extensions ['python_setup_py']
[0.249s] Level 1:colcon.colcon_core.package_identification:_identify(.) by extension 'python_setup_py'
[0.249s] Level 1:colcon.colcon_core.package_identification:_identify(build) by extensions ['ignore', 'ignore_ament_install']
[0.249s] Level 1:colcon.colcon_core.package_identification:_identify(build) by extension 'ignore'
[0.249s] Level 1:colcon.colcon_core.package_identification:_identify(build) ignored
[0.250s] Level 1:colcon.colcon_core.package_identification:_identify(install) by extensions ['ignore', 'ignore_ament_install']
[0.250s] Level 1:colcon.colcon_core.package_identification:_identify(install) by extension 'ignore'
[0.250s] Level 1:colcon.colcon_core.package_identification:_identify(install) ignored
[0.250s] Level 1:colcon.colcon_core.package_identification:_identify(log) by extensions ['ignore', 'ignore_ament_install']
[0.250s] Level 1:colcon.colcon_core.package_identification:_identify(log) by extension 'ignore'
[0.250s] Level 1:colcon.colcon_core.package_identification:_identify(log) ignored
[0.250s] Level 1:colcon.colcon_core.package_identification:_identify(src) by extensions ['ignore', 'ignore_ament_install']
[0.250s] Level 1:colcon.colcon_core.package_identification:_identify(src) by extension 'ignore'
[0.250s] Level 1:colcon.colcon_core.package_identification:_identify(src) by extension 'ignore_ament_install'
[0.250s] Level 1:colcon.colcon_core.package_identification:_identify(src) by extensions ['colcon_pkg']
[0.250s] Level 1:colcon.colcon_core.package_identification:_identify(src) by extension 'colcon_pkg'
[0.250s] Level 1:colcon.colcon_core.package_identification:_identify(src) by extensions ['colcon_meta']
[0.250s] Level 1:colcon.colcon_core.package_identification:_identify(src) by extension 'colcon_meta'
[0.250s] Level 1:colcon.colcon_core.package_identification:_identify(src) by extensions ['ros']
[0.250s] Level 1:colcon.colcon_core.package_identification:_identify(src) by extension 'ros'
[0.250s] Level 1:colcon.colcon_core.package_identification:_identify(src) by extensions ['cmake', 'python']
[0.250s] Level 1:colcon.colcon_core.package_identification:_identify(src) by extension 'cmake'
[0.250s] Level 1:colcon.colcon_core.package_identification:_identify(src) by extension 'python'
[0.250s] Level 1:colcon.colcon_core.package_identification:_identify(src) by extensions ['python_setup_py']
[0.250s] Level 1:colcon.colcon_core.package_identification:_identify(src) by extension 'python_setup_py'
[0.250s] Level 1:colcon.colcon_core.package_identification:_identify(src/create3_examples) by extensions ['ignore', 'ignore_ament_install']
[0.251s] Level 1:colcon.colcon_core.package_identification:_identify(src/create3_examples) by extension 'ignore'
[0.251s] Level 1:colcon.colcon_core.package_identification:_identify(src/create3_examples) by extension 'ignore_ament_install'
[0.251s] Level 1:colcon.colcon_core.package_identification:_identify(src/create3_examples) by extensions ['colcon_pkg']
[0.251s] Level 1:colcon.colcon_core.package_identification:_identify(src/create3_examples) by extension 'colcon_pkg'
[0.251s] Level 1:colcon.colcon_core.package_identification:_identify(src/create3_examples) by extensions ['colcon_meta']
[0.251s] Level 1:colcon.colcon_core.package_identification:_identify(src/create3_examples) by extension 'colcon_meta'
[0.251s] Level 1:colcon.colcon_core.package_identification:_identify(src/create3_examples) by extensions ['ros']
[0.251s] Level 1:colcon.colcon_core.package_identification:_identify(src/create3_examples) by extension 'ros'
[0.251s] Level 1:colcon.colcon_core.package_identification:_identify(src/create3_examples) by extensions ['cmake', 'python']
[0.251s] Level 1:colcon.colcon_core.package_identification:_identify(src/create3_examples) by extension 'cmake'
[0.251s] Level 1:colcon.colcon_core.package_identification:_identify(src/create3_examples) by extension 'python'
[0.251s] Level 1:colcon.colcon_core.package_identification:_identify(src/create3_examples) by extensions ['python_setup_py']
[0.251s] Level 1:colcon.colcon_core.package_identification:_identify(src/create3_examples) by extension 'python_setup_py'
[0.251s] Level 1:colcon.colcon_core.package_identification:_identify(src/create3_examples/create3_coverage) by extensions ['ignore', 'ignore_ament_install']
[0.251s] Level 1:colcon.colcon_core.package_identification:_identify(src/create3_examples/create3_coverage) by extension 'ignore'
[0.251s] Level 1:colcon.colcon_core.package_identification:_identify(src/create3_examples/create3_coverage) by extension 'ignore_ament_install'
[0.251s] Level 1:colcon.colcon_core.package_identification:_identify(src/create3_examples/create3_coverage) by extensions ['colcon_pkg']
[0.251s] Level 1:colcon.colcon_core.package_identification:_identify(src/create3_examples/create3_coverage) by extension 'colcon_pkg'
[0.251s] Level 1:colcon.colcon_core.package_identification:_identify(src/create3_examples/create3_coverage) by extensions ['colcon_meta']
[0.251s] Level 1:colcon.colcon_core.package_identification:_identify(src/create3_examples/create3_coverage) by extension 'colcon_meta'
[0.251s] Level 1:colcon.colcon_core.package_identification:_identify(src/create3_examples/create3_coverage) by extensions ['ros']
[0.251s] Level 1:colcon.colcon_core.package_identification:_identify(src/create3_examples/create3_coverage) by extension 'ros'
[0.254s] DEBUG:colcon.colcon_core.package_identification:Package 'src/create3_examples/create3_coverage' with type 'ros.ament_cmake' and name 'create3_coverage'
[0.254s] Level 1:colcon.colcon_core.package_identification:_identify(src/create3_examples/create3_examples_msgs) by extensions ['ignore', 'ignore_ament_install']
[0.254s] Level 1:colcon.colcon_core.package_identification:_identify(src/create3_examples/create3_examples_msgs) by extension 'ignore'
[0.254s] Level 1:colcon.colcon_core.package_identification:_identify(src/create3_examples/create3_examples_msgs) by extension 'ignore_ament_install'
[0.254s] Level 1:colcon.colcon_core.package_identification:_identify(src/create3_examples/create3_examples_msgs) by extensions ['colcon_pkg']
[0.254s] Level 1:colcon.colcon_core.package_identification:_identify(src/create3_examples/create3_examples_msgs) by extension 'colcon_pkg'
[0.254s] Level 1:colcon.colcon_core.package_identification:_identify(src/create3_examples/create3_examples_msgs) by extensions ['colcon_meta']
[0.254s] Level 1:colcon.colcon_core.package_identification:_identify(src/create3_examples/create3_examples_msgs) by extension 'colcon_meta'
[0.254s] Level 1:colcon.colcon_core.package_identification:_identify(src/create3_examples/create3_examples_msgs) by extensions ['ros']
[0.254s] Level 1:colcon.colcon_core.package_identification:_identify(src/create3_examples/create3_examples_msgs) by extension 'ros'
[0.255s] DEBUG:colcon.colcon_core.package_identification:Package 'src/create3_examples/create3_examples_msgs' with type 'ros.ament_cmake' and name 'create3_examples_msgs'
[0.255s] Level 1:colcon.colcon_core.package_identification:_identify(src/create3_examples/create3_examples_py) by extensions ['ignore', 'ignore_ament_install']
[0.255s] Level 1:colcon.colcon_core.package_identification:_identify(src/create3_examples/create3_examples_py) by extension 'ignore'
[0.255s] Level 1:colcon.colcon_core.package_identification:_identify(src/create3_examples/create3_examples_py) by extension 'ignore_ament_install'
[0.255s] Level 1:colcon.colcon_core.package_identification:_identify(src/create3_examples/create3_examples_py) by extensions ['colcon_pkg']
[0.255s] Level 1:colcon.colcon_core.package_identification:_identify(src/create3_examples/create3_examples_py) by extension 'colcon_pkg'
[0.255s] Level 1:colcon.colcon_core.package_identification:_identify(src/create3_examples/create3_examples_py) by extensions ['colcon_meta']
[0.255s] Level 1:colcon.colcon_core.package_identification:_identify(src/create3_examples/create3_examples_py) by extension 'colcon_meta'
[0.255s] Level 1:colcon.colcon_core.package_identification:_identify(src/create3_examples/create3_examples_py) by extensions ['ros']
[0.255s] Level 1:colcon.colcon_core.package_identification:_identify(src/create3_examples/create3_examples_py) by extension 'ros'
[0.256s] DEBUG:colcon.colcon_core.package_identification:Package 'src/create3_examples/create3_examples_py' with type 'ros.ament_python' and name 'create3_examples_py'
[0.256s] Level 1:colcon.colcon_core.package_identification:_identify(src/create3_examples/create3_lidar_slam) by extensions ['ignore', 'ignore_ament_install']
[0.256s] Level 1:colcon.colcon_core.package_identification:_identify(src/create3_examples/create3_lidar_slam) by extension 'ignore'
[0.256s] Level 1:colcon.colcon_core.package_identification:_identify(src/create3_examples/create3_lidar_slam) by extension 'ignore_ament_install'
[0.256s] Level 1:colcon.colcon_core.package_identification:_identify(src/create3_examples/create3_lidar_slam) by extensions ['colcon_pkg']
[0.256s] Level 1:colcon.colcon_core.package_identification:_identify(src/create3_examples/create3_lidar_slam) by extension 'colcon_pkg'
[0.256s] Level 1:colcon.colcon_core.package_identification:_identify(src/create3_examples/create3_lidar_slam) by extensions ['colcon_meta']
[0.256s] Level 1:colcon.colcon_core.package_identification:_identify(src/create3_examples/create3_lidar_slam) by extension 'colcon_meta'
[0.256s] Level 1:colcon.colcon_core.package_identification:_identify(src/create3_examples/create3_lidar_slam) by extensions ['ros']
[0.256s] Level 1:colcon.colcon_core.package_identification:_identify(src/create3_examples/create3_lidar_slam) by extension 'ros'
[0.256s] DEBUG:colcon.colcon_core.package_identification:Package 'src/create3_examples/create3_lidar_slam' with type 'ros.ament_cmake' and name 'create3_lidar_slam'
[0.257s] Level 1:colcon.colcon_core.package_identification:_identify(src/create3_examples/create3_republisher) by extensions ['ignore', 'ignore_ament_install']
[0.257s] Level 1:colcon.colcon_core.package_identification:_identify(src/create3_examples/create3_republisher) by extension 'ignore'
[0.257s] Level 1:colcon.colcon_core.package_identification:_identify(src/create3_examples/create3_republisher) by extension 'ignore_ament_install'
[0.257s] Level 1:colcon.colcon_core.package_identification:_identify(src/create3_examples/create3_republisher) by extensions ['colcon_pkg']
[0.257s] Level 1:colcon.colcon_core.package_identification:_identify(src/create3_examples/create3_republisher) by extension 'colcon_pkg'
[0.257s] Level 1:colcon.colcon_core.package_identification:_identify(src/create3_examples/create3_republisher) by extensions ['colcon_meta']
[0.257s] Level 1:colcon.colcon_core.package_identification:_identify(src/create3_examples/create3_republisher) by extension 'colcon_meta'
[0.257s] Level 1:colcon.colcon_core.package_identification:_identify(src/create3_examples/create3_republisher) by extensions ['ros']
[0.257s] Level 1:colcon.colcon_core.package_identification:_identify(src/create3_examples/create3_republisher) by extension 'ros'
[0.258s] DEBUG:colcon.colcon_core.package_identification:Package 'src/create3_examples/create3_republisher' with type 'ros.ament_cmake' and name 'create3_republisher'
[0.258s] Level 1:colcon.colcon_core.package_identification:_identify(src/create3_examples/create3_teleop) by extensions ['ignore', 'ignore_ament_install']
[0.258s] Level 1:colcon.colcon_core.package_identification:_identify(src/create3_examples/create3_teleop) by extension 'ignore'
[0.258s] Level 1:colcon.colcon_core.package_identification:_identify(src/create3_examples/create3_teleop) by extension 'ignore_ament_install'
[0.258s] Level 1:colcon.colcon_core.package_identification:_identify(src/create3_examples/create3_teleop) by extensions ['colcon_pkg']
[0.258s] Level 1:colcon.colcon_core.package_identification:_identify(src/create3_examples/create3_teleop) by extension 'colcon_pkg'
[0.258s] Level 1:colcon.colcon_core.package_identification:_identify(src/create3_examples/create3_teleop) by extensions ['colcon_meta']
[0.258s] Level 1:colcon.colcon_core.package_identification:_identify(src/create3_examples/create3_teleop) by extension 'colcon_meta'
[0.258s] Level 1:colcon.colcon_core.package_identification:_identify(src/create3_examples/create3_teleop) by extensions ['ros']
[0.258s] Level 1:colcon.colcon_core.package_identification:_identify(src/create3_examples/create3_teleop) by extension 'ros'
[0.258s] DEBUG:colcon.colcon_core.package_identification:Package 'src/create3_examples/create3_teleop' with type 'ros.ament_python' and name 'create3_teleop'
[0.258s] Level 1:colcon.colcon_core.package_identification:_identify(src/locobot_move) by extensions ['ignore', 'ignore_ament_install']
[0.259s] Level 1:colcon.colcon_core.package_identification:_identify(src/locobot_move) by extension 'ignore'
[0.259s] Level 1:colcon.colcon_core.package_identification:_identify(src/locobot_move) by extension 'ignore_ament_install'
[0.259s] Level 1:colcon.colcon_core.package_identification:_identify(src/locobot_move) by extensions ['colcon_pkg']
[0.259s] Level 1:colcon.colcon_core.package_identification:_identify(src/locobot_move) by extension 'colcon_pkg'
[0.259s] Level 1:colcon.colcon_core.package_identification:_identify(src/locobot_move) by extensions ['colcon_meta']
[0.259s] Level 1:colcon.colcon_core.package_identification:_identify(src/locobot_move) by extension 'colcon_meta'
[0.259s] Level 1:colcon.colcon_core.package_identification:_identify(src/locobot_move) by extensions ['ros']
[0.259s] Level 1:colcon.colcon_core.package_identification:_identify(src/locobot_move) by extension 'ros'
[0.259s] DEBUG:colcon.colcon_core.package_identification:Package 'src/locobot_move' with type 'ros.ament_python' and name 'locobot_move'
[0.259s] Level 1:colcon.colcon_core.package_discovery:discover_packages(recursive) using defaults
[0.259s] Level 1:colcon.colcon_core.package_discovery:discover_packages(ignore) discover
[0.259s] Level 1:colcon.colcon_core.package_discovery:discover_packages(ignore) using defaults
[0.259s] Level 1:colcon.colcon_core.package_discovery:discover_packages(path) discover
[0.259s] Level 1:colcon.colcon_core.package_discovery:discover_packages(path) using defaults
[0.288s] Level 1:colcon.colcon_core.package_discovery:discover_packages(prefix_path) check parameters
[0.288s] Level 1:colcon.colcon_core.package_discovery:discover_packages(prefix_path) discover
[0.292s] DEBUG:colcon.colcon_installed_package_information.package_discovery:Found 52 installed packages in /home/locobot/interbotix_ws/install
[0.292s] DEBUG:colcon.colcon_installed_package_information.package_discovery:Found 1 installed packages in /home/locobot/apriltag_ws/install
[0.294s] DEBUG:colcon.colcon_installed_package_information.package_discovery:Found 352 installed packages in /opt/ros/humble
[0.295s] Level 1:colcon.colcon_core.package_discovery:discover_packages(prefix_path) using defaults
[0.338s] Level 5:colcon.colcon_core.verb:set package 'create3_examples_msgs' build argument 'cmake_args' from command line to 'None'
[0.338s] Level 5:colcon.colcon_core.verb:set package 'create3_examples_msgs' build argument 'cmake_target' from command line to 'None'
[0.338s] Level 5:colcon.colcon_core.verb:set package 'create3_examples_msgs' build argument 'cmake_target_skip_unavailable' from command line to 'False'
[0.338s] Level 5:colcon.colcon_core.verb:set package 'create3_examples_msgs' build argument 'cmake_clean_cache' from command line to 'False'
[0.338s] Level 5:colcon.colcon_core.verb:set package 'create3_examples_msgs' build argument 'cmake_clean_first' from command line to 'False'
[0.339s] Level 5:colcon.colcon_core.verb:set package 'create3_examples_msgs' build argument 'cmake_force_configure' from command line to 'False'
[0.339s] Level 5:colcon.colcon_core.verb:set package 'create3_examples_msgs' build argument 'ament_cmake_args' from command line to 'None'
[0.339s] Level 5:colcon.colcon_core.verb:set package 'create3_examples_msgs' build argument 'catkin_cmake_args' from command line to 'None'
[0.339s] Level 5:colcon.colcon_core.verb:set package 'create3_examples_msgs' build argument 'catkin_skip_building_tests' from command line to 'False'
[0.339s] DEBUG:colcon.colcon_core.verb:Building package 'create3_examples_msgs' with the following arguments: {'ament_cmake_args': None, 'build_base': '/home/locobot/locobot_ws/build/create3_examples_msgs', 'catkin_cmake_args': None, 'catkin_skip_building_tests': False, 'cmake_args': None, 'cmake_clean_cache': False, 'cmake_clean_first': False, 'cmake_force_configure': False, 'cmake_target': None, 'cmake_target_skip_unavailable': False, 'install_base': '/home/locobot/locobot_ws/install/create3_examples_msgs', 'merge_install': False, 'path': '/home/locobot/locobot_ws/src/create3_examples/create3_examples_msgs', 'symlink_install': False, 'test_result_base': None}
[0.339s] Level 5:colcon.colcon_core.verb:set package 'create3_examples_py' build argument 'cmake_args' from command line to 'None'
[0.339s] Level 5:colcon.colcon_core.verb:set package 'create3_examples_py' build argument 'cmake_target' from command line to 'None'
[0.339s] Level 5:colcon.colcon_core.verb:set package 'create3_examples_py' build argument 'cmake_target_skip_unavailable' from command line to 'False'
[0.339s] Level 5:colcon.colcon_core.verb:set package 'create3_examples_py' build argument 'cmake_clean_cache' from command line to 'False'
[0.339s] Level 5:colcon.colcon_core.verb:set package 'create3_examples_py' build argument 'cmake_clean_first' from command line to 'False'
[0.339s] Level 5:colcon.colcon_core.verb:set package 'create3_examples_py' build argument 'cmake_force_configure' from command line to 'False'
[0.339s] Level 5:colcon.colcon_core.verb:set package 'create3_examples_py' build argument 'ament_cmake_args' from command line to 'None'
[0.339s] Level 5:colcon.colcon_core.verb:set package 'create3_examples_py' build argument 'catkin_cmake_args' from command line to 'None'
[0.339s] Level 5:colcon.colcon_core.verb:set package 'create3_examples_py' build argument 'catkin_skip_building_tests' from command line to 'False'
[0.339s] DEBUG:colcon.colcon_core.verb:Building package 'create3_examples_py' with the following arguments: {'ament_cmake_args': None, 'build_base': '/home/locobot/locobot_ws/build/create3_examples_py', 'catkin_cmake_args': None, 'catkin_skip_building_tests': False, 'cmake_args': None, 'cmake_clean_cache': False, 'cmake_clean_first': False, 'cmake_force_configure': False, 'cmake_target': None, 'cmake_target_skip_unavailable': False, 'install_base': '/home/locobot/locobot_ws/install/create3_examples_py', 'merge_install': False, 'path': '/home/locobot/locobot_ws/src/create3_examples/create3_examples_py', 'symlink_install': False, 'test_result_base': None}
[0.339s] Level 5:colcon.colcon_core.verb:set package 'create3_lidar_slam' build argument 'cmake_args' from command line to 'None'
[0.339s] Level 5:colcon.colcon_core.verb:set package 'create3_lidar_slam' build argument 'cmake_target' from command line to 'None'
[0.339s] Level 5:colcon.colcon_core.verb:set package 'create3_lidar_slam' build argument 'cmake_target_skip_unavailable' from command line to 'False'
[0.339s] Level 5:colcon.colcon_core.verb:set package 'create3_lidar_slam' build argument 'cmake_clean_cache' from command line to 'False'
[0.340s] Level 5:colcon.colcon_core.verb:set package 'create3_lidar_slam' build argument 'cmake_clean_first' from command line to 'False'
[0.340s] Level 5:colcon.colcon_core.verb:set package 'create3_lidar_slam' build argument 'cmake_force_configure' from command line to 'False'
[0.340s] Level 5:colcon.colcon_core.verb:set package 'create3_lidar_slam' build argument 'ament_cmake_args' from command line to 'None'
[0.340s] Level 5:colcon.colcon_core.verb:set package 'create3_lidar_slam' build argument 'catkin_cmake_args' from command line to 'None'
[0.340s] Level 5:colcon.colcon_core.verb:set package 'create3_lidar_slam' build argument 'catkin_skip_building_tests' from command line to 'False'
[0.340s] DEBUG:colcon.colcon_core.verb:Building package 'create3_lidar_slam' with the following arguments: {'ament_cmake_args': None, 'build_base': '/home/locobot/locobot_ws/build/create3_lidar_slam', 'catkin_cmake_args': None, 'catkin_skip_building_tests': False, 'cmake_args': None, 'cmake_clean_cache': False, 'cmake_clean_first': False, 'cmake_force_configure': False, 'cmake_target': None, 'cmake_target_skip_unavailable': False, 'install_base': '/home/locobot/locobot_ws/install/create3_lidar_slam', 'merge_install': False, 'path': '/home/locobot/locobot_ws/src/create3_examples/create3_lidar_slam', 'symlink_install': False, 'test_result_base': None}
[0.340s] Level 5:colcon.colcon_core.verb:set package 'create3_republisher' build argument 'cmake_args' from command line to 'None'
[0.340s] Level 5:colcon.colcon_core.verb:set package 'create3_republisher' build argument 'cmake_target' from command line to 'None'
[0.340s] Level 5:colcon.colcon_core.verb:set package 'create3_republisher' build argument 'cmake_target_skip_unavailable' from command line to 'False'
[0.340s] Level 5:colcon.colcon_core.verb:set package 'create3_republisher' build argument 'cmake_clean_cache' from command line to 'False'
[0.340s] Level 5:colcon.colcon_core.verb:set package 'create3_republisher' build argument 'cmake_clean_first' from command line to 'False'
[0.340s] Level 5:colcon.colcon_core.verb:set package 'create3_republisher' build argument 'cmake_force_configure' from command line to 'False'
[0.340s] Level 5:colcon.colcon_core.verb:set package 'create3_republisher' build argument 'ament_cmake_args' from command line to 'None'
[0.340s] Level 5:colcon.colcon_core.verb:set package 'create3_republisher' build argument 'catkin_cmake_args' from command line to 'None'
[0.340s] Level 5:colcon.colcon_core.verb:set package 'create3_republisher' build argument 'catkin_skip_building_tests' from command line to 'False'
[0.340s] DEBUG:colcon.colcon_core.verb:Building package 'create3_republisher' with the following arguments: {'ament_cmake_args': None, 'build_base': '/home/locobot/locobot_ws/build/create3_republisher', 'catkin_cmake_args': None, 'catkin_skip_building_tests': False, 'cmake_args': None, 'cmake_clean_cache': False, 'cmake_clean_first': False, 'cmake_force_configure': False, 'cmake_target': None, 'cmake_target_skip_unavailable': False, 'install_base': '/home/locobot/locobot_ws/install/create3_republisher', 'merge_install': False, 'path': '/home/locobot/locobot_ws/src/create3_examples/create3_republisher', 'symlink_install': False, 'test_result_base': None}
[0.340s] Level 5:colcon.colcon_core.verb:set package 'create3_teleop' build argument 'cmake_args' from command line to 'None'
[0.340s] Level 5:colcon.colcon_core.verb:set package 'create3_teleop' build argument 'cmake_target' from command line to 'None'
[0.340s] Level 5:colcon.colcon_core.verb:set package 'create3_teleop' build argument 'cmake_target_skip_unavailable' from command line to 'False'
[0.340s] Level 5:colcon.colcon_core.verb:set package 'create3_teleop' build argument 'cmake_clean_cache' from command line to 'False'
[0.340s] Level 5:colcon.colcon_core.verb:set package 'create3_teleop' build argument 'cmake_clean_first' from command line to 'False'
[0.340s] Level 5:colcon.colcon_core.verb:set package 'create3_teleop' build argument 'cmake_force_configure' from command line to 'False'
[0.341s] Level 5:colcon.colcon_core.verb:set package 'create3_teleop' build argument 'ament_cmake_args' from command line to 'None'
[0.341s] Level 5:colcon.colcon_core.verb:set package 'create3_teleop' build argument 'catkin_cmake_args' from command line to 'None'
[0.341s] Level 5:colcon.colcon_core.verb:set package 'create3_teleop' build argument 'catkin_skip_building_tests' from command line to 'False'
[0.341s] DEBUG:colcon.colcon_core.verb:Building package 'create3_teleop' with the following arguments: {'ament_cmake_args': None, 'build_base': '/home/locobot/locobot_ws/build/create3_teleop', 'catkin_cmake_args': None, 'catkin_skip_building_tests': False, 'cmake_args': None, 'cmake_clean_cache': False, 'cmake_clean_first': False, 'cmake_force_configure': False, 'cmake_target': None, 'cmake_target_skip_unavailable': False, 'install_base': '/home/locobot/locobot_ws/install/create3_teleop', 'merge_install': False, 'path': '/home/locobot/locobot_ws/src/create3_examples/create3_teleop', 'symlink_install': False, 'test_result_base': None}
[0.341s] Level 5:colcon.colcon_core.verb:set package 'locobot_move' build argument 'cmake_args' from command line to 'None'
[0.341s] Level 5:colcon.colcon_core.verb:set package 'locobot_move' build argument 'cmake_target' from command line to 'None'
[0.341s] Level 5:colcon.colcon_core.verb:set package 'locobot_move' build argument 'cmake_target_skip_unavailable' from command line to 'False'
[0.341s] Level 5:colcon.colcon_core.verb:set package 'locobot_move' build argument 'cmake_clean_cache' from command line to 'False'
[0.341s] Level 5:colcon.colcon_core.verb:set package 'locobot_move' build argument 'cmake_clean_first' from command line to 'False'
[0.341s] Level 5:colcon.colcon_core.verb:set package 'locobot_move' build argument 'cmake_force_configure' from command line to 'False'
[0.341s] Level 5:colcon.colcon_core.verb:set package 'locobot_move' build argument 'ament_cmake_args' from command line to 'None'
[0.341s] Level 5:colcon.colcon_core.verb:set package 'locobot_move' build argument 'catkin_cmake_args' from command line to 'None'
[0.341s] Level 5:colcon.colcon_core.verb:set package 'locobot_move' build argument 'catkin_skip_building_tests' from command line to 'False'
[0.341s] DEBUG:colcon.colcon_core.verb:Building package 'locobot_move' with the following arguments: {'ament_cmake_args': None, 'build_base': '/home/locobot/locobot_ws/build/locobot_move', 'catkin_cmake_args': None, 'catkin_skip_building_tests': False, 'cmake_args': None, 'cmake_clean_cache': False, 'cmake_clean_first': False, 'cmake_force_configure': False, 'cmake_target': None, 'cmake_target_skip_unavailable': False, 'install_base': '/home/locobot/locobot_ws/install/locobot_move', 'merge_install': False, 'path': '/home/locobot/locobot_ws/src/locobot_move', 'symlink_install': False, 'test_result_base': None}
[0.341s] Level 5:colcon.colcon_core.verb:set package 'create3_coverage' build argument 'cmake_args' from command line to 'None'
[0.341s] Level 5:colcon.colcon_core.verb:set package 'create3_coverage' build argument 'cmake_target' from command line to 'None'
[0.341s] Level 5:colcon.colcon_core.verb:set package 'create3_coverage' build argument 'cmake_target_skip_unavailable' from command line to 'False'
[0.341s] Level 5:colcon.colcon_core.verb:set package 'create3_coverage' build argument 'cmake_clean_cache' from command line to 'False'
[0.341s] Level 5:colcon.colcon_core.verb:set package 'create3_coverage' build argument 'cmake_clean_first' from command line to 'False'
[0.342s] Level 5:colcon.colcon_core.verb:set package 'create3_coverage' build argument 'cmake_force_configure' from command line to 'False'
[0.342s] Level 5:colcon.colcon_core.verb:set package 'create3_coverage' build argument 'ament_cmake_args' from command line to 'None'
[0.342s] Level 5:colcon.colcon_core.verb:set package 'create3_coverage' build argument 'catkin_cmake_args' from command line to 'None'
[0.342s] Level 5:colcon.colcon_core.verb:set package 'create3_coverage' build argument 'catkin_skip_building_tests' from command line to 'False'
[0.342s] DEBUG:colcon.colcon_core.verb:Building package 'create3_coverage' with the following arguments: {'ament_cmake_args': None, 'build_base': '/home/locobot/locobot_ws/build/create3_coverage', 'catkin_cmake_args': None, 'catkin_skip_building_tests': False, 'cmake_args': None, 'cmake_clean_cache': False, 'cmake_clean_first': False, 'cmake_force_configure': False, 'cmake_target': None, 'cmake_target_skip_unavailable': False, 'install_base': '/home/locobot/locobot_ws/install/create3_coverage', 'merge_install': False, 'path': '/home/locobot/locobot_ws/src/create3_examples/create3_coverage', 'symlink_install': False, 'test_result_base': None}
[0.342s] INFO:colcon.colcon_core.executor:Executing jobs using 'parallel' executor
[0.343s] DEBUG:colcon.colcon_parallel_executor.executor.parallel:run_until_complete
[0.343s] INFO:colcon.colcon_ros.task.ament_cmake.build:Building ROS package in '/home/locobot/locobot_ws/src/create3_examples/create3_examples_msgs' with build type 'ament_cmake'
[0.343s] INFO:colcon.colcon_cmake.task.cmake.build:Building CMake package in '/home/locobot/locobot_ws/src/create3_examples/create3_examples_msgs'
[0.345s] INFO:colcon.colcon_core.plugin_system:Skipping extension 'colcon_core.shell.bat': Not used on non-Windows systems
[0.345s] INFO:colcon.colcon_core.shell:Skip shell extension 'powershell' for command environment: Not usable outside of PowerShell
[0.345s] DEBUG:colcon.colcon_core.shell:Skip shell extension 'dsv' for command environment
[0.351s] INFO:colcon.colcon_ros.task.ament_python.build:Building ROS package in '/home/locobot/locobot_ws/src/create3_examples/create3_examples_py' with build type 'ament_python'
[0.351s] Level 1:colcon.colcon_core.shell:create_environment_hook('create3_examples_py', 'ament_prefix_path')
[0.351s] INFO:colcon.colcon_core.shell:Creating environment hook '/home/locobot/locobot_ws/install/create3_examples_py/share/create3_examples_py/hook/ament_prefix_path.ps1'
[0.352s] INFO:colcon.colcon_core.shell:Creating environment descriptor '/home/locobot/locobot_ws/install/create3_examples_py/share/create3_examples_py/hook/ament_prefix_path.dsv'
[0.353s] INFO:colcon.colcon_core.shell:Creating environment hook '/home/locobot/locobot_ws/install/create3_examples_py/share/create3_examples_py/hook/ament_prefix_path.sh'
[0.353s] INFO:colcon.colcon_core.shell:Skip shell extension 'powershell' for command environment: Not usable outside of PowerShell
[0.353s] DEBUG:colcon.colcon_core.shell:Skip shell extension 'dsv' for command environment
[0.358s] INFO:colcon.colcon_ros.task.ament_cmake.build:Building ROS package in '/home/locobot/locobot_ws/src/create3_examples/create3_lidar_slam' with build type 'ament_cmake'
[0.359s] INFO:colcon.colcon_cmake.task.cmake.build:Building CMake package in '/home/locobot/locobot_ws/src/create3_examples/create3_lidar_slam'
[0.359s] INFO:colcon.colcon_core.shell:Skip shell extension 'powershell' for command environment: Not usable outside of PowerShell
[0.359s] DEBUG:colcon.colcon_core.shell:Skip shell extension 'dsv' for command environment
[0.364s] INFO:colcon.colcon_ros.task.ament_cmake.build:Building ROS package in '/home/locobot/locobot_ws/src/create3_examples/create3_republisher' with build type 'ament_cmake'
[0.364s] INFO:colcon.colcon_cmake.task.cmake.build:Building CMake package in '/home/locobot/locobot_ws/src/create3_examples/create3_republisher'
[0.365s] INFO:colcon.colcon_core.shell:Skip shell extension 'powershell' for command environment: Not usable outside of PowerShell
[0.365s] DEBUG:colcon.colcon_core.shell:Skip shell extension 'dsv' for command environment
[0.374s] DEBUG:colcon.colcon_core.event_handler.log_command:Invoking command in '/home/locobot/locobot_ws/build/create3_examples_msgs': CMAKE_PREFIX_PATH=${CMAKE_PREFIX_PATH}:/home/locobot/interbotix_ws/install/interbotix_xs_modules:/home/locobot/interbotix_ws/install/interbotix_perception_modules:/home/locobot/interbotix_ws/install/interbotix_common_modules:/opt/ros/humble /usr/bin/cmake --build /home/locobot/locobot_ws/build/create3_examples_msgs -- -j4 -l4
[0.701s] INFO:colcon.colcon_core.task.python.build:Building Python package in '/home/locobot/locobot_ws/src/create3_examples/create3_examples_py'
[0.701s] INFO:colcon.colcon_core.shell:Skip shell extension 'powershell' for command environment: Not usable outside of PowerShell
[0.701s] DEBUG:colcon.colcon_core.shell:Skip shell extension 'dsv' for command environment
[0.709s] DEBUG:colcon.colcon_core.event_handler.log_command:Invoking command in '/home/locobot/locobot_ws/build/create3_lidar_slam': CMAKE_PREFIX_PATH=${CMAKE_PREFIX_PATH}:/home/locobot/interbotix_ws/install/interbotix_xs_modules:/home/locobot/interbotix_ws/install/interbotix_perception_modules:/home/locobot/interbotix_ws/install/interbotix_common_modules:/opt/ros/humble /usr/bin/cmake --build /home/locobot/locobot_ws/build/create3_lidar_slam -- -j4 -l4
[0.717s] DEBUG:colcon.colcon_core.event_handler.log_command:Invoking command in '/home/locobot/locobot_ws/build/create3_republisher': CMAKE_PREFIX_PATH=${CMAKE_PREFIX_PATH}:/home/locobot/interbotix_ws/install/interbotix_xs_modules:/home/locobot/interbotix_ws/install/interbotix_perception_modules:/home/locobot/interbotix_ws/install/interbotix_common_modules:/opt/ros/humble /usr/bin/cmake --build /home/locobot/locobot_ws/build/create3_republisher -- -j4 -l4
[0.760s] DEBUG:colcon.colcon_core.event_handler.log_command:Invoked command in '/home/locobot/locobot_ws/build/create3_lidar_slam' returned '0': CMAKE_PREFIX_PATH=${CMAKE_PREFIX_PATH}:/home/locobot/interbotix_ws/install/interbotix_xs_modules:/home/locobot/interbotix_ws/install/interbotix_perception_modules:/home/locobot/interbotix_ws/install/interbotix_common_modules:/opt/ros/humble /usr/bin/cmake --build /home/locobot/locobot_ws/build/create3_lidar_slam -- -j4 -l4
[0.806s] DEBUG:colcon.colcon_core.event_handler.log_command:Invoking command in '/home/locobot/locobot_ws/build/create3_lidar_slam': CMAKE_PREFIX_PATH=${CMAKE_PREFIX_PATH}:/home/locobot/interbotix_ws/install/interbotix_xs_modules:/home/locobot/interbotix_ws/install/interbotix_perception_modules:/home/locobot/interbotix_ws/install/interbotix_common_modules:/opt/ros/humble /usr/bin/cmake --install /home/locobot/locobot_ws/build/create3_lidar_slam
[0.812s] DEBUG:colcon.colcon_core.event_handler.log_command:Invoked command in '/home/locobot/locobot_ws/build/create3_republisher' returned '0': CMAKE_PREFIX_PATH=${CMAKE_PREFIX_PATH}:/home/locobot/interbotix_ws/install/interbotix_xs_modules:/home/locobot/interbotix_ws/install/interbotix_perception_modules:/home/locobot/interbotix_ws/install/interbotix_common_modules:/opt/ros/humble /usr/bin/cmake --build /home/locobot/locobot_ws/build/create3_republisher -- -j4 -l4
[0.826s] Level 1:colcon.colcon_core.environment:create_environment_scripts_only(create3_lidar_slam)
[0.830s] Level 1:colcon.colcon_core.environment:checking '/home/locobot/locobot_ws/install/create3_lidar_slam' for CMake module files
[0.831s] DEBUG:colcon.colcon_core.event_handler.log_command:Invoked command in '/home/locobot/locobot_ws/build/create3_lidar_slam' returned '0': CMAKE_PREFIX_PATH=${CMAKE_PREFIX_PATH}:/home/locobot/interbotix_ws/install/interbotix_xs_modules:/home/locobot/interbotix_ws/install/interbotix_perception_modules:/home/locobot/interbotix_ws/install/interbotix_common_modules:/opt/ros/humble /usr/bin/cmake --install /home/locobot/locobot_ws/build/create3_lidar_slam
[0.832s] Level 1:colcon.colcon_core.environment:checking '/home/locobot/locobot_ws/install/create3_lidar_slam' for CMake config files
[0.832s] Level 1:colcon.colcon_core.shell:create_environment_hook('create3_lidar_slam', 'cmake_prefix_path')
[0.832s] INFO:colcon.colcon_core.shell:Creating environment hook '/home/locobot/locobot_ws/install/create3_lidar_slam/share/create3_lidar_slam/hook/cmake_prefix_path.ps1'
[0.833s] INFO:colcon.colcon_core.shell:Creating environment descriptor '/home/locobot/locobot_ws/install/create3_lidar_slam/share/create3_lidar_slam/hook/cmake_prefix_path.dsv'
[0.833s] INFO:colcon.colcon_core.shell:Creating environment hook '/home/locobot/locobot_ws/install/create3_lidar_slam/share/create3_lidar_slam/hook/cmake_prefix_path.sh'
[0.834s] Level 1:colcon.colcon_core.environment:checking '/home/locobot/locobot_ws/install/create3_lidar_slam/bin'
[0.834s] Level 1:colcon.colcon_core.environment:checking '/home/locobot/locobot_ws/install/create3_lidar_slam/lib/pkgconfig/create3_lidar_slam.pc'
[0.835s] Level 1:colcon.colcon_core.environment:checking '/home/locobot/locobot_ws/install/create3_lidar_slam/lib/python3.10/site-packages'
[0.835s] Level 1:colcon.colcon_core.environment:checking '/home/locobot/locobot_ws/install/create3_lidar_slam/bin'
[0.835s] INFO:colcon.colcon_core.shell:Creating package script '/home/locobot/locobot_ws/install/create3_lidar_slam/share/create3_lidar_slam/package.ps1'
[0.837s] INFO:colcon.colcon_core.shell:Creating package descriptor '/home/locobot/locobot_ws/install/create3_lidar_slam/share/create3_lidar_slam/package.dsv'
[0.837s] INFO:colcon.colcon_core.shell:Creating package script '/home/locobot/locobot_ws/install/create3_lidar_slam/share/create3_lidar_slam/package.sh'
[0.839s] INFO:colcon.colcon_core.shell:Creating package script '/home/locobot/locobot_ws/install/create3_lidar_slam/share/create3_lidar_slam/package.bash'
[0.840s] INFO:colcon.colcon_core.shell:Creating package script '/home/locobot/locobot_ws/install/create3_lidar_slam/share/create3_lidar_slam/package.zsh'
[0.841s] Level 1:colcon.colcon_core.environment:create_file_with_runtime_dependencies(/home/locobot/locobot_ws/install/create3_lidar_slam/share/colcon-core/packages/create3_lidar_slam)
[0.846s] DEBUG:colcon.colcon_core.event_handler.log_command:Invoked command in '/home/locobot/locobot_ws/build/create3_examples_msgs' returned '0': CMAKE_PREFIX_PATH=${CMAKE_PREFIX_PATH}:/home/locobot/interbotix_ws/install/interbotix_xs_modules:/home/locobot/interbotix_ws/install/interbotix_perception_modules:/home/locobot/interbotix_ws/install/interbotix_common_modules:/opt/ros/humble /usr/bin/cmake --build /home/locobot/locobot_ws/build/create3_examples_msgs -- -j4 -l4
[0.849s] DEBUG:colcon.colcon_core.event_handler.log_command:Invoking command in '/home/locobot/locobot_ws/build/create3_republisher': CMAKE_PREFIX_PATH=${CMAKE_PREFIX_PATH}:/home/locobot/interbotix_ws/install/interbotix_xs_modules:/home/locobot/interbotix_ws/install/interbotix_perception_modules:/home/locobot/interbotix_ws/install/interbotix_common_modules:/opt/ros/humble /usr/bin/cmake --install /home/locobot/locobot_ws/build/create3_republisher
[0.866s] Level 1:colcon.colcon_core.environment:create_environment_scripts_only(create3_republisher)
[0.867s] Level 1:colcon.colcon_core.environment:checking '/home/locobot/locobot_ws/install/create3_republisher' for CMake module files
[0.867s] Level 1:colcon.colcon_core.environment:checking '/home/locobot/locobot_ws/install/create3_republisher' for CMake config files
[0.866s] DEBUG:colcon.colcon_core.event_handler.log_command:Invoked command in '/home/locobot/locobot_ws/build/create3_republisher' returned '0': CMAKE_PREFIX_PATH=${CMAKE_PREFIX_PATH}:/home/locobot/interbotix_ws/install/interbotix_xs_modules:/home/locobot/interbotix_ws/install/interbotix_perception_modules:/home/locobot/interbotix_ws/install/interbotix_common_modules:/opt/ros/humble /usr/bin/cmake --install /home/locobot/locobot_ws/build/create3_republisher
[0.868s] Level 1:colcon.colcon_core.shell:create_environment_hook('create3_republisher', 'cmake_prefix_path')
[0.868s] INFO:colcon.colcon_core.shell:Creating environment hook '/home/locobot/locobot_ws/install/create3_republisher/share/create3_republisher/hook/cmake_prefix_path.ps1'
[0.869s] INFO:colcon.colcon_core.shell:Creating environment descriptor '/home/locobot/locobot_ws/install/create3_republisher/share/create3_republisher/hook/cmake_prefix_path.dsv'
[0.869s] INFO:colcon.colcon_core.shell:Creating environment hook '/home/locobot/locobot_ws/install/create3_republisher/share/create3_republisher/hook/cmake_prefix_path.sh'
[0.870s] Level 1:colcon.colcon_core.environment:checking '/home/locobot/locobot_ws/install/create3_republisher/lib'
[0.870s] Level 1:colcon.colcon_core.environment:checking '/home/locobot/locobot_ws/install/create3_republisher/bin'
[0.870s] Level 1:colcon.colcon_core.environment:checking '/home/locobot/locobot_ws/install/create3_republisher/lib/pkgconfig/create3_republisher.pc'
[0.871s] Level 1:colcon.colcon_core.environment:checking '/home/locobot/locobot_ws/install/create3_republisher/lib/python3.10/site-packages'
[0.871s] Level 1:colcon.colcon_core.environment:checking '/home/locobot/locobot_ws/install/create3_republisher/bin'
[0.871s] INFO:colcon.colcon_core.shell:Creating package script '/home/locobot/locobot_ws/install/create3_republisher/share/create3_republisher/package.ps1'
[0.872s] INFO:colcon.colcon_core.shell:Creating package descriptor '/home/locobot/locobot_ws/install/create3_republisher/share/create3_republisher/package.dsv'
[0.872s] INFO:colcon.colcon_core.shell:Creating package script '/home/locobot/locobot_ws/install/create3_republisher/share/create3_republisher/package.sh'
[0.873s] INFO:colcon.colcon_core.shell:Creating package script '/home/locobot/locobot_ws/install/create3_republisher/share/create3_republisher/package.bash'
[0.873s] INFO:colcon.colcon_core.shell:Creating package script '/home/locobot/locobot_ws/install/create3_republisher/share/create3_republisher/package.zsh'
[0.874s] Level 1:colcon.colcon_core.environment:create_file_with_runtime_dependencies(/home/locobot/locobot_ws/install/create3_republisher/share/colcon-core/packages/create3_republisher)
[0.875s] Level 1:colcon.colcon_core.environment:create_environment_scripts_only(create3_lidar_slam)
[0.876s] Level 1:colcon.colcon_core.environment:checking '/home/locobot/locobot_ws/install/create3_lidar_slam' for CMake module files
[0.876s] Level 1:colcon.colcon_core.environment:checking '/home/locobot/locobot_ws/install/create3_lidar_slam' for CMake config files
[0.877s] Level 1:colcon.colcon_core.shell:create_environment_hook('create3_lidar_slam', 'cmake_prefix_path')
[0.877s] INFO:colcon.colcon_core.shell:Creating environment hook '/home/locobot/locobot_ws/install/create3_lidar_slam/share/create3_lidar_slam/hook/cmake_prefix_path.ps1'
[0.877s] INFO:colcon.colcon_core.shell:Creating environment descriptor '/home/locobot/locobot_ws/install/create3_lidar_slam/share/create3_lidar_slam/hook/cmake_prefix_path.dsv'
[0.878s] INFO:colcon.colcon_core.shell:Creating environment hook '/home/locobot/locobot_ws/install/create3_lidar_slam/share/create3_lidar_slam/hook/cmake_prefix_path.sh'
[0.879s] Level 1:colcon.colcon_core.environment:checking '/home/locobot/locobot_ws/install/create3_lidar_slam/bin'
[0.879s] Level 1:colcon.colcon_core.environment:checking '/home/locobot/locobot_ws/install/create3_lidar_slam/lib/pkgconfig/create3_lidar_slam.pc'
[0.879s] Level 1:colcon.colcon_core.environment:checking '/home/locobot/locobot_ws/install/create3_lidar_slam/lib/python3.10/site-packages'
[0.879s] Level 1:colcon.colcon_core.environment:checking '/home/locobot/locobot_ws/install/create3_lidar_slam/bin'
[0.880s] INFO:colcon.colcon_core.shell:Creating package script '/home/locobot/locobot_ws/install/create3_lidar_slam/share/create3_lidar_slam/package.ps1'
[0.880s] INFO:colcon.colcon_core.shell:Creating package descriptor '/home/locobot/locobot_ws/install/create3_lidar_slam/share/create3_lidar_slam/package.dsv'
[0.881s] INFO:colcon.colcon_core.shell:Creating package script '/home/locobot/locobot_ws/install/create3_lidar_slam/share/create3_lidar_slam/package.sh'
[0.882s] INFO:colcon.colcon_core.shell:Creating package script '/home/locobot/locobot_ws/install/create3_lidar_slam/share/create3_lidar_slam/package.bash'
[0.882s] INFO:colcon.colcon_core.shell:Creating package script '/home/locobot/locobot_ws/install/create3_lidar_slam/share/create3_lidar_slam/package.zsh'
[0.883s] Level 1:colcon.colcon_core.environment:create_file_with_runtime_dependencies(/home/locobot/locobot_ws/install/create3_lidar_slam/share/colcon-core/packages/create3_lidar_slam)
[0.884s] INFO:colcon.colcon_ros.task.ament_python.build:Building ROS package in '/home/locobot/locobot_ws/src/create3_examples/create3_teleop' with build type 'ament_python'
[0.884s] Level 1:colcon.colcon_core.shell:create_environment_hook('create3_teleop', 'ament_prefix_path')
[0.884s] INFO:colcon.colcon_core.shell:Creating environment hook '/home/locobot/locobot_ws/install/create3_teleop/share/create3_teleop/hook/ament_prefix_path.ps1'
[0.885s] INFO:colcon.colcon_core.shell:Creating environment descriptor '/home/locobot/locobot_ws/install/create3_teleop/share/create3_teleop/hook/ament_prefix_path.dsv'
[0.885s] INFO:colcon.colcon_core.shell:Creating environment hook '/home/locobot/locobot_ws/install/create3_teleop/share/create3_teleop/hook/ament_prefix_path.sh'
[0.886s] INFO:colcon.colcon_core.shell:Skip shell extension 'powershell' for command environment: Not usable outside of PowerShell
[0.886s] DEBUG:colcon.colcon_core.shell:Skip shell extension 'dsv' for command environment
[1.265s] INFO:colcon.colcon_core.task.python.build:Building Python package in '/home/locobot/locobot_ws/src/create3_examples/create3_teleop'
[1.265s] INFO:colcon.colcon_core.shell:Skip shell extension 'powershell' for command environment: Not usable outside of PowerShell
[1.265s] DEBUG:colcon.colcon_core.shell:Skip shell extension 'dsv' for command environment
[1.272s] Level 1:colcon.colcon_core.environment:create_environment_scripts_only(create3_republisher)
[1.272s] Level 1:colcon.colcon_core.environment:checking '/home/locobot/locobot_ws/install/create3_republisher' for CMake module files
[1.273s] Level 1:colcon.colcon_core.environment:checking '/home/locobot/locobot_ws/install/create3_republisher' for CMake config files
[1.273s] Level 1:colcon.colcon_core.shell:create_environment_hook('create3_republisher', 'cmake_prefix_path')
[1.273s] INFO:colcon.colcon_core.shell:Creating environment hook '/home/locobot/locobot_ws/install/create3_republisher/share/create3_republisher/hook/cmake_prefix_path.ps1'
[1.273s] INFO:colcon.colcon_core.shell:Creating environment descriptor '/home/locobot/locobot_ws/install/create3_republisher/share/create3_republisher/hook/cmake_prefix_path.dsv'
[1.274s] INFO:colcon.colcon_core.shell:Creating environment hook '/home/locobot/locobot_ws/install/create3_republisher/share/create3_republisher/hook/cmake_prefix_path.sh'
[1.274s] Level 1:colcon.colcon_core.environment:checking '/home/locobot/locobot_ws/install/create3_republisher/lib'
[1.274s] Level 1:colcon.colcon_core.environment:checking '/home/locobot/locobot_ws/install/create3_republisher/bin'
[1.274s] Level 1:colcon.colcon_core.environment:checking '/home/locobot/locobot_ws/install/create3_republisher/lib/pkgconfig/create3_republisher.pc'
[1.274s] Level 1:colcon.colcon_core.environment:checking '/home/locobot/locobot_ws/install/create3_republisher/lib/python3.10/site-packages'
[1.275s] Level 1:colcon.colcon_core.environment:checking '/home/locobot/locobot_ws/install/create3_republisher/bin'
[1.275s] INFO:colcon.colcon_core.shell:Creating package script '/home/locobot/locobot_ws/install/create3_republisher/share/create3_republisher/package.ps1'
[1.275s] INFO:colcon.colcon_core.shell:Creating package descriptor '/home/locobot/locobot_ws/install/create3_republisher/share/create3_republisher/package.dsv'
[1.276s] INFO:colcon.colcon_core.shell:Creating package script '/home/locobot/locobot_ws/install/create3_republisher/share/create3_republisher/package.sh'
[1.276s] INFO:colcon.colcon_core.shell:Creating package script '/home/locobot/locobot_ws/install/create3_republisher/share/create3_republisher/package.bash'
[1.276s] INFO:colcon.colcon_core.shell:Creating package script '/home/locobot/locobot_ws/install/create3_republisher/share/create3_republisher/package.zsh'
[1.276s] Level 1:colcon.colcon_core.environment:create_file_with_runtime_dependencies(/home/locobot/locobot_ws/install/create3_republisher/share/colcon-core/packages/create3_republisher)
[1.278s] DEBUG:colcon.colcon_core.event_handler.log_command:Invoking command in '/home/locobot/locobot_ws/build/create3_examples_msgs': CMAKE_PREFIX_PATH=${CMAKE_PREFIX_PATH}:/home/locobot/interbotix_ws/install/interbotix_xs_modules:/home/locobot/interbotix_ws/install/interbotix_perception_modules:/home/locobot/interbotix_ws/install/interbotix_common_modules:/opt/ros/humble /usr/bin/cmake --install /home/locobot/locobot_ws/build/create3_examples_msgs
[1.280s] INFO:colcon.colcon_ros.task.ament_python.build:Building ROS package in '/home/locobot/locobot_ws/src/locobot_move' with build type 'ament_python'
[1.280s] Level 1:colcon.colcon_core.shell:create_environment_hook('locobot_move', 'ament_prefix_path')
[1.281s] INFO:colcon.colcon_core.shell:Creating environment hook '/home/locobot/locobot_ws/install/locobot_move/share/locobot_move/hook/ament_prefix_path.ps1'
[1.281s] DEBUG:colcon.colcon_core.event_handler.log_command:Invoking command in '/home/locobot/locobot_ws/src/create3_examples/create3_examples_py': PYTHONPATH=/home/locobot/locobot_ws/build/create3_examples_py/prefix_override:/home/locobot/locobot_ws/install/create3_examples_py/lib/python3.10/site-packages:${PYTHONPATH} /usr/bin/python3 -W ignore:setup.py install is deprecated setup.py egg_info --egg-base ../../../build/create3_examples_py build --build-base /home/locobot/locobot_ws/build/create3_examples_py/build install --record /home/locobot/locobot_ws/build/create3_examples_py/install.log --single-version-externally-managed install_data
[1.282s] INFO:colcon.colcon_core.shell:Creating environment descriptor '/home/locobot/locobot_ws/install/locobot_move/share/locobot_move/hook/ament_prefix_path.dsv'
[1.282s] INFO:colcon.colcon_core.shell:Creating environment hook '/home/locobot/locobot_ws/install/locobot_move/share/locobot_move/hook/ament_prefix_path.sh'
[1.283s] INFO:colcon.colcon_core.shell:Skip shell extension 'powershell' for command environment: Not usable outside of PowerShell
[1.283s] DEBUG:colcon.colcon_core.shell:Skip shell extension 'dsv' for command environment
[1.565s] INFO:colcon.colcon_core.task.python.build:Building Python package in '/home/locobot/locobot_ws/src/locobot_move'
[1.565s] INFO:colcon.colcon_core.shell:Skip shell extension 'powershell' for command environment: Not usable outside of PowerShell
[1.565s] DEBUG:colcon.colcon_core.shell:Skip shell extension 'dsv' for command environment
[1.571s] Level 1:colcon.colcon_core.environment:create_environment_scripts_only(create3_examples_msgs)
[1.572s] Level 1:colcon.colcon_core.environment:checking '/home/locobot/locobot_ws/install/create3_examples_msgs' for CMake module files
[1.573s] Level 1:colcon.colcon_core.environment:checking '/home/locobot/locobot_ws/install/create3_examples_msgs' for CMake config files
[1.573s] DEBUG:colcon.colcon_core.event_handler.log_command:Invoked command in '/home/locobot/locobot_ws/build/create3_examples_msgs' returned '0': CMAKE_PREFIX_PATH=${CMAKE_PREFIX_PATH}:/home/locobot/interbotix_ws/install/interbotix_xs_modules:/home/locobot/interbotix_ws/install/interbotix_perception_modules:/home/locobot/interbotix_ws/install/interbotix_common_modules:/opt/ros/humble /usr/bin/cmake --install /home/locobot/locobot_ws/build/create3_examples_msgs
[1.573s] Level 1:colcon.colcon_core.shell:create_environment_hook('create3_examples_msgs', 'cmake_prefix_path')
[1.574s] INFO:colcon.colcon_core.shell:Creating environment hook '/home/locobot/locobot_ws/install/create3_examples_msgs/share/create3_examples_msgs/hook/cmake_prefix_path.ps1'
[1.574s] INFO:colcon.colcon_core.shell:Creating environment descriptor '/home/locobot/locobot_ws/install/create3_examples_msgs/share/create3_examples_msgs/hook/cmake_prefix_path.dsv'
[1.574s] INFO:colcon.colcon_core.shell:Creating environment hook '/home/locobot/locobot_ws/install/create3_examples_msgs/share/create3_examples_msgs/hook/cmake_prefix_path.sh'
[1.575s] Level 1:colcon.colcon_core.environment:checking '/home/locobot/locobot_ws/install/create3_examples_msgs/lib'
[1.575s] Level 1:colcon.colcon_core.shell:create_environment_hook('create3_examples_msgs', 'ld_library_path_lib')
[1.575s] INFO:colcon.colcon_core.shell:Creating environment hook '/home/locobot/locobot_ws/install/create3_examples_msgs/share/create3_examples_msgs/hook/ld_library_path_lib.ps1'
[1.575s] INFO:colcon.colcon_core.shell:Creating environment descriptor '/home/locobot/locobot_ws/install/create3_examples_msgs/share/create3_examples_msgs/hook/ld_library_path_lib.dsv'
[1.576s] INFO:colcon.colcon_core.shell:Creating environment hook '/home/locobot/locobot_ws/install/create3_examples_msgs/share/create3_examples_msgs/hook/ld_library_path_lib.sh'
[1.576s] Level 1:colcon.colcon_core.environment:checking '/home/locobot/locobot_ws/install/create3_examples_msgs/bin'
[1.576s] Level 1:colcon.colcon_core.environment:checking '/home/locobot/locobot_ws/install/create3_examples_msgs/lib/pkgconfig/create3_examples_msgs.pc'
[1.576s] Level 1:colcon.colcon_core.environment:checking '/home/locobot/locobot_ws/install/create3_examples_msgs/lib/python3.10/site-packages'
[1.576s] Level 1:colcon.colcon_core.environment:checking '/home/locobot/locobot_ws/install/create3_examples_msgs/bin'
[1.577s] INFO:colcon.colcon_core.shell:Creating package script '/home/locobot/locobot_ws/install/create3_examples_msgs/share/create3_examples_msgs/package.ps1'
[1.577s] INFO:colcon.colcon_core.shell:Creating package descriptor '/home/locobot/locobot_ws/install/create3_examples_msgs/share/create3_examples_msgs/package.dsv'
[1.577s] INFO:colcon.colcon_core.shell:Creating package script '/home/locobot/locobot_ws/install/create3_examples_msgs/share/create3_examples_msgs/package.sh'
[1.578s] INFO:colcon.colcon_core.shell:Creating package script '/home/locobot/locobot_ws/install/create3_examples_msgs/share/create3_examples_msgs/package.bash'
[1.578s] INFO:colcon.colcon_core.shell:Creating package script '/home/locobot/locobot_ws/install/create3_examples_msgs/share/create3_examples_msgs/package.zsh'
[1.578s] Level 1:colcon.colcon_core.environment:create_file_with_runtime_dependencies(/home/locobot/locobot_ws/install/create3_examples_msgs/share/colcon-core/packages/create3_examples_msgs)
[1.676s] Level 1:colcon.colcon_core.environment:create_environment_scripts_only(create3_examples_msgs)
[1.676s] Level 1:colcon.colcon_core.environment:checking '/home/locobot/locobot_ws/install/create3_examples_msgs' for CMake module files
[1.677s] Level 1:colcon.colcon_core.environment:checking '/home/locobot/locobot_ws/install/create3_examples_msgs' for CMake config files
[1.678s] Level 1:colcon.colcon_core.shell:create_environment_hook('create3_examples_msgs', 'cmake_prefix_path')
[1.679s] INFO:colcon.colcon_core.shell:Creating environment hook '/home/locobot/locobot_ws/install/create3_examples_msgs/share/create3_examples_msgs/hook/cmake_prefix_path.ps1'
[1.679s] INFO:colcon.colcon_core.shell:Creating environment descriptor '/home/locobot/locobot_ws/install/create3_examples_msgs/share/create3_examples_msgs/hook/cmake_prefix_path.dsv'
[1.680s] INFO:colcon.colcon_core.shell:Creating environment hook '/home/locobot/locobot_ws/install/create3_examples_msgs/share/create3_examples_msgs/hook/cmake_prefix_path.sh'
[1.681s] Level 1:colcon.colcon_core.environment:checking '/home/locobot/locobot_ws/install/create3_examples_msgs/lib'
[1.681s] Level 1:colcon.colcon_core.shell:create_environment_hook('create3_examples_msgs', 'ld_library_path_lib')
[1.682s] INFO:colcon.colcon_core.shell:Creating environment hook '/home/locobot/locobot_ws/install/create3_examples_msgs/share/create3_examples_msgs/hook/ld_library_path_lib.ps1'
[1.682s] INFO:colcon.colcon_core.shell:Creating environment descriptor '/home/locobot/locobot_ws/install/create3_examples_msgs/share/create3_examples_msgs/hook/ld_library_path_lib.dsv'
[1.683s] INFO:colcon.colcon_core.shell:Creating environment hook '/home/locobot/locobot_ws/install/create3_examples_msgs/share/create3_examples_msgs/hook/ld_library_path_lib.sh'
[1.683s] Level 1:colcon.colcon_core.environment:checking '/home/locobot/locobot_ws/install/create3_examples_msgs/bin'
[1.683s] Level 1:colcon.colcon_core.environment:checking '/home/locobot/locobot_ws/install/create3_examples_msgs/lib/pkgconfig/create3_examples_msgs.pc'
[1.684s] Level 1:colcon.colcon_core.environment:checking '/home/locobot/locobot_ws/install/create3_examples_msgs/lib/python3.10/site-packages'
[1.684s] Level 1:colcon.colcon_core.environment:checking '/home/locobot/locobot_ws/install/create3_examples_msgs/bin'
[1.684s] INFO:colcon.colcon_core.shell:Creating package script '/home/locobot/locobot_ws/install/create3_examples_msgs/share/create3_examples_msgs/package.ps1'
[1.685s] INFO:colcon.colcon_core.shell:Creating package descriptor '/home/locobot/locobot_ws/install/create3_examples_msgs/share/create3_examples_msgs/package.dsv'
[1.686s] INFO:colcon.colcon_core.shell:Creating package script '/home/locobot/locobot_ws/install/create3_examples_msgs/share/create3_examples_msgs/package.sh'
[1.687s] INFO:colcon.colcon_core.shell:Creating package script '/home/locobot/locobot_ws/install/create3_examples_msgs/share/create3_examples_msgs/package.bash'
[1.687s] INFO:colcon.colcon_core.shell:Creating package script '/home/locobot/locobot_ws/install/create3_examples_msgs/share/create3_examples_msgs/package.zsh'
[1.688s] Level 1:colcon.colcon_core.environment:create_file_with_runtime_dependencies(/home/locobot/locobot_ws/install/create3_examples_msgs/share/colcon-core/packages/create3_examples_msgs)
[1.689s] INFO:colcon.colcon_ros.task.ament_cmake.build:Building ROS package in '/home/locobot/locobot_ws/src/create3_examples/create3_coverage' with build type 'ament_cmake'
[1.689s] INFO:colcon.colcon_cmake.task.cmake.build:Building CMake package in '/home/locobot/locobot_ws/src/create3_examples/create3_coverage'
[1.689s] INFO:colcon.colcon_core.shell:Skip shell extension 'powershell' for command environment: Not usable outside of PowerShell
[1.689s] DEBUG:colcon.colcon_core.shell:Skip shell extension 'dsv' for command environment
[1.710s] DEBUG:colcon.colcon_core.event_handler.log_command:Invoking command in '/home/locobot/locobot_ws/build/create3_coverage': AMENT_PREFIX_PATH=/home/locobot/locobot_ws/install/create3_examples_msgs:${AMENT_PREFIX_PATH} CMAKE_PREFIX_PATH=/home/locobot/locobot_ws/install/create3_examples_msgs:/home/locobot/apriltag_ws/install/apriltag_ros:/home/locobot/interbotix_ws/install/interbotix_xslocobot_moveit:/home/locobot/interbotix_ws/install/interbotix_xslocobot_ros_control:/home/locobot/interbotix_ws/install/interbotix_xslocobot_nav:/home/locobot/interbotix_ws/install/interbotix_xslocobot_joy:/home/locobot/interbotix_ws/install/interbotix_xslocobot_control:/home/locobot/interbotix_ws/install/sllidar_ros2:/home/locobot/interbotix_ws/install/interbotix_ros_xsarms_examples:/home/locobot/interbotix_ws/install/interbotix_xsarm_moveit_interface:/home/locobot/interbotix_ws/install/interbotix_moveit_interface:/home/locobot/interbotix_ws/install/moveit_visual_tools:/home/locobot/interbotix_ws/install/irobot_create_ignition_sim:/home/locobot/interbotix_ws/install/irobot_create_ignition_bringup:/home/locobot/interbotix_ws/install/irobot_create_gazebo_sim:/home/locobot/interbotix_ws/install/irobot_create_gazebo_bringup:/home/locobot/interbotix_ws/install/irobot_create_common_bringup:/home/locobot/interbotix_ws/install/irobot_create_nodes:/home/locobot/interbotix_ws/install/irobot_create_ignition_toolbox:/home/locobot/interbotix_ws/install/irobot_create_gazebo_plugins:/home/locobot/interbotix_ws/install/irobot_create_toolbox:/home/locobot/interbotix_ws/install/irobot_create_ignition_plugins:/home/locobot/interbotix_ws/install/irobot_create_description:/home/locobot/interbotix_ws/install/irobot_create_control:/home/locobot/interbotix_ws/install/interbotix_xslocobot_sim:/home/locobot/interbotix_ws/install/interbotix_xslocobot_descriptions:/home/locobot/interbotix_ws/install/interbotix_ros_xsarms:/home/locobot/interbotix_ws/install/interbotix_xsarm_moveit:/home/locobot/interbotix_ws/install/interbotix_xsarm_sim:/home/locobot/interbotix_ws/install/interbotix_xsarm_ros_control:/home/locobot/interbotix_ws/install/interbotix_xsarm_puppet:/home/locobot/interbotix_ws/install/interbotix_xsarm_perception:/home/locobot/interbotix_ws/install/interbotix_xsarm_joy:/home/locobot/interbotix_ws/install/interbotix_xsarm_dual:/home/locobot/interbotix_ws/install/interbotix_xsarm_control:/home/locobot/interbotix_ws/install/interbotix_xsarm_descriptions:/home/locobot/interbotix_ws/install/interbotix_xs_toolbox:/home/locobot/interbotix_ws/install/interbotix_xs_rviz:/home/locobot/interbotix_ws/install/interbotix_ros_xseries:/home/locobot/interbotix_ws/install/interbotix_xs_sdk:/home/locobot/interbotix_ws/install/interbotix_xs_ros_control:/home/locobot/interbotix_ws/install/interbotix_perception_toolbox:/home/locobot/interbotix_ws/install/interbotix_perception_pipelines:/home/locobot/interbotix_ws/install/interbotix_xs_msgs:/home/locobot/interbotix_ws/install/interbotix_xs_driver:/home/locobot/interbotix_ws/install/interbotix_tf_tools:/home/locobot/interbotix_ws/install/interbotix_perception_msgs:/home/locobot/interbotix_ws/install/interbotix_moveit_interface_msgs:/home/locobot/interbotix_ws/install/interbotix_common_toolbox:/home/locobot/interbotix_ws/install/interbotix_common_sim:/home/locobot/interbotix_ws/install/dynamixel_workbench_toolbox:/home/locobot/interbotix_ws/install/interbotix_xs_modules:/home/locobot/interbotix_ws/install/interbotix_perception_modules:/home/locobot/interbotix_ws/install/interbotix_common_modules:/opt/ros/humble LD_LIBRARY_PATH=/home/locobot/locobot_ws/install/create3_examples_msgs/lib:${LD_LIBRARY_PATH} PYTHONPATH=/home/locobot/locobot_ws/install/create3_examples_msgs/local/lib/python3.10/dist-packages:${PYTHONPATH} /usr/bin/cmake --build /home/locobot/locobot_ws/build/create3_coverage -- -j4 -l4
[1.751s] Level 1:colcon.colcon_core.environment:checking '/home/locobot/locobot_ws/install/create3_examples_py' for CMake module files
[1.752s] Level 1:colcon.colcon_core.environment:checking '/home/locobot/locobot_ws/install/create3_examples_py' for CMake config files
[1.752s] Level 1:colcon.colcon_core.environment:checking '/home/locobot/locobot_ws/install/create3_examples_py/lib'
[1.752s] Level 1:colcon.colcon_core.environment:checking '/home/locobot/locobot_ws/install/create3_examples_py/bin'
[1.753s] Level 1:colcon.colcon_core.environment:checking '/home/locobot/locobot_ws/install/create3_examples_py/lib/pkgconfig/create3_examples_py.pc'
[1.753s] Level 1:colcon.colcon_core.environment:checking '/home/locobot/locobot_ws/install/create3_examples_py/lib/python3.10/site-packages'
[1.753s] Level 1:colcon.colcon_core.shell:create_environment_hook('create3_examples_py', 'pythonpath')
[1.753s] INFO:colcon.colcon_core.shell:Creating environment hook '/home/locobot/locobot_ws/install/create3_examples_py/share/create3_examples_py/hook/pythonpath.ps1'
[1.754s] INFO:colcon.colcon_core.shell:Creating environment descriptor '/home/locobot/locobot_ws/install/create3_examples_py/share/create3_examples_py/hook/pythonpath.dsv'
[1.754s] INFO:colcon.colcon_core.shell:Creating environment hook '/home/locobot/locobot_ws/install/create3_examples_py/share/create3_examples_py/hook/pythonpath.sh'
[1.755s] Level 1:colcon.colcon_core.environment:checking '/home/locobot/locobot_ws/install/create3_examples_py/bin'
[1.755s] Level 1:colcon.colcon_core.environment:create_environment_scripts_only(create3_examples_py)
[1.755s] INFO:colcon.colcon_core.shell:Creating package script '/home/locobot/locobot_ws/install/create3_examples_py/share/create3_examples_py/package.ps1'
[1.756s] INFO:colcon.colcon_core.shell:Creating package descriptor '/home/locobot/locobot_ws/install/create3_examples_py/share/create3_examples_py/package.dsv'
[1.757s] INFO:colcon.colcon_core.shell:Creating package script '/home/locobot/locobot_ws/install/create3_examples_py/share/create3_examples_py/package.sh'
[1.757s] INFO:colcon.colcon_core.shell:Creating package script '/home/locobot/locobot_ws/install/create3_examples_py/share/create3_examples_py/package.bash'
[1.758s] INFO:colcon.colcon_core.shell:Creating package script '/home/locobot/locobot_ws/install/create3_examples_py/share/create3_examples_py/package.zsh'
[1.758s] Level 1:colcon.colcon_core.environment:create_file_with_runtime_dependencies(/home/locobot/locobot_ws/install/create3_examples_py/share/colcon-core/packages/create3_examples_py)
[1.759s] DEBUG:colcon.colcon_core.event_handler.log_command:Invoked command in '/home/locobot/locobot_ws/src/create3_examples/create3_examples_py' returned '0': PYTHONPATH=/home/locobot/locobot_ws/build/create3_examples_py/prefix_override:/home/locobot/locobot_ws/install/create3_examples_py/lib/python3.10/site-packages:${PYTHONPATH} /usr/bin/python3 -W ignore:setup.py install is deprecated setup.py egg_info --egg-base ../../../build/create3_examples_py build --build-base /home/locobot/locobot_ws/build/create3_examples_py/build install --record /home/locobot/locobot_ws/build/create3_examples_py/install.log --single-version-externally-managed install_data
[1.846s] DEBUG:colcon.colcon_core.event_handler.log_command:Invoking command in '/home/locobot/locobot_ws/src/create3_examples/create3_teleop': PYTHONPATH=/home/locobot/locobot_ws/build/create3_teleop/prefix_override:/home/locobot/locobot_ws/install/create3_teleop/lib/python3.10/site-packages:${PYTHONPATH} /usr/bin/python3 -W ignore:setup.py install is deprecated setup.py egg_info --egg-base ../../../build/create3_teleop build --build-base /home/locobot/locobot_ws/build/create3_teleop/build install --record /home/locobot/locobot_ws/build/create3_teleop/install.log --single-version-externally-managed install_data
[1.866s] DEBUG:colcon.colcon_core.event_handler.log_command:Invoked command in '/home/locobot/locobot_ws/build/create3_coverage' returned '0': AMENT_PREFIX_PATH=/home/locobot/locobot_ws/install/create3_examples_msgs:${AMENT_PREFIX_PATH} CMAKE_PREFIX_PATH=/home/locobot/locobot_ws/install/create3_examples_msgs:/home/locobot/apriltag_ws/install/apriltag_ros:/home/locobot/interbotix_ws/install/interbotix_xslocobot_moveit:/home/locobot/interbotix_ws/install/interbotix_xslocobot_ros_control:/home/locobot/interbotix_ws/install/interbotix_xslocobot_nav:/home/locobot/interbotix_ws/install/interbotix_xslocobot_joy:/home/locobot/interbotix_ws/install/interbotix_xslocobot_control:/home/locobot/interbotix_ws/install/sllidar_ros2:/home/locobot/interbotix_ws/install/interbotix_ros_xsarms_examples:/home/locobot/interbotix_ws/install/interbotix_xsarm_moveit_interface:/home/locobot/interbotix_ws/install/interbotix_moveit_interface:/home/locobot/interbotix_ws/install/moveit_visual_tools:/home/locobot/interbotix_ws/install/irobot_create_ignition_sim:/home/locobot/interbotix_ws/install/irobot_create_ignition_bringup:/home/locobot/interbotix_ws/install/irobot_create_gazebo_sim:/home/locobot/interbotix_ws/install/irobot_create_gazebo_bringup:/home/locobot/interbotix_ws/install/irobot_create_common_bringup:/home/locobot/interbotix_ws/install/irobot_create_nodes:/home/locobot/interbotix_ws/install/irobot_create_ignition_toolbox:/home/locobot/interbotix_ws/install/irobot_create_gazebo_plugins:/home/locobot/interbotix_ws/install/irobot_create_toolbox:/home/locobot/interbotix_ws/install/irobot_create_ignition_plugins:/home/locobot/interbotix_ws/install/irobot_create_description:/home/locobot/interbotix_ws/install/irobot_create_control:/home/locobot/interbotix_ws/install/interbotix_xslocobot_sim:/home/locobot/interbotix_ws/install/interbotix_xslocobot_descriptions:/home/locobot/interbotix_ws/install/interbotix_ros_xsarms:/home/locobot/interbotix_ws/install/interbotix_xsarm_moveit:/home/locobot/interbotix_ws/install/interbotix_xsarm_sim:/home/locobot/interbotix_ws/install/interbotix_xsarm_ros_control:/home/locobot/interbotix_ws/install/interbotix_xsarm_puppet:/home/locobot/interbotix_ws/install/interbotix_xsarm_perception:/home/locobot/interbotix_ws/install/interbotix_xsarm_joy:/home/locobot/interbotix_ws/install/interbotix_xsarm_dual:/home/locobot/interbotix_ws/install/interbotix_xsarm_control:/home/locobot/interbotix_ws/install/interbotix_xsarm_descriptions:/home/locobot/interbotix_ws/install/interbotix_xs_toolbox:/home/locobot/interbotix_ws/install/interbotix_xs_rviz:/home/locobot/interbotix_ws/install/interbotix_ros_xseries:/home/locobot/interbotix_ws/install/interbotix_xs_sdk:/home/locobot/interbotix_ws/install/interbotix_xs_ros_control:/home/locobot/interbotix_ws/install/interbotix_perception_toolbox:/home/locobot/interbotix_ws/install/interbotix_perception_pipelines:/home/locobot/interbotix_ws/install/interbotix_xs_msgs:/home/locobot/interbotix_ws/install/interbotix_xs_driver:/home/locobot/interbotix_ws/install/interbotix_tf_tools:/home/locobot/interbotix_ws/install/interbotix_perception_msgs:/home/locobot/interbotix_ws/install/interbotix_moveit_interface_msgs:/home/locobot/interbotix_ws/install/interbotix_common_toolbox:/home/locobot/interbotix_ws/install/interbotix_common_sim:/home/locobot/interbotix_ws/install/dynamixel_workbench_toolbox:/home/locobot/interbotix_ws/install/interbotix_xs_modules:/home/locobot/interbotix_ws/install/interbotix_perception_modules:/home/locobot/interbotix_ws/install/interbotix_common_modules:/opt/ros/humble LD_LIBRARY_PATH=/home/locobot/locobot_ws/install/create3_examples_msgs/lib:${LD_LIBRARY_PATH} PYTHONPATH=/home/locobot/locobot_ws/install/create3_examples_msgs/local/lib/python3.10/dist-packages:${PYTHONPATH} /usr/bin/cmake --build /home/locobot/locobot_ws/build/create3_coverage -- -j4 -l4
[1.940s] DEBUG:colcon.colcon_core.event_handler.log_command:Invoking command in '/home/locobot/locobot_ws/build/create3_coverage': AMENT_PREFIX_PATH=/home/locobot/locobot_ws/install/create3_examples_msgs:${AMENT_PREFIX_PATH} CMAKE_PREFIX_PATH=/home/locobot/locobot_ws/install/create3_examples_msgs:/home/locobot/apriltag_ws/install/apriltag_ros:/home/locobot/interbotix_ws/install/interbotix_xslocobot_moveit:/home/locobot/interbotix_ws/install/interbotix_xslocobot_ros_control:/home/locobot/interbotix_ws/install/interbotix_xslocobot_nav:/home/locobot/interbotix_ws/install/interbotix_xslocobot_joy:/home/locobot/interbotix_ws/install/interbotix_xslocobot_control:/home/locobot/interbotix_ws/install/sllidar_ros2:/home/locobot/interbotix_ws/install/interbotix_ros_xsarms_examples:/home/locobot/interbotix_ws/install/interbotix_xsarm_moveit_interface:/home/locobot/interbotix_ws/install/interbotix_moveit_interface:/home/locobot/interbotix_ws/install/moveit_visual_tools:/home/locobot/interbotix_ws/install/irobot_create_ignition_sim:/home/locobot/interbotix_ws/install/irobot_create_ignition_bringup:/home/locobot/interbotix_ws/install/irobot_create_gazebo_sim:/home/locobot/interbotix_ws/install/irobot_create_gazebo_bringup:/home/locobot/interbotix_ws/install/irobot_create_common_bringup:/home/locobot/interbotix_ws/install/irobot_create_nodes:/home/locobot/interbotix_ws/install/irobot_create_ignition_toolbox:/home/locobot/interbotix_ws/install/irobot_create_gazebo_plugins:/home/locobot/interbotix_ws/install/irobot_create_toolbox:/home/locobot/interbotix_ws/install/irobot_create_ignition_plugins:/home/locobot/interbotix_ws/install/irobot_create_description:/home/locobot/interbotix_ws/install/irobot_create_control:/home/locobot/interbotix_ws/install/interbotix_xslocobot_sim:/home/locobot/interbotix_ws/install/interbotix_xslocobot_descriptions:/home/locobot/interbotix_ws/install/interbotix_ros_xsarms:/home/locobot/interbotix_ws/install/interbotix_xsarm_moveit:/home/locobot/interbotix_ws/install/interbotix_xsarm_sim:/home/locobot/interbotix_ws/install/interbotix_xsarm_ros_control:/home/locobot/interbotix_ws/install/interbotix_xsarm_puppet:/home/locobot/interbotix_ws/install/interbotix_xsarm_perception:/home/locobot/interbotix_ws/install/interbotix_xsarm_joy:/home/locobot/interbotix_ws/install/interbotix_xsarm_dual:/home/locobot/interbotix_ws/install/interbotix_xsarm_control:/home/locobot/interbotix_ws/install/interbotix_xsarm_descriptions:/home/locobot/interbotix_ws/install/interbotix_xs_toolbox:/home/locobot/interbotix_ws/install/interbotix_xs_rviz:/home/locobot/interbotix_ws/install/interbotix_ros_xseries:/home/locobot/interbotix_ws/install/interbotix_xs_sdk:/home/locobot/interbotix_ws/install/interbotix_xs_ros_control:/home/locobot/interbotix_ws/install/interbotix_perception_toolbox:/home/locobot/interbotix_ws/install/interbotix_perception_pipelines:/home/locobot/interbotix_ws/install/interbotix_xs_msgs:/home/locobot/interbotix_ws/install/interbotix_xs_driver:/home/locobot/interbotix_ws/install/interbotix_tf_tools:/home/locobot/interbotix_ws/install/interbotix_perception_msgs:/home/locobot/interbotix_ws/install/interbotix_moveit_interface_msgs:/home/locobot/interbotix_ws/install/interbotix_common_toolbox:/home/locobot/interbotix_ws/install/interbotix_common_sim:/home/locobot/interbotix_ws/install/dynamixel_workbench_toolbox:/home/locobot/interbotix_ws/install/interbotix_xs_modules:/home/locobot/interbotix_ws/install/interbotix_perception_modules:/home/locobot/interbotix_ws/install/interbotix_common_modules:/opt/ros/humble LD_LIBRARY_PATH=/home/locobot/locobot_ws/install/create3_examples_msgs/lib:${LD_LIBRARY_PATH} PYTHONPATH=/home/locobot/locobot_ws/install/create3_examples_msgs/local/lib/python3.10/dist-packages:${PYTHONPATH} /usr/bin/cmake --install /home/locobot/locobot_ws/build/create3_coverage
[1.956s] Level 1:colcon.colcon_core.environment:create_environment_scripts_only(create3_coverage)
[1.956s] Level 1:colcon.colcon_core.environment:checking '/home/locobot/locobot_ws/install/create3_coverage' for CMake module files
[1.957s] DEBUG:colcon.colcon_core.event_handler.log_command:Invoked command in '/home/locobot/locobot_ws/build/create3_coverage' returned '0': AMENT_PREFIX_PATH=/home/locobot/locobot_ws/install/create3_examples_msgs:${AMENT_PREFIX_PATH} CMAKE_PREFIX_PATH=/home/locobot/locobot_ws/install/create3_examples_msgs:/home/locobot/apriltag_ws/install/apriltag_ros:/home/locobot/interbotix_ws/install/interbotix_xslocobot_moveit:/home/locobot/interbotix_ws/install/interbotix_xslocobot_ros_control:/home/locobot/interbotix_ws/install/interbotix_xslocobot_nav:/home/locobot/interbotix_ws/install/interbotix_xslocobot_joy:/home/locobot/interbotix_ws/install/interbotix_xslocobot_control:/home/locobot/interbotix_ws/install/sllidar_ros2:/home/locobot/interbotix_ws/install/interbotix_ros_xsarms_examples:/home/locobot/interbotix_ws/install/interbotix_xsarm_moveit_interface:/home/locobot/interbotix_ws/install/interbotix_moveit_interface:/home/locobot/interbotix_ws/install/moveit_visual_tools:/home/locobot/interbotix_ws/install/irobot_create_ignition_sim:/home/locobot/interbotix_ws/install/irobot_create_ignition_bringup:/home/locobot/interbotix_ws/install/irobot_create_gazebo_sim:/home/locobot/interbotix_ws/install/irobot_create_gazebo_bringup:/home/locobot/interbotix_ws/install/irobot_create_common_bringup:/home/locobot/interbotix_ws/install/irobot_create_nodes:/home/locobot/interbotix_ws/install/irobot_create_ignition_toolbox:/home/locobot/interbotix_ws/install/irobot_create_gazebo_plugins:/home/locobot/interbotix_ws/install/irobot_create_toolbox:/home/locobot/interbotix_ws/install/irobot_create_ignition_plugins:/home/locobot/interbotix_ws/install/irobot_create_description:/home/locobot/interbotix_ws/install/irobot_create_control:/home/locobot/interbotix_ws/install/interbotix_xslocobot_sim:/home/locobot/interbotix_ws/install/interbotix_xslocobot_descriptions:/home/locobot/interbotix_ws/install/interbotix_ros_xsarms:/home/locobot/interbotix_ws/install/interbotix_xsarm_moveit:/home/locobot/interbotix_ws/install/interbotix_xsarm_sim:/home/locobot/interbotix_ws/install/interbotix_xsarm_ros_control:/home/locobot/interbotix_ws/install/interbotix_xsarm_puppet:/home/locobot/interbotix_ws/install/interbotix_xsarm_perception:/home/locobot/interbotix_ws/install/interbotix_xsarm_joy:/home/locobot/interbotix_ws/install/interbotix_xsarm_dual:/home/locobot/interbotix_ws/install/interbotix_xsarm_control:/home/locobot/interbotix_ws/install/interbotix_xsarm_descriptions:/home/locobot/interbotix_ws/install/interbotix_xs_toolbox:/home/locobot/interbotix_ws/install/interbotix_xs_rviz:/home/locobot/interbotix_ws/install/interbotix_ros_xseries:/home/locobot/interbotix_ws/install/interbotix_xs_sdk:/home/locobot/interbotix_ws/install/interbotix_xs_ros_control:/home/locobot/interbotix_ws/install/interbotix_perception_toolbox:/home/locobot/interbotix_ws/install/interbotix_perception_pipelines:/home/locobot/interbotix_ws/install/interbotix_xs_msgs:/home/locobot/interbotix_ws/install/interbotix_xs_driver:/home/locobot/interbotix_ws/install/interbotix_tf_tools:/home/locobot/interbotix_ws/install/interbotix_perception_msgs:/home/locobot/interbotix_ws/install/interbotix_moveit_interface_msgs:/home/locobot/interbotix_ws/install/interbotix_common_toolbox:/home/locobot/interbotix_ws/install/interbotix_common_sim:/home/locobot/interbotix_ws/install/dynamixel_workbench_toolbox:/home/locobot/interbotix_ws/install/interbotix_xs_modules:/home/locobot/interbotix_ws/install/interbotix_perception_modules:/home/locobot/interbotix_ws/install/interbotix_common_modules:/opt/ros/humble LD_LIBRARY_PATH=/home/locobot/locobot_ws/install/create3_examples_msgs/lib:${LD_LIBRARY_PATH} PYTHONPATH=/home/locobot/locobot_ws/install/create3_examples_msgs/local/lib/python3.10/dist-packages:${PYTHONPATH} /usr/bin/cmake --install /home/locobot/locobot_ws/build/create3_coverage
[1.957s] Level 1:colcon.colcon_core.environment:checking '/home/locobot/locobot_ws/install/create3_coverage' for CMake config files
[1.958s] Level 1:colcon.colcon_core.shell:create_environment_hook('create3_coverage', 'cmake_prefix_path')
[1.958s] INFO:colcon.colcon_core.shell:Creating environment hook '/home/locobot/locobot_ws/install/create3_coverage/share/create3_coverage/hook/cmake_prefix_path.ps1'
[1.959s] INFO:colcon.colcon_core.shell:Creating environment descriptor '/home/locobot/locobot_ws/install/create3_coverage/share/create3_coverage/hook/cmake_prefix_path.dsv'
[1.959s] INFO:colcon.colcon_core.shell:Creating environment hook '/home/locobot/locobot_ws/install/create3_coverage/share/create3_coverage/hook/cmake_prefix_path.sh'
[1.960s] Level 1:colcon.colcon_core.environment:checking '/home/locobot/locobot_ws/install/create3_coverage/lib'
[1.960s] Level 1:colcon.colcon_core.shell:create_environment_hook('create3_coverage', 'ld_library_path_lib')
[1.960s] INFO:colcon.colcon_core.shell:Creating environment hook '/home/locobot/locobot_ws/install/create3_coverage/share/create3_coverage/hook/ld_library_path_lib.ps1'
[1.960s] INFO:colcon.colcon_core.shell:Creating environment descriptor '/home/locobot/locobot_ws/install/create3_coverage/share/create3_coverage/hook/ld_library_path_lib.dsv'
[1.961s] INFO:colcon.colcon_core.shell:Creating environment hook '/home/locobot/locobot_ws/install/create3_coverage/share/create3_coverage/hook/ld_library_path_lib.sh'
[1.961s] Level 1:colcon.colcon_core.environment:checking '/home/locobot/locobot_ws/install/create3_coverage/bin'
[1.961s] Level 1:colcon.colcon_core.environment:checking '/home/locobot/locobot_ws/install/create3_coverage/lib/pkgconfig/create3_coverage.pc'
[1.962s] Level 1:colcon.colcon_core.environment:checking '/home/locobot/locobot_ws/install/create3_coverage/lib/python3.10/site-packages'
[1.962s] Level 1:colcon.colcon_core.environment:checking '/home/locobot/locobot_ws/install/create3_coverage/bin'
[1.963s] INFO:colcon.colcon_core.shell:Creating package script '/home/locobot/locobot_ws/install/create3_coverage/share/create3_coverage/package.ps1'
[1.963s] INFO:colcon.colcon_core.shell:Creating package descriptor '/home/locobot/locobot_ws/install/create3_coverage/share/create3_coverage/package.dsv'
[1.964s] INFO:colcon.colcon_core.shell:Creating package script '/home/locobot/locobot_ws/install/create3_coverage/share/create3_coverage/package.sh'
[1.964s] INFO:colcon.colcon_core.shell:Creating package script '/home/locobot/locobot_ws/install/create3_coverage/share/create3_coverage/package.bash'
[1.965s] INFO:colcon.colcon_core.shell:Creating package script '/home/locobot/locobot_ws/install/create3_coverage/share/create3_coverage/package.zsh'
[1.966s] Level 1:colcon.colcon_core.environment:create_file_with_runtime_dependencies(/home/locobot/locobot_ws/install/create3_coverage/share/colcon-core/packages/create3_coverage)
[2.038s] Level 1:colcon.colcon_core.environment:create_environment_scripts_only(create3_coverage)
[2.038s] Level 1:colcon.colcon_core.environment:checking '/home/locobot/locobot_ws/install/create3_coverage' for CMake module files
[2.039s] Level 1:colcon.colcon_core.environment:checking '/home/locobot/locobot_ws/install/create3_coverage' for CMake config files
[2.039s] Level 1:colcon.colcon_core.shell:create_environment_hook('create3_coverage', 'cmake_prefix_path')
[2.040s] INFO:colcon.colcon_core.shell:Creating environment hook '/home/locobot/locobot_ws/install/create3_coverage/share/create3_coverage/hook/cmake_prefix_path.ps1'
[2.040s] INFO:colcon.colcon_core.shell:Creating environment descriptor '/home/locobot/locobot_ws/install/create3_coverage/share/create3_coverage/hook/cmake_prefix_path.dsv'
[2.041s] INFO:colcon.colcon_core.shell:Creating environment hook '/home/locobot/locobot_ws/install/create3_coverage/share/create3_coverage/hook/cmake_prefix_path.sh'
[2.042s] Level 1:colcon.colcon_core.environment:checking '/home/locobot/locobot_ws/install/create3_coverage/lib'
[2.042s] Level 1:colcon.colcon_core.shell:create_environment_hook('create3_coverage', 'ld_library_path_lib')
[2.042s] INFO:colcon.colcon_core.shell:Creating environment hook '/home/locobot/locobot_ws/install/create3_coverage/share/create3_coverage/hook/ld_library_path_lib.ps1'
[2.043s] INFO:colcon.colcon_core.shell:Creating environment descriptor '/home/locobot/locobot_ws/install/create3_coverage/share/create3_coverage/hook/ld_library_path_lib.dsv'
[2.043s] INFO:colcon.colcon_core.shell:Creating environment hook '/home/locobot/locobot_ws/install/create3_coverage/share/create3_coverage/hook/ld_library_path_lib.sh'
[2.043s] Level 1:colcon.colcon_core.environment:checking '/home/locobot/locobot_ws/install/create3_coverage/bin'
[2.044s] Level 1:colcon.colcon_core.environment:checking '/home/locobot/locobot_ws/install/create3_coverage/lib/pkgconfig/create3_coverage.pc'
[2.044s] Level 1:colcon.colcon_core.environment:checking '/home/locobot/locobot_ws/install/create3_coverage/lib/python3.10/site-packages'
[2.044s] Level 1:colcon.colcon_core.environment:checking '/home/locobot/locobot_ws/install/create3_coverage/bin'
[2.045s] INFO:colcon.colcon_core.shell:Creating package script '/home/locobot/locobot_ws/install/create3_coverage/share/create3_coverage/package.ps1'
[2.045s] INFO:colcon.colcon_core.shell:Creating package descriptor '/home/locobot/locobot_ws/install/create3_coverage/share/create3_coverage/package.dsv'
[2.046s] INFO:colcon.colcon_core.shell:Creating package script '/home/locobot/locobot_ws/install/create3_coverage/share/create3_coverage/package.sh'
[2.047s] INFO:colcon.colcon_core.shell:Creating package script '/home/locobot/locobot_ws/install/create3_coverage/share/create3_coverage/package.bash'
[2.047s] INFO:colcon.colcon_core.shell:Creating package script '/home/locobot/locobot_ws/install/create3_coverage/share/create3_coverage/package.zsh'
[2.048s] Level 1:colcon.colcon_core.environment:create_file_with_runtime_dependencies(/home/locobot/locobot_ws/install/create3_coverage/share/colcon-core/packages/create3_coverage)
[2.059s] DEBUG:colcon.colcon_core.event_handler.log_command:Invoking command in '/home/locobot/locobot_ws/src/locobot_move': PYTHONPATH=/home/locobot/locobot_ws/build/locobot_move/prefix_override:/home/locobot/locobot_ws/install/locobot_move/lib/python3.10/site-packages:${PYTHONPATH} /usr/bin/python3 -W ignore:setup.py install is deprecated setup.py egg_info --egg-base ../../build/locobot_move build --build-base /home/locobot/locobot_ws/build/locobot_move/build install --record /home/locobot/locobot_ws/build/locobot_move/install.log --single-version-externally-managed install_data
[2.165s] Level 1:colcon.colcon_core.environment:checking '/home/locobot/locobot_ws/install/create3_teleop' for CMake module files
[2.166s] DEBUG:colcon.colcon_core.event_handler.log_command:Invoked command in '/home/locobot/locobot_ws/src/create3_examples/create3_teleop' returned '0': PYTHONPATH=/home/locobot/locobot_ws/build/create3_teleop/prefix_override:/home/locobot/locobot_ws/install/create3_teleop/lib/python3.10/site-packages:${PYTHONPATH} /usr/bin/python3 -W ignore:setup.py install is deprecated setup.py egg_info --egg-base ../../../build/create3_teleop build --build-base /home/locobot/locobot_ws/build/create3_teleop/build install --record /home/locobot/locobot_ws/build/create3_teleop/install.log --single-version-externally-managed install_data
[2.166s] Level 1:colcon.colcon_core.environment:checking '/home/locobot/locobot_ws/install/create3_teleop' for CMake config files
[2.167s] Level 1:colcon.colcon_core.environment:checking '/home/locobot/locobot_ws/install/create3_teleop/lib'
[2.167s] Level 1:colcon.colcon_core.environment:checking '/home/locobot/locobot_ws/install/create3_teleop/bin'
[2.167s] Level 1:colcon.colcon_core.environment:checking '/home/locobot/locobot_ws/install/create3_teleop/lib/pkgconfig/create3_teleop.pc'
[2.167s] Level 1:colcon.colcon_core.environment:checking '/home/locobot/locobot_ws/install/create3_teleop/lib/python3.10/site-packages'
[2.168s] Level 1:colcon.colcon_core.shell:create_environment_hook('create3_teleop', 'pythonpath')
[2.168s] INFO:colcon.colcon_core.shell:Creating environment hook '/home/locobot/locobot_ws/install/create3_teleop/share/create3_teleop/hook/pythonpath.ps1'
[2.168s] INFO:colcon.colcon_core.shell:Creating environment descriptor '/home/locobot/locobot_ws/install/create3_teleop/share/create3_teleop/hook/pythonpath.dsv'
[2.169s] INFO:colcon.colcon_core.shell:Creating environment hook '/home/locobot/locobot_ws/install/create3_teleop/share/create3_teleop/hook/pythonpath.sh'
[2.169s] Level 1:colcon.colcon_core.environment:checking '/home/locobot/locobot_ws/install/create3_teleop/bin'
[2.169s] Level 1:colcon.colcon_core.environment:create_environment_scripts_only(create3_teleop)
[2.170s] INFO:colcon.colcon_core.shell:Creating package script '/home/locobot/locobot_ws/install/create3_teleop/share/create3_teleop/package.ps1'
[2.170s] INFO:colcon.colcon_core.shell:Creating package descriptor '/home/locobot/locobot_ws/install/create3_teleop/share/create3_teleop/package.dsv'
[2.171s] INFO:colcon.colcon_core.shell:Creating package script '/home/locobot/locobot_ws/install/create3_teleop/share/create3_teleop/package.sh'
[2.171s] INFO:colcon.colcon_core.shell:Creating package script '/home/locobot/locobot_ws/install/create3_teleop/share/create3_teleop/package.bash'
[2.172s] INFO:colcon.colcon_core.shell:Creating package script '/home/locobot/locobot_ws/install/create3_teleop/share/create3_teleop/package.zsh'
[2.172s] Level 1:colcon.colcon_core.environment:create_file_with_runtime_dependencies(/home/locobot/locobot_ws/install/create3_teleop/share/colcon-core/packages/create3_teleop)
[2.329s] Level 1:colcon.colcon_core.environment:checking '/home/locobot/locobot_ws/install/locobot_move' for CMake module files
[2.330s] DEBUG:colcon.colcon_core.event_handler.log_command:Invoked command in '/home/locobot/locobot_ws/src/locobot_move' returned '0': PYTHONPATH=/home/locobot/locobot_ws/build/locobot_move/prefix_override:/home/locobot/locobot_ws/install/locobot_move/lib/python3.10/site-packages:${PYTHONPATH} /usr/bin/python3 -W ignore:setup.py install is deprecated setup.py egg_info --egg-base ../../build/locobot_move build --build-base /home/locobot/locobot_ws/build/locobot_move/build install --record /home/locobot/locobot_ws/build/locobot_move/install.log --single-version-externally-managed install_data
[2.330s] Level 1:colcon.colcon_core.environment:checking '/home/locobot/locobot_ws/install/locobot_move' for CMake config files
[2.330s] Level 1:colcon.colcon_core.environment:checking '/home/locobot/locobot_ws/install/locobot_move/lib'
[2.330s] Level 1:colcon.colcon_core.environment:checking '/home/locobot/locobot_ws/install/locobot_move/bin'
[2.331s] Level 1:colcon.colcon_core.environment:checking '/home/locobot/locobot_ws/install/locobot_move/lib/pkgconfig/locobot_move.pc'
[2.331s] Level 1:colcon.colcon_core.environment:checking '/home/locobot/locobot_ws/install/locobot_move/lib/python3.10/site-packages'
[2.331s] Level 1:colcon.colcon_core.shell:create_environment_hook('locobot_move', 'pythonpath')
[2.331s] INFO:colcon.colcon_core.shell:Creating environment hook '/home/locobot/locobot_ws/install/locobot_move/share/locobot_move/hook/pythonpath.ps1'
[2.331s] INFO:colcon.colcon_core.shell:Creating environment descriptor '/home/locobot/locobot_ws/install/locobot_move/share/locobot_move/hook/pythonpath.dsv'
[2.332s] INFO:colcon.colcon_core.shell:Creating environment hook '/home/locobot/locobot_ws/install/locobot_move/share/locobot_move/hook/pythonpath.sh'
[2.332s] Level 1:colcon.colcon_core.environment:checking '/home/locobot/locobot_ws/install/locobot_move/bin'
[2.332s] Level 1:colcon.colcon_core.environment:create_environment_scripts_only(locobot_move)
[2.332s] INFO:colcon.colcon_core.shell:Creating package script '/home/locobot/locobot_ws/install/locobot_move/share/locobot_move/package.ps1'
[2.333s] INFO:colcon.colcon_core.shell:Creating package descriptor '/home/locobot/locobot_ws/install/locobot_move/share/locobot_move/package.dsv'
[2.333s] INFO:colcon.colcon_core.shell:Creating package script '/home/locobot/locobot_ws/install/locobot_move/share/locobot_move/package.sh'
[2.334s] INFO:colcon.colcon_core.shell:Creating package script '/home/locobot/locobot_ws/install/locobot_move/share/locobot_move/package.bash'
[2.334s] INFO:colcon.colcon_core.shell:Creating package script '/home/locobot/locobot_ws/install/locobot_move/share/locobot_move/package.zsh'
[2.334s] Level 1:colcon.colcon_core.environment:create_file_with_runtime_dependencies(/home/locobot/locobot_ws/install/locobot_move/share/colcon-core/packages/locobot_move)
[2.334s] DEBUG:colcon.colcon_parallel_executor.executor.parallel:closing loop
[2.335s] DEBUG:colcon.colcon_parallel_executor.executor.parallel:loop closed
[2.335s] DEBUG:colcon.colcon_parallel_executor.executor.parallel:run_until_complete finished with '0'
[2.335s] DEBUG:colcon.colcon_core.event_reactor:joining thread
[2.340s] INFO:colcon.colcon_core.plugin_system:Skipping extension 'colcon_notification.desktop_notification.terminal_notifier': Not used on non-Darwin systems
[2.340s] INFO:colcon.colcon_core.plugin_system:Skipping extension 'colcon_notification.desktop_notification.win32': Not used on non-Windows systems
[2.340s] INFO:colcon.colcon_notification.desktop_notification:Sending desktop notification using 'notify2'
[2.347s] DEBUG:colcon.colcon_core.event_reactor:joined thread
[2.347s] INFO:colcon.colcon_core.shell:Creating prefix script '/home/locobot/locobot_ws/install/local_setup.ps1'
[2.348s] INFO:colcon.colcon_core.shell:Creating prefix util module '/home/locobot/locobot_ws/install/_local_setup_util_ps1.py'
[2.349s] INFO:colcon.colcon_core.shell:Creating prefix chain script '/home/locobot/locobot_ws/install/setup.ps1'
[2.352s] INFO:colcon.colcon_core.shell:Creating prefix script '/home/locobot/locobot_ws/install/local_setup.sh'
[2.352s] INFO:colcon.colcon_core.shell:Creating prefix util module '/home/locobot/locobot_ws/install/_local_setup_util_sh.py'
[2.352s] INFO:colcon.colcon_core.shell:Creating prefix chain script '/home/locobot/locobot_ws/install/setup.sh'
[2.355s] INFO:colcon.colcon_core.shell:Creating prefix script '/home/locobot/locobot_ws/install/local_setup.bash'
[2.355s] INFO:colcon.colcon_core.shell:Creating prefix chain script '/home/locobot/locobot_ws/install/setup.bash'
[2.358s] INFO:colcon.colcon_core.shell:Creating prefix script '/home/locobot/locobot_ws/install/local_setup.zsh'
[2.358s] INFO:colcon.colcon_core.shell:Creating prefix chain script '/home/locobot/locobot_ws/install/setup.zsh'
