[0.014s] Invoking command in '/home/locobot/locobot_ws/build/audio_common_msgs': /usr/bin/cmake /home/locobot/locobot_ws/src/audio_common/audio_common_msgs -DCMAKE_INSTALL_PREFIX=/home/locobot/locobot_ws/install/audio_common_msgs
[0.087s] -- The C compiler identification is GNU 11.4.0
[0.180s] -- The CXX compiler identification is GNU 11.4.0
[0.189s] -- Detecting C compiler ABI info
[0.283s] -- Detecting C compiler ABI info - done
[0.297s] -- Check for working C compiler: /usr/bin/cc - skipped
[0.297s] -- Detecting C compile features
[0.298s] -- Detecting C compile features - done
[0.302s] -- Detecting CXX compiler ABI info
[0.405s] -- Detecting CXX compiler ABI info - done
[0.421s] -- Check for working CXX compiler: /usr/bin/c++ - skipped
[0.421s] -- Detecting CXX compile features
[0.422s] -- Detecting CXX compile features - done
[0.436s] [31mCMake Error at CMakeLists.txt:9 (find_package):
[0.436s]   By not providing "Findament_cmake.cmake" in CMAKE_MODULE_PATH this project
[0.436s]   has asked CMake to find a package configuration file provided by
[0.436s]   "ament_cmake", but CMake did not find one.
[0.436s] 
[0.437s]   Could not find a package configuration file provided by "ament_cmake" with
[0.437s]   any of the following names:
[0.437s] 
[0.437s]     ament_cmakeConfig.cmake
[0.437s]     ament_cmake-config.cmake
[0.437s] 
[0.437s]   Add the installation prefix of "ament_cmake" to CMAKE_PREFIX_PATH or set
[0.437s]   "ament_cmake_DIR" to a directory containing one of the above files.  If
[0.437s]   "ament_cmake" provides a separate development package or SDK, be sure it
[0.437s]   has been installed.
[0.438s] 
[0.438s] -- Configuring incomplete, errors occurred!
[0.438s] See also "/home/locobot/locobot_ws/build/audio_common_msgs/CMakeFiles/CMakeOutput.log".
[0.438s] [0m
[0.442s] Invoked command in '/home/locobot/locobot_ws/build/audio_common_msgs' returned '1': /usr/bin/cmake /home/locobot/locobot_ws/src/audio_common/audio_common_msgs -DCMAKE_INSTALL_PREFIX=/home/locobot/locobot_ws/install/audio_common_msgs
