[0.298s] Invoking command in '/home/locobot/locobot_ws/build/create3_lidar_slam': CMAKE_PREFIX_PATH=${CMAKE_PREFIX_PATH}:/home/locobot/interbotix_ws/install/interbotix_xs_modules:/home/locobot/interbotix_ws/install/interbotix_perception_modules:/home/locobot/interbotix_ws/install/interbotix_common_modules:/opt/ros/humble /usr/bin/cmake /home/locobot/locobot_ws/src/create3_examples/create3_lidar_slam -DCMAKE_INSTALL_PREFIX=/home/locobot/locobot_ws/install/create3_lidar_slam
[0.374s] -- The C compiler identification is GNU 11.4.0
[0.454s] -- The CXX compiler identification is GNU 11.4.0
[0.463s] -- Detecting C compiler ABI info
[0.557s] -- Detecting C compiler ABI info - done
[0.571s] -- Check for working C compiler: /usr/bin/cc - skipped
[0.571s] -- Detecting C compile features
[0.572s] -- Detecting C compile features - done
[0.577s] -- Detecting CXX compiler ABI info
[0.696s] -- Detecting CXX compiler ABI info - done
[0.714s] -- Check for working CXX compiler: /usr/bin/c++ - skipped
[0.715s] -- Detecting CXX compile features
[0.715s] -- Detecting CXX compile features - done
[0.723s] -- Found ament_cmake: 1.3.8 (/opt/ros/humble/share/ament_cmake/cmake)
[0.956s] -- Found Python3: /usr/bin/python3 (found version "3.10.12") found components: Interpreter 
[1.261s] -- Configuring done
[1.265s] -- Generating done
[1.266s] -- Build files have been written to: /home/locobot/locobot_ws/build/create3_lidar_slam
[1.273s] Invoked command in '/home/locobot/locobot_ws/build/create3_lidar_slam' returned '0': CMAKE_PREFIX_PATH=${CMAKE_PREFIX_PATH}:/home/locobot/interbotix_ws/install/interbotix_xs_modules:/home/locobot/interbotix_ws/install/interbotix_perception_modules:/home/locobot/interbotix_ws/install/interbotix_common_modules:/opt/ros/humble /usr/bin/cmake /home/locobot/locobot_ws/src/create3_examples/create3_lidar_slam -DCMAKE_INSTALL_PREFIX=/home/locobot/locobot_ws/install/create3_lidar_slam
[1.274s] Invoking command in '/home/locobot/locobot_ws/build/create3_lidar_slam': CMAKE_PREFIX_PATH=${CMAKE_PREFIX_PATH}:/home/locobot/interbotix_ws/install/interbotix_xs_modules:/home/locobot/interbotix_ws/install/interbotix_perception_modules:/home/locobot/interbotix_ws/install/interbotix_common_modules:/opt/ros/humble /usr/bin/cmake --build /home/locobot/locobot_ws/build/create3_lidar_slam -- -j4 -l4
[1.329s] Invoked command in '/home/locobot/locobot_ws/build/create3_lidar_slam' returned '0': CMAKE_PREFIX_PATH=${CMAKE_PREFIX_PATH}:/home/locobot/interbotix_ws/install/interbotix_xs_modules:/home/locobot/interbotix_ws/install/interbotix_perception_modules:/home/locobot/interbotix_ws/install/interbotix_common_modules:/opt/ros/humble /usr/bin/cmake --build /home/locobot/locobot_ws/build/create3_lidar_slam -- -j4 -l4
[1.380s] Invoking command in '/home/locobot/locobot_ws/build/create3_lidar_slam': CMAKE_PREFIX_PATH=${CMAKE_PREFIX_PATH}:/home/locobot/interbotix_ws/install/interbotix_xs_modules:/home/locobot/interbotix_ws/install/interbotix_perception_modules:/home/locobot/interbotix_ws/install/interbotix_common_modules:/opt/ros/humble /usr/bin/cmake --install /home/locobot/locobot_ws/build/create3_lidar_slam
[1.394s] -- Install configuration: ""
[1.394s] -- Installing: /home/locobot/locobot_ws/install/create3_lidar_slam/share/create3_lidar_slam/launch
[1.394s] -- Installing: /home/locobot/locobot_ws/install/create3_lidar_slam/share/create3_lidar_slam/launch/rviz_launch.py
[1.394s] -- Installing: /home/locobot/locobot_ws/install/create3_lidar_slam/share/create3_lidar_slam/launch/sensors_launch.py
[1.394s] -- Installing: /home/locobot/locobot_ws/install/create3_lidar_slam/share/create3_lidar_slam/launch/slam_toolbox_launch.py
[1.395s] -- Installing: /home/locobot/locobot_ws/install/create3_lidar_slam/share/create3_lidar_slam/config
[1.395s] -- Installing: /home/locobot/locobot_ws/install/create3_lidar_slam/share/create3_lidar_slam/config/rplidar_node.yaml
[1.395s] -- Installing: /home/locobot/locobot_ws/install/create3_lidar_slam/share/create3_lidar_slam/config/mapper_params_online_async.yaml
[1.395s] -- Installing: /home/locobot/locobot_ws/install/create3_lidar_slam/share/create3_lidar_slam/rviz
[1.395s] -- Installing: /home/locobot/locobot_ws/install/create3_lidar_slam/share/create3_lidar_slam/rviz/create3_lidar_slam.rviz
[1.395s] -- Installing: /home/locobot/locobot_ws/install/create3_lidar_slam/share/ament_index/resource_index/package_run_dependencies/create3_lidar_slam
[1.395s] -- Installing: /home/locobot/locobot_ws/install/create3_lidar_slam/share/ament_index/resource_index/parent_prefix_path/create3_lidar_slam
[1.395s] -- Installing: /home/locobot/locobot_ws/install/create3_lidar_slam/share/create3_lidar_slam/environment/ament_prefix_path.sh
[1.395s] -- Installing: /home/locobot/locobot_ws/install/create3_lidar_slam/share/create3_lidar_slam/environment/ament_prefix_path.dsv
[1.395s] -- Installing: /home/locobot/locobot_ws/install/create3_lidar_slam/share/create3_lidar_slam/environment/path.sh
[1.396s] -- Installing: /home/locobot/locobot_ws/install/create3_lidar_slam/share/create3_lidar_slam/environment/path.dsv
[1.396s] -- Installing: /home/locobot/locobot_ws/install/create3_lidar_slam/share/create3_lidar_slam/local_setup.bash
[1.396s] -- Installing: /home/locobot/locobot_ws/install/create3_lidar_slam/share/create3_lidar_slam/local_setup.sh
[1.396s] -- Installing: /home/locobot/locobot_ws/install/create3_lidar_slam/share/create3_lidar_slam/local_setup.zsh
[1.396s] -- Installing: /home/locobot/locobot_ws/install/create3_lidar_slam/share/create3_lidar_slam/local_setup.dsv
[1.396s] -- Installing: /home/locobot/locobot_ws/install/create3_lidar_slam/share/create3_lidar_slam/package.dsv
[1.396s] -- Installing: /home/locobot/locobot_ws/install/create3_lidar_slam/share/ament_index/resource_index/packages/create3_lidar_slam
[1.396s] -- Installing: /home/locobot/locobot_ws/install/create3_lidar_slam/share/create3_lidar_slam/cmake/create3_lidar_slamConfig.cmake
[1.396s] -- Installing: /home/locobot/locobot_ws/install/create3_lidar_slam/share/create3_lidar_slam/cmake/create3_lidar_slamConfig-version.cmake
[1.396s] -- Installing: /home/locobot/locobot_ws/install/create3_lidar_slam/share/create3_lidar_slam/package.xml
[1.398s] Invoked command in '/home/locobot/locobot_ws/build/create3_lidar_slam' returned '0': CMAKE_PREFIX_PATH=${CMAKE_PREFIX_PATH}:/home/locobot/interbotix_ws/install/interbotix_xs_modules:/home/locobot/interbotix_ws/install/interbotix_perception_modules:/home/locobot/interbotix_ws/install/interbotix_common_modules:/opt/ros/humble /usr/bin/cmake --install /home/locobot/locobot_ws/build/create3_lidar_slam
