[0.033s] Invoking command in '/home/locobot/locobot_ws/build/create3_examples_msgs': CMAKE_PREFIX_PATH=${CMAKE_PREFIX_PATH}:/home/locobot/locobot_ws/install/yolov8_ros:/home/locobot/locobot_ws/install/detection:/home/locobot/locobot_ws/install/yolov5_ros:/home/locobot/locobot_ws/install/locobot_move:/home/locobot/locobot_ws/install/create3_teleop:/home/locobot/locobot_ws/install/create3_examples_py:/home/locobot/interbotix_ws/install/interbotix_xslocobot_control:/home/locobot/interbotix_ws/install/interbotix_xs_modules:/home/locobot/interbotix_ws/install/interbotix_perception_modules:/home/locobot/interbotix_ws/install/interbotix_common_modules:/opt/ros/humble /usr/bin/cmake --build /home/locobot/locobot_ws/build/create3_examples_msgs -- -j4 -l4
[0.163s] [  9%] Built target create3_examples_msgs__rosidl_generator_c
[0.171s] [ 12%] Built target create3_examples_msgs__cpp
[0.249s] [ 12%] Built target ament_cmake_python_copy_create3_examples_msgs
[0.266s] [ 22%] Built target create3_examples_msgs__rosidl_typesupport_fastrtps_c
[0.290s] [ 32%] Built target create3_examples_msgs__rosidl_typesupport_c
[0.351s] [ 41%] Built target create3_examples_msgs__rosidl_typesupport_introspection_c
[0.354s] [ 51%] Built target create3_examples_msgs__rosidl_typesupport_introspection_cpp
[0.461s] [ 61%] Built target create3_examples_msgs__rosidl_typesupport_fastrtps_cpp
[0.487s] [ 70%] Built target create3_examples_msgs__rosidl_typesupport_cpp
[0.569s] [ 70%] Built target create3_examples_msgs
[0.648s] [ 74%] Built target create3_examples_msgs__py
[0.710s] [ 80%] Built target create3_examples_msgs__rosidl_generator_py
[0.815s] [ 87%] Built target create3_examples_msgs__rosidl_typesupport_fastrtps_c__pyext
[0.854s] [ 93%] Built target create3_examples_msgs__rosidl_typesupport_introspection_c__pyext
[0.862s] [100%] Built target create3_examples_msgs__rosidl_typesupport_c__pyext
[1.189s] running egg_info
[1.190s] writing create3_examples_msgs.egg-info/PKG-INFO
[1.191s] writing dependency_links to create3_examples_msgs.egg-info/dependency_links.txt
[1.192s] writing top-level names to create3_examples_msgs.egg-info/top_level.txt
[1.196s] reading manifest file 'create3_examples_msgs.egg-info/SOURCES.txt'
[1.197s] writing manifest file 'create3_examples_msgs.egg-info/SOURCES.txt'
[1.251s] [100%] Built target ament_cmake_python_build_create3_examples_msgs_egg
[1.271s] Invoked command in '/home/locobot/locobot_ws/build/create3_examples_msgs' returned '0': CMAKE_PREFIX_PATH=${CMAKE_PREFIX_PATH}:/home/locobot/locobot_ws/install/yolov8_ros:/home/locobot/locobot_ws/install/detection:/home/locobot/locobot_ws/install/yolov5_ros:/home/locobot/locobot_ws/install/locobot_move:/home/locobot/locobot_ws/install/create3_teleop:/home/locobot/locobot_ws/install/create3_examples_py:/home/locobot/interbotix_ws/install/interbotix_xslocobot_control:/home/locobot/interbotix_ws/install/interbotix_xs_modules:/home/locobot/interbotix_ws/install/interbotix_perception_modules:/home/locobot/interbotix_ws/install/interbotix_common_modules:/opt/ros/humble /usr/bin/cmake --build /home/locobot/locobot_ws/build/create3_examples_msgs -- -j4 -l4
[1.401s] Invoking command in '/home/locobot/locobot_ws/build/create3_examples_msgs': CMAKE_PREFIX_PATH=${CMAKE_PREFIX_PATH}:/home/locobot/locobot_ws/install/yolov8_ros:/home/locobot/locobot_ws/install/detection:/home/locobot/locobot_ws/install/yolov5_ros:/home/locobot/locobot_ws/install/locobot_move:/home/locobot/locobot_ws/install/create3_teleop:/home/locobot/locobot_ws/install/create3_examples_py:/home/locobot/interbotix_ws/install/interbotix_xslocobot_control:/home/locobot/interbotix_ws/install/interbotix_xs_modules:/home/locobot/interbotix_ws/install/interbotix_perception_modules:/home/locobot/interbotix_ws/install/interbotix_common_modules:/opt/ros/humble /usr/bin/cmake --install /home/locobot/locobot_ws/build/create3_examples_msgs
[1.417s] -- Install configuration: ""
[1.417s] -- Up-to-date: /home/locobot/locobot_ws/install/create3_examples_msgs/share/ament_index/resource_index/rosidl_interfaces/create3_examples_msgs
[1.417s] -- Up-to-date: /home/locobot/locobot_ws/install/create3_examples_msgs/include/create3_examples_msgs/create3_examples_msgs
[1.417s] -- Up-to-date: /home/locobot/locobot_ws/install/create3_examples_msgs/include/create3_examples_msgs/create3_examples_msgs/action
[1.417s] -- Up-to-date: /home/locobot/locobot_ws/install/create3_examples_msgs/include/create3_examples_msgs/create3_examples_msgs/action/coverage.h
[1.417s] -- Up-to-date: /home/locobot/locobot_ws/install/create3_examples_msgs/include/create3_examples_msgs/create3_examples_msgs/action/detail
[1.418s] -- Up-to-date: /home/locobot/locobot_ws/install/create3_examples_msgs/include/create3_examples_msgs/create3_examples_msgs/action/detail/coverage__functions.c
[1.418s] -- Up-to-date: /home/locobot/locobot_ws/install/create3_examples_msgs/include/create3_examples_msgs/create3_examples_msgs/action/detail/coverage__type_support.h
[1.418s] -- Up-to-date: /home/locobot/locobot_ws/install/create3_examples_msgs/include/create3_examples_msgs/create3_examples_msgs/action/detail/coverage__functions.h
[1.418s] -- Up-to-date: /home/locobot/locobot_ws/install/create3_examples_msgs/include/create3_examples_msgs/create3_examples_msgs/action/detail/coverage__struct.h
[1.418s] -- Up-to-date: /home/locobot/locobot_ws/install/create3_examples_msgs/include/create3_examples_msgs/create3_examples_msgs/msg
[1.418s] -- Up-to-date: /home/locobot/locobot_ws/install/create3_examples_msgs/include/create3_examples_msgs/create3_examples_msgs/msg/rosidl_generator_c__visibility_control.h
[1.419s] -- Up-to-date: /home/locobot/locobot_ws/install/create3_examples_msgs/share/create3_examples_msgs/environment/library_path.sh
[1.419s] -- Up-to-date: /home/locobot/locobot_ws/install/create3_examples_msgs/share/create3_examples_msgs/environment/library_path.dsv
[1.419s] -- Up-to-date: /home/locobot/locobot_ws/install/create3_examples_msgs/lib/libcreate3_examples_msgs__rosidl_generator_c.so
[1.419s] -- Up-to-date: /home/locobot/locobot_ws/install/create3_examples_msgs/include/create3_examples_msgs/create3_examples_msgs
[1.419s] -- Up-to-date: /home/locobot/locobot_ws/install/create3_examples_msgs/include/create3_examples_msgs/create3_examples_msgs/action
[1.419s] -- Up-to-date: /home/locobot/locobot_ws/install/create3_examples_msgs/include/create3_examples_msgs/create3_examples_msgs/action/detail
[1.419s] -- Up-to-date: /home/locobot/locobot_ws/install/create3_examples_msgs/include/create3_examples_msgs/create3_examples_msgs/action/detail/coverage__rosidl_typesupport_fastrtps_c.h
[1.419s] -- Up-to-date: /home/locobot/locobot_ws/install/create3_examples_msgs/include/create3_examples_msgs/create3_examples_msgs/msg
[1.420s] -- Up-to-date: /home/locobot/locobot_ws/install/create3_examples_msgs/include/create3_examples_msgs/create3_examples_msgs/msg/rosidl_typesupport_fastrtps_c__visibility_control.h
[1.420s] -- Up-to-date: /home/locobot/locobot_ws/install/create3_examples_msgs/lib/libcreate3_examples_msgs__rosidl_typesupport_fastrtps_c.so
[1.420s] -- Up-to-date: /home/locobot/locobot_ws/install/create3_examples_msgs/include/create3_examples_msgs/create3_examples_msgs
[1.420s] -- Up-to-date: /home/locobot/locobot_ws/install/create3_examples_msgs/include/create3_examples_msgs/create3_examples_msgs/action
[1.420s] -- Up-to-date: /home/locobot/locobot_ws/install/create3_examples_msgs/include/create3_examples_msgs/create3_examples_msgs/action/detail
[1.421s] -- Up-to-date: /home/locobot/locobot_ws/install/create3_examples_msgs/include/create3_examples_msgs/create3_examples_msgs/action/detail/coverage__type_support.c
[1.421s] -- Up-to-date: /home/locobot/locobot_ws/install/create3_examples_msgs/include/create3_examples_msgs/create3_examples_msgs/action/detail/coverage__rosidl_typesupport_introspection_c.h
[1.421s] -- Up-to-date: /home/locobot/locobot_ws/install/create3_examples_msgs/include/create3_examples_msgs/create3_examples_msgs/msg
[1.421s] -- Up-to-date: /home/locobot/locobot_ws/install/create3_examples_msgs/include/create3_examples_msgs/create3_examples_msgs/msg/rosidl_typesupport_introspection_c__visibility_control.h
[1.421s] -- Up-to-date: /home/locobot/locobot_ws/install/create3_examples_msgs/lib/libcreate3_examples_msgs__rosidl_typesupport_introspection_c.so
[1.421s] -- Up-to-date: /home/locobot/locobot_ws/install/create3_examples_msgs/lib/libcreate3_examples_msgs__rosidl_typesupport_c.so
[1.421s] -- Up-to-date: /home/locobot/locobot_ws/install/create3_examples_msgs/include/create3_examples_msgs/create3_examples_msgs
[1.421s] -- Up-to-date: /home/locobot/locobot_ws/install/create3_examples_msgs/include/create3_examples_msgs/create3_examples_msgs/action
[1.422s] -- Up-to-date: /home/locobot/locobot_ws/install/create3_examples_msgs/include/create3_examples_msgs/create3_examples_msgs/action/detail
[1.422s] -- Up-to-date: /home/locobot/locobot_ws/install/create3_examples_msgs/include/create3_examples_msgs/create3_examples_msgs/action/detail/coverage__builder.hpp
[1.422s] -- Up-to-date: /home/locobot/locobot_ws/install/create3_examples_msgs/include/create3_examples_msgs/create3_examples_msgs/action/detail/coverage__struct.hpp
[1.422s] -- Up-to-date: /home/locobot/locobot_ws/install/create3_examples_msgs/include/create3_examples_msgs/create3_examples_msgs/action/detail/coverage__traits.hpp
[1.422s] -- Up-to-date: /home/locobot/locobot_ws/install/create3_examples_msgs/include/create3_examples_msgs/create3_examples_msgs/action/coverage.hpp
[1.422s] -- Up-to-date: /home/locobot/locobot_ws/install/create3_examples_msgs/include/create3_examples_msgs/create3_examples_msgs
[1.423s] -- Up-to-date: /home/locobot/locobot_ws/install/create3_examples_msgs/include/create3_examples_msgs/create3_examples_msgs/action
[1.423s] -- Up-to-date: /home/locobot/locobot_ws/install/create3_examples_msgs/include/create3_examples_msgs/create3_examples_msgs/action/detail
[1.423s] -- Up-to-date: /home/locobot/locobot_ws/install/create3_examples_msgs/include/create3_examples_msgs/create3_examples_msgs/action/detail/dds_fastrtps
[1.423s] -- Up-to-date: /home/locobot/locobot_ws/install/create3_examples_msgs/include/create3_examples_msgs/create3_examples_msgs/action/detail/coverage__rosidl_typesupport_fastrtps_cpp.hpp
[1.423s] -- Up-to-date: /home/locobot/locobot_ws/install/create3_examples_msgs/include/create3_examples_msgs/create3_examples_msgs/msg
[1.423s] -- Up-to-date: /home/locobot/locobot_ws/install/create3_examples_msgs/include/create3_examples_msgs/create3_examples_msgs/msg/rosidl_typesupport_fastrtps_cpp__visibility_control.h
[1.423s] -- Up-to-date: /home/locobot/locobot_ws/install/create3_examples_msgs/lib/libcreate3_examples_msgs__rosidl_typesupport_fastrtps_cpp.so
[1.423s] -- Up-to-date: /home/locobot/locobot_ws/install/create3_examples_msgs/include/create3_examples_msgs/create3_examples_msgs
[1.423s] -- Up-to-date: /home/locobot/locobot_ws/install/create3_examples_msgs/include/create3_examples_msgs/create3_examples_msgs/action
[1.424s] -- Up-to-date: /home/locobot/locobot_ws/install/create3_examples_msgs/include/create3_examples_msgs/create3_examples_msgs/action/detail
[1.424s] -- Up-to-date: /home/locobot/locobot_ws/install/create3_examples_msgs/include/create3_examples_msgs/create3_examples_msgs/action/detail/coverage__type_support.cpp
[1.424s] -- Up-to-date: /home/locobot/locobot_ws/install/create3_examples_msgs/include/create3_examples_msgs/create3_examples_msgs/action/detail/coverage__rosidl_typesupport_introspection_cpp.hpp
[1.424s] -- Up-to-date: /home/locobot/locobot_ws/install/create3_examples_msgs/lib/libcreate3_examples_msgs__rosidl_typesupport_introspection_cpp.so
[1.424s] -- Up-to-date: /home/locobot/locobot_ws/install/create3_examples_msgs/lib/libcreate3_examples_msgs__rosidl_typesupport_cpp.so
[1.424s] -- Up-to-date: /home/locobot/locobot_ws/install/create3_examples_msgs/share/create3_examples_msgs/environment/pythonpath.sh
[1.424s] -- Up-to-date: /home/locobot/locobot_ws/install/create3_examples_msgs/share/create3_examples_msgs/environment/pythonpath.dsv
[1.424s] -- Up-to-date: /home/locobot/locobot_ws/install/create3_examples_msgs/local/lib/python3.10/dist-packages/create3_examples_msgs-0.0.1-py3.10.egg-info
[1.424s] -- Installing: /home/locobot/locobot_ws/install/create3_examples_msgs/local/lib/python3.10/dist-packages/create3_examples_msgs-0.0.1-py3.10.egg-info/dependency_links.txt
[1.425s] -- Installing: /home/locobot/locobot_ws/install/create3_examples_msgs/local/lib/python3.10/dist-packages/create3_examples_msgs-0.0.1-py3.10.egg-info/top_level.txt
[1.425s] -- Installing: /home/locobot/locobot_ws/install/create3_examples_msgs/local/lib/python3.10/dist-packages/create3_examples_msgs-0.0.1-py3.10.egg-info/SOURCES.txt
[1.425s] -- Installing: /home/locobot/locobot_ws/install/create3_examples_msgs/local/lib/python3.10/dist-packages/create3_examples_msgs-0.0.1-py3.10.egg-info/PKG-INFO
[1.425s] -- Up-to-date: /home/locobot/locobot_ws/install/create3_examples_msgs/local/lib/python3.10/dist-packages/create3_examples_msgs
[1.425s] -- Up-to-date: /home/locobot/locobot_ws/install/create3_examples_msgs/local/lib/python3.10/dist-packages/create3_examples_msgs/create3_examples_msgs_s__rosidl_typesupport_c.cpython-310-x86_64-linux-gnu.so
[1.425s] -- Up-to-date: /home/locobot/locobot_ws/install/create3_examples_msgs/local/lib/python3.10/dist-packages/create3_examples_msgs/_create3_examples_msgs_s.ep.rosidl_typesupport_c.c
[1.425s] -- Up-to-date: /home/locobot/locobot_ws/install/create3_examples_msgs/local/lib/python3.10/dist-packages/create3_examples_msgs/action
[1.425s] -- Up-to-date: /home/locobot/locobot_ws/install/create3_examples_msgs/local/lib/python3.10/dist-packages/create3_examples_msgs/action/_coverage.py
[1.425s] -- Up-to-date: /home/locobot/locobot_ws/install/create3_examples_msgs/local/lib/python3.10/dist-packages/create3_examples_msgs/action/__init__.py
[1.426s] -- Up-to-date: /home/locobot/locobot_ws/install/create3_examples_msgs/local/lib/python3.10/dist-packages/create3_examples_msgs/action/_coverage_s.c
[1.426s] -- Up-to-date: /home/locobot/locobot_ws/install/create3_examples_msgs/local/lib/python3.10/dist-packages/create3_examples_msgs/_create3_examples_msgs_s.ep.rosidl_typesupport_introspection_c.c
[1.426s] -- Up-to-date: /home/locobot/locobot_ws/install/create3_examples_msgs/local/lib/python3.10/dist-packages/create3_examples_msgs/_create3_examples_msgs_s.ep.rosidl_typesupport_fastrtps_c.c
[1.426s] -- Up-to-date: /home/locobot/locobot_ws/install/create3_examples_msgs/local/lib/python3.10/dist-packages/create3_examples_msgs/__init__.py
[1.426s] -- Up-to-date: /home/locobot/locobot_ws/install/create3_examples_msgs/local/lib/python3.10/dist-packages/create3_examples_msgs/libcreate3_examples_msgs__rosidl_generator_py.so
[1.426s] -- Up-to-date: /home/locobot/locobot_ws/install/create3_examples_msgs/local/lib/python3.10/dist-packages/create3_examples_msgs/create3_examples_msgs_s__rosidl_typesupport_fastrtps_c.cpython-310-x86_64-linux-gnu.so
[1.426s] -- Up-to-date: /home/locobot/locobot_ws/install/create3_examples_msgs/local/lib/python3.10/dist-packages/create3_examples_msgs/create3_examples_msgs_s__rosidl_typesupport_introspection_c.cpython-310-x86_64-linux-gnu.so
[1.490s] Listing '/home/locobot/locobot_ws/install/create3_examples_msgs/local/lib/python3.10/dist-packages/create3_examples_msgs'...
[1.490s] Listing '/home/locobot/locobot_ws/install/create3_examples_msgs/local/lib/python3.10/dist-packages/create3_examples_msgs/action'...
[1.495s] -- Up-to-date: /home/locobot/locobot_ws/install/create3_examples_msgs/local/lib/python3.10/dist-packages/create3_examples_msgs/create3_examples_msgs_s__rosidl_typesupport_fastrtps_c.cpython-310-x86_64-linux-gnu.so
[1.496s] -- Up-to-date: /home/locobot/locobot_ws/install/create3_examples_msgs/local/lib/python3.10/dist-packages/create3_examples_msgs/create3_examples_msgs_s__rosidl_typesupport_introspection_c.cpython-310-x86_64-linux-gnu.so
[1.496s] -- Up-to-date: /home/locobot/locobot_ws/install/create3_examples_msgs/local/lib/python3.10/dist-packages/create3_examples_msgs/create3_examples_msgs_s__rosidl_typesupport_c.cpython-310-x86_64-linux-gnu.so
[1.496s] -- Up-to-date: /home/locobot/locobot_ws/install/create3_examples_msgs/lib/libcreate3_examples_msgs__rosidl_generator_py.so
[1.497s] -- Up-to-date: /home/locobot/locobot_ws/install/create3_examples_msgs/share/create3_examples_msgs/action/Coverage.idl
[1.497s] -- Up-to-date: /home/locobot/locobot_ws/install/create3_examples_msgs/share/create3_examples_msgs/action/Coverage.action
[1.497s] -- Up-to-date: /home/locobot/locobot_ws/install/create3_examples_msgs/share/ament_index/resource_index/package_run_dependencies/create3_examples_msgs
[1.497s] -- Up-to-date: /home/locobot/locobot_ws/install/create3_examples_msgs/share/ament_index/resource_index/parent_prefix_path/create3_examples_msgs
[1.497s] -- Up-to-date: /home/locobot/locobot_ws/install/create3_examples_msgs/share/create3_examples_msgs/environment/ament_prefix_path.sh
[1.497s] -- Up-to-date: /home/locobot/locobot_ws/install/create3_examples_msgs/share/create3_examples_msgs/environment/ament_prefix_path.dsv
[1.498s] -- Up-to-date: /home/locobot/locobot_ws/install/create3_examples_msgs/share/create3_examples_msgs/environment/path.sh
[1.498s] -- Up-to-date: /home/locobot/locobot_ws/install/create3_examples_msgs/share/create3_examples_msgs/environment/path.dsv
[1.498s] -- Up-to-date: /home/locobot/locobot_ws/install/create3_examples_msgs/share/create3_examples_msgs/local_setup.bash
[1.498s] -- Up-to-date: /home/locobot/locobot_ws/install/create3_examples_msgs/share/create3_examples_msgs/local_setup.sh
[1.498s] -- Up-to-date: /home/locobot/locobot_ws/install/create3_examples_msgs/share/create3_examples_msgs/local_setup.zsh
[1.499s] -- Up-to-date: /home/locobot/locobot_ws/install/create3_examples_msgs/share/create3_examples_msgs/local_setup.dsv
[1.499s] -- Installing: /home/locobot/locobot_ws/install/create3_examples_msgs/share/create3_examples_msgs/package.dsv
[1.499s] -- Up-to-date: /home/locobot/locobot_ws/install/create3_examples_msgs/share/ament_index/resource_index/packages/create3_examples_msgs
[1.499s] -- Up-to-date: /home/locobot/locobot_ws/install/create3_examples_msgs/share/create3_examples_msgs/cmake/export_create3_examples_msgs__rosidl_generator_cExport.cmake
[1.499s] -- Up-to-date: /home/locobot/locobot_ws/install/create3_examples_msgs/share/create3_examples_msgs/cmake/export_create3_examples_msgs__rosidl_generator_cExport-noconfig.cmake
[1.499s] -- Up-to-date: /home/locobot/locobot_ws/install/create3_examples_msgs/share/create3_examples_msgs/cmake/export_create3_examples_msgs__rosidl_typesupport_fastrtps_cExport.cmake
[1.499s] -- Up-to-date: /home/locobot/locobot_ws/install/create3_examples_msgs/share/create3_examples_msgs/cmake/export_create3_examples_msgs__rosidl_typesupport_fastrtps_cExport-noconfig.cmake
[1.499s] -- Up-to-date: /home/locobot/locobot_ws/install/create3_examples_msgs/share/create3_examples_msgs/cmake/create3_examples_msgs__rosidl_typesupport_introspection_cExport.cmake
[1.500s] -- Up-to-date: /home/locobot/locobot_ws/install/create3_examples_msgs/share/create3_examples_msgs/cmake/create3_examples_msgs__rosidl_typesupport_introspection_cExport-noconfig.cmake
[1.500s] -- Up-to-date: /home/locobot/locobot_ws/install/create3_examples_msgs/share/create3_examples_msgs/cmake/create3_examples_msgs__rosidl_typesupport_cExport.cmake
[1.500s] -- Up-to-date: /home/locobot/locobot_ws/install/create3_examples_msgs/share/create3_examples_msgs/cmake/create3_examples_msgs__rosidl_typesupport_cExport-noconfig.cmake
[1.500s] -- Up-to-date: /home/locobot/locobot_ws/install/create3_examples_msgs/share/create3_examples_msgs/cmake/export_create3_examples_msgs__rosidl_generator_cppExport.cmake
[1.500s] -- Up-to-date: /home/locobot/locobot_ws/install/create3_examples_msgs/share/create3_examples_msgs/cmake/export_create3_examples_msgs__rosidl_typesupport_fastrtps_cppExport.cmake
[1.500s] -- Up-to-date: /home/locobot/locobot_ws/install/create3_examples_msgs/share/create3_examples_msgs/cmake/export_create3_examples_msgs__rosidl_typesupport_fastrtps_cppExport-noconfig.cmake
[1.500s] -- Up-to-date: /home/locobot/locobot_ws/install/create3_examples_msgs/share/create3_examples_msgs/cmake/create3_examples_msgs__rosidl_typesupport_introspection_cppExport.cmake
[1.500s] -- Up-to-date: /home/locobot/locobot_ws/install/create3_examples_msgs/share/create3_examples_msgs/cmake/create3_examples_msgs__rosidl_typesupport_introspection_cppExport-noconfig.cmake
[1.500s] -- Up-to-date: /home/locobot/locobot_ws/install/create3_examples_msgs/share/create3_examples_msgs/cmake/create3_examples_msgs__rosidl_typesupport_cppExport.cmake
[1.500s] -- Up-to-date: /home/locobot/locobot_ws/install/create3_examples_msgs/share/create3_examples_msgs/cmake/create3_examples_msgs__rosidl_typesupport_cppExport-noconfig.cmake
[1.500s] -- Up-to-date: /home/locobot/locobot_ws/install/create3_examples_msgs/share/create3_examples_msgs/cmake/export_create3_examples_msgs__rosidl_generator_pyExport.cmake
[1.501s] -- Up-to-date: /home/locobot/locobot_ws/install/create3_examples_msgs/share/create3_examples_msgs/cmake/export_create3_examples_msgs__rosidl_generator_pyExport-noconfig.cmake
[1.501s] -- Up-to-date: /home/locobot/locobot_ws/install/create3_examples_msgs/share/create3_examples_msgs/cmake/rosidl_cmake-extras.cmake
[1.501s] -- Up-to-date: /home/locobot/locobot_ws/install/create3_examples_msgs/share/create3_examples_msgs/cmake/ament_cmake_export_dependencies-extras.cmake
[1.501s] -- Up-to-date: /home/locobot/locobot_ws/install/create3_examples_msgs/share/create3_examples_msgs/cmake/ament_cmake_export_include_directories-extras.cmake
[1.501s] -- Up-to-date: /home/locobot/locobot_ws/install/create3_examples_msgs/share/create3_examples_msgs/cmake/ament_cmake_export_libraries-extras.cmake
[1.501s] -- Up-to-date: /home/locobot/locobot_ws/install/create3_examples_msgs/share/create3_examples_msgs/cmake/ament_cmake_export_targets-extras.cmake
[1.501s] -- Up-to-date: /home/locobot/locobot_ws/install/create3_examples_msgs/share/create3_examples_msgs/cmake/rosidl_cmake_export_typesupport_targets-extras.cmake
[1.501s] -- Up-to-date: /home/locobot/locobot_ws/install/create3_examples_msgs/share/create3_examples_msgs/cmake/rosidl_cmake_export_typesupport_libraries-extras.cmake
[1.501s] -- Up-to-date: /home/locobot/locobot_ws/install/create3_examples_msgs/share/create3_examples_msgs/cmake/create3_examples_msgsConfig.cmake
[1.502s] -- Up-to-date: /home/locobot/locobot_ws/install/create3_examples_msgs/share/create3_examples_msgs/cmake/create3_examples_msgsConfig-version.cmake
[1.502s] -- Up-to-date: /home/locobot/locobot_ws/install/create3_examples_msgs/share/create3_examples_msgs/package.xml
[1.509s] Invoked command in '/home/locobot/locobot_ws/build/create3_examples_msgs' returned '0': CMAKE_PREFIX_PATH=${CMAKE_PREFIX_PATH}:/home/locobot/locobot_ws/install/yolov8_ros:/home/locobot/locobot_ws/install/detection:/home/locobot/locobot_ws/install/yolov5_ros:/home/locobot/locobot_ws/install/locobot_move:/home/locobot/locobot_ws/install/create3_teleop:/home/locobot/locobot_ws/install/create3_examples_py:/home/locobot/interbotix_ws/install/interbotix_xslocobot_control:/home/locobot/interbotix_ws/install/interbotix_xs_modules:/home/locobot/interbotix_ws/install/interbotix_perception_modules:/home/locobot/interbotix_ws/install/interbotix_common_modules:/opt/ros/humble /usr/bin/cmake --install /home/locobot/locobot_ws/build/create3_examples_msgs
