-- The C compiler identification is GNU 11.4.0
-- The CXX compiler identification is GNU 11.4.0
-- Detecting C compiler ABI info
-- Detecting C compiler ABI info - done
-- Check for working C compiler: /usr/bin/cc - skipped
-- Detecting C compile features
-- Detecting C compile features - done
-- Detecting CXX compiler ABI info
-- Detecting CXX compiler ABI info - done
-- Check for working CXX compiler: /usr/bin/c++ - skipped
-- Detecting CXX compile features
-- Detecting CXX compile features - done
-- Found ament_cmake: 1.3.9 (/opt/ros/humble/share/ament_cmake/cmake)
-- Found Python3: /usr/bin/python3 (found version "3.10.12") found components: Interpreter 
-- Configuring done
-- Generating done
-- Build files have been written to: /home/locobot/locobot_ws/build/tts_ros
Built target ament_cmake_python_copy_tts_ros
running egg_info
creating tts_ros.egg-info
writing tts_ros.egg-info/PKG-INFO
writing dependency_links to tts_ros.egg-info/dependency_links.txt
writing top-level names to tts_ros.egg-info/top_level.txt
writing manifest file 'tts_ros.egg-info/SOURCES.txt'
reading manifest file 'tts_ros.egg-info/SOURCES.txt'
writing manifest file 'tts_ros.egg-info/SOURCES.txt'
Built target ament_cmake_python_build_tts_ros_egg
-- Install configuration: ""
-- Installing: /home/locobot/locobot_ws/install/tts_ros/share/tts_ros/environment/pythonpath.sh
-- Installing: /home/locobot/locobot_ws/install/tts_ros/share/tts_ros/environment/pythonpath.dsv
-- Installing: /home/locobot/locobot_ws/install/tts_ros/local/lib/python3.10/dist-packages/tts_ros-0.0.0-py3.10.egg-info
-- Installing: /home/locobot/locobot_ws/install/tts_ros/local/lib/python3.10/dist-packages/tts_ros-0.0.0-py3.10.egg-info/dependency_links.txt
-- Installing: /home/locobot/locobot_ws/install/tts_ros/local/lib/python3.10/dist-packages/tts_ros-0.0.0-py3.10.egg-info/top_level.txt
-- Installing: /home/locobot/locobot_ws/install/tts_ros/local/lib/python3.10/dist-packages/tts_ros-0.0.0-py3.10.egg-info/SOURCES.txt
-- Installing: /home/locobot/locobot_ws/install/tts_ros/local/lib/python3.10/dist-packages/tts_ros-0.0.0-py3.10.egg-info/PKG-INFO
-- Installing: /home/locobot/locobot_ws/install/tts_ros/local/lib/python3.10/dist-packages/tts_ros
-- Installing: /home/locobot/locobot_ws/install/tts_ros/local/lib/python3.10/dist-packages/tts_ros/__init__.py
-- Installing: /home/locobot/locobot_ws/install/tts_ros/local/lib/python3.10/dist-packages/tts_ros/tts_node.py
Listing '/home/locobot/locobot_ws/install/tts_ros/local/lib/python3.10/dist-packages/tts_ros'...
Compiling '/home/locobot/locobot_ws/install/tts_ros/local/lib/python3.10/dist-packages/tts_ros/__init__.py'...
Compiling '/home/locobot/locobot_ws/install/tts_ros/local/lib/python3.10/dist-packages/tts_ros/tts_node.py'...
-- Installing: /home/locobot/locobot_ws/install/tts_ros/lib/tts_ros/tts_node
-- Installing: /home/locobot/locobot_ws/install/tts_ros/share/ament_index/resource_index/package_run_dependencies/tts_ros
-- Installing: /home/locobot/locobot_ws/install/tts_ros/share/ament_index/resource_index/parent_prefix_path/tts_ros
-- Installing: /home/locobot/locobot_ws/install/tts_ros/share/tts_ros/environment/ament_prefix_path.sh
-- Installing: /home/locobot/locobot_ws/install/tts_ros/share/tts_ros/environment/ament_prefix_path.dsv
-- Installing: /home/locobot/locobot_ws/install/tts_ros/share/tts_ros/environment/path.sh
-- Installing: /home/locobot/locobot_ws/install/tts_ros/share/tts_ros/environment/path.dsv
-- Installing: /home/locobot/locobot_ws/install/tts_ros/share/tts_ros/local_setup.bash
-- Installing: /home/locobot/locobot_ws/install/tts_ros/share/tts_ros/local_setup.sh
-- Installing: /home/locobot/locobot_ws/install/tts_ros/share/tts_ros/local_setup.zsh
-- Installing: /home/locobot/locobot_ws/install/tts_ros/share/tts_ros/local_setup.dsv
-- Installing: /home/locobot/locobot_ws/install/tts_ros/share/tts_ros/package.dsv
-- Installing: /home/locobot/locobot_ws/install/tts_ros/share/ament_index/resource_index/packages/tts_ros
-- Installing: /home/locobot/locobot_ws/install/tts_ros/share/tts_ros/cmake/tts_rosConfig.cmake
-- Installing: /home/locobot/locobot_ws/install/tts_ros/share/tts_ros/cmake/tts_rosConfig-version.cmake
-- Installing: /home/locobot/locobot_ws/install/tts_ros/share/tts_ros/package.xml
