-- Found ament_cmake: 1.3.9 (/opt/ros/humble/share/ament_cmake/cmake)
-- Found Python3: /usr/bin/python3 (found version "3.10.12") found components: Interpreter 
-- Found std_msgs: 4.2.4 (/opt/ros/humble/share/std_msgs/cmake)
-- Found rosidl_generator_c: 3.1.5 (/opt/ros/humble/share/rosidl_generator_c/cmake)
-- Found rosidl_adapter: 3.1.5 (/opt/ros/humble/share/rosidl_adapter/cmake)
-- Found rosidl_generator_cpp: 3.1.5 (/opt/ros/humble/share/rosidl_generator_cpp/cmake)
-- Using all available rosidl_typesupport_c: rosidl_typesupport_fastrtps_c;rosidl_typesupport_introspection_c
-- Using all available rosidl_typesupport_cpp: rosidl_typesupport_fastrtps_cpp;rosidl_typesupport_introspection_cpp
-- Found rosidl_default_generators: 1.2.0 (/opt/ros/humble/share/rosidl_default_generators/cmake)
-- Found ament_cmake_ros: 0.10.0 (/opt/ros/humble/share/ament_cmake_ros/cmake)
-- Using all available rosidl_typesupport_c: rosidl_typesupport_fastrtps_c;rosidl_typesupport_introspection_c
-- Using all available rosidl_typesupport_cpp: rosidl_typesupport_fastrtps_cpp;rosidl_typesupport_introspection_cpp
-- Found PythonInterp: /usr/bin/python3 (found suitable version "3.10.12", minimum required is "3.6") 
-- Found python_cmake_module: 0.10.0 (/opt/ros/humble/share/python_cmake_module/cmake)
-- Found PythonLibs: /usr/lib/x86_64-linux-gnu/libpython3.10.so (found suitable version "3.10.12", minimum required is "3.5") 
-- Using PYTHON_EXECUTABLE: /usr/bin/python3
-- Using PYTHON_INCLUDE_DIRS: /usr/include/python3.10
-- Using PYTHON_LIBRARIES: /usr/lib/x86_64-linux-gnu/libpython3.10.so
-- Found PythonExtra: .so  
-- Configuring done
-- Generating done
-- Build files have been written to: /home/locobot/locobot_ws/build/audio_common_msgs
[  1%] [34m[1mGenerating C code for ROS interfaces[0m
[  3%] [34m[1mGenerating C++ code for ROS interfaces[0m
[  3%] Built target ament_cmake_python_copy_audio_common_msgs
running egg_info
creating audio_common_msgs.egg-info
writing audio_common_msgs.egg-info/PKG-INFO
writing dependency_links to audio_common_msgs.egg-info/dependency_links.txt
writing top-level names to audio_common_msgs.egg-info/top_level.txt
writing manifest file 'audio_common_msgs.egg-info/SOURCES.txt'
reading manifest file 'audio_common_msgs.egg-info/SOURCES.txt'
writing manifest file 'audio_common_msgs.egg-info/SOURCES.txt'
[  3%] Built target ament_cmake_python_build_audio_common_msgs_egg
[  4%] [32mBuilding C object CMakeFiles/audio_common_msgs__rosidl_generator_c.dir/rosidl_generator_c/audio_common_msgs/msg/detail/audio_info__functions.c.o[0m
[  6%] [32mBuilding C object CMakeFiles/audio_common_msgs__rosidl_generator_c.dir/rosidl_generator_c/audio_common_msgs/msg/detail/audio_data__functions.c.o[0m
[  7%] [32mBuilding C object CMakeFiles/audio_common_msgs__rosidl_generator_c.dir/rosidl_generator_c/audio_common_msgs/msg/detail/audio_stamped__functions.c.o[0m
[  9%] [32mBuilding C object CMakeFiles/audio_common_msgs__rosidl_generator_c.dir/rosidl_generator_c/audio_common_msgs/msg/detail/audio__functions.c.o[0m
[  9%] Built target audio_common_msgs__cpp
[ 11%] [34m[1mGenerating C++ type support dispatch for ROS interfaces[0m
[ 12%] [32mBuilding C object CMakeFiles/audio_common_msgs__rosidl_generator_c.dir/rosidl_generator_c/audio_common_msgs/action/detail/tts__functions.c.o[0m
[ 14%] [34m[1mGenerating C++ type support for eProsima Fast-RTPS[0m
[ 15%] [34m[1mGenerating C++ introspection for ROS interfaces[0m
[ 17%] [32m[1mLinking C shared library libaudio_common_msgs__rosidl_generator_c.so[0m
[ 17%] Built target audio_common_msgs__rosidl_generator_c
[ 19%] [34m[1mGenerating C type support for eProsima Fast-RTPS[0m
[ 20%] [32mBuilding CXX object CMakeFiles/audio_common_msgs__rosidl_typesupport_introspection_cpp.dir/rosidl_typesupport_introspection_cpp/audio_common_msgs/msg/detail/audio_data__type_support.cpp.o[0m
[ 22%] [32mBuilding CXX object CMakeFiles/audio_common_msgs__rosidl_typesupport_cpp.dir/rosidl_typesupport_cpp/audio_common_msgs/msg/audio_data__type_support.cpp.o[0m
[ 23%] [32mBuilding CXX object CMakeFiles/audio_common_msgs__rosidl_typesupport_cpp.dir/rosidl_typesupport_cpp/audio_common_msgs/msg/audio_info__type_support.cpp.o[0m
[ 25%] [32mBuilding CXX object CMakeFiles/audio_common_msgs__rosidl_typesupport_fastrtps_cpp.dir/rosidl_typesupport_fastrtps_cpp/audio_common_msgs/msg/detail/dds_fastrtps/audio_data__type_support.cpp.o[0m
[ 26%] [32mBuilding CXX object CMakeFiles/audio_common_msgs__rosidl_typesupport_cpp.dir/rosidl_typesupport_cpp/audio_common_msgs/msg/audio__type_support.cpp.o[0m
[ 28%] [32mBuilding CXX object CMakeFiles/audio_common_msgs__rosidl_typesupport_fastrtps_c.dir/rosidl_typesupport_fastrtps_c/audio_common_msgs/msg/detail/audio_data__type_support_c.cpp.o[0m
[ 30%] [32mBuilding CXX object CMakeFiles/audio_common_msgs__rosidl_typesupport_introspection_cpp.dir/rosidl_typesupport_introspection_cpp/audio_common_msgs/msg/detail/audio_info__type_support.cpp.o[0m
[ 31%] [32mBuilding CXX object CMakeFiles/audio_common_msgs__rosidl_typesupport_fastrtps_cpp.dir/rosidl_typesupport_fastrtps_cpp/audio_common_msgs/msg/detail/dds_fastrtps/audio_info__type_support.cpp.o[0m
[ 33%] [32mBuilding CXX object CMakeFiles/audio_common_msgs__rosidl_typesupport_cpp.dir/rosidl_typesupport_cpp/audio_common_msgs/msg/audio_stamped__type_support.cpp.o[0m
[ 34%] [32mBuilding CXX object CMakeFiles/audio_common_msgs__rosidl_typesupport_fastrtps_c.dir/rosidl_typesupport_fastrtps_c/audio_common_msgs/msg/detail/audio_info__type_support_c.cpp.o[0m
[ 36%] [32mBuilding CXX object CMakeFiles/audio_common_msgs__rosidl_typesupport_introspection_cpp.dir/rosidl_typesupport_introspection_cpp/audio_common_msgs/msg/detail/audio__type_support.cpp.o[0m
[ 38%] [32mBuilding CXX object CMakeFiles/audio_common_msgs__rosidl_typesupport_cpp.dir/rosidl_typesupport_cpp/audio_common_msgs/action/tts__type_support.cpp.o[0m
[ 39%] [32mBuilding CXX object CMakeFiles/audio_common_msgs__rosidl_typesupport_fastrtps_c.dir/rosidl_typesupport_fastrtps_c/audio_common_msgs/msg/detail/audio__type_support_c.cpp.o[0m
[ 41%] [32mBuilding CXX object CMakeFiles/audio_common_msgs__rosidl_typesupport_fastrtps_cpp.dir/rosidl_typesupport_fastrtps_cpp/audio_common_msgs/msg/detail/dds_fastrtps/audio__type_support.cpp.o[0m
[ 42%] [32mBuilding CXX object CMakeFiles/audio_common_msgs__rosidl_typesupport_introspection_cpp.dir/rosidl_typesupport_introspection_cpp/audio_common_msgs/msg/detail/audio_stamped__type_support.cpp.o[0m
[ 44%] [32mBuilding CXX object CMakeFiles/audio_common_msgs__rosidl_typesupport_fastrtps_cpp.dir/rosidl_typesupport_fastrtps_cpp/audio_common_msgs/msg/detail/dds_fastrtps/audio_stamped__type_support.cpp.o[0m
[ 46%] [32mBuilding CXX object CMakeFiles/audio_common_msgs__rosidl_typesupport_fastrtps_c.dir/rosidl_typesupport_fastrtps_c/audio_common_msgs/msg/detail/audio_stamped__type_support_c.cpp.o[0m
[ 47%] [32mBuilding CXX object CMakeFiles/audio_common_msgs__rosidl_typesupport_introspection_cpp.dir/rosidl_typesupport_introspection_cpp/audio_common_msgs/action/detail/tts__type_support.cpp.o[0m
[ 49%] [32m[1mLinking CXX shared library libaudio_common_msgs__rosidl_typesupport_cpp.so[0m
[ 49%] Built target audio_common_msgs__rosidl_typesupport_cpp
[ 50%] [32mBuilding CXX object CMakeFiles/audio_common_msgs__rosidl_typesupport_fastrtps_c.dir/rosidl_typesupport_fastrtps_c/audio_common_msgs/action/detail/tts__type_support_c.cpp.o[0m
[ 52%] [32mBuilding CXX object CMakeFiles/audio_common_msgs__rosidl_typesupport_fastrtps_cpp.dir/rosidl_typesupport_fastrtps_cpp/audio_common_msgs/action/detail/dds_fastrtps/tts__type_support.cpp.o[0m
[ 53%] [34m[1mGenerating C introspection for ROS interfaces[0m
[ 55%] [32m[1mLinking CXX shared library libaudio_common_msgs__rosidl_typesupport_fastrtps_c.so[0m
[ 55%] Built target audio_common_msgs__rosidl_typesupport_fastrtps_c
[ 57%] [34m[1mGenerating C type support dispatch for ROS interfaces[0m
[ 58%] [32m[1mLinking CXX shared library libaudio_common_msgs__rosidl_typesupport_introspection_cpp.so[0m
[ 58%] Built target audio_common_msgs__rosidl_typesupport_introspection_cpp
[ 60%] [32m[1mLinking CXX shared library libaudio_common_msgs__rosidl_typesupport_fastrtps_cpp.so[0m
[ 61%] [32mBuilding C object CMakeFiles/audio_common_msgs__rosidl_typesupport_introspection_c.dir/rosidl_typesupport_introspection_c/audio_common_msgs/msg/detail/audio_data__type_support.c.o[0m
[ 63%] [32mBuilding C object CMakeFiles/audio_common_msgs__rosidl_typesupport_introspection_c.dir/rosidl_typesupport_introspection_c/audio_common_msgs/msg/detail/audio_info__type_support.c.o[0m
[ 65%] [32mBuilding C object CMakeFiles/audio_common_msgs__rosidl_typesupport_introspection_c.dir/rosidl_typesupport_introspection_c/audio_common_msgs/msg/detail/audio__type_support.c.o[0m
[ 65%] Built target audio_common_msgs__rosidl_typesupport_fastrtps_cpp
[ 66%] [32mBuilding C object CMakeFiles/audio_common_msgs__rosidl_typesupport_introspection_c.dir/rosidl_typesupport_introspection_c/audio_common_msgs/action/detail/tts__type_support.c.o[0m
[ 68%] [32mBuilding C object CMakeFiles/audio_common_msgs__rosidl_typesupport_introspection_c.dir/rosidl_typesupport_introspection_c/audio_common_msgs/msg/detail/audio_stamped__type_support.c.o[0m
[ 69%] [32m[1mLinking C shared library libaudio_common_msgs__rosidl_typesupport_introspection_c.so[0m
[ 69%] Built target audio_common_msgs__rosidl_typesupport_introspection_c
[ 71%] [32mBuilding CXX object CMakeFiles/audio_common_msgs__rosidl_typesupport_c.dir/rosidl_typesupport_c/audio_common_msgs/msg/audio_data__type_support.cpp.o[0m
[ 73%] [32mBuilding CXX object CMakeFiles/audio_common_msgs__rosidl_typesupport_c.dir/rosidl_typesupport_c/audio_common_msgs/msg/audio_info__type_support.cpp.o[0m
[ 74%] [32mBuilding CXX object CMakeFiles/audio_common_msgs__rosidl_typesupport_c.dir/rosidl_typesupport_c/audio_common_msgs/msg/audio_stamped__type_support.cpp.o[0m
[ 76%] [32mBuilding CXX object CMakeFiles/audio_common_msgs__rosidl_typesupport_c.dir/rosidl_typesupport_c/audio_common_msgs/msg/audio__type_support.cpp.o[0m
[ 77%] [32mBuilding CXX object CMakeFiles/audio_common_msgs__rosidl_typesupport_c.dir/rosidl_typesupport_c/audio_common_msgs/action/tts__type_support.cpp.o[0m
[ 79%] [32m[1mLinking CXX shared library libaudio_common_msgs__rosidl_typesupport_c.so[0m
[ 79%] Built target audio_common_msgs__rosidl_typesupport_c
[ 79%] Built target audio_common_msgs
[ 80%] [34m[1mGenerating Python code for ROS interfaces[0m
[ 80%] Built target audio_common_msgs__py
[ 82%] [32mBuilding C object CMakeFiles/audio_common_msgs__rosidl_generator_py.dir/rosidl_generator_py/audio_common_msgs/msg/_audio_data_s.c.o[0m
[ 84%] [32mBuilding C object CMakeFiles/audio_common_msgs__rosidl_generator_py.dir/rosidl_generator_py/audio_common_msgs/msg/_audio_s.c.o[0m
[ 85%] [32mBuilding C object CMakeFiles/audio_common_msgs__rosidl_generator_py.dir/rosidl_generator_py/audio_common_msgs/msg/_audio_stamped_s.c.o[0m
[ 87%] [32mBuilding C object CMakeFiles/audio_common_msgs__rosidl_generator_py.dir/rosidl_generator_py/audio_common_msgs/msg/_audio_info_s.c.o[0m
[ 88%] [32mBuilding C object CMakeFiles/audio_common_msgs__rosidl_generator_py.dir/rosidl_generator_py/audio_common_msgs/action/_tts_s.c.o[0m
[ 90%] [32m[1mLinking C shared library rosidl_generator_py/audio_common_msgs/libaudio_common_msgs__rosidl_generator_py.so[0m
[ 90%] Built target audio_common_msgs__rosidl_generator_py
[ 92%] [32mBuilding C object CMakeFiles/audio_common_msgs__rosidl_typesupport_introspection_c__pyext.dir/rosidl_generator_py/audio_common_msgs/_audio_common_msgs_s.ep.rosidl_typesupport_introspection_c.c.o[0m
[ 93%] [32mBuilding C object CMakeFiles/audio_common_msgs__rosidl_typesupport_fastrtps_c__pyext.dir/rosidl_generator_py/audio_common_msgs/_audio_common_msgs_s.ep.rosidl_typesupport_fastrtps_c.c.o[0m
[ 95%] [32mBuilding C object CMakeFiles/audio_common_msgs__rosidl_typesupport_c__pyext.dir/rosidl_generator_py/audio_common_msgs/_audio_common_msgs_s.ep.rosidl_typesupport_c.c.o[0m
[ 96%] [32m[1mLinking C shared library rosidl_generator_py/audio_common_msgs/audio_common_msgs_s__rosidl_typesupport_introspection_c.cpython-310-x86_64-linux-gnu.so[0m
[ 96%] Built target audio_common_msgs__rosidl_typesupport_introspection_c__pyext
[ 98%] [32m[1mLinking C shared library rosidl_generator_py/audio_common_msgs/audio_common_msgs_s__rosidl_typesupport_c.cpython-310-x86_64-linux-gnu.so[0m
[100%] [32m[1mLinking C shared library rosidl_generator_py/audio_common_msgs/audio_common_msgs_s__rosidl_typesupport_fastrtps_c.cpython-310-x86_64-linux-gnu.so[0m
[100%] Built target audio_common_msgs__rosidl_typesupport_c__pyext
[100%] Built target audio_common_msgs__rosidl_typesupport_fastrtps_c__pyext
-- Install configuration: ""
-- Installing: /home/locobot/locobot_ws/install/audio_common_msgs/share/ament_index/resource_index/rosidl_interfaces/audio_common_msgs
-- Installing: /home/locobot/locobot_ws/install/audio_common_msgs/include/audio_common_msgs/audio_common_msgs
-- Installing: /home/locobot/locobot_ws/install/audio_common_msgs/include/audio_common_msgs/audio_common_msgs/action
-- Installing: /home/locobot/locobot_ws/install/audio_common_msgs/include/audio_common_msgs/audio_common_msgs/action/tts.h
-- Installing: /home/locobot/locobot_ws/install/audio_common_msgs/include/audio_common_msgs/audio_common_msgs/action/detail
-- Installing: /home/locobot/locobot_ws/install/audio_common_msgs/include/audio_common_msgs/audio_common_msgs/action/detail/tts__functions.c
-- Installing: /home/locobot/locobot_ws/install/audio_common_msgs/include/audio_common_msgs/audio_common_msgs/action/detail/tts__type_support.h
-- Installing: /home/locobot/locobot_ws/install/audio_common_msgs/include/audio_common_msgs/audio_common_msgs/action/detail/tts__struct.h
-- Installing: /home/locobot/locobot_ws/install/audio_common_msgs/include/audio_common_msgs/audio_common_msgs/action/detail/tts__functions.h
-- Installing: /home/locobot/locobot_ws/install/audio_common_msgs/include/audio_common_msgs/audio_common_msgs/msg
-- Installing: /home/locobot/locobot_ws/install/audio_common_msgs/include/audio_common_msgs/audio_common_msgs/msg/audio.h
-- Installing: /home/locobot/locobot_ws/install/audio_common_msgs/include/audio_common_msgs/audio_common_msgs/msg/detail
-- Installing: /home/locobot/locobot_ws/install/audio_common_msgs/include/audio_common_msgs/audio_common_msgs/msg/detail/audio_info__type_support.h
-- Installing: /home/locobot/locobot_ws/install/audio_common_msgs/include/audio_common_msgs/audio_common_msgs/msg/detail/audio_data__functions.c
-- Installing: /home/locobot/locobot_ws/install/audio_common_msgs/include/audio_common_msgs/audio_common_msgs/msg/detail/audio__functions.c
-- Installing: /home/locobot/locobot_ws/install/audio_common_msgs/include/audio_common_msgs/audio_common_msgs/msg/detail/audio__functions.h
-- Installing: /home/locobot/locobot_ws/install/audio_common_msgs/include/audio_common_msgs/audio_common_msgs/msg/detail/audio_info__struct.h
-- Installing: /home/locobot/locobot_ws/install/audio_common_msgs/include/audio_common_msgs/audio_common_msgs/msg/detail/audio_stamped__struct.h
-- Installing: /home/locobot/locobot_ws/install/audio_common_msgs/include/audio_common_msgs/audio_common_msgs/msg/detail/audio_stamped__functions.h
-- Installing: /home/locobot/locobot_ws/install/audio_common_msgs/include/audio_common_msgs/audio_common_msgs/msg/detail/audio_data__type_support.h
-- Installing: /home/locobot/locobot_ws/install/audio_common_msgs/include/audio_common_msgs/audio_common_msgs/msg/detail/audio_info__functions.h
-- Installing: /home/locobot/locobot_ws/install/audio_common_msgs/include/audio_common_msgs/audio_common_msgs/msg/detail/audio_data__functions.h
-- Installing: /home/locobot/locobot_ws/install/audio_common_msgs/include/audio_common_msgs/audio_common_msgs/msg/detail/audio_data__struct.h
-- Installing: /home/locobot/locobot_ws/install/audio_common_msgs/include/audio_common_msgs/audio_common_msgs/msg/detail/audio_stamped__functions.c
-- Installing: /home/locobot/locobot_ws/install/audio_common_msgs/include/audio_common_msgs/audio_common_msgs/msg/detail/audio__struct.h
-- Installing: /home/locobot/locobot_ws/install/audio_common_msgs/include/audio_common_msgs/audio_common_msgs/msg/detail/audio_info__functions.c
-- Installing: /home/locobot/locobot_ws/install/audio_common_msgs/include/audio_common_msgs/audio_common_msgs/msg/detail/audio__type_support.h
-- Installing: /home/locobot/locobot_ws/install/audio_common_msgs/include/audio_common_msgs/audio_common_msgs/msg/detail/audio_stamped__type_support.h
-- Installing: /home/locobot/locobot_ws/install/audio_common_msgs/include/audio_common_msgs/audio_common_msgs/msg/audio_data.h
-- Installing: /home/locobot/locobot_ws/install/audio_common_msgs/include/audio_common_msgs/audio_common_msgs/msg/audio_info.h
-- Installing: /home/locobot/locobot_ws/install/audio_common_msgs/include/audio_common_msgs/audio_common_msgs/msg/audio_stamped.h
-- Installing: /home/locobot/locobot_ws/install/audio_common_msgs/include/audio_common_msgs/audio_common_msgs/msg/rosidl_generator_c__visibility_control.h
-- Installing: /home/locobot/locobot_ws/install/audio_common_msgs/share/audio_common_msgs/environment/library_path.sh
-- Installing: /home/locobot/locobot_ws/install/audio_common_msgs/share/audio_common_msgs/environment/library_path.dsv
-- Installing: /home/locobot/locobot_ws/install/audio_common_msgs/lib/libaudio_common_msgs__rosidl_generator_c.so
-- Set runtime path of "/home/locobot/locobot_ws/install/audio_common_msgs/lib/libaudio_common_msgs__rosidl_generator_c.so" to ""
-- Up-to-date: /home/locobot/locobot_ws/install/audio_common_msgs/include/audio_common_msgs/audio_common_msgs
-- Up-to-date: /home/locobot/locobot_ws/install/audio_common_msgs/include/audio_common_msgs/audio_common_msgs/action
-- Up-to-date: /home/locobot/locobot_ws/install/audio_common_msgs/include/audio_common_msgs/audio_common_msgs/action/detail
-- Installing: /home/locobot/locobot_ws/install/audio_common_msgs/include/audio_common_msgs/audio_common_msgs/action/detail/tts__rosidl_typesupport_fastrtps_c.h
-- Up-to-date: /home/locobot/locobot_ws/install/audio_common_msgs/include/audio_common_msgs/audio_common_msgs/msg
-- Installing: /home/locobot/locobot_ws/install/audio_common_msgs/include/audio_common_msgs/audio_common_msgs/msg/rosidl_typesupport_fastrtps_c__visibility_control.h
-- Up-to-date: /home/locobot/locobot_ws/install/audio_common_msgs/include/audio_common_msgs/audio_common_msgs/msg/detail
-- Installing: /home/locobot/locobot_ws/install/audio_common_msgs/include/audio_common_msgs/audio_common_msgs/msg/detail/audio_stamped__rosidl_typesupport_fastrtps_c.h
-- Installing: /home/locobot/locobot_ws/install/audio_common_msgs/include/audio_common_msgs/audio_common_msgs/msg/detail/audio_info__rosidl_typesupport_fastrtps_c.h
-- Installing: /home/locobot/locobot_ws/install/audio_common_msgs/include/audio_common_msgs/audio_common_msgs/msg/detail/audio__rosidl_typesupport_fastrtps_c.h
-- Installing: /home/locobot/locobot_ws/install/audio_common_msgs/include/audio_common_msgs/audio_common_msgs/msg/detail/audio_data__rosidl_typesupport_fastrtps_c.h
-- Installing: /home/locobot/locobot_ws/install/audio_common_msgs/lib/libaudio_common_msgs__rosidl_typesupport_fastrtps_c.so
-- Set runtime path of "/home/locobot/locobot_ws/install/audio_common_msgs/lib/libaudio_common_msgs__rosidl_typesupport_fastrtps_c.so" to ""
-- Up-to-date: /home/locobot/locobot_ws/install/audio_common_msgs/include/audio_common_msgs/audio_common_msgs
-- Up-to-date: /home/locobot/locobot_ws/install/audio_common_msgs/include/audio_common_msgs/audio_common_msgs/action
-- Up-to-date: /home/locobot/locobot_ws/install/audio_common_msgs/include/audio_common_msgs/audio_common_msgs/action/detail
-- Installing: /home/locobot/locobot_ws/install/audio_common_msgs/include/audio_common_msgs/audio_common_msgs/action/detail/tts__builder.hpp
-- Installing: /home/locobot/locobot_ws/install/audio_common_msgs/include/audio_common_msgs/audio_common_msgs/action/detail/tts__struct.hpp
-- Installing: /home/locobot/locobot_ws/install/audio_common_msgs/include/audio_common_msgs/audio_common_msgs/action/detail/tts__traits.hpp
-- Installing: /home/locobot/locobot_ws/install/audio_common_msgs/include/audio_common_msgs/audio_common_msgs/action/tts.hpp
-- Up-to-date: /home/locobot/locobot_ws/install/audio_common_msgs/include/audio_common_msgs/audio_common_msgs/msg
-- Installing: /home/locobot/locobot_ws/install/audio_common_msgs/include/audio_common_msgs/audio_common_msgs/msg/audio_stamped.hpp
-- Up-to-date: /home/locobot/locobot_ws/install/audio_common_msgs/include/audio_common_msgs/audio_common_msgs/msg/detail
-- Installing: /home/locobot/locobot_ws/install/audio_common_msgs/include/audio_common_msgs/audio_common_msgs/msg/detail/audio_info__traits.hpp
-- Installing: /home/locobot/locobot_ws/install/audio_common_msgs/include/audio_common_msgs/audio_common_msgs/msg/detail/audio_info__builder.hpp
-- Installing: /home/locobot/locobot_ws/install/audio_common_msgs/include/audio_common_msgs/audio_common_msgs/msg/detail/audio_stamped__builder.hpp
-- Installing: /home/locobot/locobot_ws/install/audio_common_msgs/include/audio_common_msgs/audio_common_msgs/msg/detail/audio_info__struct.hpp
-- Installing: /home/locobot/locobot_ws/install/audio_common_msgs/include/audio_common_msgs/audio_common_msgs/msg/detail/audio__traits.hpp
-- Installing: /home/locobot/locobot_ws/install/audio_common_msgs/include/audio_common_msgs/audio_common_msgs/msg/detail/audio_stamped__struct.hpp
-- Installing: /home/locobot/locobot_ws/install/audio_common_msgs/include/audio_common_msgs/audio_common_msgs/msg/detail/audio__struct.hpp
-- Installing: /home/locobot/locobot_ws/install/audio_common_msgs/include/audio_common_msgs/audio_common_msgs/msg/detail/audio__builder.hpp
-- Installing: /home/locobot/locobot_ws/install/audio_common_msgs/include/audio_common_msgs/audio_common_msgs/msg/detail/audio_stamped__traits.hpp
-- Installing: /home/locobot/locobot_ws/install/audio_common_msgs/include/audio_common_msgs/audio_common_msgs/msg/detail/audio_data__traits.hpp
-- Installing: /home/locobot/locobot_ws/install/audio_common_msgs/include/audio_common_msgs/audio_common_msgs/msg/detail/audio_data__builder.hpp
-- Installing: /home/locobot/locobot_ws/install/audio_common_msgs/include/audio_common_msgs/audio_common_msgs/msg/detail/audio_data__struct.hpp
-- Installing: /home/locobot/locobot_ws/install/audio_common_msgs/include/audio_common_msgs/audio_common_msgs/msg/audio_info.hpp
-- Installing: /home/locobot/locobot_ws/install/audio_common_msgs/include/audio_common_msgs/audio_common_msgs/msg/audio_data.hpp
-- Installing: /home/locobot/locobot_ws/install/audio_common_msgs/include/audio_common_msgs/audio_common_msgs/msg/audio.hpp
-- Up-to-date: /home/locobot/locobot_ws/install/audio_common_msgs/include/audio_common_msgs/audio_common_msgs
-- Up-to-date: /home/locobot/locobot_ws/install/audio_common_msgs/include/audio_common_msgs/audio_common_msgs/action
-- Up-to-date: /home/locobot/locobot_ws/install/audio_common_msgs/include/audio_common_msgs/audio_common_msgs/action/detail
-- Installing: /home/locobot/locobot_ws/install/audio_common_msgs/include/audio_common_msgs/audio_common_msgs/action/detail/tts__rosidl_typesupport_fastrtps_cpp.hpp
-- Installing: /home/locobot/locobot_ws/install/audio_common_msgs/include/audio_common_msgs/audio_common_msgs/action/detail/dds_fastrtps
-- Up-to-date: /home/locobot/locobot_ws/install/audio_common_msgs/include/audio_common_msgs/audio_common_msgs/msg
-- Up-to-date: /home/locobot/locobot_ws/install/audio_common_msgs/include/audio_common_msgs/audio_common_msgs/msg/detail
-- Installing: /home/locobot/locobot_ws/install/audio_common_msgs/include/audio_common_msgs/audio_common_msgs/msg/detail/audio__rosidl_typesupport_fastrtps_cpp.hpp
-- Installing: /home/locobot/locobot_ws/install/audio_common_msgs/include/audio_common_msgs/audio_common_msgs/msg/detail/audio_info__rosidl_typesupport_fastrtps_cpp.hpp
-- Installing: /home/locobot/locobot_ws/install/audio_common_msgs/include/audio_common_msgs/audio_common_msgs/msg/detail/dds_fastrtps
-- Installing: /home/locobot/locobot_ws/install/audio_common_msgs/include/audio_common_msgs/audio_common_msgs/msg/detail/audio_stamped__rosidl_typesupport_fastrtps_cpp.hpp
-- Installing: /home/locobot/locobot_ws/install/audio_common_msgs/include/audio_common_msgs/audio_common_msgs/msg/detail/audio_data__rosidl_typesupport_fastrtps_cpp.hpp
-- Installing: /home/locobot/locobot_ws/install/audio_common_msgs/include/audio_common_msgs/audio_common_msgs/msg/rosidl_typesupport_fastrtps_cpp__visibility_control.h
-- Installing: /home/locobot/locobot_ws/install/audio_common_msgs/lib/libaudio_common_msgs__rosidl_typesupport_fastrtps_cpp.so
-- Set runtime path of "/home/locobot/locobot_ws/install/audio_common_msgs/lib/libaudio_common_msgs__rosidl_typesupport_fastrtps_cpp.so" to ""
-- Up-to-date: /home/locobot/locobot_ws/install/audio_common_msgs/include/audio_common_msgs/audio_common_msgs
-- Up-to-date: /home/locobot/locobot_ws/install/audio_common_msgs/include/audio_common_msgs/audio_common_msgs/action
-- Up-to-date: /home/locobot/locobot_ws/install/audio_common_msgs/include/audio_common_msgs/audio_common_msgs/action/detail
-- Installing: /home/locobot/locobot_ws/install/audio_common_msgs/include/audio_common_msgs/audio_common_msgs/action/detail/tts__type_support.c
-- Installing: /home/locobot/locobot_ws/install/audio_common_msgs/include/audio_common_msgs/audio_common_msgs/action/detail/tts__rosidl_typesupport_introspection_c.h
-- Up-to-date: /home/locobot/locobot_ws/install/audio_common_msgs/include/audio_common_msgs/audio_common_msgs/msg
-- Up-to-date: /home/locobot/locobot_ws/install/audio_common_msgs/include/audio_common_msgs/audio_common_msgs/msg/detail
-- Installing: /home/locobot/locobot_ws/install/audio_common_msgs/include/audio_common_msgs/audio_common_msgs/msg/detail/audio_info__type_support.c
-- Installing: /home/locobot/locobot_ws/install/audio_common_msgs/include/audio_common_msgs/audio_common_msgs/msg/detail/audio_data__rosidl_typesupport_introspection_c.h
-- Installing: /home/locobot/locobot_ws/install/audio_common_msgs/include/audio_common_msgs/audio_common_msgs/msg/detail/audio_data__type_support.c
-- Installing: /home/locobot/locobot_ws/install/audio_common_msgs/include/audio_common_msgs/audio_common_msgs/msg/detail/audio_info__rosidl_typesupport_introspection_c.h
-- Installing: /home/locobot/locobot_ws/install/audio_common_msgs/include/audio_common_msgs/audio_common_msgs/msg/detail/audio__type_support.c
-- Installing: /home/locobot/locobot_ws/install/audio_common_msgs/include/audio_common_msgs/audio_common_msgs/msg/detail/audio__rosidl_typesupport_introspection_c.h
-- Installing: /home/locobot/locobot_ws/install/audio_common_msgs/include/audio_common_msgs/audio_common_msgs/msg/detail/audio_stamped__rosidl_typesupport_introspection_c.h
-- Installing: /home/locobot/locobot_ws/install/audio_common_msgs/include/audio_common_msgs/audio_common_msgs/msg/detail/audio_stamped__type_support.c
-- Installing: /home/locobot/locobot_ws/install/audio_common_msgs/include/audio_common_msgs/audio_common_msgs/msg/rosidl_typesupport_introspection_c__visibility_control.h
-- Installing: /home/locobot/locobot_ws/install/audio_common_msgs/lib/libaudio_common_msgs__rosidl_typesupport_introspection_c.so
-- Set runtime path of "/home/locobot/locobot_ws/install/audio_common_msgs/lib/libaudio_common_msgs__rosidl_typesupport_introspection_c.so" to ""
-- Installing: /home/locobot/locobot_ws/install/audio_common_msgs/lib/libaudio_common_msgs__rosidl_typesupport_c.so
-- Set runtime path of "/home/locobot/locobot_ws/install/audio_common_msgs/lib/libaudio_common_msgs__rosidl_typesupport_c.so" to ""
-- Up-to-date: /home/locobot/locobot_ws/install/audio_common_msgs/include/audio_common_msgs/audio_common_msgs
-- Up-to-date: /home/locobot/locobot_ws/install/audio_common_msgs/include/audio_common_msgs/audio_common_msgs/action
-- Up-to-date: /home/locobot/locobot_ws/install/audio_common_msgs/include/audio_common_msgs/audio_common_msgs/action/detail
-- Installing: /home/locobot/locobot_ws/install/audio_common_msgs/include/audio_common_msgs/audio_common_msgs/action/detail/tts__type_support.cpp
-- Installing: /home/locobot/locobot_ws/install/audio_common_msgs/include/audio_common_msgs/audio_common_msgs/action/detail/tts__rosidl_typesupport_introspection_cpp.hpp
-- Up-to-date: /home/locobot/locobot_ws/install/audio_common_msgs/include/audio_common_msgs/audio_common_msgs/msg
-- Up-to-date: /home/locobot/locobot_ws/install/audio_common_msgs/include/audio_common_msgs/audio_common_msgs/msg/detail
-- Installing: /home/locobot/locobot_ws/install/audio_common_msgs/include/audio_common_msgs/audio_common_msgs/msg/detail/audio__rosidl_typesupport_introspection_cpp.hpp
-- Installing: /home/locobot/locobot_ws/install/audio_common_msgs/include/audio_common_msgs/audio_common_msgs/msg/detail/audio_stamped__type_support.cpp
-- Installing: /home/locobot/locobot_ws/install/audio_common_msgs/include/audio_common_msgs/audio_common_msgs/msg/detail/audio_stamped__rosidl_typesupport_introspection_cpp.hpp
-- Installing: /home/locobot/locobot_ws/install/audio_common_msgs/include/audio_common_msgs/audio_common_msgs/msg/detail/audio__type_support.cpp
-- Installing: /home/locobot/locobot_ws/install/audio_common_msgs/include/audio_common_msgs/audio_common_msgs/msg/detail/audio_info__rosidl_typesupport_introspection_cpp.hpp
-- Installing: /home/locobot/locobot_ws/install/audio_common_msgs/include/audio_common_msgs/audio_common_msgs/msg/detail/audio_info__type_support.cpp
-- Installing: /home/locobot/locobot_ws/install/audio_common_msgs/include/audio_common_msgs/audio_common_msgs/msg/detail/audio_data__type_support.cpp
-- Installing: /home/locobot/locobot_ws/install/audio_common_msgs/include/audio_common_msgs/audio_common_msgs/msg/detail/audio_data__rosidl_typesupport_introspection_cpp.hpp
-- Installing: /home/locobot/locobot_ws/install/audio_common_msgs/lib/libaudio_common_msgs__rosidl_typesupport_introspection_cpp.so
-- Set runtime path of "/home/locobot/locobot_ws/install/audio_common_msgs/lib/libaudio_common_msgs__rosidl_typesupport_introspection_cpp.so" to ""
-- Installing: /home/locobot/locobot_ws/install/audio_common_msgs/lib/libaudio_common_msgs__rosidl_typesupport_cpp.so
-- Set runtime path of "/home/locobot/locobot_ws/install/audio_common_msgs/lib/libaudio_common_msgs__rosidl_typesupport_cpp.so" to ""
-- Installing: /home/locobot/locobot_ws/install/audio_common_msgs/share/audio_common_msgs/environment/pythonpath.sh
-- Installing: /home/locobot/locobot_ws/install/audio_common_msgs/share/audio_common_msgs/environment/pythonpath.dsv
-- Installing: /home/locobot/locobot_ws/install/audio_common_msgs/local/lib/python3.10/dist-packages/audio_common_msgs-0.0.0-py3.10.egg-info
-- Installing: /home/locobot/locobot_ws/install/audio_common_msgs/local/lib/python3.10/dist-packages/audio_common_msgs-0.0.0-py3.10.egg-info/dependency_links.txt
-- Installing: /home/locobot/locobot_ws/install/audio_common_msgs/local/lib/python3.10/dist-packages/audio_common_msgs-0.0.0-py3.10.egg-info/top_level.txt
-- Installing: /home/locobot/locobot_ws/install/audio_common_msgs/local/lib/python3.10/dist-packages/audio_common_msgs-0.0.0-py3.10.egg-info/SOURCES.txt
-- Installing: /home/locobot/locobot_ws/install/audio_common_msgs/local/lib/python3.10/dist-packages/audio_common_msgs-0.0.0-py3.10.egg-info/PKG-INFO
-- Installing: /home/locobot/locobot_ws/install/audio_common_msgs/local/lib/python3.10/dist-packages/audio_common_msgs
-- Installing: /home/locobot/locobot_ws/install/audio_common_msgs/local/lib/python3.10/dist-packages/audio_common_msgs/libaudio_common_msgs__rosidl_generator_py.so
-- Installing: /home/locobot/locobot_ws/install/audio_common_msgs/local/lib/python3.10/dist-packages/audio_common_msgs/_audio_common_msgs_s.ep.rosidl_typesupport_c.c
-- Installing: /home/locobot/locobot_ws/install/audio_common_msgs/local/lib/python3.10/dist-packages/audio_common_msgs/audio_common_msgs_s__rosidl_typesupport_introspection_c.cpython-310-x86_64-linux-gnu.so
-- Installing: /home/locobot/locobot_ws/install/audio_common_msgs/local/lib/python3.10/dist-packages/audio_common_msgs/action
-- Installing: /home/locobot/locobot_ws/install/audio_common_msgs/local/lib/python3.10/dist-packages/audio_common_msgs/action/_tts_s.c
-- Installing: /home/locobot/locobot_ws/install/audio_common_msgs/local/lib/python3.10/dist-packages/audio_common_msgs/action/__init__.py
-- Installing: /home/locobot/locobot_ws/install/audio_common_msgs/local/lib/python3.10/dist-packages/audio_common_msgs/action/_tts.py
-- Installing: /home/locobot/locobot_ws/install/audio_common_msgs/local/lib/python3.10/dist-packages/audio_common_msgs/__init__.py
-- Installing: /home/locobot/locobot_ws/install/audio_common_msgs/local/lib/python3.10/dist-packages/audio_common_msgs/_audio_common_msgs_s.ep.rosidl_typesupport_fastrtps_c.c
-- Installing: /home/locobot/locobot_ws/install/audio_common_msgs/local/lib/python3.10/dist-packages/audio_common_msgs/_audio_common_msgs_s.ep.rosidl_typesupport_introspection_c.c
-- Installing: /home/locobot/locobot_ws/install/audio_common_msgs/local/lib/python3.10/dist-packages/audio_common_msgs/msg
-- Installing: /home/locobot/locobot_ws/install/audio_common_msgs/local/lib/python3.10/dist-packages/audio_common_msgs/msg/_audio_stamped_s.c
-- Installing: /home/locobot/locobot_ws/install/audio_common_msgs/local/lib/python3.10/dist-packages/audio_common_msgs/msg/_audio_stamped.py
-- Installing: /home/locobot/locobot_ws/install/audio_common_msgs/local/lib/python3.10/dist-packages/audio_common_msgs/msg/_audio_info.py
-- Installing: /home/locobot/locobot_ws/install/audio_common_msgs/local/lib/python3.10/dist-packages/audio_common_msgs/msg/_audio.py
-- Installing: /home/locobot/locobot_ws/install/audio_common_msgs/local/lib/python3.10/dist-packages/audio_common_msgs/msg/__init__.py
-- Installing: /home/locobot/locobot_ws/install/audio_common_msgs/local/lib/python3.10/dist-packages/audio_common_msgs/msg/_audio_data_s.c
-- Installing: /home/locobot/locobot_ws/install/audio_common_msgs/local/lib/python3.10/dist-packages/audio_common_msgs/msg/_audio_info_s.c
-- Installing: /home/locobot/locobot_ws/install/audio_common_msgs/local/lib/python3.10/dist-packages/audio_common_msgs/msg/_audio_data.py
-- Installing: /home/locobot/locobot_ws/install/audio_common_msgs/local/lib/python3.10/dist-packages/audio_common_msgs/msg/_audio_s.c
-- Installing: /home/locobot/locobot_ws/install/audio_common_msgs/local/lib/python3.10/dist-packages/audio_common_msgs/audio_common_msgs_s__rosidl_typesupport_c.cpython-310-x86_64-linux-gnu.so
-- Installing: /home/locobot/locobot_ws/install/audio_common_msgs/local/lib/python3.10/dist-packages/audio_common_msgs/audio_common_msgs_s__rosidl_typesupport_fastrtps_c.cpython-310-x86_64-linux-gnu.so
Listing '/home/locobot/locobot_ws/install/audio_common_msgs/local/lib/python3.10/dist-packages/audio_common_msgs'...
Compiling '/home/locobot/locobot_ws/install/audio_common_msgs/local/lib/python3.10/dist-packages/audio_common_msgs/__init__.py'...
Listing '/home/locobot/locobot_ws/install/audio_common_msgs/local/lib/python3.10/dist-packages/audio_common_msgs/action'...
Compiling '/home/locobot/locobot_ws/install/audio_common_msgs/local/lib/python3.10/dist-packages/audio_common_msgs/action/__init__.py'...
Compiling '/home/locobot/locobot_ws/install/audio_common_msgs/local/lib/python3.10/dist-packages/audio_common_msgs/action/_tts.py'...
Listing '/home/locobot/locobot_ws/install/audio_common_msgs/local/lib/python3.10/dist-packages/audio_common_msgs/msg'...
Compiling '/home/locobot/locobot_ws/install/audio_common_msgs/local/lib/python3.10/dist-packages/audio_common_msgs/msg/__init__.py'...
Compiling '/home/locobot/locobot_ws/install/audio_common_msgs/local/lib/python3.10/dist-packages/audio_common_msgs/msg/_audio.py'...
Compiling '/home/locobot/locobot_ws/install/audio_common_msgs/local/lib/python3.10/dist-packages/audio_common_msgs/msg/_audio_data.py'...
Compiling '/home/locobot/locobot_ws/install/audio_common_msgs/local/lib/python3.10/dist-packages/audio_common_msgs/msg/_audio_info.py'...
Compiling '/home/locobot/locobot_ws/install/audio_common_msgs/local/lib/python3.10/dist-packages/audio_common_msgs/msg/_audio_stamped.py'...
-- Installing: /home/locobot/locobot_ws/install/audio_common_msgs/local/lib/python3.10/dist-packages/audio_common_msgs/audio_common_msgs_s__rosidl_typesupport_fastrtps_c.cpython-310-x86_64-linux-gnu.so
-- Set runtime path of "/home/locobot/locobot_ws/install/audio_common_msgs/local/lib/python3.10/dist-packages/audio_common_msgs/audio_common_msgs_s__rosidl_typesupport_fastrtps_c.cpython-310-x86_64-linux-gnu.so" to ""
-- Installing: /home/locobot/locobot_ws/install/audio_common_msgs/local/lib/python3.10/dist-packages/audio_common_msgs/audio_common_msgs_s__rosidl_typesupport_introspection_c.cpython-310-x86_64-linux-gnu.so
-- Set runtime path of "/home/locobot/locobot_ws/install/audio_common_msgs/local/lib/python3.10/dist-packages/audio_common_msgs/audio_common_msgs_s__rosidl_typesupport_introspection_c.cpython-310-x86_64-linux-gnu.so" to ""
-- Installing: /home/locobot/locobot_ws/install/audio_common_msgs/local/lib/python3.10/dist-packages/audio_common_msgs/audio_common_msgs_s__rosidl_typesupport_c.cpython-310-x86_64-linux-gnu.so
-- Set runtime path of "/home/locobot/locobot_ws/install/audio_common_msgs/local/lib/python3.10/dist-packages/audio_common_msgs/audio_common_msgs_s__rosidl_typesupport_c.cpython-310-x86_64-linux-gnu.so" to ""
-- Installing: /home/locobot/locobot_ws/install/audio_common_msgs/lib/libaudio_common_msgs__rosidl_generator_py.so
-- Set runtime path of "/home/locobot/locobot_ws/install/audio_common_msgs/lib/libaudio_common_msgs__rosidl_generator_py.so" to ""
-- Installing: /home/locobot/locobot_ws/install/audio_common_msgs/share/audio_common_msgs/msg/AudioData.idl
-- Installing: /home/locobot/locobot_ws/install/audio_common_msgs/share/audio_common_msgs/msg/AudioInfo.idl
-- Installing: /home/locobot/locobot_ws/install/audio_common_msgs/share/audio_common_msgs/msg/Audio.idl
-- Installing: /home/locobot/locobot_ws/install/audio_common_msgs/share/audio_common_msgs/msg/AudioStamped.idl
-- Installing: /home/locobot/locobot_ws/install/audio_common_msgs/share/audio_common_msgs/action/TTS.idl
-- Installing: /home/locobot/locobot_ws/install/audio_common_msgs/share/audio_common_msgs/msg/AudioData.msg
-- Installing: /home/locobot/locobot_ws/install/audio_common_msgs/share/audio_common_msgs/msg/AudioInfo.msg
-- Installing: /home/locobot/locobot_ws/install/audio_common_msgs/share/audio_common_msgs/msg/Audio.msg
-- Installing: /home/locobot/locobot_ws/install/audio_common_msgs/share/audio_common_msgs/msg/AudioStamped.msg
-- Installing: /home/locobot/locobot_ws/install/audio_common_msgs/share/audio_common_msgs/action/TTS.action
-- Installing: /home/locobot/locobot_ws/install/audio_common_msgs/share/ament_index/resource_index/package_run_dependencies/audio_common_msgs
-- Installing: /home/locobot/locobot_ws/install/audio_common_msgs/share/ament_index/resource_index/parent_prefix_path/audio_common_msgs
-- Installing: /home/locobot/locobot_ws/install/audio_common_msgs/share/audio_common_msgs/environment/ament_prefix_path.sh
-- Installing: /home/locobot/locobot_ws/install/audio_common_msgs/share/audio_common_msgs/environment/ament_prefix_path.dsv
-- Installing: /home/locobot/locobot_ws/install/audio_common_msgs/share/audio_common_msgs/environment/path.sh
-- Installing: /home/locobot/locobot_ws/install/audio_common_msgs/share/audio_common_msgs/environment/path.dsv
-- Installing: /home/locobot/locobot_ws/install/audio_common_msgs/share/audio_common_msgs/local_setup.bash
-- Installing: /home/locobot/locobot_ws/install/audio_common_msgs/share/audio_common_msgs/local_setup.sh
-- Installing: /home/locobot/locobot_ws/install/audio_common_msgs/share/audio_common_msgs/local_setup.zsh
-- Installing: /home/locobot/locobot_ws/install/audio_common_msgs/share/audio_common_msgs/local_setup.dsv
-- Installing: /home/locobot/locobot_ws/install/audio_common_msgs/share/audio_common_msgs/package.dsv
-- Installing: /home/locobot/locobot_ws/install/audio_common_msgs/share/ament_index/resource_index/packages/audio_common_msgs
-- Installing: /home/locobot/locobot_ws/install/audio_common_msgs/share/audio_common_msgs/cmake/export_audio_common_msgs__rosidl_generator_cExport.cmake
-- Installing: /home/locobot/locobot_ws/install/audio_common_msgs/share/audio_common_msgs/cmake/export_audio_common_msgs__rosidl_generator_cExport-noconfig.cmake
-- Installing: /home/locobot/locobot_ws/install/audio_common_msgs/share/audio_common_msgs/cmake/export_audio_common_msgs__rosidl_typesupport_fastrtps_cExport.cmake
-- Installing: /home/locobot/locobot_ws/install/audio_common_msgs/share/audio_common_msgs/cmake/export_audio_common_msgs__rosidl_typesupport_fastrtps_cExport-noconfig.cmake
-- Installing: /home/locobot/locobot_ws/install/audio_common_msgs/share/audio_common_msgs/cmake/export_audio_common_msgs__rosidl_generator_cppExport.cmake
-- Installing: /home/locobot/locobot_ws/install/audio_common_msgs/share/audio_common_msgs/cmake/export_audio_common_msgs__rosidl_typesupport_fastrtps_cppExport.cmake
-- Installing: /home/locobot/locobot_ws/install/audio_common_msgs/share/audio_common_msgs/cmake/export_audio_common_msgs__rosidl_typesupport_fastrtps_cppExport-noconfig.cmake
-- Installing: /home/locobot/locobot_ws/install/audio_common_msgs/share/audio_common_msgs/cmake/audio_common_msgs__rosidl_typesupport_introspection_cExport.cmake
-- Installing: /home/locobot/locobot_ws/install/audio_common_msgs/share/audio_common_msgs/cmake/audio_common_msgs__rosidl_typesupport_introspection_cExport-noconfig.cmake
-- Installing: /home/locobot/locobot_ws/install/audio_common_msgs/share/audio_common_msgs/cmake/audio_common_msgs__rosidl_typesupport_cExport.cmake
-- Installing: /home/locobot/locobot_ws/install/audio_common_msgs/share/audio_common_msgs/cmake/audio_common_msgs__rosidl_typesupport_cExport-noconfig.cmake
-- Installing: /home/locobot/locobot_ws/install/audio_common_msgs/share/audio_common_msgs/cmake/audio_common_msgs__rosidl_typesupport_introspection_cppExport.cmake
-- Installing: /home/locobot/locobot_ws/install/audio_common_msgs/share/audio_common_msgs/cmake/audio_common_msgs__rosidl_typesupport_introspection_cppExport-noconfig.cmake
-- Installing: /home/locobot/locobot_ws/install/audio_common_msgs/share/audio_common_msgs/cmake/audio_common_msgs__rosidl_typesupport_cppExport.cmake
-- Installing: /home/locobot/locobot_ws/install/audio_common_msgs/share/audio_common_msgs/cmake/audio_common_msgs__rosidl_typesupport_cppExport-noconfig.cmake
-- Installing: /home/locobot/locobot_ws/install/audio_common_msgs/share/audio_common_msgs/cmake/export_audio_common_msgs__rosidl_generator_pyExport.cmake
-- Installing: /home/locobot/locobot_ws/install/audio_common_msgs/share/audio_common_msgs/cmake/export_audio_common_msgs__rosidl_generator_pyExport-noconfig.cmake
-- Installing: /home/locobot/locobot_ws/install/audio_common_msgs/share/audio_common_msgs/cmake/rosidl_cmake-extras.cmake
-- Installing: /home/locobot/locobot_ws/install/audio_common_msgs/share/audio_common_msgs/cmake/ament_cmake_export_dependencies-extras.cmake
-- Installing: /home/locobot/locobot_ws/install/audio_common_msgs/share/audio_common_msgs/cmake/ament_cmake_export_include_directories-extras.cmake
-- Installing: /home/locobot/locobot_ws/install/audio_common_msgs/share/audio_common_msgs/cmake/ament_cmake_export_libraries-extras.cmake
-- Installing: /home/locobot/locobot_ws/install/audio_common_msgs/share/audio_common_msgs/cmake/ament_cmake_export_targets-extras.cmake
-- Installing: /home/locobot/locobot_ws/install/audio_common_msgs/share/audio_common_msgs/cmake/rosidl_cmake_export_typesupport_targets-extras.cmake
-- Installing: /home/locobot/locobot_ws/install/audio_common_msgs/share/audio_common_msgs/cmake/rosidl_cmake_export_typesupport_libraries-extras.cmake
-- Installing: /home/locobot/locobot_ws/install/audio_common_msgs/share/audio_common_msgs/cmake/audio_common_msgsConfig.cmake
-- Installing: /home/locobot/locobot_ws/install/audio_common_msgs/share/audio_common_msgs/cmake/audio_common_msgsConfig-version.cmake
-- Installing: /home/locobot/locobot_ws/install/audio_common_msgs/share/audio_common_msgs/package.xml
