[0.029s] Invoking command in '/home/locobot/locobot_ws/build/create3_examples_msgs': CMAKE_PREFIX_PATH=${CMAKE_PREFIX_PATH}:/home/locobot/interbotix_ws/install/interbotix_xslocobot_control:/home/locobot/interbotix_ws/install/interbotix_xs_modules:/home/locobot/interbotix_ws/install/interbotix_perception_modules:/home/locobot/interbotix_ws/install/interbotix_common_modules:/opt/ros/humble /usr/bin/cmake --build /home/locobot/locobot_ws/build/create3_examples_msgs -- -j4 -l4
[0.151s] [  3%] Built target create3_examples_msgs__cpp
[0.208s] [ 12%] Built target create3_examples_msgs__rosidl_generator_c
[0.227s] [ 12%] Built target ament_cmake_python_copy_create3_examples_msgs
[0.291s] [ 22%] Built target create3_examples_msgs__rosidl_typesupport_cpp
[0.295s] [ 32%] Built target create3_examples_msgs__rosidl_typesupport_fastrtps_cpp
[0.358s] [ 41%] Built target create3_examples_msgs__rosidl_typesupport_fastrtps_c
[0.370s] [ 51%] Built target create3_examples_msgs__rosidl_typesupport_introspection_c
[0.395s] [ 61%] Built target create3_examples_msgs__rosidl_typesupport_introspection_cpp
[0.445s] [ 70%] Built target create3_examples_msgs__rosidl_typesupport_c
[0.547s] [ 70%] Built target create3_examples_msgs
[0.653s] [ 74%] Built target create3_examples_msgs__py
[0.811s] [ 80%] Built target create3_examples_msgs__rosidl_generator_py
[0.965s] [ 87%] Built target create3_examples_msgs__rosidl_typesupport_c__pyext
[0.974s] [ 93%] Built target create3_examples_msgs__rosidl_typesupport_introspection_c__pyext
[0.985s] [100%] Built target create3_examples_msgs__rosidl_typesupport_fastrtps_c__pyext
[1.024s] running egg_info
[1.025s] writing create3_examples_msgs.egg-info/PKG-INFO
[1.025s] writing dependency_links to create3_examples_msgs.egg-info/dependency_links.txt
[1.026s] writing top-level names to create3_examples_msgs.egg-info/top_level.txt
[1.030s] reading manifest file 'create3_examples_msgs.egg-info/SOURCES.txt'
[1.031s] writing manifest file 'create3_examples_msgs.egg-info/SOURCES.txt'
[1.078s] [100%] Built target ament_cmake_python_build_create3_examples_msgs_egg
[1.094s] Invoked command in '/home/locobot/locobot_ws/build/create3_examples_msgs' returned '0': CMAKE_PREFIX_PATH=${CMAKE_PREFIX_PATH}:/home/locobot/interbotix_ws/install/interbotix_xslocobot_control:/home/locobot/interbotix_ws/install/interbotix_xs_modules:/home/locobot/interbotix_ws/install/interbotix_perception_modules:/home/locobot/interbotix_ws/install/interbotix_common_modules:/opt/ros/humble /usr/bin/cmake --build /home/locobot/locobot_ws/build/create3_examples_msgs -- -j4 -l4
[1.205s] Invoking command in '/home/locobot/locobot_ws/build/create3_examples_msgs': CMAKE_PREFIX_PATH=${CMAKE_PREFIX_PATH}:/home/locobot/interbotix_ws/install/interbotix_xslocobot_control:/home/locobot/interbotix_ws/install/interbotix_xs_modules:/home/locobot/interbotix_ws/install/interbotix_perception_modules:/home/locobot/interbotix_ws/install/interbotix_common_modules:/opt/ros/humble /usr/bin/cmake --install /home/locobot/locobot_ws/build/create3_examples_msgs
[1.221s] -- Install configuration: ""
[1.222s] -- Up-to-date: /home/locobot/locobot_ws/install/create3_examples_msgs/share/ament_index/resource_index/rosidl_interfaces/create3_examples_msgs
[1.222s] -- Up-to-date: /home/locobot/locobot_ws/install/create3_examples_msgs/include/create3_examples_msgs/create3_examples_msgs
[1.222s] -- Up-to-date: /home/locobot/locobot_ws/install/create3_examples_msgs/include/create3_examples_msgs/create3_examples_msgs/action
[1.222s] -- Up-to-date: /home/locobot/locobot_ws/install/create3_examples_msgs/include/create3_examples_msgs/create3_examples_msgs/action/coverage.h
[1.223s] -- Up-to-date: /home/locobot/locobot_ws/install/create3_examples_msgs/include/create3_examples_msgs/create3_examples_msgs/action/detail
[1.223s] -- Up-to-date: /home/locobot/locobot_ws/install/create3_examples_msgs/include/create3_examples_msgs/create3_examples_msgs/action/detail/coverage__functions.c
[1.223s] -- Up-to-date: /home/locobot/locobot_ws/install/create3_examples_msgs/include/create3_examples_msgs/create3_examples_msgs/action/detail/coverage__type_support.h
[1.223s] -- Up-to-date: /home/locobot/locobot_ws/install/create3_examples_msgs/include/create3_examples_msgs/create3_examples_msgs/action/detail/coverage__functions.h
[1.224s] -- Up-to-date: /home/locobot/locobot_ws/install/create3_examples_msgs/include/create3_examples_msgs/create3_examples_msgs/action/detail/coverage__struct.h
[1.224s] -- Up-to-date: /home/locobot/locobot_ws/install/create3_examples_msgs/include/create3_examples_msgs/create3_examples_msgs/msg
[1.224s] -- Up-to-date: /home/locobot/locobot_ws/install/create3_examples_msgs/include/create3_examples_msgs/create3_examples_msgs/msg/rosidl_generator_c__visibility_control.h
[1.224s] -- Up-to-date: /home/locobot/locobot_ws/install/create3_examples_msgs/share/create3_examples_msgs/environment/library_path.sh
[1.224s] -- Up-to-date: /home/locobot/locobot_ws/install/create3_examples_msgs/share/create3_examples_msgs/environment/library_path.dsv
[1.224s] -- Up-to-date: /home/locobot/locobot_ws/install/create3_examples_msgs/lib/libcreate3_examples_msgs__rosidl_generator_c.so
[1.224s] -- Up-to-date: /home/locobot/locobot_ws/install/create3_examples_msgs/include/create3_examples_msgs/create3_examples_msgs
[1.224s] -- Up-to-date: /home/locobot/locobot_ws/install/create3_examples_msgs/include/create3_examples_msgs/create3_examples_msgs/action
[1.224s] -- Up-to-date: /home/locobot/locobot_ws/install/create3_examples_msgs/include/create3_examples_msgs/create3_examples_msgs/action/detail
[1.224s] -- Up-to-date: /home/locobot/locobot_ws/install/create3_examples_msgs/include/create3_examples_msgs/create3_examples_msgs/action/detail/coverage__rosidl_typesupport_fastrtps_c.h
[1.225s] -- Up-to-date: /home/locobot/locobot_ws/install/create3_examples_msgs/include/create3_examples_msgs/create3_examples_msgs/msg
[1.225s] -- Up-to-date: /home/locobot/locobot_ws/install/create3_examples_msgs/include/create3_examples_msgs/create3_examples_msgs/msg/rosidl_typesupport_fastrtps_c__visibility_control.h
[1.225s] -- Up-to-date: /home/locobot/locobot_ws/install/create3_examples_msgs/lib/libcreate3_examples_msgs__rosidl_typesupport_fastrtps_c.so
[1.225s] -- Up-to-date: /home/locobot/locobot_ws/install/create3_examples_msgs/include/create3_examples_msgs/create3_examples_msgs
[1.225s] -- Up-to-date: /home/locobot/locobot_ws/install/create3_examples_msgs/include/create3_examples_msgs/create3_examples_msgs/action
[1.225s] -- Up-to-date: /home/locobot/locobot_ws/install/create3_examples_msgs/include/create3_examples_msgs/create3_examples_msgs/action/detail
[1.226s] -- Up-to-date: /home/locobot/locobot_ws/install/create3_examples_msgs/include/create3_examples_msgs/create3_examples_msgs/action/detail/coverage__type_support.c
[1.226s] -- Up-to-date: /home/locobot/locobot_ws/install/create3_examples_msgs/include/create3_examples_msgs/create3_examples_msgs/action/detail/coverage__rosidl_typesupport_introspection_c.h
[1.226s] -- Up-to-date: /home/locobot/locobot_ws/install/create3_examples_msgs/include/create3_examples_msgs/create3_examples_msgs/msg
[1.226s] -- Up-to-date: /home/locobot/locobot_ws/install/create3_examples_msgs/include/create3_examples_msgs/create3_examples_msgs/msg/rosidl_typesupport_introspection_c__visibility_control.h
[1.226s] -- Up-to-date: /home/locobot/locobot_ws/install/create3_examples_msgs/lib/libcreate3_examples_msgs__rosidl_typesupport_introspection_c.so
[1.226s] -- Up-to-date: /home/locobot/locobot_ws/install/create3_examples_msgs/lib/libcreate3_examples_msgs__rosidl_typesupport_c.so
[1.226s] -- Up-to-date: /home/locobot/locobot_ws/install/create3_examples_msgs/include/create3_examples_msgs/create3_examples_msgs
[1.226s] -- Up-to-date: /home/locobot/locobot_ws/install/create3_examples_msgs/include/create3_examples_msgs/create3_examples_msgs/action
[1.227s] -- Up-to-date: /home/locobot/locobot_ws/install/create3_examples_msgs/include/create3_examples_msgs/create3_examples_msgs/action/detail
[1.227s] -- Up-to-date: /home/locobot/locobot_ws/install/create3_examples_msgs/include/create3_examples_msgs/create3_examples_msgs/action/detail/coverage__builder.hpp
[1.227s] -- Up-to-date: /home/locobot/locobot_ws/install/create3_examples_msgs/include/create3_examples_msgs/create3_examples_msgs/action/detail/coverage__struct.hpp
[1.227s] -- Up-to-date: /home/locobot/locobot_ws/install/create3_examples_msgs/include/create3_examples_msgs/create3_examples_msgs/action/detail/coverage__traits.hpp
[1.227s] -- Up-to-date: /home/locobot/locobot_ws/install/create3_examples_msgs/include/create3_examples_msgs/create3_examples_msgs/action/coverage.hpp
[1.227s] -- Up-to-date: /home/locobot/locobot_ws/install/create3_examples_msgs/include/create3_examples_msgs/create3_examples_msgs
[1.227s] -- Up-to-date: /home/locobot/locobot_ws/install/create3_examples_msgs/include/create3_examples_msgs/create3_examples_msgs/action
[1.227s] -- Up-to-date: /home/locobot/locobot_ws/install/create3_examples_msgs/include/create3_examples_msgs/create3_examples_msgs/action/detail
[1.227s] -- Up-to-date: /home/locobot/locobot_ws/install/create3_examples_msgs/include/create3_examples_msgs/create3_examples_msgs/action/detail/dds_fastrtps
[1.227s] -- Up-to-date: /home/locobot/locobot_ws/install/create3_examples_msgs/include/create3_examples_msgs/create3_examples_msgs/action/detail/coverage__rosidl_typesupport_fastrtps_cpp.hpp
[1.228s] -- Up-to-date: /home/locobot/locobot_ws/install/create3_examples_msgs/include/create3_examples_msgs/create3_examples_msgs/msg
[1.228s] -- Up-to-date: /home/locobot/locobot_ws/install/create3_examples_msgs/include/create3_examples_msgs/create3_examples_msgs/msg/rosidl_typesupport_fastrtps_cpp__visibility_control.h
[1.228s] -- Up-to-date: /home/locobot/locobot_ws/install/create3_examples_msgs/lib/libcreate3_examples_msgs__rosidl_typesupport_fastrtps_cpp.so
[1.228s] -- Up-to-date: /home/locobot/locobot_ws/install/create3_examples_msgs/include/create3_examples_msgs/create3_examples_msgs
[1.228s] -- Up-to-date: /home/locobot/locobot_ws/install/create3_examples_msgs/include/create3_examples_msgs/create3_examples_msgs/action
[1.229s] -- Up-to-date: /home/locobot/locobot_ws/install/create3_examples_msgs/include/create3_examples_msgs/create3_examples_msgs/action/detail
[1.229s] -- Up-to-date: /home/locobot/locobot_ws/install/create3_examples_msgs/include/create3_examples_msgs/create3_examples_msgs/action/detail/coverage__type_support.cpp
[1.229s] -- Up-to-date: /home/locobot/locobot_ws/install/create3_examples_msgs/include/create3_examples_msgs/create3_examples_msgs/action/detail/coverage__rosidl_typesupport_introspection_cpp.hpp
[1.229s] -- Up-to-date: /home/locobot/locobot_ws/install/create3_examples_msgs/lib/libcreate3_examples_msgs__rosidl_typesupport_introspection_cpp.so
[1.229s] -- Up-to-date: /home/locobot/locobot_ws/install/create3_examples_msgs/lib/libcreate3_examples_msgs__rosidl_typesupport_cpp.so
[1.229s] -- Up-to-date: /home/locobot/locobot_ws/install/create3_examples_msgs/share/create3_examples_msgs/environment/pythonpath.sh
[1.229s] -- Up-to-date: /home/locobot/locobot_ws/install/create3_examples_msgs/share/create3_examples_msgs/environment/pythonpath.dsv
[1.229s] -- Up-to-date: /home/locobot/locobot_ws/install/create3_examples_msgs/local/lib/python3.10/dist-packages/create3_examples_msgs-0.0.1-py3.10.egg-info
[1.229s] -- Installing: /home/locobot/locobot_ws/install/create3_examples_msgs/local/lib/python3.10/dist-packages/create3_examples_msgs-0.0.1-py3.10.egg-info/dependency_links.txt
[1.230s] -- Installing: /home/locobot/locobot_ws/install/create3_examples_msgs/local/lib/python3.10/dist-packages/create3_examples_msgs-0.0.1-py3.10.egg-info/top_level.txt
[1.230s] -- Installing: /home/locobot/locobot_ws/install/create3_examples_msgs/local/lib/python3.10/dist-packages/create3_examples_msgs-0.0.1-py3.10.egg-info/SOURCES.txt
[1.230s] -- Installing: /home/locobot/locobot_ws/install/create3_examples_msgs/local/lib/python3.10/dist-packages/create3_examples_msgs-0.0.1-py3.10.egg-info/PKG-INFO
[1.230s] -- Up-to-date: /home/locobot/locobot_ws/install/create3_examples_msgs/local/lib/python3.10/dist-packages/create3_examples_msgs
[1.230s] -- Up-to-date: /home/locobot/locobot_ws/install/create3_examples_msgs/local/lib/python3.10/dist-packages/create3_examples_msgs/create3_examples_msgs_s__rosidl_typesupport_c.cpython-310-x86_64-linux-gnu.so
[1.230s] -- Up-to-date: /home/locobot/locobot_ws/install/create3_examples_msgs/local/lib/python3.10/dist-packages/create3_examples_msgs/_create3_examples_msgs_s.ep.rosidl_typesupport_c.c
[1.230s] -- Up-to-date: /home/locobot/locobot_ws/install/create3_examples_msgs/local/lib/python3.10/dist-packages/create3_examples_msgs/action
[1.230s] -- Up-to-date: /home/locobot/locobot_ws/install/create3_examples_msgs/local/lib/python3.10/dist-packages/create3_examples_msgs/action/_coverage.py
[1.230s] -- Up-to-date: /home/locobot/locobot_ws/install/create3_examples_msgs/local/lib/python3.10/dist-packages/create3_examples_msgs/action/__init__.py
[1.231s] -- Up-to-date: /home/locobot/locobot_ws/install/create3_examples_msgs/local/lib/python3.10/dist-packages/create3_examples_msgs/action/_coverage_s.c
[1.232s] -- Up-to-date: /home/locobot/locobot_ws/install/create3_examples_msgs/local/lib/python3.10/dist-packages/create3_examples_msgs/_create3_examples_msgs_s.ep.rosidl_typesupport_introspection_c.c
[1.232s] -- Up-to-date: /home/locobot/locobot_ws/install/create3_examples_msgs/local/lib/python3.10/dist-packages/create3_examples_msgs/_create3_examples_msgs_s.ep.rosidl_typesupport_fastrtps_c.c
[1.232s] -- Up-to-date: /home/locobot/locobot_ws/install/create3_examples_msgs/local/lib/python3.10/dist-packages/create3_examples_msgs/__init__.py
[1.232s] -- Up-to-date: /home/locobot/locobot_ws/install/create3_examples_msgs/local/lib/python3.10/dist-packages/create3_examples_msgs/libcreate3_examples_msgs__rosidl_generator_py.so
[1.232s] -- Up-to-date: /home/locobot/locobot_ws/install/create3_examples_msgs/local/lib/python3.10/dist-packages/create3_examples_msgs/create3_examples_msgs_s__rosidl_typesupport_fastrtps_c.cpython-310-x86_64-linux-gnu.so
[1.232s] -- Up-to-date: /home/locobot/locobot_ws/install/create3_examples_msgs/local/lib/python3.10/dist-packages/create3_examples_msgs/create3_examples_msgs_s__rosidl_typesupport_introspection_c.cpython-310-x86_64-linux-gnu.so
[1.279s] Listing '/home/locobot/locobot_ws/install/create3_examples_msgs/local/lib/python3.10/dist-packages/create3_examples_msgs'...
[1.279s] Listing '/home/locobot/locobot_ws/install/create3_examples_msgs/local/lib/python3.10/dist-packages/create3_examples_msgs/action'...
[1.286s] -- Up-to-date: /home/locobot/locobot_ws/install/create3_examples_msgs/local/lib/python3.10/dist-packages/create3_examples_msgs/create3_examples_msgs_s__rosidl_typesupport_fastrtps_c.cpython-310-x86_64-linux-gnu.so
[1.286s] -- Up-to-date: /home/locobot/locobot_ws/install/create3_examples_msgs/local/lib/python3.10/dist-packages/create3_examples_msgs/create3_examples_msgs_s__rosidl_typesupport_introspection_c.cpython-310-x86_64-linux-gnu.so
[1.287s] -- Up-to-date: /home/locobot/locobot_ws/install/create3_examples_msgs/local/lib/python3.10/dist-packages/create3_examples_msgs/create3_examples_msgs_s__rosidl_typesupport_c.cpython-310-x86_64-linux-gnu.so
[1.287s] -- Up-to-date: /home/locobot/locobot_ws/install/create3_examples_msgs/lib/libcreate3_examples_msgs__rosidl_generator_py.so
[1.287s] -- Up-to-date: /home/locobot/locobot_ws/install/create3_examples_msgs/share/create3_examples_msgs/action/Coverage.idl
[1.287s] -- Up-to-date: /home/locobot/locobot_ws/install/create3_examples_msgs/share/create3_examples_msgs/action/Coverage.action
[1.288s] -- Up-to-date: /home/locobot/locobot_ws/install/create3_examples_msgs/share/ament_index/resource_index/package_run_dependencies/create3_examples_msgs
[1.288s] -- Up-to-date: /home/locobot/locobot_ws/install/create3_examples_msgs/share/ament_index/resource_index/parent_prefix_path/create3_examples_msgs
[1.288s] -- Up-to-date: /home/locobot/locobot_ws/install/create3_examples_msgs/share/create3_examples_msgs/environment/ament_prefix_path.sh
[1.288s] -- Up-to-date: /home/locobot/locobot_ws/install/create3_examples_msgs/share/create3_examples_msgs/environment/ament_prefix_path.dsv
[1.288s] -- Up-to-date: /home/locobot/locobot_ws/install/create3_examples_msgs/share/create3_examples_msgs/environment/path.sh
[1.288s] -- Up-to-date: /home/locobot/locobot_ws/install/create3_examples_msgs/share/create3_examples_msgs/environment/path.dsv
[1.288s] -- Up-to-date: /home/locobot/locobot_ws/install/create3_examples_msgs/share/create3_examples_msgs/local_setup.bash
[1.289s] -- Up-to-date: /home/locobot/locobot_ws/install/create3_examples_msgs/share/create3_examples_msgs/local_setup.sh
[1.289s] -- Up-to-date: /home/locobot/locobot_ws/install/create3_examples_msgs/share/create3_examples_msgs/local_setup.zsh
[1.289s] -- Up-to-date: /home/locobot/locobot_ws/install/create3_examples_msgs/share/create3_examples_msgs/local_setup.dsv
[1.289s] -- Installing: /home/locobot/locobot_ws/install/create3_examples_msgs/share/create3_examples_msgs/package.dsv
[1.289s] -- Up-to-date: /home/locobot/locobot_ws/install/create3_examples_msgs/share/ament_index/resource_index/packages/create3_examples_msgs
[1.289s] -- Up-to-date: /home/locobot/locobot_ws/install/create3_examples_msgs/share/create3_examples_msgs/cmake/export_create3_examples_msgs__rosidl_generator_cExport.cmake
[1.289s] -- Up-to-date: /home/locobot/locobot_ws/install/create3_examples_msgs/share/create3_examples_msgs/cmake/export_create3_examples_msgs__rosidl_generator_cExport-noconfig.cmake
[1.289s] -- Up-to-date: /home/locobot/locobot_ws/install/create3_examples_msgs/share/create3_examples_msgs/cmake/export_create3_examples_msgs__rosidl_typesupport_fastrtps_cExport.cmake
[1.289s] -- Up-to-date: /home/locobot/locobot_ws/install/create3_examples_msgs/share/create3_examples_msgs/cmake/export_create3_examples_msgs__rosidl_typesupport_fastrtps_cExport-noconfig.cmake
[1.290s] -- Up-to-date: /home/locobot/locobot_ws/install/create3_examples_msgs/share/create3_examples_msgs/cmake/create3_examples_msgs__rosidl_typesupport_introspection_cExport.cmake
[1.290s] -- Up-to-date: /home/locobot/locobot_ws/install/create3_examples_msgs/share/create3_examples_msgs/cmake/create3_examples_msgs__rosidl_typesupport_introspection_cExport-noconfig.cmake
[1.290s] -- Up-to-date: /home/locobot/locobot_ws/install/create3_examples_msgs/share/create3_examples_msgs/cmake/create3_examples_msgs__rosidl_typesupport_cExport.cmake
[1.290s] -- Up-to-date: /home/locobot/locobot_ws/install/create3_examples_msgs/share/create3_examples_msgs/cmake/create3_examples_msgs__rosidl_typesupport_cExport-noconfig.cmake
[1.290s] -- Up-to-date: /home/locobot/locobot_ws/install/create3_examples_msgs/share/create3_examples_msgs/cmake/export_create3_examples_msgs__rosidl_generator_cppExport.cmake
[1.290s] -- Up-to-date: /home/locobot/locobot_ws/install/create3_examples_msgs/share/create3_examples_msgs/cmake/export_create3_examples_msgs__rosidl_typesupport_fastrtps_cppExport.cmake
[1.290s] -- Up-to-date: /home/locobot/locobot_ws/install/create3_examples_msgs/share/create3_examples_msgs/cmake/export_create3_examples_msgs__rosidl_typesupport_fastrtps_cppExport-noconfig.cmake
[1.291s] -- Up-to-date: /home/locobot/locobot_ws/install/create3_examples_msgs/share/create3_examples_msgs/cmake/create3_examples_msgs__rosidl_typesupport_introspection_cppExport.cmake
[1.291s] -- Up-to-date: /home/locobot/locobot_ws/install/create3_examples_msgs/share/create3_examples_msgs/cmake/create3_examples_msgs__rosidl_typesupport_introspection_cppExport-noconfig.cmake
[1.291s] -- Up-to-date: /home/locobot/locobot_ws/install/create3_examples_msgs/share/create3_examples_msgs/cmake/create3_examples_msgs__rosidl_typesupport_cppExport.cmake
[1.291s] -- Up-to-date: /home/locobot/locobot_ws/install/create3_examples_msgs/share/create3_examples_msgs/cmake/create3_examples_msgs__rosidl_typesupport_cppExport-noconfig.cmake
[1.291s] -- Up-to-date: /home/locobot/locobot_ws/install/create3_examples_msgs/share/create3_examples_msgs/cmake/export_create3_examples_msgs__rosidl_generator_pyExport.cmake
[1.291s] -- Up-to-date: /home/locobot/locobot_ws/install/create3_examples_msgs/share/create3_examples_msgs/cmake/export_create3_examples_msgs__rosidl_generator_pyExport-noconfig.cmake
[1.291s] -- Up-to-date: /home/locobot/locobot_ws/install/create3_examples_msgs/share/create3_examples_msgs/cmake/rosidl_cmake-extras.cmake
[1.292s] -- Up-to-date: /home/locobot/locobot_ws/install/create3_examples_msgs/share/create3_examples_msgs/cmake/ament_cmake_export_dependencies-extras.cmake
[1.292s] -- Up-to-date: /home/locobot/locobot_ws/install/create3_examples_msgs/share/create3_examples_msgs/cmake/ament_cmake_export_include_directories-extras.cmake
[1.292s] -- Up-to-date: /home/locobot/locobot_ws/install/create3_examples_msgs/share/create3_examples_msgs/cmake/ament_cmake_export_libraries-extras.cmake
[1.292s] -- Up-to-date: /home/locobot/locobot_ws/install/create3_examples_msgs/share/create3_examples_msgs/cmake/ament_cmake_export_targets-extras.cmake
[1.292s] -- Up-to-date: /home/locobot/locobot_ws/install/create3_examples_msgs/share/create3_examples_msgs/cmake/rosidl_cmake_export_typesupport_targets-extras.cmake
[1.292s] -- Up-to-date: /home/locobot/locobot_ws/install/create3_examples_msgs/share/create3_examples_msgs/cmake/rosidl_cmake_export_typesupport_libraries-extras.cmake
[1.292s] -- Up-to-date: /home/locobot/locobot_ws/install/create3_examples_msgs/share/create3_examples_msgs/cmake/create3_examples_msgsConfig.cmake
[1.292s] -- Up-to-date: /home/locobot/locobot_ws/install/create3_examples_msgs/share/create3_examples_msgs/cmake/create3_examples_msgsConfig-version.cmake
[1.292s] -- Up-to-date: /home/locobot/locobot_ws/install/create3_examples_msgs/share/create3_examples_msgs/package.xml
[1.297s] Invoked command in '/home/locobot/locobot_ws/build/create3_examples_msgs' returned '0': CMAKE_PREFIX_PATH=${CMAKE_PREFIX_PATH}:/home/locobot/interbotix_ws/install/interbotix_xslocobot_control:/home/locobot/interbotix_ws/install/interbotix_xs_modules:/home/locobot/interbotix_ws/install/interbotix_perception_modules:/home/locobot/interbotix_ws/install/interbotix_common_modules:/opt/ros/humble /usr/bin/cmake --install /home/locobot/locobot_ws/build/create3_examples_msgs
